<?xml version="1.0" encoding="UTF-8"?>
<!-- Generated by org.testng.reporters.JUnitReportReporter -->
<testsuite hostname="mthiruna-lap" name="com.safc.qa132.C9QA132_C9_Java_Create_Trial_JavaService_SameSAIDA_Test" tests="1" failures="0" timestamp="28 Jan 2014 07:12:34 GMT" time="24.593" errors="1">
  <testcase name="test" time="24.593" classname="com.safc.qa132.C9QA132_C9_Java_Create_Trial_JavaService_SameSAIDA_Test">
    <error type="java.lang.AssertionError" message="Could not find element with xpath: .//*[@class=&#039;servicepreviewhomebanner-button&#039;]
For documentation on this error, please visit: http://seleniumhq.org/exceptions/no_such_element.html
Build info: version: &#039;unknown&#039;, revision: &#039;unknown&#039;, time: &#039;unknown&#039;
System info: os.name: &#039;Linux&#039;, os.arch: &#039;armv7l&#039;, os.version: &#039;2.6.29-gea477bb&#039;, java.version: &#039;0&#039;
Driver info: driver.version: EventFiringWebDriver
Command duration or timeout: 20.42 seconds
For documentation on this error, please visit: http://seleniumhq.org/exceptions/no_such_element.html
Build info: version: &#039;2.39.0&#039;, revision: &#039;ff23eac&#039;, time: &#039;2013-12-16 16:11:15&#039;
System info: host: &#039;mthiruna-lap&#039;, ip: &#039;10.177.150.33&#039;, os.name: &#039;Windows 7&#039;, os.arch: &#039;amd64&#039;, os.version: &#039;6.1&#039;, java.version: &#039;1.7.0_45&#039;
Session ID: 1390892904720
Driver info: org.openqa.selenium.android.AndroidDriver
Capabilities [{platform=ANDROID, javascriptEnabled=true, acceptSslCerts=true, browserName=android, handlesAlerts=true, browserConnectionEnabled=true, webStorageEnabled=true, rotatable=true, locationContextEnabled=true, webdriver.remote.sessionid=1390892904720, applicationCacheEnabled=true, takesScreenshot=true, version=17}]">
      <![CDATA[java.lang.AssertionError: Could not find element with xpath: .//*[@class='servicepreviewhomebanner-button']
For documentation on this error, please visit: http://seleniumhq.org/exceptions/no_such_element.html
Build info: version: 'unknown', revision: 'unknown', time: 'unknown'
System info: os.name: 'Linux', os.arch: 'armv7l', os.version: '2.6.29-gea477bb', java.version: '0'
Driver info: driver.version: EventFiringWebDriver
Command duration or timeout: 20.42 seconds
For documentation on this error, please visit: http://seleniumhq.org/exceptions/no_such_element.html
Build info: version: '2.39.0', revision: 'ff23eac', time: '2013-12-16 16:11:15'
System info: host: 'mthiruna-lap', ip: '10.177.150.33', os.name: 'Windows 7', os.arch: 'amd64', os.version: '6.1', java.version: '1.7.0_45'
Session ID: 1390892904720
Driver info: org.openqa.selenium.android.AndroidDriver
Capabilities [{platform=ANDROID, javascriptEnabled=true, acceptSslCerts=true, browserName=android, handlesAlerts=true, browserConnectionEnabled=true, webStorageEnabled=true, rotatable=true, locationContextEnabled=true, webdriver.remote.sessionid=1390892904720, applicationCacheEnabled=true, takesScreenshot=true, version=17}]
	at org.testng.Assert.fail(Assert.java:94)
	at com.safc.qa132.C9QA132_C9_Java_Create_Trial_JavaService_SameSAIDA_Test.test(C9QA132_C9_Java_Create_Trial_JavaService_SameSAIDA_Test.java:157)
	at sun.reflect.NativeMethodAccessorImpl.invoke0(Native Method)
	at sun.reflect.NativeMethodAccessorImpl.invoke(Unknown Source)
	at sun.reflect.DelegatingMethodAccessorImpl.invoke(Unknown Source)
	at java.lang.reflect.Method.invoke(Unknown Source)
	at org.testng.internal.MethodInvocationHelper.invokeMethod(MethodInvocationHelper.java:84)
	at org.testng.internal.Invoker.invokeMethod(Invoker.java:714)
	at org.testng.internal.Invoker.invokeTestMethod(Invoker.java:901)
	at org.testng.internal.Invoker.invokeTestMethods(Invoker.java:1231)
	at org.testng.internal.TestMethodWorker.invokeTestMethods(TestMethodWorker.java:127)
	at org.testng.internal.TestMethodWorker.run(TestMethodWorker.java:111)
	at org.testng.TestRunner.privateRun(TestRunner.java:767)
	at org.testng.TestRunner.run(TestRunner.java:617)
	at org.testng.SuiteRunner.runTest(SuiteRunner.java:335)
	at org.testng.SuiteRunner.runSequentially(SuiteRunner.java:330)
	at org.testng.SuiteRunner.privateRun(SuiteRunner.java:291)
	at org.testng.SuiteRunner.run(SuiteRunner.java:240)
	at org.testng.SuiteRunnerWorker.runSuite(SuiteRunnerWorker.java:52)
	at org.testng.SuiteRunnerWorker.run(SuiteRunnerWorker.java:86)
	at org.testng.TestNG.runSuitesSequentially(TestNG.java:1224)
	at org.testng.TestNG.runSuitesLocally(TestNG.java:1149)
	at org.testng.TestNG.run(TestNG.java:1057)
	at org.testng.remote.RemoteTestNG.run(RemoteTestNG.java:111)
	at org.testng.remote.RemoteTestNG.initAndRun(RemoteTestNG.java:204)
	at org.testng.remote.RemoteTestNG.main(RemoteTestNG.java:175)
]]>
    </error>
  </testcase> <!-- test -->
</testsuite> <!-- com.safc.qa132.C9QA132_C9_Java_Create_Trial_JavaService_SameSAIDA_Test -->
