<?xml version="1.0" encoding="UTF-8"?>
<!-- Generated by org.testng.reporters.JUnitReportReporter -->
<testsuite hostname="mthiruna-lap" name="com.safc.at.BUGLOG" tests="3" failures="0" timestamp="26 Dec 2013 08:28:03 GMT" time="115.429" errors="3">
  <testcase name="test" time="1.438" classname="com.safc.at.BUGLOG">
    <error type="java.lang.AssertionError" message="Unexpected error launching Internet Explorer. Protected Mode settings are not the same for all zones. Enable Protected Mode must be set to the same value (enabled or disabled) for all zones. (WARNING: The server did not provide any stacktrace information)
Command duration or timeout: 1.16 seconds
Build info: version: &#039;2.31.0&#039;, revision: &#039;1bd294d&#039;, time: &#039;2013-02-27 20:52:59&#039;
System info: os.name: &#039;Windows 7&#039;, os.arch: &#039;amd64&#039;, os.version: &#039;6.1&#039;, java.version: &#039;1.6.0_34&#039;
Driver info: org.openqa.selenium.ie.InternetExplorerDriver">
      <![CDATA[java.lang.AssertionError: Unexpected error launching Internet Explorer. Protected Mode settings are not the same for all zones. Enable Protected Mode must be set to the same value (enabled or disabled) for all zones. (WARNING: The server did not provide any stacktrace information)
Command duration or timeout: 1.16 seconds
Build info: version: '2.31.0', revision: '1bd294d', time: '2013-02-27 20:52:59'
System info: os.name: 'Windows 7', os.arch: 'amd64', os.version: '6.1', java.version: '1.6.0_34'
Driver info: org.openqa.selenium.ie.InternetExplorerDriver
	at org.testng.Assert.fail(Assert.java:94)
	at com.safc.at.BUGLOG.test(BUGLOG.java:233)
	at sun.reflect.NativeMethodAccessorImpl.invoke0(Native Method)
	at sun.reflect.NativeMethodAccessorImpl.invoke(NativeMethodAccessorImpl.java:39)
	at sun.reflect.DelegatingMethodAccessorImpl.invoke(DelegatingMethodAccessorImpl.java:25)
	at java.lang.reflect.Method.invoke(Method.java:597)
	at org.testng.internal.MethodInvocationHelper.invokeMethod(MethodInvocationHelper.java:84)
	at org.testng.internal.Invoker.invokeMethod(Invoker.java:714)
	at org.testng.internal.Invoker.invokeTestMethod(Invoker.java:901)
	at org.testng.internal.Invoker.invokeTestMethods(Invoker.java:1231)
	at org.testng.internal.TestMethodWorker.invokeTestMethods(TestMethodWorker.java:127)
	at org.testng.internal.TestMethodWorker.run(TestMethodWorker.java:111)
	at org.testng.TestRunner.privateRun(TestRunner.java:767)
	at org.testng.TestRunner.run(TestRunner.java:617)
	at org.testng.SuiteRunner.runTest(SuiteRunner.java:335)
	at org.testng.SuiteRunner.runSequentially(SuiteRunner.java:330)
	at org.testng.SuiteRunner.privateRun(SuiteRunner.java:291)
	at org.testng.SuiteRunner.run(SuiteRunner.java:240)
	at org.testng.SuiteRunnerWorker.runSuite(SuiteRunnerWorker.java:52)
	at org.testng.SuiteRunnerWorker.run(SuiteRunnerWorker.java:86)
	at org.testng.TestNG.runSuitesSequentially(TestNG.java:1224)
	at org.testng.TestNG.runSuitesLocally(TestNG.java:1149)
	at org.testng.TestNG.run(TestNG.java:1057)
	at org.testng.remote.RemoteTestNG.run(RemoteTestNG.java:111)
	at org.testng.remote.RemoteTestNG.initAndRun(RemoteTestNG.java:204)
	at org.testng.remote.RemoteTestNG.main(RemoteTestNG.java:175)
]]>
    </error>
  </testcase> <!-- test -->
  <testcase name="test" time="112.466" classname="com.safc.at.BUGLOG">
    <error type="java.lang.AssertionError" message="Error communicating with the remote browser. It may have died.
Build info: version: &#039;2.31.0&#039;, revision: &#039;1bd294d&#039;, time: &#039;2013-02-27 20:52:59&#039;
System info: os.name: &#039;Windows 7&#039;, os.arch: &#039;amd64&#039;, os.version: &#039;6.1&#039;, java.version: &#039;1.6.0_34&#039;
Driver info: driver.version: FirefoxDriver">
      <![CDATA[java.lang.AssertionError: Error communicating with the remote browser. It may have died.
Build info: version: '2.31.0', revision: '1bd294d', time: '2013-02-27 20:52:59'
System info: os.name: 'Windows 7', os.arch: 'amd64', os.version: '6.1', java.version: '1.6.0_34'
Driver info: driver.version: FirefoxDriver
	at org.testng.Assert.fail(Assert.java:94)
	at com.safc.at.BUGLOG.test(BUGLOG.java:233)
	at sun.reflect.NativeMethodAccessorImpl.invoke0(Native Method)
	at sun.reflect.NativeMethodAccessorImpl.invoke(NativeMethodAccessorImpl.java:39)
	at sun.reflect.DelegatingMethodAccessorImpl.invoke(DelegatingMethodAccessorImpl.java:25)
	at java.lang.reflect.Method.invoke(Method.java:597)
	at org.testng.internal.MethodInvocationHelper.invokeMethod(MethodInvocationHelper.java:84)
	at org.testng.internal.Invoker.invokeMethod(Invoker.java:714)
	at org.testng.internal.Invoker.invokeTestMethod(Invoker.java:901)
	at org.testng.internal.Invoker.invokeTestMethods(Invoker.java:1231)
	at org.testng.internal.TestMethodWorker.invokeTestMethods(TestMethodWorker.java:127)
	at org.testng.internal.TestMethodWorker.run(TestMethodWorker.java:111)
	at org.testng.TestRunner.privateRun(TestRunner.java:767)
	at org.testng.TestRunner.run(TestRunner.java:617)
	at org.testng.SuiteRunner.runTest(SuiteRunner.java:335)
	at org.testng.SuiteRunner.runSequentially(SuiteRunner.java:330)
	at org.testng.SuiteRunner.privateRun(SuiteRunner.java:291)
	at org.testng.SuiteRunner.run(SuiteRunner.java:240)
	at org.testng.SuiteRunnerWorker.runSuite(SuiteRunnerWorker.java:52)
	at org.testng.SuiteRunnerWorker.run(SuiteRunnerWorker.java:86)
	at org.testng.TestNG.runSuitesSequentially(TestNG.java:1224)
	at org.testng.TestNG.runSuitesLocally(TestNG.java:1149)
	at org.testng.TestNG.run(TestNG.java:1057)
	at org.testng.remote.RemoteTestNG.run(RemoteTestNG.java:111)
	at org.testng.remote.RemoteTestNG.initAndRun(RemoteTestNG.java:204)
	at org.testng.remote.RemoteTestNG.main(RemoteTestNG.java:175)
]]>
    </error>
  </testcase> <!-- test -->
  <testcase name="test" time="1.525" classname="com.safc.at.BUGLOG">
    <error type="java.lang.AssertionError" message="Unknown command &#039;WaitForAllTabsToStopLoading&#039;. Options: AcceptOrDismissAppModalDialog, ActionOnSSLBlockingPage, ActivateTab, AddBookmark, AddDomEventObserver, AppendTab, ApplyAccelerator, BringBrowserToFront, ClearEventQueue, CloseBrowserWindow, CloseTab, CreateNewAutomationProvider, DeleteCookie, DeleteCookieInBrowserContext, DoesAutomationObjectExist, DragAndDropFilePaths, ExecuteJavascript, ExecuteJavascriptInRenderView, GetActiveTabIndex, GetAppModalDialogMessage, GetBookmarkBarStatus, GetBookmarksAsJSON, GetBrowserInfo, GetBrowserWindowCount, GetChromeDriverAutomationVersion, GetCookies, GetCookiesInBrowserContext, GetDownloadDirectory, GetExtensionsInfo, GetIndicesFromTab, GetLocalStatePrefsInfo, GetMultiProfileInfo, GetNextEvent, GetPrefsInfo, GetProcessInfo, GetSecurityState, GetTabCount, GetTabIds, GetTabInfo, GetViews, GoBack, GoForward, InstallExtension, IsDownloadShelfVisible, IsFindInPageVisible, IsMenuCommandEnabled, IsPageActionVisible, IsTabIdValid, MaximizeView, NavigateToURL, OpenFindInPage, OpenNewBrowserWindow, OpenNewBrowserWindowWithNewProfile, OpenProfileWindow, OverrideGeoposition, RefreshPolicies, Reload, RemoveBookmark, RemoveEventObserver, ReparentBookmark, RunCommand, SendWebkitKeyEvent, SetBookmarkTitle, SetBookmarkURL, SetCookie, SetCookieInBrowserContext, SetDownloadShelfVisible, SetExtensionStateById, SetLocalStatePrefs, SetPrefs, SetViewBounds, SimulateAsanMemoryBug, TriggerBrowserActionById, TriggerPageActionById, UninstallExtensionById, UpdateExtensionsNow, WaitForBookmarkModelToLoad, WaitUntilNavigationCompletes, WebkitMouseButtonDown, WebkitMouseButtonUp, WebkitMouseClick, WebkitMouseDoubleClick, WebkitMouseDrag, WebkitMouseMove, AcceptCurrentFullscreenOrMouseLockRequest, AddOrEditSearchEngine, AddSavedPassword, CloseNotification, DenyCurrentFullscreenOrMouseLockRequest, DisablePlugin, EnablePlugin, FindInPage, GetAllNotifications, GetDownloadsInfo, GetFPS, GetHistoryInfo, GetInitialLoadTimes, GetNTPInfo, GetNavigationInfo, GetOmniboxInfo, GetPluginsInfo, GetSavedPasswords, GetSearchEngineInfo, GetV8HeapStats, IsFullscreenBubbleDisplayed, IsFullscreenBubbleDisplayingButtons, IsFullscreenForBrowser, IsFullscreenForTab, IsFullscreenPermissionRequested, IsMouseLockPermissionRequested, IsMouseLocked, KillRendererProcess, LaunchApp, LoadSearchEngineInfo, OmniboxAcceptInput, OmniboxMovePopupSelection, PerformActionOnDownload, PerformActionOnInfobar, PerformActionOnSearchEngine, RemoveNTPMostVisitedThumbnail, RemoveSavedPassword, RestoreAllNTPMostVisitedThumbnails, SaveTabContents, SetAppLaunchType, SetOmniboxText, SetWindowDimensions, WaitForAllDownloadsToComplete, WaitForNotificationCount,  (WARNING: The server did not provide any stacktrace information)
Command duration or timeout: 3 milliseconds
Build info: version: &#039;2.31.0&#039;, revision: &#039;1bd294d&#039;, time: &#039;2013-02-27 20:52:59&#039;
System info: os.name: &#039;Windows 7&#039;, os.arch: &#039;amd64&#039;, os.version: &#039;6.1&#039;, java.version: &#039;1.6.0_34&#039;
Session ID: c54292d3bdf20314f47994af96673e27
Driver info: org.openqa.selenium.chrome.ChromeDriver
Capabilities [{platform=XP, chrome.chromedriverVersion=22.0.1203.0, acceptSslCerts=false, javascriptEnabled=true, browserName=chrome, rotatable=false, locationContextEnabled=false, version=31.0.1650.63, cssSelectorsEnabled=true, databaseEnabled=false, handlesAlerts=true, browserConnectionEnabled=false, nativeEvents=true, webStorageEnabled=true, chrome.nativeEvents=false, applicationCacheEnabled=false, takesScreenshot=true}]">
      <![CDATA[java.lang.AssertionError: Unknown command 'WaitForAllTabsToStopLoading'. Options: AcceptOrDismissAppModalDialog, ActionOnSSLBlockingPage, ActivateTab, AddBookmark, AddDomEventObserver, AppendTab, ApplyAccelerator, BringBrowserToFront, ClearEventQueue, CloseBrowserWindow, CloseTab, CreateNewAutomationProvider, DeleteCookie, DeleteCookieInBrowserContext, DoesAutomationObjectExist, DragAndDropFilePaths, ExecuteJavascript, ExecuteJavascriptInRenderView, GetActiveTabIndex, GetAppModalDialogMessage, GetBookmarkBarStatus, GetBookmarksAsJSON, GetBrowserInfo, GetBrowserWindowCount, GetChromeDriverAutomationVersion, GetCookies, GetCookiesInBrowserContext, GetDownloadDirectory, GetExtensionsInfo, GetIndicesFromTab, GetLocalStatePrefsInfo, GetMultiProfileInfo, GetNextEvent, GetPrefsInfo, GetProcessInfo, GetSecurityState, GetTabCount, GetTabIds, GetTabInfo, GetViews, GoBack, GoForward, InstallExtension, IsDownloadShelfVisible, IsFindInPageVisible, IsMenuCommandEnabled, IsPageActionVisible, IsTabIdValid, MaximizeView, NavigateToURL, OpenFindInPage, OpenNewBrowserWindow, OpenNewBrowserWindowWithNewProfile, OpenProfileWindow, OverrideGeoposition, RefreshPolicies, Reload, RemoveBookmark, RemoveEventObserver, ReparentBookmark, RunCommand, SendWebkitKeyEvent, SetBookmarkTitle, SetBookmarkURL, SetCookie, SetCookieInBrowserContext, SetDownloadShelfVisible, SetExtensionStateById, SetLocalStatePrefs, SetPrefs, SetViewBounds, SimulateAsanMemoryBug, TriggerBrowserActionById, TriggerPageActionById, UninstallExtensionById, UpdateExtensionsNow, WaitForBookmarkModelToLoad, WaitUntilNavigationCompletes, WebkitMouseButtonDown, WebkitMouseButtonUp, WebkitMouseClick, WebkitMouseDoubleClick, WebkitMouseDrag, WebkitMouseMove, AcceptCurrentFullscreenOrMouseLockRequest, AddOrEditSearchEngine, AddSavedPassword, CloseNotification, DenyCurrentFullscreenOrMouseLockRequest, DisablePlugin, EnablePlugin, FindInPage, GetAllNotifications, GetDownloadsInfo, GetFPS, GetHistoryInfo, GetInitialLoadTimes, GetNTPInfo, GetNavigationInfo, GetOmniboxInfo, GetPluginsInfo, GetSavedPasswords, GetSearchEngineInfo, GetV8HeapStats, IsFullscreenBubbleDisplayed, IsFullscreenBubbleDisplayingButtons, IsFullscreenForBrowser, IsFullscreenForTab, IsFullscreenPermissionRequested, IsMouseLockPermissionRequested, IsMouseLocked, KillRendererProcess, LaunchApp, LoadSearchEngineInfo, OmniboxAcceptInput, OmniboxMovePopupSelection, PerformActionOnDownload, PerformActionOnInfobar, PerformActionOnSearchEngine, RemoveNTPMostVisitedThumbnail, RemoveSavedPassword, RestoreAllNTPMostVisitedThumbnails, SaveTabContents, SetAppLaunchType, SetOmniboxText, SetWindowDimensions, WaitForAllDownloadsToComplete, WaitForNotificationCount,  (WARNING: The server did not provide any stacktrace information)
Command duration or timeout: 3 milliseconds
Build info: version: '2.31.0', revision: '1bd294d', time: '2013-02-27 20:52:59'
System info: os.name: 'Windows 7', os.arch: 'amd64', os.version: '6.1', java.version: '1.6.0_34'
Session ID: c54292d3bdf20314f47994af96673e27
Driver info: org.openqa.selenium.chrome.ChromeDriver
Capabilities [{platform=XP, chrome.chromedriverVersion=22.0.1203.0, acceptSslCerts=false, javascriptEnabled=true, browserName=chrome, rotatable=false, locationContextEnabled=false, version=31.0.1650.63, cssSelectorsEnabled=true, databaseEnabled=false, handlesAlerts=true, browserConnectionEnabled=false, nativeEvents=true, webStorageEnabled=true, chrome.nativeEvents=false, applicationCacheEnabled=false, takesScreenshot=true}]
	at org.testng.Assert.fail(Assert.java:94)
	at com.safc.at.BUGLOG.test(BUGLOG.java:233)
	at sun.reflect.NativeMethodAccessorImpl.invoke0(Native Method)
	at sun.reflect.NativeMethodAccessorImpl.invoke(NativeMethodAccessorImpl.java:39)
	at sun.reflect.DelegatingMethodAccessorImpl.invoke(DelegatingMethodAccessorImpl.java:25)
	at java.lang.reflect.Method.invoke(Method.java:597)
	at org.testng.internal.MethodInvocationHelper.invokeMethod(MethodInvocationHelper.java:84)
	at org.testng.internal.Invoker.invokeMethod(Invoker.java:714)
	at org.testng.internal.Invoker.invokeTestMethod(Invoker.java:901)
	at org.testng.internal.Invoker.invokeTestMethods(Invoker.java:1231)
	at org.testng.internal.TestMethodWorker.invokeTestMethods(TestMethodWorker.java:127)
	at org.testng.internal.TestMethodWorker.run(TestMethodWorker.java:111)
	at org.testng.TestRunner.privateRun(TestRunner.java:767)
	at org.testng.TestRunner.run(TestRunner.java:617)
	at org.testng.SuiteRunner.runTest(SuiteRunner.java:335)
	at org.testng.SuiteRunner.runSequentially(SuiteRunner.java:330)
	at org.testng.SuiteRunner.privateRun(SuiteRunner.java:291)
	at org.testng.SuiteRunner.run(SuiteRunner.java:240)
	at org.testng.SuiteRunnerWorker.runSuite(SuiteRunnerWorker.java:52)
	at org.testng.SuiteRunnerWorker.run(SuiteRunnerWorker.java:86)
	at org.testng.TestNG.runSuitesSequentially(TestNG.java:1224)
	at org.testng.TestNG.runSuitesLocally(TestNG.java:1149)
	at org.testng.TestNG.run(TestNG.java:1057)
	at org.testng.remote.RemoteTestNG.run(RemoteTestNG.java:111)
	at org.testng.remote.RemoteTestNG.initAndRun(RemoteTestNG.java:204)
	at org.testng.remote.RemoteTestNG.main(RemoteTestNG.java:175)
]]>
    </error>
  </testcase> <!-- test -->
</testsuite> <!-- com.safc.at.BUGLOG -->
