<?xml version="1.0" encoding="UTF-8"?>
<!-- Generated by org.testng.reporters.JUnitReportReporter -->
<testsuite name="com.qa141.db.C9_DB_15_UI_Test" tests="1" time="219.341" ignored="24" failures="1" timestamp="15 Mar 2017 08:58:28 GMT" skipped="0" hostname="slc05wcd" errors="0">
  <testcase name="test" time="219.341" classname="com.qa141.db.C9_DB_15_UI_Test">
    <failure type="java.lang.AssertionError" message="Unable to locate element: {&quot;method&quot;:&quot;xpath&quot;,&quot;selector&quot;:&quot;.//*[@id=&#039;pt1:sections:env-lf-btn&#039;]&quot;}
Command duration or timeout: 30.08 seconds
For documentation on this error, please visit: http://seleniumhq.org/exceptions/no_such_element.html
Build info: version: &#039;2.39.0&#039;, revision: &#039;ff23eac&#039;, time: &#039;2013-12-16 16:11:15&#039;
System info: host: &#039;slc05wcd&#039;, ip: &#039;10.249.129.123&#039;, os.name: &#039;Windows 7&#039;, os.arch: &#039;amd64&#039;, os.version: &#039;6.1&#039;, java.version: &#039;1.8.0_121&#039;
Driver info: org.openqa.selenium.firefox.FirefoxDriver
Capabilities [{applicationCacheEnabled=true, rotatable=false, handlesAlerts=true, databaseEnabled=true, version=31.2.0, platform=XP, nativeEvents=false, acceptSslCerts=true, webStorageEnabled=true, locationContextEnabled=true, browserName=firefox, takesScreenshot=true, javascriptEnabled=true, cssSelectorsEnabled=true}]
Session ID: 60f9ae1c-32f5-49f3-a118-9aaecb99e285">
      <![CDATA[java.lang.AssertionError: Unable to locate element: {"method":"xpath","selector":".//*[@id='pt1:sections:env-lf-btn']"}
Command duration or timeout: 30.08 seconds
For documentation on this error, please visit: http://seleniumhq.org/exceptions/no_such_element.html
Build info: version: '2.39.0', revision: 'ff23eac', time: '2013-12-16 16:11:15'
System info: host: 'slc05wcd', ip: '10.249.129.123', os.name: 'Windows 7', os.arch: 'amd64', os.version: '6.1', java.version: '1.8.0_121'
Driver info: org.openqa.selenium.firefox.FirefoxDriver
Capabilities [{applicationCacheEnabled=true, rotatable=false, handlesAlerts=true, databaseEnabled=true, version=31.2.0, platform=XP, nativeEvents=false, acceptSslCerts=true, webStorageEnabled=true, locationContextEnabled=true, browserName=firefox, takesScreenshot=true, javascriptEnabled=true, cssSelectorsEnabled=true}]
Session ID: 60f9ae1c-32f5-49f3-a118-9aaecb99e285
	at org.testng.Assert.fail(Assert.java:94)
	at com.qa141.db.C9_DB_15_UI_Test.test(C9_DB_15_UI_Test.java:145)
	at sun.reflect.NativeMethodAccessorImpl.invoke0(Native Method)
	at sun.reflect.NativeMethodAccessorImpl.invoke(Unknown Source)
	at sun.reflect.DelegatingMethodAccessorImpl.invoke(Unknown Source)
	at java.lang.reflect.Method.invoke(Unknown Source)
	at org.testng.internal.MethodInvocationHelper.invokeMethod(MethodInvocationHelper.java:104)
	at org.testng.internal.Invoker.invokeMethod(Invoker.java:645)
	at org.testng.internal.Invoker.invokeTestMethod(Invoker.java:851)
	at org.testng.internal.Invoker.invokeTestMethods(Invoker.java:1177)
	at org.testng.internal.TestMethodWorker.invokeTestMethods(TestMethodWorker.java:129)
	at org.testng.internal.TestMethodWorker.run(TestMethodWorker.java:112)
	at org.testng.TestRunner.privateRun(TestRunner.java:756)
	at org.testng.TestRunner.run(TestRunner.java:610)
	at org.testng.SuiteRunner.runTest(SuiteRunner.java:387)
	at org.testng.SuiteRunner.runSequentially(SuiteRunner.java:382)
	at org.testng.SuiteRunner.privateRun(SuiteRunner.java:340)
	at org.testng.SuiteRunner.run(SuiteRunner.java:289)
	at org.testng.SuiteRunnerWorker.runSuite(SuiteRunnerWorker.java:52)
	at org.testng.SuiteRunnerWorker.run(SuiteRunnerWorker.java:86)
	at org.testng.TestNG.runSuitesSequentially(TestNG.java:1293)
	at org.testng.TestNG.runSuitesLocally(TestNG.java:1218)
	at org.testng.TestNG.runSuites(TestNG.java:1133)
	at org.testng.TestNG.run(TestNG.java:1104)
	at org.testng.remote.AbstractRemoteTestNG.run(AbstractRemoteTestNG.java:132)
	at org.testng.remote.RemoteTestNG.initAndRun(RemoteTestNG.java:236)
	at org.testng.remote.RemoteTestNG.main(RemoteTestNG.java:81)
]]>
    </failure>
  </testcase> <!-- test -->
  <testcase name="setup" classname="com.safc.configuration.BaseTest">
    <skipped/>
  </testcase> <!-- setup -->
  <testcase name="setup" classname="com.safc.configuration.BaseTest">
    <skipped/>
  </testcase> <!-- setup -->
  <testcase name="setup" classname="com.safc.configuration.BaseTest">
    <skipped/>
  </testcase> <!-- setup -->
  <testcase name="setup" classname="com.safc.configuration.BaseTest">
    <skipped/>
  </testcase> <!-- setup -->
  <testcase name="setup" classname="com.safc.configuration.BaseTest">
    <skipped/>
  </testcase> <!-- setup -->
  <testcase name="setup" classname="com.safc.configuration.BaseTest">
    <skipped/>
  </testcase> <!-- setup -->
  <testcase name="setup" classname="com.safc.configuration.BaseTest">
    <skipped/>
  </testcase> <!-- setup -->
  <testcase name="setup" classname="com.safc.configuration.BaseTest">
    <skipped/>
  </testcase> <!-- setup -->
  <testcase name="setup" classname="com.safc.configuration.BaseTest">
    <skipped/>
  </testcase> <!-- setup -->
  <testcase name="setup" classname="com.safc.configuration.BaseTest">
    <skipped/>
  </testcase> <!-- setup -->
  <testcase name="setup" classname="com.safc.configuration.BaseTest">
    <skipped/>
  </testcase> <!-- setup -->
  <testcase name="setup" classname="com.safc.configuration.BaseTest">
    <skipped/>
  </testcase> <!-- setup -->
  <testcase name="tearDown" classname="com.safc.configuration.BaseTest">
    <skipped/>
  </testcase> <!-- tearDown -->
  <testcase name="tearDown" classname="com.safc.configuration.BaseTest">
    <skipped/>
  </testcase> <!-- tearDown -->
  <testcase name="tearDown" classname="com.safc.configuration.BaseTest">
    <skipped/>
  </testcase> <!-- tearDown -->
  <testcase name="tearDown" classname="com.safc.configuration.BaseTest">
    <skipped/>
  </testcase> <!-- tearDown -->
  <testcase name="tearDown" classname="com.safc.configuration.BaseTest">
    <skipped/>
  </testcase> <!-- tearDown -->
  <testcase name="tearDown" classname="com.safc.configuration.BaseTest">
    <skipped/>
  </testcase> <!-- tearDown -->
  <testcase name="tearDown" classname="com.safc.configuration.BaseTest">
    <skipped/>
  </testcase> <!-- tearDown -->
  <testcase name="tearDown" classname="com.safc.configuration.BaseTest">
    <skipped/>
  </testcase> <!-- tearDown -->
  <testcase name="tearDown" classname="com.safc.configuration.BaseTest">
    <skipped/>
  </testcase> <!-- tearDown -->
  <testcase name="tearDown" classname="com.safc.configuration.BaseTest">
    <skipped/>
  </testcase> <!-- tearDown -->
  <testcase name="tearDown" classname="com.safc.configuration.BaseTest">
    <skipped/>
  </testcase> <!-- tearDown -->
  <testcase name="tearDown" classname="com.safc.configuration.BaseTest">
    <skipped/>
  </testcase> <!-- tearDown -->
</testsuite> <!-- com.qa141.db.C9_DB_15_UI_Test -->
