<html>
<head>
<title>TestNG:  Compute-Storage</title>
<link href="../testng.css" rel="stylesheet" type="text/css" />
<link href="../my-testng.css" rel="stylesheet" type="text/css" />

<style type="text/css">
.log { display: none;} 
.stack-trace { display: none;} 
</style>
<script type="text/javascript">
<!--
function flip(e) {
  current = e.style.display;
  if (current == 'block') {
    e.style.display = 'none';
    return 0;
  }
  else {
    e.style.display = 'block';
    return 1;
  }
}

function toggleBox(szDivId, elem, msg1, msg2)
{
  var res = -1;  if (document.getElementById) {
    res = flip(document.getElementById(szDivId));
  }
  else if (document.all) {
    // this is the way old msie versions work
    res = flip(document.all[szDivId]);
  }
  if(elem) {
    if(res == 0) elem.innerHTML = msg1; else elem.innerHTML = msg2;
  }

}

function toggleAllBoxes() {
  if (document.getElementsByTagName) {
    d = document.getElementsByTagName('div');
    for (i = 0; i < d.length; i++) {
      if (d[i].className == 'log') {
        flip(d[i]);
      }
    }
  }
}

// -->
</script>

</head>
<body>
<h2 align='center'>Compute-Storage</h2><table border='1' align="center">
<tr>
<td>Tests passed/Failed/Skipped:</td><td>9/3/0</td>
</tr><tr>
<td>Started on:</td><td>Sun Feb 15 11:55:18 MST 2015</td>
</tr>
<tr><td>Total time:</td><td>2566 seconds (2566384 ms)</td>
</tr><tr>
<td>Included groups:</td><td></td>
</tr><tr>
<td>Excluded groups:</td><td></td>
</tr>
</table><p/>
<small><i>(Hover the method name to see the test class name)</i></small><p/>
<table width='100%' border='1' class='invocation-failed'>
<tr><td colspan='4' align='center'><b>FAILED TESTS</b></td></tr>
<tr><td><b>Test method</b></td>
<td width="30%"><b>Exception</b></td>
<td width="10%"><b>Time (seconds)</b></td>
<td><b>Instance</b></td>
</tr>
<tr>
<td title='com.qa141.occs.compute.C9_OCCS_05_ComputeInstance_Upadate.test()'><b>test</b><br>Test class: com.qa141.occs.compute.C9_OCCS_05_ComputeInstance_Upadate<br>Parameters: iexplore<br/>
<a href="#Output-158363048" onClick='toggleBox("Output-158363048", this, "Show output", "Hide output");'>Show output</a>

<a href="#Output-158363048" onClick="toggleAllBoxes();">Show all outputs</a>
<div class='log' id="Output-158363048">
<a href=C:\SAFc\tests\OPC\test-output\screenShots\02-15-2015\02-15-2015_12.15.09_com.qa141.occs.compute.C9_OCCS_05_ComputeInstance_Upadate_test.png target='_blank' >02-15-2015_12.15.09_com.qa141.occs.compute.C9_OCCS_05_ComputeInstance_Upadate_test.png</a><br/>
<a href=C:\SAFc\tests\OPC\test-output\screenShots\02-15-2015\02-15-2015_12.15.09_com.qa141.occs.compute.C9_OCCS_05_ComputeInstance_Upadate_test.png target='_blank' >Screenshot</a><br/>
<img src="file:///C:\SAFc\tests\OPC\test-output\screenShots\02-15-2015\02-15-2015_12.15.09_com.qa141.occs.compute.C9_OCCS_05_ComputeInstance_Upadate_test.png" width=500 height=300" alt=""/><br /><br/>
</div>
</td>
<td><div><pre>java.lang.AssertionError: Timed out waiting for page to load. (WARNING: The server did not provide any stacktrace information)
Command duration or timeout: 23.50 seconds
Build info: version: &apos;2.39.0&apos;, revision: &apos;ff23eac&apos;, time: &apos;2013-12-16 16:11:15&apos;
System info: host: &apos;slc05gyj&apos;, ip: &apos;10.240.125.231&apos;, os.name: &apos;Windows 7&apos;, os.arch: &apos;amd64&apos;, os.version: &apos;6.1&apos;, java.version: &apos;1.6.0_34&apos;
Session ID: b237cb43-77d9-431e-9592-05d0aa09abe9
Driver info: org.openqa.selenium.ie.InternetExplorerDriver
Capabilities [{platform=WINDOWS, elementScrollBehavior=0, javascriptEnabled=true, enablePersistentHover=true, ignoreZoomSetting=false, browserName=internet explorer, enableElementCacheCleanup=true, unexpectedAlertBehaviour=dismiss, version=9, cssSelectorsEnabled=true, ignoreProtectedModeSettings=false, requireWindowFocus=false, allowAsynchronousJavaScript=true, initialBrowserUrl=, handlesAlerts=true, nativeEvents=true, takesScreenshot=true}]
Command duration or timeout: 24.28 seconds
Build info: version: &apos;2.39.0&apos;, revision: &apos;ff23eac&apos;, time: &apos;2013-12-16 16:11:15&apos;
System info: host: &apos;slc05gyj&apos;, ip: &apos;10.240.125.231&apos;, os.name: &apos;Windows 7&apos;, os.arch: &apos;amd64&apos;, os.version: &apos;6.1&apos;, java.version: &apos;1.6.0_34&apos;
Session ID: ae44d99f-2626-4ca7-bb1c-e5d322a0ed9a
Driver info: org.openqa.selenium.remote.RemoteWebDriver
Capabilities [{platform=WINDOWS, elementScrollBehavior=0, javascriptEnabled=true, enablePersistentHover=true, ignoreZoomSetting=false, browserName=internet explorer, enableElementCacheCleanup=true, unexpectedAlertBehaviour=dismiss, webdriver.remote.sessionid=ae44d99f-2626-4ca7-bb1c-e5d322a0ed9a, version=9, cssSelectorsEnabled=true, ignoreProtectedModeSettings=false, requireWindowFocus=false, allowAsynchronousJavaScript=true, initialBrowserUrl=, handlesAlerts=true, nativeEvents=true, takesScreenshot=true}]
	at com.qa141.occs.compute.C9_OCCS_05_ComputeInstance_Upadate.test(C9_OCCS_05_ComputeInstance_Upadate.java:406)
... Removed 25 stack frames</pre></div><a href='#' onClick='toggleBox("stack-trace158363048", this, "Click to show all stack frames", "Click to hide stack frames")'>Click to show all stack frames</a>
<div class='stack-trace' id='stack-trace158363048'><pre>java.lang.AssertionError: Timed out waiting for page to load. (WARNING: The server did not provide any stacktrace information)
Command duration or timeout: 23.50 seconds
Build info: version: &apos;2.39.0&apos;, revision: &apos;ff23eac&apos;, time: &apos;2013-12-16 16:11:15&apos;
System info: host: &apos;slc05gyj&apos;, ip: &apos;10.240.125.231&apos;, os.name: &apos;Windows 7&apos;, os.arch: &apos;amd64&apos;, os.version: &apos;6.1&apos;, java.version: &apos;1.6.0_34&apos;
Session ID: b237cb43-77d9-431e-9592-05d0aa09abe9
Driver info: org.openqa.selenium.ie.InternetExplorerDriver
Capabilities [{platform=WINDOWS, elementScrollBehavior=0, javascriptEnabled=true, enablePersistentHover=true, ignoreZoomSetting=false, browserName=internet explorer, enableElementCacheCleanup=true, unexpectedAlertBehaviour=dismiss, version=9, cssSelectorsEnabled=true, ignoreProtectedModeSettings=false, requireWindowFocus=false, allowAsynchronousJavaScript=true, initialBrowserUrl=, handlesAlerts=true, nativeEvents=true, takesScreenshot=true}]
Command duration or timeout: 24.28 seconds
Build info: version: &apos;2.39.0&apos;, revision: &apos;ff23eac&apos;, time: &apos;2013-12-16 16:11:15&apos;
System info: host: &apos;slc05gyj&apos;, ip: &apos;10.240.125.231&apos;, os.name: &apos;Windows 7&apos;, os.arch: &apos;amd64&apos;, os.version: &apos;6.1&apos;, java.version: &apos;1.6.0_34&apos;
Session ID: ae44d99f-2626-4ca7-bb1c-e5d322a0ed9a
Driver info: org.openqa.selenium.remote.RemoteWebDriver
Capabilities [{platform=WINDOWS, elementScrollBehavior=0, javascriptEnabled=true, enablePersistentHover=true, ignoreZoomSetting=false, browserName=internet explorer, enableElementCacheCleanup=true, unexpectedAlertBehaviour=dismiss, webdriver.remote.sessionid=ae44d99f-2626-4ca7-bb1c-e5d322a0ed9a, version=9, cssSelectorsEnabled=true, ignoreProtectedModeSettings=false, requireWindowFocus=false, allowAsynchronousJavaScript=true, initialBrowserUrl=, handlesAlerts=true, nativeEvents=true, takesScreenshot=true}]
	at org.testng.Assert.fail(Assert.java:94)
	at com.qa141.occs.compute.C9_OCCS_05_ComputeInstance_Upadate.test(C9_OCCS_05_ComputeInstance_Upadate.java:406)
	at sun.reflect.NativeMethodAccessorImpl.invoke0(Native Method)
	at sun.reflect.NativeMethodAccessorImpl.invoke(Unknown Source)
	at sun.reflect.DelegatingMethodAccessorImpl.invoke(Unknown Source)
	at java.lang.reflect.Method.invoke(Unknown Source)
	at org.testng.internal.MethodInvocationHelper.invokeMethod(MethodInvocationHelper.java:80)
	at org.testng.internal.Invoker.invokeMethod(Invoker.java:714)
	at org.testng.internal.Invoker.invokeTestMethod(Invoker.java:901)
	at org.testng.internal.Invoker.invokeTestMethods(Invoker.java:1231)
	at org.testng.internal.TestMethodWorker.invokeTestMethods(TestMethodWorker.java:128)
	at org.testng.internal.TestMethodWorker.run(TestMethodWorker.java:111)
	at org.testng.TestRunner.privateRun(TestRunner.java:767)
	at org.testng.TestRunner.run(TestRunner.java:617)
	at org.testng.SuiteRunner.runTest(SuiteRunner.java:334)
	at org.testng.SuiteRunner.runSequentially(SuiteRunner.java:329)
	at org.testng.SuiteRunner.privateRun(SuiteRunner.java:291)
	at org.testng.SuiteRunner.run(SuiteRunner.java:240)
	at org.testng.SuiteRunnerWorker.runSuite(SuiteRunnerWorker.java:52)
	at org.testng.SuiteRunnerWorker.run(SuiteRunnerWorker.java:86)
	at org.testng.TestNG.runSuitesSequentially(TestNG.java:1203)
	at org.testng.TestNG.runSuitesLocally(TestNG.java:1128)
	at org.testng.TestNG.run(TestNG.java:1036)
	at org.testng.remote.RemoteTestNG.run(RemoteTestNG.java:111)
	at org.testng.remote.RemoteTestNG.initAndRun(RemoteTestNG.java:204)
	at org.testng.remote.RemoteTestNG.main(RemoteTestNG.java:175)
</pre></div></td>
<td>162</td>
<td>com.qa141.occs.compute.C9_OCCS_05_ComputeInstance_Upadate@736921fd</td></tr>
<tr>
<td title='com.qa141.occs.compute.C9_OCCS_06_ComputeInstance_Delete.test()'><b>test</b><br>Test class: com.qa141.occs.compute.C9_OCCS_06_ComputeInstance_Delete<br>Parameters: iexplore<br/>
<a href="#Output-169776139" onClick='toggleBox("Output-169776139", this, "Show output", "Hide output");'>Show output</a>

<a href="#Output-169776139" onClick="toggleAllBoxes();">Show all outputs</a>
<div class='log' id="Output-169776139">
<a href=C:\SAFc\tests\OPC\test-output\screenShots\02-15-2015\02-15-2015_12.18.53_com.qa141.occs.compute.C9_OCCS_06_ComputeInstance_Delete_test.png target='_blank' >02-15-2015_12.18.53_com.qa141.occs.compute.C9_OCCS_06_ComputeInstance_Delete_test.png</a><br/>
<a href=C:\SAFc\tests\OPC\test-output\screenShots\02-15-2015\02-15-2015_12.18.53_com.qa141.occs.compute.C9_OCCS_06_ComputeInstance_Delete_test.png target='_blank' >Screenshot</a><br/>
<img src="file:///C:\SAFc\tests\OPC\test-output\screenShots\02-15-2015\02-15-2015_12.18.53_com.qa141.occs.compute.C9_OCCS_06_ComputeInstance_Delete_test.png" width=500 height=300" alt=""/><br /><br/>
</div>
</td>
<td><div><pre>java.lang.AssertionError: Cannot locate option with index: 32
For documentation on this error, please visit: http://seleniumhq.org/exceptions/no_such_element.html
Build info: version: &apos;2.39.0&apos;, revision: &apos;ff23eac&apos;, time: &apos;2013-12-16 16:11:15&apos;
System info: host: &apos;slc05gyj&apos;, ip: &apos;10.240.125.231&apos;, os.name: &apos;Windows 7&apos;, os.arch: &apos;amd64&apos;, os.version: &apos;6.1&apos;, java.version: &apos;1.6.0_34&apos;
Driver info: driver.version: unknown
	at com.qa141.occs.compute.C9_OCCS_06_ComputeInstance_Delete.test(C9_OCCS_06_ComputeInstance_Delete.java:375)
... Removed 25 stack frames</pre></div><a href='#' onClick='toggleBox("stack-trace169776139", this, "Click to show all stack frames", "Click to hide stack frames")'>Click to show all stack frames</a>
<div class='stack-trace' id='stack-trace169776139'><pre>java.lang.AssertionError: Cannot locate option with index: 32
For documentation on this error, please visit: http://seleniumhq.org/exceptions/no_such_element.html
Build info: version: &apos;2.39.0&apos;, revision: &apos;ff23eac&apos;, time: &apos;2013-12-16 16:11:15&apos;
System info: host: &apos;slc05gyj&apos;, ip: &apos;10.240.125.231&apos;, os.name: &apos;Windows 7&apos;, os.arch: &apos;amd64&apos;, os.version: &apos;6.1&apos;, java.version: &apos;1.6.0_34&apos;
Driver info: driver.version: unknown
	at org.testng.Assert.fail(Assert.java:94)
	at com.qa141.occs.compute.C9_OCCS_06_ComputeInstance_Delete.test(C9_OCCS_06_ComputeInstance_Delete.java:375)
	at sun.reflect.NativeMethodAccessorImpl.invoke0(Native Method)
	at sun.reflect.NativeMethodAccessorImpl.invoke(Unknown Source)
	at sun.reflect.DelegatingMethodAccessorImpl.invoke(Unknown Source)
	at java.lang.reflect.Method.invoke(Unknown Source)
	at org.testng.internal.MethodInvocationHelper.invokeMethod(MethodInvocationHelper.java:80)
	at org.testng.internal.Invoker.invokeMethod(Invoker.java:714)
	at org.testng.internal.Invoker.invokeTestMethod(Invoker.java:901)
	at org.testng.internal.Invoker.invokeTestMethods(Invoker.java:1231)
	at org.testng.internal.TestMethodWorker.invokeTestMethods(TestMethodWorker.java:128)
	at org.testng.internal.TestMethodWorker.run(TestMethodWorker.java:111)
	at org.testng.TestRunner.privateRun(TestRunner.java:767)
	at org.testng.TestRunner.run(TestRunner.java:617)
	at org.testng.SuiteRunner.runTest(SuiteRunner.java:334)
	at org.testng.SuiteRunner.runSequentially(SuiteRunner.java:329)
	at org.testng.SuiteRunner.privateRun(SuiteRunner.java:291)
	at org.testng.SuiteRunner.run(SuiteRunner.java:240)
	at org.testng.SuiteRunnerWorker.runSuite(SuiteRunnerWorker.java:52)
	at org.testng.SuiteRunnerWorker.run(SuiteRunnerWorker.java:86)
	at org.testng.TestNG.runSuitesSequentially(TestNG.java:1203)
	at org.testng.TestNG.runSuitesLocally(TestNG.java:1128)
	at org.testng.TestNG.run(TestNG.java:1036)
	at org.testng.remote.RemoteTestNG.run(RemoteTestNG.java:111)
	at org.testng.remote.RemoteTestNG.initAndRun(RemoteTestNG.java:204)
	at org.testng.remote.RemoteTestNG.main(RemoteTestNG.java:175)
</pre></div></td>
<td>197</td>
<td>com.qa141.occs.compute.C9_OCCS_06_ComputeInstance_Delete@6ca084f8</td></tr>
<tr>
<td title='com.qa141.occs.compute.C9_OCCS_10_StorageVolume_Update.test()'><b>test</b><br>Test class: com.qa141.occs.compute.C9_OCCS_10_StorageVolume_Update<br>Parameters: iexplore<br/>
<a href="#Output-86789207" onClick='toggleBox("Output-86789207", this, "Show output", "Hide output");'>Show output</a>

<a href="#Output-86789207" onClick="toggleAllBoxes();">Show all outputs</a>
<div class='log' id="Output-86789207">
<a href=C:\SAFc\tests\OPC\test-output\screenShots\02-15-2015\02-15-2015_12.32.15_com.qa141.occs.compute.C9_OCCS_10_StorageVolume_Update_test.png target='_blank' >02-15-2015_12.32.15_com.qa141.occs.compute.C9_OCCS_10_StorageVolume_Update_test.png</a><br/>
<a href=C:\SAFc\tests\OPC\test-output\screenShots\02-15-2015\02-15-2015_12.32.15_com.qa141.occs.compute.C9_OCCS_10_StorageVolume_Update_test.png target='_blank' >Screenshot</a><br/>
<img src="file:///C:\SAFc\tests\OPC\test-output\screenShots\02-15-2015\02-15-2015_12.32.15_com.qa141.occs.compute.C9_OCCS_10_StorageVolume_Update_test.png" width=500 height=300" alt=""/><br /><br/>
</div>
</td>
<td><div><pre>java.lang.AssertionError: Cannot locate element with text: automationTest_ComputeInstance
For documentation on this error, please visit: http://seleniumhq.org/exceptions/no_such_element.html
Build info: version: &apos;2.39.0&apos;, revision: &apos;ff23eac&apos;, time: &apos;2013-12-16 16:11:15&apos;
System info: host: &apos;slc05gyj&apos;, ip: &apos;10.240.125.231&apos;, os.name: &apos;Windows 7&apos;, os.arch: &apos;amd64&apos;, os.version: &apos;6.1&apos;, java.version: &apos;1.6.0_34&apos;
Driver info: driver.version: unknown
	at com.qa141.occs.compute.C9_OCCS_10_StorageVolume_Update.test(C9_OCCS_10_StorageVolume_Update.java:241)
... Removed 25 stack frames</pre></div><a href='#' onClick='toggleBox("stack-trace86789207", this, "Click to show all stack frames", "Click to hide stack frames")'>Click to show all stack frames</a>
<div class='stack-trace' id='stack-trace86789207'><pre>java.lang.AssertionError: Cannot locate element with text: automationTest_ComputeInstance
For documentation on this error, please visit: http://seleniumhq.org/exceptions/no_such_element.html
Build info: version: &apos;2.39.0&apos;, revision: &apos;ff23eac&apos;, time: &apos;2013-12-16 16:11:15&apos;
System info: host: &apos;slc05gyj&apos;, ip: &apos;10.240.125.231&apos;, os.name: &apos;Windows 7&apos;, os.arch: &apos;amd64&apos;, os.version: &apos;6.1&apos;, java.version: &apos;1.6.0_34&apos;
Driver info: driver.version: unknown
	at org.testng.Assert.fail(Assert.java:94)
	at com.qa141.occs.compute.C9_OCCS_10_StorageVolume_Update.test(C9_OCCS_10_StorageVolume_Update.java:241)
	at sun.reflect.NativeMethodAccessorImpl.invoke0(Native Method)
	at sun.reflect.NativeMethodAccessorImpl.invoke(Unknown Source)
	at sun.reflect.DelegatingMethodAccessorImpl.invoke(Unknown Source)
	at java.lang.reflect.Method.invoke(Unknown Source)
	at org.testng.internal.MethodInvocationHelper.invokeMethod(MethodInvocationHelper.java:80)
	at org.testng.internal.Invoker.invokeMethod(Invoker.java:714)
	at org.testng.internal.Invoker.invokeTestMethod(Invoker.java:901)
	at org.testng.internal.Invoker.invokeTestMethods(Invoker.java:1231)
	at org.testng.internal.TestMethodWorker.invokeTestMethods(TestMethodWorker.java:128)
	at org.testng.internal.TestMethodWorker.run(TestMethodWorker.java:111)
	at org.testng.TestRunner.privateRun(TestRunner.java:767)
	at org.testng.TestRunner.run(TestRunner.java:617)
	at org.testng.SuiteRunner.runTest(SuiteRunner.java:334)
	at org.testng.SuiteRunner.runSequentially(SuiteRunner.java:329)
	at org.testng.SuiteRunner.privateRun(SuiteRunner.java:291)
	at org.testng.SuiteRunner.run(SuiteRunner.java:240)
	at org.testng.SuiteRunnerWorker.runSuite(SuiteRunnerWorker.java:52)
	at org.testng.SuiteRunnerWorker.run(SuiteRunnerWorker.java:86)
	at org.testng.TestNG.runSuitesSequentially(TestNG.java:1203)
	at org.testng.TestNG.runSuitesLocally(TestNG.java:1128)
	at org.testng.TestNG.run(TestNG.java:1036)
	at org.testng.remote.RemoteTestNG.run(RemoteTestNG.java:111)
	at org.testng.remote.RemoteTestNG.initAndRun(RemoteTestNG.java:204)
	at org.testng.remote.RemoteTestNG.main(RemoteTestNG.java:175)
</pre></div></td>
<td>190</td>
<td>com.qa141.occs.compute.C9_OCCS_10_StorageVolume_Update@643c0007</td></tr>
</table><p>
<table width='100%' border='1' class='invocation-passed'>
<tr><td colspan='4' align='center'><b>PASSED TESTS</b></td></tr>
<tr><td><b>Test method</b></td>
<td width="30%"><b>Exception</b></td>
<td width="10%"><b>Time (seconds)</b></td>
<td><b>Instance</b></td>
</tr>
<tr>
<td title='com.qa141.occs.compute.C9_OCCS_01_ComputeInstance_InstancesTile_Verify.test()'><b>test</b><br>Test class: com.qa141.occs.compute.C9_OCCS_01_ComputeInstance_InstancesTile_Verify<br>Parameters: iexplore</td>
<td></td>
<td>126</td>
<td>com.qa141.occs.compute.C9_OCCS_01_ComputeInstance_InstancesTile_Verify@3ce95a56</td></tr>
<tr>
<td title='com.qa141.occs.compute.C9_OCCS_02_ComputeInstance_Create.test()'><b>test</b><br>Test class: com.qa141.occs.compute.C9_OCCS_02_ComputeInstance_Create<br>Parameters: iexplore</td>
<td></td>
<td>438</td>
<td>com.qa141.occs.compute.C9_OCCS_02_ComputeInstance_Create@44a613f8</td></tr>
<tr>
<td title='com.qa141.occs.compute.C9_OCCS_03_ComputeInstance_Filter.test()'><b>test</b><br>Test class: com.qa141.occs.compute.C9_OCCS_03_ComputeInstance_Filter<br>Parameters: iexplore</td>
<td></td>
<td>234</td>
<td>com.qa141.occs.compute.C9_OCCS_03_ComputeInstance_Filter@571a75a2</td></tr>
<tr>
<td title='com.qa141.occs.compute.C9_OCCS_04_ComputeInstance_SearchBox.test()'><b>test</b><br>Test class: com.qa141.occs.compute.C9_OCCS_04_ComputeInstance_SearchBox<br>Parameters: iexplore</td>
<td></td>
<td>219</td>
<td>com.qa141.occs.compute.C9_OCCS_04_ComputeInstance_SearchBox@7f70888e</td></tr>
<tr>
<td title='com.qa141.occs.compute.C9_OCCS_07_StorageTile_Verify.test()'><b>test</b><br>Test class: com.qa141.occs.compute.C9_OCCS_07_StorageTile_Verify<br>Parameters: iexplore</td>
<td></td>
<td>132</td>
<td>com.qa141.occs.compute.C9_OCCS_07_StorageTile_Verify@335856a5</td></tr>
<tr>
<td title='com.qa141.occs.compute.C9_OCCS_08_StorageVolume_Create.test()'><b>test</b><br>Test class: com.qa141.occs.compute.C9_OCCS_08_StorageVolume_Create<br>Parameters: iexplore</td>
<td></td>
<td>301</td>
<td>com.qa141.occs.compute.C9_OCCS_08_StorageVolume_Create@351563ff</td></tr>
<tr>
<td title='com.qa141.occs.compute.C9_OCCS_09_StorageVolume_Filter.test()'><b>test</b><br>Test class: com.qa141.occs.compute.C9_OCCS_09_StorageVolume_Filter<br>Parameters: iexplore</td>
<td></td>
<td>155</td>
<td>com.qa141.occs.compute.C9_OCCS_09_StorageVolume_Filter@5cac6a45</td></tr>
<tr>
<td title='com.qa141.occs.compute.C9_OCCS_11_StorageVolume_SearchBox.test()'><b>test</b><br>Test class: com.qa141.occs.compute.C9_OCCS_11_StorageVolume_SearchBox<br>Parameters: iexplore</td>
<td></td>
<td>188</td>
<td>com.qa141.occs.compute.C9_OCCS_11_StorageVolume_SearchBox@f581593</td></tr>
<tr>
<td title='com.qa141.occs.compute.C9_OCCS_12_StorageVolume_Delete.test()'><b>test</b><br>Test class: com.qa141.occs.compute.C9_OCCS_12_StorageVolume_Delete<br>Parameters: iexplore</td>
<td></td>
<td>156</td>
<td>com.qa141.occs.compute.C9_OCCS_12_StorageVolume_Delete@b113622</td></tr>
</table><p>
</body>
</html>