<?xml version="1.0" encoding="UTF-8"?>
<!-- Generated by org.testng.reporters.JUnitXMLReporter -->
<testsuite hostname="slc05gyj" name="ComputeTab" tests="16" failures="5" timestamp="16 Feb 2015 06:36:03 GMT" time="2941.08" errors="0">
  <testcase name="test" time="79.379" classname="com.qa141.occs.computetabs.C9_OCCS_Network_01_IpList">
    <failure type="java.lang.AssertionError" message="Unable to find element with xpath == .//*[@id=&amp;apos;pt1:sections:h2-pg2-L1&amp;apos;]/span[1] (WARNING: The server did not provide any stacktrace information)
Command duration or timeout: 20.20 seconds
For documentation on this error, please visit: http://seleniumhq.org/exceptions/no_such_element.html
Build info: version: &amp;apos;2.39.0&amp;apos;, revision: &amp;apos;ff23eac&amp;apos;, time: &amp;apos;2013-12-16 16:11:15&amp;apos;
System info: host: &amp;apos;slc05gyj&amp;apos;, ip: &amp;apos;10.240.125.231&amp;apos;, os.name: &amp;apos;Windows 7&amp;apos;, os.arch: &amp;apos;amd64&amp;apos;, os.version: &amp;apos;6.1&amp;apos;, java.version: &amp;apos;1.6.0_34&amp;apos;
Session ID: 4dd690e1-cf70-45d8-8c2b-8bafa43ad392
Driver info: org.openqa.selenium.ie.InternetExplorerDriver
Capabilities [{platform=WINDOWS, elementScrollBehavior=0, javascriptEnabled=true, enablePersistentHover=true, ignoreZoomSetting=false, browserName=internet explorer, enableElementCacheCleanup=true, unexpectedAlertBehaviour=dismiss, version=9, cssSelectorsEnabled=true, ignoreProtectedModeSettings=false, requireWindowFocus=false, allowAsynchronousJavaScript=true, initialBrowserUrl=, handlesAlerts=true, nativeEvents=true, takesScreenshot=true}]
Command duration or timeout: 20.52 seconds
For documentation on this error, please visit: http://seleniumhq.org/exceptions/no_such_element.html
Build info: version: &amp;apos;2.39.0&amp;apos;, revision: &amp;apos;ff23eac&amp;apos;, time: &amp;apos;2013-12-16 16:11:15&amp;apos;
System info: host: &amp;apos;slc05gyj&amp;apos;, ip: &amp;apos;10.240.125.231&amp;apos;, os.name: &amp;apos;Windows 7&amp;apos;, os.arch: &amp;apos;amd64&amp;apos;, os.version: &amp;apos;6.1&amp;apos;, java.version: &amp;apos;1.6.0_34&amp;apos;
Session ID: c1ed52fe-6680-435a-bea2-2e27245a9b60
Driver info: org.openqa.selenium.remote.RemoteWebDriver
Capabilities [{platform=WINDOWS, elementScrollBehavior=0, javascriptEnabled=true, enablePersistentHover=true, ignoreZoomSetting=false, browserName=internet explorer, enableElementCacheCleanup=true, unexpectedAlertBehaviour=dismiss, webdriver.remote.sessionid=c1ed52fe-6680-435a-bea2-2e27245a9b60, version=9, cssSelectorsEnabled=true, ignoreProtectedModeSettings=false, requireWindowFocus=false, allowAsynchronousJavaScript=true, initialBrowserUrl=, handlesAlerts=true, nativeEvents=true, takesScreenshot=true}]">
      <![CDATA[java.lang.AssertionError: Unable to find element with xpath == .//*[@id='pt1:sections:h2-pg2-L1']/span[1] (WARNING: The server did not provide any stacktrace information)
Command duration or timeout: 20.20 seconds
For documentation on this error, please visit: http://seleniumhq.org/exceptions/no_such_element.html
Build info: version: '2.39.0', revision: 'ff23eac', time: '2013-12-16 16:11:15'
System info: host: 'slc05gyj', ip: '10.240.125.231', os.name: 'Windows 7', os.arch: 'amd64', os.version: '6.1', java.version: '1.6.0_34'
Session ID: 4dd690e1-cf70-45d8-8c2b-8bafa43ad392
Driver info: org.openqa.selenium.ie.InternetExplorerDriver
Capabilities [{platform=WINDOWS, elementScrollBehavior=0, javascriptEnabled=true, enablePersistentHover=true, ignoreZoomSetting=false, browserName=internet explorer, enableElementCacheCleanup=true, unexpectedAlertBehaviour=dismiss, version=9, cssSelectorsEnabled=true, ignoreProtectedModeSettings=false, requireWindowFocus=false, allowAsynchronousJavaScript=true, initialBrowserUrl=, handlesAlerts=true, nativeEvents=true, takesScreenshot=true}]
Command duration or timeout: 20.52 seconds
For documentation on this error, please visit: http://seleniumhq.org/exceptions/no_such_element.html
Build info: version: '2.39.0', revision: 'ff23eac', time: '2013-12-16 16:11:15'
System info: host: 'slc05gyj', ip: '10.240.125.231', os.name: 'Windows 7', os.arch: 'amd64', os.version: '6.1', java.version: '1.6.0_34'
Session ID: c1ed52fe-6680-435a-bea2-2e27245a9b60
Driver info: org.openqa.selenium.remote.RemoteWebDriver
Capabilities [{platform=WINDOWS, elementScrollBehavior=0, javascriptEnabled=true, enablePersistentHover=true, ignoreZoomSetting=false, browserName=internet explorer, enableElementCacheCleanup=true, unexpectedAlertBehaviour=dismiss, webdriver.remote.sessionid=c1ed52fe-6680-435a-bea2-2e27245a9b60, version=9, cssSelectorsEnabled=true, ignoreProtectedModeSettings=false, requireWindowFocus=false, allowAsynchronousJavaScript=true, initialBrowserUrl=, handlesAlerts=true, nativeEvents=true, takesScreenshot=true}]
	at org.junit.Assert.fail(Assert.java:88)
	at com.qa141.occs.computetabs.C9_OCCS_Network_01_IpList.test(C9_OCCS_Network_01_IpList.java:68)
... Removed 24 stack frames]]>
    </failure>
  </testcase> <!-- test -->
  <testcase name="test" time="123.332" classname="com.qa141.occs.computetabs.C9_OCCS_Network_02_IpListCreate">
    <failure type="java.lang.AssertionError">
      <![CDATA[java.lang.AssertionError
	at org.junit.Assert.fail(Assert.java:86)
	at org.junit.Assert.assertTrue(Assert.java:41)
	at org.junit.Assert.assertTrue(Assert.java:52)
	at com.qa141.occs.computetabs.C9_OCCS_Network_02_IpListCreate.test(C9_OCCS_Network_02_IpListCreate.java:75)
... Removed 24 stack frames]]>
    </failure>
  </testcase> <!-- test -->
  <testcase name="test" time="197.225" classname="com.qa141.occs.computetabs.C9_OCCS_Network_03_IpListSearch"/>
  <testcase name="test" time="167.774" classname="com.qa141.occs.computetabs.C9_OCCS_Network_04_IpListUpdate"/>
  <testcase name="test" time="205.448" classname="com.qa141.occs.computetabs.C9_OCCS_Network_05_IpListDelete"/>
  <testcase name="test" time="133.583" classname="com.qa141.occs.computetabs.C9_OCCS_Network_06_NetworkGroup"/>
  <testcase name="test" time="98.308" classname="com.qa141.occs.computetabs.C9_OCCS_Network_07_NetworkGroupCreate">
    <failure type="java.lang.AssertionError" message="Timed out waiting for page to load. (WARNING: The server did not provide any stacktrace information)
Command duration or timeout: 20.42 seconds
Build info: version: &amp;apos;2.39.0&amp;apos;, revision: &amp;apos;ff23eac&amp;apos;, time: &amp;apos;2013-12-16 16:11:15&amp;apos;
System info: host: &amp;apos;slc05gyj&amp;apos;, ip: &amp;apos;10.240.125.231&amp;apos;, os.name: &amp;apos;Windows 7&amp;apos;, os.arch: &amp;apos;amd64&amp;apos;, os.version: &amp;apos;6.1&amp;apos;, java.version: &amp;apos;1.6.0_34&amp;apos;
Session ID: 9d9036b4-47b0-493a-9a15-401d7c07c516
Driver info: org.openqa.selenium.ie.InternetExplorerDriver
Capabilities [{platform=WINDOWS, elementScrollBehavior=0, javascriptEnabled=true, enablePersistentHover=true, ignoreZoomSetting=false, browserName=internet explorer, enableElementCacheCleanup=true, unexpectedAlertBehaviour=dismiss, version=9, cssSelectorsEnabled=true, ignoreProtectedModeSettings=false, requireWindowFocus=false, allowAsynchronousJavaScript=true, initialBrowserUrl=, handlesAlerts=true, nativeEvents=true, takesScreenshot=true}]
Command duration or timeout: 20.60 seconds
Build info: version: &amp;apos;2.39.0&amp;apos;, revision: &amp;apos;ff23eac&amp;apos;, time: &amp;apos;2013-12-16 16:11:15&amp;apos;
System info: host: &amp;apos;slc05gyj&amp;apos;, ip: &amp;apos;10.240.125.231&amp;apos;, os.name: &amp;apos;Windows 7&amp;apos;, os.arch: &amp;apos;amd64&amp;apos;, os.version: &amp;apos;6.1&amp;apos;, java.version: &amp;apos;1.6.0_34&amp;apos;
Session ID: ff5e8ec8-1201-40d0-8ab4-b353e4dc3403
Driver info: org.openqa.selenium.remote.RemoteWebDriver
Capabilities [{platform=WINDOWS, elementScrollBehavior=0, javascriptEnabled=true, enablePersistentHover=true, ignoreZoomSetting=false, browserName=internet explorer, enableElementCacheCleanup=true, unexpectedAlertBehaviour=dismiss, webdriver.remote.sessionid=ff5e8ec8-1201-40d0-8ab4-b353e4dc3403, version=9, cssSelectorsEnabled=true, ignoreProtectedModeSettings=false, requireWindowFocus=false, allowAsynchronousJavaScript=true, initialBrowserUrl=, handlesAlerts=true, nativeEvents=true, takesScreenshot=true}]">
      <![CDATA[java.lang.AssertionError: Timed out waiting for page to load. (WARNING: The server did not provide any stacktrace information)
Command duration or timeout: 20.42 seconds
Build info: version: '2.39.0', revision: 'ff23eac', time: '2013-12-16 16:11:15'
System info: host: 'slc05gyj', ip: '10.240.125.231', os.name: 'Windows 7', os.arch: 'amd64', os.version: '6.1', java.version: '1.6.0_34'
Session ID: 9d9036b4-47b0-493a-9a15-401d7c07c516
Driver info: org.openqa.selenium.ie.InternetExplorerDriver
Capabilities [{platform=WINDOWS, elementScrollBehavior=0, javascriptEnabled=true, enablePersistentHover=true, ignoreZoomSetting=false, browserName=internet explorer, enableElementCacheCleanup=true, unexpectedAlertBehaviour=dismiss, version=9, cssSelectorsEnabled=true, ignoreProtectedModeSettings=false, requireWindowFocus=false, allowAsynchronousJavaScript=true, initialBrowserUrl=, handlesAlerts=true, nativeEvents=true, takesScreenshot=true}]
Command duration or timeout: 20.60 seconds
Build info: version: '2.39.0', revision: 'ff23eac', time: '2013-12-16 16:11:15'
System info: host: 'slc05gyj', ip: '10.240.125.231', os.name: 'Windows 7', os.arch: 'amd64', os.version: '6.1', java.version: '1.6.0_34'
Session ID: ff5e8ec8-1201-40d0-8ab4-b353e4dc3403
Driver info: org.openqa.selenium.remote.RemoteWebDriver
Capabilities [{platform=WINDOWS, elementScrollBehavior=0, javascriptEnabled=true, enablePersistentHover=true, ignoreZoomSetting=false, browserName=internet explorer, enableElementCacheCleanup=true, unexpectedAlertBehaviour=dismiss, webdriver.remote.sessionid=ff5e8ec8-1201-40d0-8ab4-b353e4dc3403, version=9, cssSelectorsEnabled=true, ignoreProtectedModeSettings=false, requireWindowFocus=false, allowAsynchronousJavaScript=true, initialBrowserUrl=, handlesAlerts=true, nativeEvents=true, takesScreenshot=true}]
	at org.junit.Assert.fail(Assert.java:88)
	at com.qa141.occs.computetabs.C9_OCCS_Network_07_NetworkGroupCreate.test(C9_OCCS_Network_07_NetworkGroupCreate.java:112)
... Removed 24 stack frames]]>
    </failure>
  </testcase> <!-- test -->
  <testcase name="test" time="225.682" classname="com.qa141.occs.computetabs.C9_OCCS_Network_08_NetworkGroupSearch"/>
  <testcase name="test" time="252.808" classname="com.qa141.occs.computetabs.C9_OCCS_Network_09_NetworkGroupUpdate"/>
  <testcase name="test" time="199.685" classname="com.qa141.occs.computetabs.C9_OCCS_Network_10_NetworkGroupDelete"/>
  <testcase name="test" time="90.25" classname="com.qa141.occs.computetabs.C9_OCCS_Network_11_PublicIps">
    <failure type="java.lang.AssertionError" message="Unable to find element with xpath == .//*[@id=&amp;apos;pt1:sections:h2-pg2-L1&amp;apos;]/span[1] (WARNING: The server did not provide any stacktrace information)
Command duration or timeout: 20.21 seconds
For documentation on this error, please visit: http://seleniumhq.org/exceptions/no_such_element.html
Build info: version: &amp;apos;2.39.0&amp;apos;, revision: &amp;apos;ff23eac&amp;apos;, time: &amp;apos;2013-12-16 16:11:15&amp;apos;
System info: host: &amp;apos;slc05gyj&amp;apos;, ip: &amp;apos;10.240.125.231&amp;apos;, os.name: &amp;apos;Windows 7&amp;apos;, os.arch: &amp;apos;amd64&amp;apos;, os.version: &amp;apos;6.1&amp;apos;, java.version: &amp;apos;1.6.0_34&amp;apos;
Session ID: 98a7f4a9-6064-4d68-95b0-427c8b21372e
Driver info: org.openqa.selenium.ie.InternetExplorerDriver
Capabilities [{platform=WINDOWS, elementScrollBehavior=0, javascriptEnabled=true, enablePersistentHover=true, ignoreZoomSetting=false, browserName=internet explorer, enableElementCacheCleanup=true, unexpectedAlertBehaviour=dismiss, version=9, cssSelectorsEnabled=true, ignoreProtectedModeSettings=false, requireWindowFocus=false, allowAsynchronousJavaScript=true, initialBrowserUrl=, handlesAlerts=true, nativeEvents=true, takesScreenshot=true}]
Command duration or timeout: 20.50 seconds
For documentation on this error, please visit: http://seleniumhq.org/exceptions/no_such_element.html
Build info: version: &amp;apos;2.39.0&amp;apos;, revision: &amp;apos;ff23eac&amp;apos;, time: &amp;apos;2013-12-16 16:11:15&amp;apos;
System info: host: &amp;apos;slc05gyj&amp;apos;, ip: &amp;apos;10.240.125.231&amp;apos;, os.name: &amp;apos;Windows 7&amp;apos;, os.arch: &amp;apos;amd64&amp;apos;, os.version: &amp;apos;6.1&amp;apos;, java.version: &amp;apos;1.6.0_34&amp;apos;
Session ID: c915231a-a230-4574-9dbe-2fd9ace42703
Driver info: org.openqa.selenium.remote.RemoteWebDriver
Capabilities [{platform=WINDOWS, elementScrollBehavior=0, javascriptEnabled=true, enablePersistentHover=true, ignoreZoomSetting=false, browserName=internet explorer, enableElementCacheCleanup=true, unexpectedAlertBehaviour=dismiss, webdriver.remote.sessionid=c915231a-a230-4574-9dbe-2fd9ace42703, version=9, cssSelectorsEnabled=true, ignoreProtectedModeSettings=false, requireWindowFocus=false, allowAsynchronousJavaScript=true, initialBrowserUrl=, handlesAlerts=true, nativeEvents=true, takesScreenshot=true}]">
      <![CDATA[java.lang.AssertionError: Unable to find element with xpath == .//*[@id='pt1:sections:h2-pg2-L1']/span[1] (WARNING: The server did not provide any stacktrace information)
Command duration or timeout: 20.21 seconds
For documentation on this error, please visit: http://seleniumhq.org/exceptions/no_such_element.html
Build info: version: '2.39.0', revision: 'ff23eac', time: '2013-12-16 16:11:15'
System info: host: 'slc05gyj', ip: '10.240.125.231', os.name: 'Windows 7', os.arch: 'amd64', os.version: '6.1', java.version: '1.6.0_34'
Session ID: 98a7f4a9-6064-4d68-95b0-427c8b21372e
Driver info: org.openqa.selenium.ie.InternetExplorerDriver
Capabilities [{platform=WINDOWS, elementScrollBehavior=0, javascriptEnabled=true, enablePersistentHover=true, ignoreZoomSetting=false, browserName=internet explorer, enableElementCacheCleanup=true, unexpectedAlertBehaviour=dismiss, version=9, cssSelectorsEnabled=true, ignoreProtectedModeSettings=false, requireWindowFocus=false, allowAsynchronousJavaScript=true, initialBrowserUrl=, handlesAlerts=true, nativeEvents=true, takesScreenshot=true}]
Command duration or timeout: 20.50 seconds
For documentation on this error, please visit: http://seleniumhq.org/exceptions/no_such_element.html
Build info: version: '2.39.0', revision: 'ff23eac', time: '2013-12-16 16:11:15'
System info: host: 'slc05gyj', ip: '10.240.125.231', os.name: 'Windows 7', os.arch: 'amd64', os.version: '6.1', java.version: '1.6.0_34'
Session ID: c915231a-a230-4574-9dbe-2fd9ace42703
Driver info: org.openqa.selenium.remote.RemoteWebDriver
Capabilities [{platform=WINDOWS, elementScrollBehavior=0, javascriptEnabled=true, enablePersistentHover=true, ignoreZoomSetting=false, browserName=internet explorer, enableElementCacheCleanup=true, unexpectedAlertBehaviour=dismiss, webdriver.remote.sessionid=c915231a-a230-4574-9dbe-2fd9ace42703, version=9, cssSelectorsEnabled=true, ignoreProtectedModeSettings=false, requireWindowFocus=false, allowAsynchronousJavaScript=true, initialBrowserUrl=, handlesAlerts=true, nativeEvents=true, takesScreenshot=true}]
	at org.junit.Assert.fail(Assert.java:88)
	at com.qa141.occs.computetabs.C9_OCCS_Network_11_PublicIps.test(C9_OCCS_Network_11_PublicIps.java:69)
... Removed 24 stack frames]]>
    </failure>
  </testcase> <!-- test -->
  <testcase name="test" time="131.22" classname="com.qa141.occs.computetabs.C9_OCCS_Network_12_PublicIpsCreate">
    <failure type="java.lang.AssertionError" message="Unable to find element with id == pt1:sections:ot14 (WARNING: The server did not provide any stacktrace information)
Command duration or timeout: 21.40 seconds
For documentation on this error, please visit: http://seleniumhq.org/exceptions/no_such_element.html
Build info: version: &amp;apos;2.39.0&amp;apos;, revision: &amp;apos;ff23eac&amp;apos;, time: &amp;apos;2013-12-16 16:11:15&amp;apos;
System info: host: &amp;apos;slc05gyj&amp;apos;, ip: &amp;apos;10.240.125.231&amp;apos;, os.name: &amp;apos;Windows 7&amp;apos;, os.arch: &amp;apos;amd64&amp;apos;, os.version: &amp;apos;6.1&amp;apos;, java.version: &amp;apos;1.6.0_34&amp;apos;
Session ID: 1993e6f4-4a25-43c5-8b41-631cf3192725
Driver info: org.openqa.selenium.ie.InternetExplorerDriver
Capabilities [{platform=WINDOWS, elementScrollBehavior=0, javascriptEnabled=true, enablePersistentHover=true, ignoreZoomSetting=false, browserName=internet explorer, enableElementCacheCleanup=true, unexpectedAlertBehaviour=dismiss, version=9, cssSelectorsEnabled=true, ignoreProtectedModeSettings=false, requireWindowFocus=false, allowAsynchronousJavaScript=true, initialBrowserUrl=, handlesAlerts=true, nativeEvents=true, takesScreenshot=true}]
Command duration or timeout: 21.76 seconds
For documentation on this error, please visit: http://seleniumhq.org/exceptions/no_such_element.html
Build info: version: &amp;apos;2.39.0&amp;apos;, revision: &amp;apos;ff23eac&amp;apos;, time: &amp;apos;2013-12-16 16:11:15&amp;apos;
System info: host: &amp;apos;slc05gyj&amp;apos;, ip: &amp;apos;10.240.125.231&amp;apos;, os.name: &amp;apos;Windows 7&amp;apos;, os.arch: &amp;apos;amd64&amp;apos;, os.version: &amp;apos;6.1&amp;apos;, java.version: &amp;apos;1.6.0_34&amp;apos;
Session ID: 22e87966-ebc1-4649-9f28-72bac1873e2d
Driver info: org.openqa.selenium.remote.RemoteWebDriver
Capabilities [{platform=WINDOWS, elementScrollBehavior=0, javascriptEnabled=true, enablePersistentHover=true, ignoreZoomSetting=false, browserName=internet explorer, enableElementCacheCleanup=true, unexpectedAlertBehaviour=dismiss, webdriver.remote.sessionid=22e87966-ebc1-4649-9f28-72bac1873e2d, version=9, cssSelectorsEnabled=true, ignoreProtectedModeSettings=false, requireWindowFocus=false, allowAsynchronousJavaScript=true, initialBrowserUrl=, handlesAlerts=true, nativeEvents=true, takesScreenshot=true}]">
      <![CDATA[java.lang.AssertionError: Unable to find element with id == pt1:sections:ot14 (WARNING: The server did not provide any stacktrace information)
Command duration or timeout: 21.40 seconds
For documentation on this error, please visit: http://seleniumhq.org/exceptions/no_such_element.html
Build info: version: '2.39.0', revision: 'ff23eac', time: '2013-12-16 16:11:15'
System info: host: 'slc05gyj', ip: '10.240.125.231', os.name: 'Windows 7', os.arch: 'amd64', os.version: '6.1', java.version: '1.6.0_34'
Session ID: 1993e6f4-4a25-43c5-8b41-631cf3192725
Driver info: org.openqa.selenium.ie.InternetExplorerDriver
Capabilities [{platform=WINDOWS, elementScrollBehavior=0, javascriptEnabled=true, enablePersistentHover=true, ignoreZoomSetting=false, browserName=internet explorer, enableElementCacheCleanup=true, unexpectedAlertBehaviour=dismiss, version=9, cssSelectorsEnabled=true, ignoreProtectedModeSettings=false, requireWindowFocus=false, allowAsynchronousJavaScript=true, initialBrowserUrl=, handlesAlerts=true, nativeEvents=true, takesScreenshot=true}]
Command duration or timeout: 21.76 seconds
For documentation on this error, please visit: http://seleniumhq.org/exceptions/no_such_element.html
Build info: version: '2.39.0', revision: 'ff23eac', time: '2013-12-16 16:11:15'
System info: host: 'slc05gyj', ip: '10.240.125.231', os.name: 'Windows 7', os.arch: 'amd64', os.version: '6.1', java.version: '1.6.0_34'
Session ID: 22e87966-ebc1-4649-9f28-72bac1873e2d
Driver info: org.openqa.selenium.remote.RemoteWebDriver
Capabilities [{platform=WINDOWS, elementScrollBehavior=0, javascriptEnabled=true, enablePersistentHover=true, ignoreZoomSetting=false, browserName=internet explorer, enableElementCacheCleanup=true, unexpectedAlertBehaviour=dismiss, webdriver.remote.sessionid=22e87966-ebc1-4649-9f28-72bac1873e2d, version=9, cssSelectorsEnabled=true, ignoreProtectedModeSettings=false, requireWindowFocus=false, allowAsynchronousJavaScript=true, initialBrowserUrl=, handlesAlerts=true, nativeEvents=true, takesScreenshot=true}]
	at org.junit.Assert.fail(Assert.java:88)
	at com.qa141.occs.computetabs.C9_OCCS_Network_12_PublicIpsCreate.test(C9_OCCS_Network_12_PublicIpsCreate.java:109)
... Removed 24 stack frames]]>
    </failure>
  </testcase> <!-- test -->
  <testcase name="test" time="290.256" classname="com.qa141.occs.computetabs.C9_OCCS_Network_13_PublicIpsSearch"/>
  <testcase name="test" time="229.368" classname="com.qa141.occs.computetabs.C9_OCCS_Network_14_PublicIpsShowFilter"/>
  <testcase name="test" time="241.965" classname="com.qa141.occs.computetabs.C9_OCCS_Network_15_PublicIpsUpdate"/>
  <testcase name="test" time="244.184" classname="com.qa141.occs.computetabs.C9_OCCS_Network_16_PublicIpsDelete"/>
</testsuite> <!-- ComputeTab -->
