<html>
<head>
<title>TestNG:  ComputeTab</title>
<link href="../testng.css" rel="stylesheet" type="text/css" />
<link href="../my-testng.css" rel="stylesheet" type="text/css" />

<style type="text/css">
.log { display: none;} 
.stack-trace { display: none;} 
</style>
<script type="text/javascript">
<!--
function flip(e) {
  current = e.style.display;
  if (current == 'block') {
    e.style.display = 'none';
    return 0;
  }
  else {
    e.style.display = 'block';
    return 1;
  }
}

function toggleBox(szDivId, elem, msg1, msg2)
{
  var res = -1;  if (document.getElementById) {
    res = flip(document.getElementById(szDivId));
  }
  else if (document.all) {
    // this is the way old msie versions work
    res = flip(document.all[szDivId]);
  }
  if(elem) {
    if(res == 0) elem.innerHTML = msg1; else elem.innerHTML = msg2;
  }

}

function toggleAllBoxes() {
  if (document.getElementsByTagName) {
    d = document.getElementsByTagName('div');
    for (i = 0; i < d.length; i++) {
      if (d[i].className == 'log') {
        flip(d[i]);
      }
    }
  }
}

// -->
</script>

</head>
<body>
<h2 align='center'>ComputeTab</h2><table border='1' align="center">
<tr>
<td>Tests passed/Failed/Skipped:</td><td>11/5/0</td>
</tr><tr>
<td>Started on:</td><td>Sun Feb 15 22:47:02 MST 2015</td>
</tr>
<tr><td>Total time:</td><td>2941 seconds (2941080 ms)</td>
</tr><tr>
<td>Included groups:</td><td></td>
</tr><tr>
<td>Excluded groups:</td><td></td>
</tr>
</table><p/>
<small><i>(Hover the method name to see the test class name)</i></small><p/>
<table width='100%' border='1' class='invocation-failed'>
<tr><td colspan='4' align='center'><b>FAILED TESTS</b></td></tr>
<tr><td><b>Test method</b></td>
<td width="30%"><b>Exception</b></td>
<td width="10%"><b>Time (seconds)</b></td>
<td><b>Instance</b></td>
</tr>
<tr>
<td title='com.qa141.occs.computetabs.C9_OCCS_Network_01_IpList.test()'><b>test</b><br>Test class: com.qa141.occs.computetabs.C9_OCCS_Network_01_IpList<br>Parameters: iexplore<br/>
<a href="#Output-807253484" onClick='toggleBox("Output-807253484", this, "Show output", "Hide output");'>Show output</a>

<a href="#Output-807253484" onClick="toggleAllBoxes();">Show all outputs</a>
<div class='log' id="Output-807253484">
<a href=C:\SAFc\tests\OPC\test-output\screenShots\02-15-2015\02-15-2015_10.48.22_com.qa141.occs.computetabs.C9_OCCS_Network_01_IpList_test.png target='_blank' >02-15-2015_10.48.22_com.qa141.occs.computetabs.C9_OCCS_Network_01_IpList_test.png</a><br/>
<a href=C:\SAFc\tests\OPC\test-output\screenShots\02-15-2015\02-15-2015_10.48.22_com.qa141.occs.computetabs.C9_OCCS_Network_01_IpList_test.png target='_blank' >Screenshot</a><br/>
<img src="file:///C:\SAFc\tests\OPC\test-output\screenShots\02-15-2015\02-15-2015_10.48.22_com.qa141.occs.computetabs.C9_OCCS_Network_01_IpList_test.png" width=500 height=300" alt=""/><br /><br/>
</div>
</td>
<td><div><pre>java.lang.AssertionError: Unable to find element with xpath == .//*[@id=&apos;pt1:sections:h2-pg2-L1&apos;]/span[1] (WARNING: The server did not provide any stacktrace information)
Command duration or timeout: 20.20 seconds
For documentation on this error, please visit: http://seleniumhq.org/exceptions/no_such_element.html
Build info: version: &apos;2.39.0&apos;, revision: &apos;ff23eac&apos;, time: &apos;2013-12-16 16:11:15&apos;
System info: host: &apos;slc05gyj&apos;, ip: &apos;10.240.125.231&apos;, os.name: &apos;Windows 7&apos;, os.arch: &apos;amd64&apos;, os.version: &apos;6.1&apos;, java.version: &apos;1.6.0_34&apos;
Session ID: 4dd690e1-cf70-45d8-8c2b-8bafa43ad392
Driver info: org.openqa.selenium.ie.InternetExplorerDriver
Capabilities [{platform=WINDOWS, elementScrollBehavior=0, javascriptEnabled=true, enablePersistentHover=true, ignoreZoomSetting=false, browserName=internet explorer, enableElementCacheCleanup=true, unexpectedAlertBehaviour=dismiss, version=9, cssSelectorsEnabled=true, ignoreProtectedModeSettings=false, requireWindowFocus=false, allowAsynchronousJavaScript=true, initialBrowserUrl=, handlesAlerts=true, nativeEvents=true, takesScreenshot=true}]
Command duration or timeout: 20.52 seconds
For documentation on this error, please visit: http://seleniumhq.org/exceptions/no_such_element.html
Build info: version: &apos;2.39.0&apos;, revision: &apos;ff23eac&apos;, time: &apos;2013-12-16 16:11:15&apos;
System info: host: &apos;slc05gyj&apos;, ip: &apos;10.240.125.231&apos;, os.name: &apos;Windows 7&apos;, os.arch: &apos;amd64&apos;, os.version: &apos;6.1&apos;, java.version: &apos;1.6.0_34&apos;
Session ID: c1ed52fe-6680-435a-bea2-2e27245a9b60
Driver info: org.openqa.selenium.remote.RemoteWebDriver
Capabilities [{platform=WINDOWS, elementScrollBehavior=0, javascriptEnabled=true, enablePersistentHover=true, ignoreZoomSetting=false, browserName=internet explorer, enableElementCacheCleanup=true, unexpectedAlertBehaviour=dismiss, webdriver.remote.sessionid=c1ed52fe-6680-435a-bea2-2e27245a9b60, version=9, cssSelectorsEnabled=true, ignoreProtectedModeSettings=false, requireWindowFocus=false, allowAsynchronousJavaScript=true, initialBrowserUrl=, handlesAlerts=true, nativeEvents=true, takesScreenshot=true}]
	at org.junit.Assert.fail(Assert.java:88)
	at com.qa141.occs.computetabs.C9_OCCS_Network_01_IpList.test(C9_OCCS_Network_01_IpList.java:68)
... Removed 24 stack frames</pre></div><a href='#' onClick='toggleBox("stack-trace807253484", this, "Click to show all stack frames", "Click to hide stack frames")'>Click to show all stack frames</a>
<div class='stack-trace' id='stack-trace807253484'><pre>java.lang.AssertionError: Unable to find element with xpath == .//*[@id=&apos;pt1:sections:h2-pg2-L1&apos;]/span[1] (WARNING: The server did not provide any stacktrace information)
Command duration or timeout: 20.20 seconds
For documentation on this error, please visit: http://seleniumhq.org/exceptions/no_such_element.html
Build info: version: &apos;2.39.0&apos;, revision: &apos;ff23eac&apos;, time: &apos;2013-12-16 16:11:15&apos;
System info: host: &apos;slc05gyj&apos;, ip: &apos;10.240.125.231&apos;, os.name: &apos;Windows 7&apos;, os.arch: &apos;amd64&apos;, os.version: &apos;6.1&apos;, java.version: &apos;1.6.0_34&apos;
Session ID: 4dd690e1-cf70-45d8-8c2b-8bafa43ad392
Driver info: org.openqa.selenium.ie.InternetExplorerDriver
Capabilities [{platform=WINDOWS, elementScrollBehavior=0, javascriptEnabled=true, enablePersistentHover=true, ignoreZoomSetting=false, browserName=internet explorer, enableElementCacheCleanup=true, unexpectedAlertBehaviour=dismiss, version=9, cssSelectorsEnabled=true, ignoreProtectedModeSettings=false, requireWindowFocus=false, allowAsynchronousJavaScript=true, initialBrowserUrl=, handlesAlerts=true, nativeEvents=true, takesScreenshot=true}]
Command duration or timeout: 20.52 seconds
For documentation on this error, please visit: http://seleniumhq.org/exceptions/no_such_element.html
Build info: version: &apos;2.39.0&apos;, revision: &apos;ff23eac&apos;, time: &apos;2013-12-16 16:11:15&apos;
System info: host: &apos;slc05gyj&apos;, ip: &apos;10.240.125.231&apos;, os.name: &apos;Windows 7&apos;, os.arch: &apos;amd64&apos;, os.version: &apos;6.1&apos;, java.version: &apos;1.6.0_34&apos;
Session ID: c1ed52fe-6680-435a-bea2-2e27245a9b60
Driver info: org.openqa.selenium.remote.RemoteWebDriver
Capabilities [{platform=WINDOWS, elementScrollBehavior=0, javascriptEnabled=true, enablePersistentHover=true, ignoreZoomSetting=false, browserName=internet explorer, enableElementCacheCleanup=true, unexpectedAlertBehaviour=dismiss, webdriver.remote.sessionid=c1ed52fe-6680-435a-bea2-2e27245a9b60, version=9, cssSelectorsEnabled=true, ignoreProtectedModeSettings=false, requireWindowFocus=false, allowAsynchronousJavaScript=true, initialBrowserUrl=, handlesAlerts=true, nativeEvents=true, takesScreenshot=true}]
	at org.junit.Assert.fail(Assert.java:88)
	at com.qa141.occs.computetabs.C9_OCCS_Network_01_IpList.test(C9_OCCS_Network_01_IpList.java:68)
	at sun.reflect.NativeMethodAccessorImpl.invoke0(Native Method)
	at sun.reflect.NativeMethodAccessorImpl.invoke(Unknown Source)
	at sun.reflect.DelegatingMethodAccessorImpl.invoke(Unknown Source)
	at java.lang.reflect.Method.invoke(Unknown Source)
	at org.testng.internal.MethodInvocationHelper.invokeMethod(MethodInvocationHelper.java:80)
	at org.testng.internal.Invoker.invokeMethod(Invoker.java:714)
	at org.testng.internal.Invoker.invokeTestMethod(Invoker.java:901)
	at org.testng.internal.Invoker.invokeTestMethods(Invoker.java:1231)
	at org.testng.internal.TestMethodWorker.invokeTestMethods(TestMethodWorker.java:128)
	at org.testng.internal.TestMethodWorker.run(TestMethodWorker.java:111)
	at org.testng.TestRunner.privateRun(TestRunner.java:767)
	at org.testng.TestRunner.run(TestRunner.java:617)
	at org.testng.SuiteRunner.runTest(SuiteRunner.java:334)
	at org.testng.SuiteRunner.runSequentially(SuiteRunner.java:329)
	at org.testng.SuiteRunner.privateRun(SuiteRunner.java:291)
	at org.testng.SuiteRunner.run(SuiteRunner.java:240)
	at org.testng.SuiteRunnerWorker.runSuite(SuiteRunnerWorker.java:52)
	at org.testng.SuiteRunnerWorker.run(SuiteRunnerWorker.java:86)
	at org.testng.TestNG.runSuitesSequentially(TestNG.java:1203)
	at org.testng.TestNG.runSuitesLocally(TestNG.java:1128)
	at org.testng.TestNG.run(TestNG.java:1036)
	at org.testng.remote.RemoteTestNG.run(RemoteTestNG.java:111)
	at org.testng.remote.RemoteTestNG.initAndRun(RemoteTestNG.java:204)
	at org.testng.remote.RemoteTestNG.main(RemoteTestNG.java:175)
</pre></div></td>
<td>79</td>
<td>com.qa141.occs.computetabs.C9_OCCS_Network_01_IpList@25cd0888</td></tr>
<tr>
<td title='com.qa141.occs.computetabs.C9_OCCS_Network_02_IpListCreate.test()'><b>test</b><br>Test class: com.qa141.occs.computetabs.C9_OCCS_Network_02_IpListCreate<br>Parameters: iexplore<br/>
<a href="#Output-664112322" onClick='toggleBox("Output-664112322", this, "Show output", "Hide output");'>Show output</a>

<a href="#Output-664112322" onClick="toggleAllBoxes();">Show all outputs</a>
<div class='log' id="Output-664112322">
<a href=C:\SAFc\tests\OPC\test-output\screenShots\02-15-2015\02-15-2015_10.50.27_com.qa141.occs.computetabs.C9_OCCS_Network_02_IpListCreate_test.png target='_blank' >02-15-2015_10.50.27_com.qa141.occs.computetabs.C9_OCCS_Network_02_IpListCreate_test.png</a><br/>
<a href=C:\SAFc\tests\OPC\test-output\screenShots\02-15-2015\02-15-2015_10.50.27_com.qa141.occs.computetabs.C9_OCCS_Network_02_IpListCreate_test.png target='_blank' >Screenshot</a><br/>
<img src="file:///C:\SAFc\tests\OPC\test-output\screenShots\02-15-2015\02-15-2015_10.50.27_com.qa141.occs.computetabs.C9_OCCS_Network_02_IpListCreate_test.png" width=500 height=300" alt=""/><br /><br/>
</div>
</td>
<td><div><pre>java.lang.AssertionError
	at org.junit.Assert.fail(Assert.java:86)
	at org.junit.Assert.assertTrue(Assert.java:41)
	at org.junit.Assert.assertTrue(Assert.java:52)
	at com.qa141.occs.computetabs.C9_OCCS_Network_02_IpListCreate.test(C9_OCCS_Network_02_IpListCreate.java:75)
... Removed 24 stack frames</pre></div><a href='#' onClick='toggleBox("stack-trace664112322", this, "Click to show all stack frames", "Click to hide stack frames")'>Click to show all stack frames</a>
<div class='stack-trace' id='stack-trace664112322'><pre>java.lang.AssertionError
	at org.junit.Assert.fail(Assert.java:86)
	at org.junit.Assert.assertTrue(Assert.java:41)
	at org.junit.Assert.assertTrue(Assert.java:52)
	at com.qa141.occs.computetabs.C9_OCCS_Network_02_IpListCreate.test(C9_OCCS_Network_02_IpListCreate.java:75)
	at sun.reflect.NativeMethodAccessorImpl.invoke0(Native Method)
	at sun.reflect.NativeMethodAccessorImpl.invoke(Unknown Source)
	at sun.reflect.DelegatingMethodAccessorImpl.invoke(Unknown Source)
	at java.lang.reflect.Method.invoke(Unknown Source)
	at org.testng.internal.MethodInvocationHelper.invokeMethod(MethodInvocationHelper.java:80)
	at org.testng.internal.Invoker.invokeMethod(Invoker.java:714)
	at org.testng.internal.Invoker.invokeTestMethod(Invoker.java:901)
	at org.testng.internal.Invoker.invokeTestMethods(Invoker.java:1231)
	at org.testng.internal.TestMethodWorker.invokeTestMethods(TestMethodWorker.java:128)
	at org.testng.internal.TestMethodWorker.run(TestMethodWorker.java:111)
	at org.testng.TestRunner.privateRun(TestRunner.java:767)
	at org.testng.TestRunner.run(TestRunner.java:617)
	at org.testng.SuiteRunner.runTest(SuiteRunner.java:334)
	at org.testng.SuiteRunner.runSequentially(SuiteRunner.java:329)
	at org.testng.SuiteRunner.privateRun(SuiteRunner.java:291)
	at org.testng.SuiteRunner.run(SuiteRunner.java:240)
	at org.testng.SuiteRunnerWorker.runSuite(SuiteRunnerWorker.java:52)
	at org.testng.SuiteRunnerWorker.run(SuiteRunnerWorker.java:86)
	at org.testng.TestNG.runSuitesSequentially(TestNG.java:1203)
	at org.testng.TestNG.runSuitesLocally(TestNG.java:1128)
	at org.testng.TestNG.run(TestNG.java:1036)
	at org.testng.remote.RemoteTestNG.run(RemoteTestNG.java:111)
	at org.testng.remote.RemoteTestNG.initAndRun(RemoteTestNG.java:204)
	at org.testng.remote.RemoteTestNG.main(RemoteTestNG.java:175)
</pre></div></td>
<td>123</td>
<td>com.qa141.occs.computetabs.C9_OCCS_Network_02_IpListCreate@351563ff</td></tr>
<tr>
<td title='com.qa141.occs.computetabs.C9_OCCS_Network_07_NetworkGroupCreate.test()'><b>test</b><br>Test class: com.qa141.occs.computetabs.C9_OCCS_Network_07_NetworkGroupCreate<br>Parameters: iexplore<br/>
<a href="#Output-705773605" onClick='toggleBox("Output-705773605", this, "Show output", "Hide output");'>Show output</a>

<a href="#Output-705773605" onClick="toggleAllBoxes();">Show all outputs</a>
<div class='log' id="Output-705773605">
<a href=C:\SAFc\tests\OPC\test-output\screenShots\02-15-2015\02-15-2015_11.03.56_com.qa141.occs.computetabs.C9_OCCS_Network_07_NetworkGroupCreate_test.png target='_blank' >02-15-2015_11.03.56_com.qa141.occs.computetabs.C9_OCCS_Network_07_NetworkGroupCreate_test.png</a><br/>
<a href=C:\SAFc\tests\OPC\test-output\screenShots\02-15-2015\02-15-2015_11.03.56_com.qa141.occs.computetabs.C9_OCCS_Network_07_NetworkGroupCreate_test.png target='_blank' >Screenshot</a><br/>
<img src="file:///C:\SAFc\tests\OPC\test-output\screenShots\02-15-2015\02-15-2015_11.03.56_com.qa141.occs.computetabs.C9_OCCS_Network_07_NetworkGroupCreate_test.png" width=500 height=300" alt=""/><br /><br/>
</div>
</td>
<td><div><pre>java.lang.AssertionError: Timed out waiting for page to load. (WARNING: The server did not provide any stacktrace information)
Command duration or timeout: 20.42 seconds
Build info: version: &apos;2.39.0&apos;, revision: &apos;ff23eac&apos;, time: &apos;2013-12-16 16:11:15&apos;
System info: host: &apos;slc05gyj&apos;, ip: &apos;10.240.125.231&apos;, os.name: &apos;Windows 7&apos;, os.arch: &apos;amd64&apos;, os.version: &apos;6.1&apos;, java.version: &apos;1.6.0_34&apos;
Session ID: 9d9036b4-47b0-493a-9a15-401d7c07c516
Driver info: org.openqa.selenium.ie.InternetExplorerDriver
Capabilities [{platform=WINDOWS, elementScrollBehavior=0, javascriptEnabled=true, enablePersistentHover=true, ignoreZoomSetting=false, browserName=internet explorer, enableElementCacheCleanup=true, unexpectedAlertBehaviour=dismiss, version=9, cssSelectorsEnabled=true, ignoreProtectedModeSettings=false, requireWindowFocus=false, allowAsynchronousJavaScript=true, initialBrowserUrl=, handlesAlerts=true, nativeEvents=true, takesScreenshot=true}]
Command duration or timeout: 20.60 seconds
Build info: version: &apos;2.39.0&apos;, revision: &apos;ff23eac&apos;, time: &apos;2013-12-16 16:11:15&apos;
System info: host: &apos;slc05gyj&apos;, ip: &apos;10.240.125.231&apos;, os.name: &apos;Windows 7&apos;, os.arch: &apos;amd64&apos;, os.version: &apos;6.1&apos;, java.version: &apos;1.6.0_34&apos;
Session ID: ff5e8ec8-1201-40d0-8ab4-b353e4dc3403
Driver info: org.openqa.selenium.remote.RemoteWebDriver
Capabilities [{platform=WINDOWS, elementScrollBehavior=0, javascriptEnabled=true, enablePersistentHover=true, ignoreZoomSetting=false, browserName=internet explorer, enableElementCacheCleanup=true, unexpectedAlertBehaviour=dismiss, webdriver.remote.sessionid=ff5e8ec8-1201-40d0-8ab4-b353e4dc3403, version=9, cssSelectorsEnabled=true, ignoreProtectedModeSettings=false, requireWindowFocus=false, allowAsynchronousJavaScript=true, initialBrowserUrl=, handlesAlerts=true, nativeEvents=true, takesScreenshot=true}]
	at org.junit.Assert.fail(Assert.java:88)
	at com.qa141.occs.computetabs.C9_OCCS_Network_07_NetworkGroupCreate.test(C9_OCCS_Network_07_NetworkGroupCreate.java:112)
... Removed 24 stack frames</pre></div><a href='#' onClick='toggleBox("stack-trace705773605", this, "Click to show all stack frames", "Click to hide stack frames")'>Click to show all stack frames</a>
<div class='stack-trace' id='stack-trace705773605'><pre>java.lang.AssertionError: Timed out waiting for page to load. (WARNING: The server did not provide any stacktrace information)
Command duration or timeout: 20.42 seconds
Build info: version: &apos;2.39.0&apos;, revision: &apos;ff23eac&apos;, time: &apos;2013-12-16 16:11:15&apos;
System info: host: &apos;slc05gyj&apos;, ip: &apos;10.240.125.231&apos;, os.name: &apos;Windows 7&apos;, os.arch: &apos;amd64&apos;, os.version: &apos;6.1&apos;, java.version: &apos;1.6.0_34&apos;
Session ID: 9d9036b4-47b0-493a-9a15-401d7c07c516
Driver info: org.openqa.selenium.ie.InternetExplorerDriver
Capabilities [{platform=WINDOWS, elementScrollBehavior=0, javascriptEnabled=true, enablePersistentHover=true, ignoreZoomSetting=false, browserName=internet explorer, enableElementCacheCleanup=true, unexpectedAlertBehaviour=dismiss, version=9, cssSelectorsEnabled=true, ignoreProtectedModeSettings=false, requireWindowFocus=false, allowAsynchronousJavaScript=true, initialBrowserUrl=, handlesAlerts=true, nativeEvents=true, takesScreenshot=true}]
Command duration or timeout: 20.60 seconds
Build info: version: &apos;2.39.0&apos;, revision: &apos;ff23eac&apos;, time: &apos;2013-12-16 16:11:15&apos;
System info: host: &apos;slc05gyj&apos;, ip: &apos;10.240.125.231&apos;, os.name: &apos;Windows 7&apos;, os.arch: &apos;amd64&apos;, os.version: &apos;6.1&apos;, java.version: &apos;1.6.0_34&apos;
Session ID: ff5e8ec8-1201-40d0-8ab4-b353e4dc3403
Driver info: org.openqa.selenium.remote.RemoteWebDriver
Capabilities [{platform=WINDOWS, elementScrollBehavior=0, javascriptEnabled=true, enablePersistentHover=true, ignoreZoomSetting=false, browserName=internet explorer, enableElementCacheCleanup=true, unexpectedAlertBehaviour=dismiss, webdriver.remote.sessionid=ff5e8ec8-1201-40d0-8ab4-b353e4dc3403, version=9, cssSelectorsEnabled=true, ignoreProtectedModeSettings=false, requireWindowFocus=false, allowAsynchronousJavaScript=true, initialBrowserUrl=, handlesAlerts=true, nativeEvents=true, takesScreenshot=true}]
	at org.junit.Assert.fail(Assert.java:88)
	at com.qa141.occs.computetabs.C9_OCCS_Network_07_NetworkGroupCreate.test(C9_OCCS_Network_07_NetworkGroupCreate.java:112)
	at sun.reflect.NativeMethodAccessorImpl.invoke0(Native Method)
	at sun.reflect.NativeMethodAccessorImpl.invoke(Unknown Source)
	at sun.reflect.DelegatingMethodAccessorImpl.invoke(Unknown Source)
	at java.lang.reflect.Method.invoke(Unknown Source)
	at org.testng.internal.MethodInvocationHelper.invokeMethod(MethodInvocationHelper.java:80)
	at org.testng.internal.Invoker.invokeMethod(Invoker.java:714)
	at org.testng.internal.Invoker.invokeTestMethod(Invoker.java:901)
	at org.testng.internal.Invoker.invokeTestMethods(Invoker.java:1231)
	at org.testng.internal.TestMethodWorker.invokeTestMethods(TestMethodWorker.java:128)
	at org.testng.internal.TestMethodWorker.run(TestMethodWorker.java:111)
	at org.testng.TestRunner.privateRun(TestRunner.java:767)
	at org.testng.TestRunner.run(TestRunner.java:617)
	at org.testng.SuiteRunner.runTest(SuiteRunner.java:334)
	at org.testng.SuiteRunner.runSequentially(SuiteRunner.java:329)
	at org.testng.SuiteRunner.privateRun(SuiteRunner.java:291)
	at org.testng.SuiteRunner.run(SuiteRunner.java:240)
	at org.testng.SuiteRunnerWorker.runSuite(SuiteRunnerWorker.java:52)
	at org.testng.SuiteRunnerWorker.run(SuiteRunnerWorker.java:86)
	at org.testng.TestNG.runSuitesSequentially(TestNG.java:1203)
	at org.testng.TestNG.runSuitesLocally(TestNG.java:1128)
	at org.testng.TestNG.run(TestNG.java:1036)
	at org.testng.remote.RemoteTestNG.run(RemoteTestNG.java:111)
	at org.testng.remote.RemoteTestNG.initAndRun(RemoteTestNG.java:204)
	at org.testng.remote.RemoteTestNG.main(RemoteTestNG.java:175)
</pre></div></td>
<td>98</td>
<td>com.qa141.occs.computetabs.C9_OCCS_Network_07_NetworkGroupCreate@9a082e2</td></tr>
<tr>
<td title='com.qa141.occs.computetabs.C9_OCCS_Network_11_PublicIps.test()'><b>test</b><br>Test class: com.qa141.occs.computetabs.C9_OCCS_Network_11_PublicIps<br>Parameters: iexplore<br/>
<a href="#Output-673532189" onClick='toggleBox("Output-673532189", this, "Show output", "Hide output");'>Show output</a>

<a href="#Output-673532189" onClick="toggleAllBoxes();">Show all outputs</a>
<div class='log' id="Output-673532189">
<a href=C:\SAFc\tests\OPC\test-output\screenShots\02-15-2015\02-15-2015_11.16.50_com.qa141.occs.computetabs.C9_OCCS_Network_11_PublicIps_test.png target='_blank' >02-15-2015_11.16.50_com.qa141.occs.computetabs.C9_OCCS_Network_11_PublicIps_test.png</a><br/>
<a href=C:\SAFc\tests\OPC\test-output\screenShots\02-15-2015\02-15-2015_11.16.50_com.qa141.occs.computetabs.C9_OCCS_Network_11_PublicIps_test.png target='_blank' >Screenshot</a><br/>
<img src="file:///C:\SAFc\tests\OPC\test-output\screenShots\02-15-2015\02-15-2015_11.16.50_com.qa141.occs.computetabs.C9_OCCS_Network_11_PublicIps_test.png" width=500 height=300" alt=""/><br /><br/>
</div>
</td>
<td><div><pre>java.lang.AssertionError: Unable to find element with xpath == .//*[@id=&apos;pt1:sections:h2-pg2-L1&apos;]/span[1] (WARNING: The server did not provide any stacktrace information)
Command duration or timeout: 20.21 seconds
For documentation on this error, please visit: http://seleniumhq.org/exceptions/no_such_element.html
Build info: version: &apos;2.39.0&apos;, revision: &apos;ff23eac&apos;, time: &apos;2013-12-16 16:11:15&apos;
System info: host: &apos;slc05gyj&apos;, ip: &apos;10.240.125.231&apos;, os.name: &apos;Windows 7&apos;, os.arch: &apos;amd64&apos;, os.version: &apos;6.1&apos;, java.version: &apos;1.6.0_34&apos;
Session ID: 98a7f4a9-6064-4d68-95b0-427c8b21372e
Driver info: org.openqa.selenium.ie.InternetExplorerDriver
Capabilities [{platform=WINDOWS, elementScrollBehavior=0, javascriptEnabled=true, enablePersistentHover=true, ignoreZoomSetting=false, browserName=internet explorer, enableElementCacheCleanup=true, unexpectedAlertBehaviour=dismiss, version=9, cssSelectorsEnabled=true, ignoreProtectedModeSettings=false, requireWindowFocus=false, allowAsynchronousJavaScript=true, initialBrowserUrl=, handlesAlerts=true, nativeEvents=true, takesScreenshot=true}]
Command duration or timeout: 20.50 seconds
For documentation on this error, please visit: http://seleniumhq.org/exceptions/no_such_element.html
Build info: version: &apos;2.39.0&apos;, revision: &apos;ff23eac&apos;, time: &apos;2013-12-16 16:11:15&apos;
System info: host: &apos;slc05gyj&apos;, ip: &apos;10.240.125.231&apos;, os.name: &apos;Windows 7&apos;, os.arch: &apos;amd64&apos;, os.version: &apos;6.1&apos;, java.version: &apos;1.6.0_34&apos;
Session ID: c915231a-a230-4574-9dbe-2fd9ace42703
Driver info: org.openqa.selenium.remote.RemoteWebDriver
Capabilities [{platform=WINDOWS, elementScrollBehavior=0, javascriptEnabled=true, enablePersistentHover=true, ignoreZoomSetting=false, browserName=internet explorer, enableElementCacheCleanup=true, unexpectedAlertBehaviour=dismiss, webdriver.remote.sessionid=c915231a-a230-4574-9dbe-2fd9ace42703, version=9, cssSelectorsEnabled=true, ignoreProtectedModeSettings=false, requireWindowFocus=false, allowAsynchronousJavaScript=true, initialBrowserUrl=, handlesAlerts=true, nativeEvents=true, takesScreenshot=true}]
	at org.junit.Assert.fail(Assert.java:88)
	at com.qa141.occs.computetabs.C9_OCCS_Network_11_PublicIps.test(C9_OCCS_Network_11_PublicIps.java:69)
... Removed 24 stack frames</pre></div><a href='#' onClick='toggleBox("stack-trace673532189", this, "Click to show all stack frames", "Click to hide stack frames")'>Click to show all stack frames</a>
<div class='stack-trace' id='stack-trace673532189'><pre>java.lang.AssertionError: Unable to find element with xpath == .//*[@id=&apos;pt1:sections:h2-pg2-L1&apos;]/span[1] (WARNING: The server did not provide any stacktrace information)
Command duration or timeout: 20.21 seconds
For documentation on this error, please visit: http://seleniumhq.org/exceptions/no_such_element.html
Build info: version: &apos;2.39.0&apos;, revision: &apos;ff23eac&apos;, time: &apos;2013-12-16 16:11:15&apos;
System info: host: &apos;slc05gyj&apos;, ip: &apos;10.240.125.231&apos;, os.name: &apos;Windows 7&apos;, os.arch: &apos;amd64&apos;, os.version: &apos;6.1&apos;, java.version: &apos;1.6.0_34&apos;
Session ID: 98a7f4a9-6064-4d68-95b0-427c8b21372e
Driver info: org.openqa.selenium.ie.InternetExplorerDriver
Capabilities [{platform=WINDOWS, elementScrollBehavior=0, javascriptEnabled=true, enablePersistentHover=true, ignoreZoomSetting=false, browserName=internet explorer, enableElementCacheCleanup=true, unexpectedAlertBehaviour=dismiss, version=9, cssSelectorsEnabled=true, ignoreProtectedModeSettings=false, requireWindowFocus=false, allowAsynchronousJavaScript=true, initialBrowserUrl=, handlesAlerts=true, nativeEvents=true, takesScreenshot=true}]
Command duration or timeout: 20.50 seconds
For documentation on this error, please visit: http://seleniumhq.org/exceptions/no_such_element.html
Build info: version: &apos;2.39.0&apos;, revision: &apos;ff23eac&apos;, time: &apos;2013-12-16 16:11:15&apos;
System info: host: &apos;slc05gyj&apos;, ip: &apos;10.240.125.231&apos;, os.name: &apos;Windows 7&apos;, os.arch: &apos;amd64&apos;, os.version: &apos;6.1&apos;, java.version: &apos;1.6.0_34&apos;
Session ID: c915231a-a230-4574-9dbe-2fd9ace42703
Driver info: org.openqa.selenium.remote.RemoteWebDriver
Capabilities [{platform=WINDOWS, elementScrollBehavior=0, javascriptEnabled=true, enablePersistentHover=true, ignoreZoomSetting=false, browserName=internet explorer, enableElementCacheCleanup=true, unexpectedAlertBehaviour=dismiss, webdriver.remote.sessionid=c915231a-a230-4574-9dbe-2fd9ace42703, version=9, cssSelectorsEnabled=true, ignoreProtectedModeSettings=false, requireWindowFocus=false, allowAsynchronousJavaScript=true, initialBrowserUrl=, handlesAlerts=true, nativeEvents=true, takesScreenshot=true}]
	at org.junit.Assert.fail(Assert.java:88)
	at com.qa141.occs.computetabs.C9_OCCS_Network_11_PublicIps.test(C9_OCCS_Network_11_PublicIps.java:69)
	at sun.reflect.NativeMethodAccessorImpl.invoke0(Native Method)
	at sun.reflect.NativeMethodAccessorImpl.invoke(Unknown Source)
	at sun.reflect.DelegatingMethodAccessorImpl.invoke(Unknown Source)
	at java.lang.reflect.Method.invoke(Unknown Source)
	at org.testng.internal.MethodInvocationHelper.invokeMethod(MethodInvocationHelper.java:80)
	at org.testng.internal.Invoker.invokeMethod(Invoker.java:714)
	at org.testng.internal.Invoker.invokeTestMethod(Invoker.java:901)
	at org.testng.internal.Invoker.invokeTestMethods(Invoker.java:1231)
	at org.testng.internal.TestMethodWorker.invokeTestMethods(TestMethodWorker.java:128)
	at org.testng.internal.TestMethodWorker.run(TestMethodWorker.java:111)
	at org.testng.TestRunner.privateRun(TestRunner.java:767)
	at org.testng.TestRunner.run(TestRunner.java:617)
	at org.testng.SuiteRunner.runTest(SuiteRunner.java:334)
	at org.testng.SuiteRunner.runSequentially(SuiteRunner.java:329)
	at org.testng.SuiteRunner.privateRun(SuiteRunner.java:291)
	at org.testng.SuiteRunner.run(SuiteRunner.java:240)
	at org.testng.SuiteRunnerWorker.runSuite(SuiteRunnerWorker.java:52)
	at org.testng.SuiteRunnerWorker.run(SuiteRunnerWorker.java:86)
	at org.testng.TestNG.runSuitesSequentially(TestNG.java:1203)
	at org.testng.TestNG.runSuitesLocally(TestNG.java:1128)
	at org.testng.TestNG.run(TestNG.java:1036)
	at org.testng.remote.RemoteTestNG.run(RemoteTestNG.java:111)
	at org.testng.remote.RemoteTestNG.initAndRun(RemoteTestNG.java:204)
	at org.testng.remote.RemoteTestNG.main(RemoteTestNG.java:175)
</pre></div></td>
<td>90</td>
<td>com.qa141.occs.computetabs.C9_OCCS_Network_11_PublicIps@75e845c2</td></tr>
<tr>
<td title='com.qa141.occs.computetabs.C9_OCCS_Network_12_PublicIpsCreate.test()'><b>test</b><br>Test class: com.qa141.occs.computetabs.C9_OCCS_Network_12_PublicIpsCreate<br>Parameters: iexplore<br/>
<a href="#Output-451237309" onClick='toggleBox("Output-451237309", this, "Show output", "Hide output");'>Show output</a>

<a href="#Output-451237309" onClick="toggleAllBoxes();">Show all outputs</a>
<div class='log' id="Output-451237309">
<a href=C:\SAFc\tests\OPC\test-output\screenShots\02-15-2015\02-15-2015_11.19.09_com.qa141.occs.computetabs.C9_OCCS_Network_12_PublicIpsCreate_test.png target='_blank' >02-15-2015_11.19.09_com.qa141.occs.computetabs.C9_OCCS_Network_12_PublicIpsCreate_test.png</a><br/>
<a href=C:\SAFc\tests\OPC\test-output\screenShots\02-15-2015\02-15-2015_11.19.09_com.qa141.occs.computetabs.C9_OCCS_Network_12_PublicIpsCreate_test.png target='_blank' >Screenshot</a><br/>
<img src="file:///C:\SAFc\tests\OPC\test-output\screenShots\02-15-2015\02-15-2015_11.19.09_com.qa141.occs.computetabs.C9_OCCS_Network_12_PublicIpsCreate_test.png" width=500 height=300" alt=""/><br /><br/>
</div>
</td>
<td><div><pre>java.lang.AssertionError: Unable to find element with id == pt1:sections:ot14 (WARNING: The server did not provide any stacktrace information)
Command duration or timeout: 21.40 seconds
For documentation on this error, please visit: http://seleniumhq.org/exceptions/no_such_element.html
Build info: version: &apos;2.39.0&apos;, revision: &apos;ff23eac&apos;, time: &apos;2013-12-16 16:11:15&apos;
System info: host: &apos;slc05gyj&apos;, ip: &apos;10.240.125.231&apos;, os.name: &apos;Windows 7&apos;, os.arch: &apos;amd64&apos;, os.version: &apos;6.1&apos;, java.version: &apos;1.6.0_34&apos;
Session ID: 1993e6f4-4a25-43c5-8b41-631cf3192725
Driver info: org.openqa.selenium.ie.InternetExplorerDriver
Capabilities [{platform=WINDOWS, elementScrollBehavior=0, javascriptEnabled=true, enablePersistentHover=true, ignoreZoomSetting=false, browserName=internet explorer, enableElementCacheCleanup=true, unexpectedAlertBehaviour=dismiss, version=9, cssSelectorsEnabled=true, ignoreProtectedModeSettings=false, requireWindowFocus=false, allowAsynchronousJavaScript=true, initialBrowserUrl=, handlesAlerts=true, nativeEvents=true, takesScreenshot=true}]
Command duration or timeout: 21.76 seconds
For documentation on this error, please visit: http://seleniumhq.org/exceptions/no_such_element.html
Build info: version: &apos;2.39.0&apos;, revision: &apos;ff23eac&apos;, time: &apos;2013-12-16 16:11:15&apos;
System info: host: &apos;slc05gyj&apos;, ip: &apos;10.240.125.231&apos;, os.name: &apos;Windows 7&apos;, os.arch: &apos;amd64&apos;, os.version: &apos;6.1&apos;, java.version: &apos;1.6.0_34&apos;
Session ID: 22e87966-ebc1-4649-9f28-72bac1873e2d
Driver info: org.openqa.selenium.remote.RemoteWebDriver
Capabilities [{platform=WINDOWS, elementScrollBehavior=0, javascriptEnabled=true, enablePersistentHover=true, ignoreZoomSetting=false, browserName=internet explorer, enableElementCacheCleanup=true, unexpectedAlertBehaviour=dismiss, webdriver.remote.sessionid=22e87966-ebc1-4649-9f28-72bac1873e2d, version=9, cssSelectorsEnabled=true, ignoreProtectedModeSettings=false, requireWindowFocus=false, allowAsynchronousJavaScript=true, initialBrowserUrl=, handlesAlerts=true, nativeEvents=true, takesScreenshot=true}]
	at org.junit.Assert.fail(Assert.java:88)
	at com.qa141.occs.computetabs.C9_OCCS_Network_12_PublicIpsCreate.test(C9_OCCS_Network_12_PublicIpsCreate.java:109)
... Removed 24 stack frames</pre></div><a href='#' onClick='toggleBox("stack-trace451237309", this, "Click to show all stack frames", "Click to hide stack frames")'>Click to show all stack frames</a>
<div class='stack-trace' id='stack-trace451237309'><pre>java.lang.AssertionError: Unable to find element with id == pt1:sections:ot14 (WARNING: The server did not provide any stacktrace information)
Command duration or timeout: 21.40 seconds
For documentation on this error, please visit: http://seleniumhq.org/exceptions/no_such_element.html
Build info: version: &apos;2.39.0&apos;, revision: &apos;ff23eac&apos;, time: &apos;2013-12-16 16:11:15&apos;
System info: host: &apos;slc05gyj&apos;, ip: &apos;10.240.125.231&apos;, os.name: &apos;Windows 7&apos;, os.arch: &apos;amd64&apos;, os.version: &apos;6.1&apos;, java.version: &apos;1.6.0_34&apos;
Session ID: 1993e6f4-4a25-43c5-8b41-631cf3192725
Driver info: org.openqa.selenium.ie.InternetExplorerDriver
Capabilities [{platform=WINDOWS, elementScrollBehavior=0, javascriptEnabled=true, enablePersistentHover=true, ignoreZoomSetting=false, browserName=internet explorer, enableElementCacheCleanup=true, unexpectedAlertBehaviour=dismiss, version=9, cssSelectorsEnabled=true, ignoreProtectedModeSettings=false, requireWindowFocus=false, allowAsynchronousJavaScript=true, initialBrowserUrl=, handlesAlerts=true, nativeEvents=true, takesScreenshot=true}]
Command duration or timeout: 21.76 seconds
For documentation on this error, please visit: http://seleniumhq.org/exceptions/no_such_element.html
Build info: version: &apos;2.39.0&apos;, revision: &apos;ff23eac&apos;, time: &apos;2013-12-16 16:11:15&apos;
System info: host: &apos;slc05gyj&apos;, ip: &apos;10.240.125.231&apos;, os.name: &apos;Windows 7&apos;, os.arch: &apos;amd64&apos;, os.version: &apos;6.1&apos;, java.version: &apos;1.6.0_34&apos;
Session ID: 22e87966-ebc1-4649-9f28-72bac1873e2d
Driver info: org.openqa.selenium.remote.RemoteWebDriver
Capabilities [{platform=WINDOWS, elementScrollBehavior=0, javascriptEnabled=true, enablePersistentHover=true, ignoreZoomSetting=false, browserName=internet explorer, enableElementCacheCleanup=true, unexpectedAlertBehaviour=dismiss, webdriver.remote.sessionid=22e87966-ebc1-4649-9f28-72bac1873e2d, version=9, cssSelectorsEnabled=true, ignoreProtectedModeSettings=false, requireWindowFocus=false, allowAsynchronousJavaScript=true, initialBrowserUrl=, handlesAlerts=true, nativeEvents=true, takesScreenshot=true}]
	at org.junit.Assert.fail(Assert.java:88)
	at com.qa141.occs.computetabs.C9_OCCS_Network_12_PublicIpsCreate.test(C9_OCCS_Network_12_PublicIpsCreate.java:109)
	at sun.reflect.NativeMethodAccessorImpl.invoke0(Native Method)
	at sun.reflect.NativeMethodAccessorImpl.invoke(Unknown Source)
	at sun.reflect.DelegatingMethodAccessorImpl.invoke(Unknown Source)
	at java.lang.reflect.Method.invoke(Unknown Source)
	at org.testng.internal.MethodInvocationHelper.invokeMethod(MethodInvocationHelper.java:80)
	at org.testng.internal.Invoker.invokeMethod(Invoker.java:714)
	at org.testng.internal.Invoker.invokeTestMethod(Invoker.java:901)
	at org.testng.internal.Invoker.invokeTestMethods(Invoker.java:1231)
	at org.testng.internal.TestMethodWorker.invokeTestMethods(TestMethodWorker.java:128)
	at org.testng.internal.TestMethodWorker.run(TestMethodWorker.java:111)
	at org.testng.TestRunner.privateRun(TestRunner.java:767)
	at org.testng.TestRunner.run(TestRunner.java:617)
	at org.testng.SuiteRunner.runTest(SuiteRunner.java:334)
	at org.testng.SuiteRunner.runSequentially(SuiteRunner.java:329)
	at org.testng.SuiteRunner.privateRun(SuiteRunner.java:291)
	at org.testng.SuiteRunner.run(SuiteRunner.java:240)
	at org.testng.SuiteRunnerWorker.runSuite(SuiteRunnerWorker.java:52)
	at org.testng.SuiteRunnerWorker.run(SuiteRunnerWorker.java:86)
	at org.testng.TestNG.runSuitesSequentially(TestNG.java:1203)
	at org.testng.TestNG.runSuitesLocally(TestNG.java:1128)
	at org.testng.TestNG.run(TestNG.java:1036)
	at org.testng.remote.RemoteTestNG.run(RemoteTestNG.java:111)
	at org.testng.remote.RemoteTestNG.initAndRun(RemoteTestNG.java:204)
	at org.testng.remote.RemoteTestNG.main(RemoteTestNG.java:175)
</pre></div></td>
<td>131</td>
<td>com.qa141.occs.computetabs.C9_OCCS_Network_12_PublicIpsCreate@647109c4</td></tr>
</table><p>
<table width='100%' border='1' class='invocation-passed'>
<tr><td colspan='4' align='center'><b>PASSED TESTS</b></td></tr>
<tr><td><b>Test method</b></td>
<td width="30%"><b>Exception</b></td>
<td width="10%"><b>Time (seconds)</b></td>
<td><b>Instance</b></td>
</tr>
<tr>
<td title='com.qa141.occs.computetabs.C9_OCCS_Network_03_IpListSearch.test()'><b>test</b><br>Test class: com.qa141.occs.computetabs.C9_OCCS_Network_03_IpListSearch<br>Parameters: iexplore</td>
<td></td>
<td>197</td>
<td>com.qa141.occs.computetabs.C9_OCCS_Network_03_IpListSearch@ac44b88</td></tr>
<tr>
<td title='com.qa141.occs.computetabs.C9_OCCS_Network_04_IpListUpdate.test()'><b>test</b><br>Test class: com.qa141.occs.computetabs.C9_OCCS_Network_04_IpListUpdate<br>Parameters: iexplore</td>
<td></td>
<td>167</td>
<td>com.qa141.occs.computetabs.C9_OCCS_Network_04_IpListUpdate@5d61dfb5</td></tr>
<tr>
<td title='com.qa141.occs.computetabs.C9_OCCS_Network_05_IpListDelete.test()'><b>test</b><br>Test class: com.qa141.occs.computetabs.C9_OCCS_Network_05_IpListDelete<br>Parameters: iexplore</td>
<td></td>
<td>205</td>
<td>com.qa141.occs.computetabs.C9_OCCS_Network_05_IpListDelete@39385660</td></tr>
<tr>
<td title='com.qa141.occs.computetabs.C9_OCCS_Network_06_NetworkGroup.test()'><b>test</b><br>Test class: com.qa141.occs.computetabs.C9_OCCS_Network_06_NetworkGroup<br>Parameters: iexplore</td>
<td></td>
<td>133</td>
<td>com.qa141.occs.computetabs.C9_OCCS_Network_06_NetworkGroup@8f0c85e</td></tr>
<tr>
<td title='com.qa141.occs.computetabs.C9_OCCS_Network_08_NetworkGroupSearch.test()'><b>test</b><br>Test class: com.qa141.occs.computetabs.C9_OCCS_Network_08_NetworkGroupSearch<br>Parameters: iexplore</td>
<td></td>
<td>225</td>
<td>com.qa141.occs.computetabs.C9_OCCS_Network_08_NetworkGroupSearch@220ca470</td></tr>
<tr>
<td title='com.qa141.occs.computetabs.C9_OCCS_Network_09_NetworkGroupUpdate.test()'><b>test</b><br>Test class: com.qa141.occs.computetabs.C9_OCCS_Network_09_NetworkGroupUpdate<br>Parameters: iexplore</td>
<td></td>
<td>252</td>
<td>com.qa141.occs.computetabs.C9_OCCS_Network_09_NetworkGroupUpdate@21aed5f9</td></tr>
<tr>
<td title='com.qa141.occs.computetabs.C9_OCCS_Network_10_NetworkGroupDelete.test()'><b>test</b><br>Test class: com.qa141.occs.computetabs.C9_OCCS_Network_10_NetworkGroupDelete<br>Parameters: iexplore</td>
<td></td>
<td>199</td>
<td>com.qa141.occs.computetabs.C9_OCCS_Network_10_NetworkGroupDelete@57d2fc36</td></tr>
<tr>
<td title='com.qa141.occs.computetabs.C9_OCCS_Network_13_PublicIpsSearch.test()'><b>test</b><br>Test class: com.qa141.occs.computetabs.C9_OCCS_Network_13_PublicIpsSearch<br>Parameters: iexplore</td>
<td></td>
<td>290</td>
<td>com.qa141.occs.computetabs.C9_OCCS_Network_13_PublicIpsSearch@77f297e7</td></tr>
<tr>
<td title='com.qa141.occs.computetabs.C9_OCCS_Network_14_PublicIpsShowFilter.test()'><b>test</b><br>Test class: com.qa141.occs.computetabs.C9_OCCS_Network_14_PublicIpsShowFilter<br>Parameters: iexplore</td>
<td></td>
<td>229</td>
<td>com.qa141.occs.computetabs.C9_OCCS_Network_14_PublicIpsShowFilter@5cac6a45</td></tr>
<tr>
<td title='com.qa141.occs.computetabs.C9_OCCS_Network_15_PublicIpsUpdate.test()'><b>test</b><br>Test class: com.qa141.occs.computetabs.C9_OCCS_Network_15_PublicIpsUpdate<br>Parameters: iexplore</td>
<td></td>
<td>241</td>
<td>com.qa141.occs.computetabs.C9_OCCS_Network_15_PublicIpsUpdate@3dbbd23f</td></tr>
<tr>
<td title='com.qa141.occs.computetabs.C9_OCCS_Network_16_PublicIpsDelete.test()'><b>test</b><br>Test class: com.qa141.occs.computetabs.C9_OCCS_Network_16_PublicIpsDelete<br>Parameters: iexplore</td>
<td></td>
<td>244</td>
<td>com.qa141.occs.computetabs.C9_OCCS_Network_16_PublicIpsDelete@6bffc686</td></tr>
</table><p>
</body>
</html>