<html>
<head>
<title>TestNG:  DB</title>
<link href="../testng.css" rel="stylesheet" type="text/css" />
<link href="../my-testng.css" rel="stylesheet" type="text/css" />

<style type="text/css">
.log { display: none;} 
.stack-trace { display: none;} 
</style>
<script type="text/javascript">
<!--
function flip(e) {
  current = e.style.display;
  if (current == 'block') {
    e.style.display = 'none';
    return 0;
  }
  else {
    e.style.display = 'block';
    return 1;
  }
}

function toggleBox(szDivId, elem, msg1, msg2)
{
  var res = -1;  if (document.getElementById) {
    res = flip(document.getElementById(szDivId));
  }
  else if (document.all) {
    // this is the way old msie versions work
    res = flip(document.all[szDivId]);
  }
  if(elem) {
    if(res == 0) elem.innerHTML = msg1; else elem.innerHTML = msg2;
  }

}

function toggleAllBoxes() {
  if (document.getElementsByTagName) {
    d = document.getElementsByTagName('div');
    for (i = 0; i < d.length; i++) {
      if (d[i].className == 'log') {
        flip(d[i]);
      }
    }
  }
}

// -->
</script>

</head>
<body>
<h2 align='center'>DB</h2><table border='1' align="center">
<tr>
<td>Tests passed/Failed/Skipped:</td><td>5/8/0</td>
</tr><tr>
<td>Started on:</td><td>Wed Mar 15 02:16:33 MDT 2017</td>
</tr>
<tr><td>Total time:</td><td>2515 seconds (2515595 ms)</td>
</tr><tr>
<td>Included groups:</td><td></td>
</tr><tr>
<td>Excluded groups:</td><td></td>
</tr>
</table><p/>
<small><i>(Hover the method name to see the test class name)</i></small><p/>
<table width='100%' border='1' class='invocation-failed'>
<tr><td colspan='4' align='center'><b>FAILED TESTS</b></td></tr>
<tr><td><b>Test method</b></td>
<td width="30%"><b>Exception</b></td>
<td width="10%"><b>Time (seconds)</b></td>
<td><b>Instance</b></td>
</tr>
<tr>
<td title='com.qa141.db.C9_DB_09_DBService_link_Test.test()'><b>test</b><br>Test class: com.qa141.db.C9_DB_09_DBService_link_Test<br>Parameters: firefox<br/>
<a href="#Output-596706728" onClick='toggleBox("Output-596706728", this, "Show output", "Hide output");'>Show output</a>

<a href="#Output-596706728" onClick="toggleAllBoxes();">Show all outputs</a>
<div class='log' id="Output-596706728">
<a href=C:\SAFc\tests\OPC\test-output\screenShots\03-15-2017\03-15-2017_02.29.07_com.qa141.db.C9_DB_09_DBService_link_Test_test.png target='_blank' >03-15-2017_02.29.07_com.qa141.db.C9_DB_09_DBService_link_Test_test.png</a><br/>
<a href=C:\SAFc\tests\OPC\test-output\screenShots\03-15-2017\03-15-2017_02.29.07_com.qa141.db.C9_DB_09_DBService_link_Test_test.png target='_blank' >Screenshot</a><br/>
<img src="file:///C:\SAFc\tests\OPC\test-output\screenShots\03-15-2017\03-15-2017_02.29.07_com.qa141.db.C9_DB_09_DBService_link_Test_test.png" width=500 height=300" alt=""/><br /><br/>
</div>
</td>
<td><div><pre>java.lang.AssertionError: Unable to locate element: {&quot;method&quot;:&quot;xpath&quot;,&quot;selector&quot;:&quot;.//*[@id=&apos;pt1:sections:env-lf-btn&apos;]&quot;}
Command duration or timeout: 30.06 seconds
For documentation on this error, please visit: http://seleniumhq.org/exceptions/no_such_element.html
Build info: version: &apos;2.39.0&apos;, revision: &apos;ff23eac&apos;, time: &apos;2013-12-16 16:11:15&apos;
System info: host: &apos;slc05wcd&apos;, ip: &apos;10.249.129.123&apos;, os.name: &apos;Windows 7&apos;, os.arch: &apos;amd64&apos;, os.version: &apos;6.1&apos;, java.version: &apos;1.8.0_121&apos;
Driver info: org.openqa.selenium.firefox.FirefoxDriver
Capabilities [{applicationCacheEnabled=true, rotatable=false, handlesAlerts=true, databaseEnabled=true, version=31.2.0, platform=XP, nativeEvents=false, acceptSslCerts=true, webStorageEnabled=true, locationContextEnabled=true, browserName=firefox, takesScreenshot=true, javascriptEnabled=true, cssSelectorsEnabled=true}]
Session ID: ea179f0d-db5d-427e-806b-665c7134135d
	at com.qa141.db.C9_DB_09_DBService_link_Test.test(C9_DB_09_DBService_link_Test.java:94)
... Removed 26 stack frames</pre></div><a href='#' onClick='toggleBox("stack-trace596706728", this, "Click to show all stack frames", "Click to hide stack frames")'>Click to show all stack frames</a>
<div class='stack-trace' id='stack-trace596706728'><pre>java.lang.AssertionError: Unable to locate element: {&quot;method&quot;:&quot;xpath&quot;,&quot;selector&quot;:&quot;.//*[@id=&apos;pt1:sections:env-lf-btn&apos;]&quot;}
Command duration or timeout: 30.06 seconds
For documentation on this error, please visit: http://seleniumhq.org/exceptions/no_such_element.html
Build info: version: &apos;2.39.0&apos;, revision: &apos;ff23eac&apos;, time: &apos;2013-12-16 16:11:15&apos;
System info: host: &apos;slc05wcd&apos;, ip: &apos;10.249.129.123&apos;, os.name: &apos;Windows 7&apos;, os.arch: &apos;amd64&apos;, os.version: &apos;6.1&apos;, java.version: &apos;1.8.0_121&apos;
Driver info: org.openqa.selenium.firefox.FirefoxDriver
Capabilities [{applicationCacheEnabled=true, rotatable=false, handlesAlerts=true, databaseEnabled=true, version=31.2.0, platform=XP, nativeEvents=false, acceptSslCerts=true, webStorageEnabled=true, locationContextEnabled=true, browserName=firefox, takesScreenshot=true, javascriptEnabled=true, cssSelectorsEnabled=true}]
Session ID: ea179f0d-db5d-427e-806b-665c7134135d
	at org.testng.Assert.fail(Assert.java:94)
	at com.qa141.db.C9_DB_09_DBService_link_Test.test(C9_DB_09_DBService_link_Test.java:94)
	at sun.reflect.NativeMethodAccessorImpl.invoke0(Native Method)
	at sun.reflect.NativeMethodAccessorImpl.invoke(Unknown Source)
	at sun.reflect.DelegatingMethodAccessorImpl.invoke(Unknown Source)
	at java.lang.reflect.Method.invoke(Unknown Source)
	at org.testng.internal.MethodInvocationHelper.invokeMethod(MethodInvocationHelper.java:104)
	at org.testng.internal.Invoker.invokeMethod(Invoker.java:645)
	at org.testng.internal.Invoker.invokeTestMethod(Invoker.java:851)
	at org.testng.internal.Invoker.invokeTestMethods(Invoker.java:1177)
	at org.testng.internal.TestMethodWorker.invokeTestMethods(TestMethodWorker.java:129)
	at org.testng.internal.TestMethodWorker.run(TestMethodWorker.java:112)
	at org.testng.TestRunner.privateRun(TestRunner.java:756)
	at org.testng.TestRunner.run(TestRunner.java:610)
	at org.testng.SuiteRunner.runTest(SuiteRunner.java:387)
	at org.testng.SuiteRunner.runSequentially(SuiteRunner.java:382)
	at org.testng.SuiteRunner.privateRun(SuiteRunner.java:340)
	at org.testng.SuiteRunner.run(SuiteRunner.java:289)
	at org.testng.SuiteRunnerWorker.runSuite(SuiteRunnerWorker.java:52)
	at org.testng.SuiteRunnerWorker.run(SuiteRunnerWorker.java:86)
	at org.testng.TestNG.runSuitesSequentially(TestNG.java:1293)
	at org.testng.TestNG.runSuitesLocally(TestNG.java:1218)
	at org.testng.TestNG.runSuites(TestNG.java:1133)
	at org.testng.TestNG.run(TestNG.java:1104)
	at org.testng.remote.AbstractRemoteTestNG.run(AbstractRemoteTestNG.java:132)
	at org.testng.remote.RemoteTestNG.initAndRun(RemoteTestNG.java:236)
	at org.testng.remote.RemoteTestNG.main(RemoteTestNG.java:81)
</pre></div></td>
<td>188</td>
<td>com.qa141.db.C9_DB_09_DBService_link_Test@4cc0edeb</td></tr>
<tr>
<td title='com.qa141.db.C9_DB_11_DatabaseFieldValidation_Test.test()'><b>test</b><br>Test class: com.qa141.db.C9_DB_11_DatabaseFieldValidation_Test<br>Parameters: firefox<br/>
<a href="#Output-541285440" onClick='toggleBox("Output-541285440", this, "Show output", "Hide output");'>Show output</a>

<a href="#Output-541285440" onClick="toggleAllBoxes();">Show all outputs</a>
<div class='log' id="Output-541285440">
<a href=C:\SAFc\tests\OPC\test-output\screenShots\03-15-2017\03-15-2017_02.35.42_com.qa141.db.C9_DB_11_DatabaseFieldValidation_Test_test.png target='_blank' >03-15-2017_02.35.42_com.qa141.db.C9_DB_11_DatabaseFieldValidation_Test_test.png</a><br/>
<a href=C:\SAFc\tests\OPC\test-output\screenShots\03-15-2017\03-15-2017_02.35.42_com.qa141.db.C9_DB_11_DatabaseFieldValidation_Test_test.png target='_blank' >Screenshot</a><br/>
<img src="file:///C:\SAFc\tests\OPC\test-output\screenShots\03-15-2017\03-15-2017_02.35.42_com.qa141.db.C9_DB_11_DatabaseFieldValidation_Test_test.png" width=500 height=300" alt=""/><br /><br/>
</div>
</td>
<td><div><pre>java.lang.AssertionError: Unable to locate element: {&quot;method&quot;:&quot;xpath&quot;,&quot;selector&quot;:&quot;.//*[@id=&apos;pt1:sections:env-lf-btn&apos;]&quot;}
Command duration or timeout: 30.06 seconds
For documentation on this error, please visit: http://seleniumhq.org/exceptions/no_such_element.html
Build info: version: &apos;2.39.0&apos;, revision: &apos;ff23eac&apos;, time: &apos;2013-12-16 16:11:15&apos;
System info: host: &apos;slc05wcd&apos;, ip: &apos;10.249.129.123&apos;, os.name: &apos;Windows 7&apos;, os.arch: &apos;amd64&apos;, os.version: &apos;6.1&apos;, java.version: &apos;1.8.0_121&apos;
Driver info: org.openqa.selenium.firefox.FirefoxDriver
Capabilities [{applicationCacheEnabled=true, rotatable=false, handlesAlerts=true, databaseEnabled=true, version=31.2.0, platform=XP, nativeEvents=false, acceptSslCerts=true, webStorageEnabled=true, locationContextEnabled=true, browserName=firefox, takesScreenshot=true, javascriptEnabled=true, cssSelectorsEnabled=true}]
Session ID: ac9b86d8-6020-46f9-bb08-027ca73d1bd9
	at com.qa141.db.C9_DB_11_DatabaseFieldValidation_Test.test(C9_DB_11_DatabaseFieldValidation_Test.java:178)
... Removed 26 stack frames</pre></div><a href='#' onClick='toggleBox("stack-trace541285440", this, "Click to show all stack frames", "Click to hide stack frames")'>Click to show all stack frames</a>
<div class='stack-trace' id='stack-trace541285440'><pre>java.lang.AssertionError: Unable to locate element: {&quot;method&quot;:&quot;xpath&quot;,&quot;selector&quot;:&quot;.//*[@id=&apos;pt1:sections:env-lf-btn&apos;]&quot;}
Command duration or timeout: 30.06 seconds
For documentation on this error, please visit: http://seleniumhq.org/exceptions/no_such_element.html
Build info: version: &apos;2.39.0&apos;, revision: &apos;ff23eac&apos;, time: &apos;2013-12-16 16:11:15&apos;
System info: host: &apos;slc05wcd&apos;, ip: &apos;10.249.129.123&apos;, os.name: &apos;Windows 7&apos;, os.arch: &apos;amd64&apos;, os.version: &apos;6.1&apos;, java.version: &apos;1.8.0_121&apos;
Driver info: org.openqa.selenium.firefox.FirefoxDriver
Capabilities [{applicationCacheEnabled=true, rotatable=false, handlesAlerts=true, databaseEnabled=true, version=31.2.0, platform=XP, nativeEvents=false, acceptSslCerts=true, webStorageEnabled=true, locationContextEnabled=true, browserName=firefox, takesScreenshot=true, javascriptEnabled=true, cssSelectorsEnabled=true}]
Session ID: ac9b86d8-6020-46f9-bb08-027ca73d1bd9
	at org.testng.Assert.fail(Assert.java:94)
	at com.qa141.db.C9_DB_11_DatabaseFieldValidation_Test.test(C9_DB_11_DatabaseFieldValidation_Test.java:178)
	at sun.reflect.NativeMethodAccessorImpl.invoke0(Native Method)
	at sun.reflect.NativeMethodAccessorImpl.invoke(Unknown Source)
	at sun.reflect.DelegatingMethodAccessorImpl.invoke(Unknown Source)
	at java.lang.reflect.Method.invoke(Unknown Source)
	at org.testng.internal.MethodInvocationHelper.invokeMethod(MethodInvocationHelper.java:104)
	at org.testng.internal.Invoker.invokeMethod(Invoker.java:645)
	at org.testng.internal.Invoker.invokeTestMethod(Invoker.java:851)
	at org.testng.internal.Invoker.invokeTestMethods(Invoker.java:1177)
	at org.testng.internal.TestMethodWorker.invokeTestMethods(TestMethodWorker.java:129)
	at org.testng.internal.TestMethodWorker.run(TestMethodWorker.java:112)
	at org.testng.TestRunner.privateRun(TestRunner.java:756)
	at org.testng.TestRunner.run(TestRunner.java:610)
	at org.testng.SuiteRunner.runTest(SuiteRunner.java:387)
	at org.testng.SuiteRunner.runSequentially(SuiteRunner.java:382)
	at org.testng.SuiteRunner.privateRun(SuiteRunner.java:340)
	at org.testng.SuiteRunner.run(SuiteRunner.java:289)
	at org.testng.SuiteRunnerWorker.runSuite(SuiteRunnerWorker.java:52)
	at org.testng.SuiteRunnerWorker.run(SuiteRunnerWorker.java:86)
	at org.testng.TestNG.runSuitesSequentially(TestNG.java:1293)
	at org.testng.TestNG.runSuitesLocally(TestNG.java:1218)
	at org.testng.TestNG.runSuites(TestNG.java:1133)
	at org.testng.TestNG.run(TestNG.java:1104)
	at org.testng.remote.AbstractRemoteTestNG.run(AbstractRemoteTestNG.java:132)
	at org.testng.remote.RemoteTestNG.initAndRun(RemoteTestNG.java:236)
	at org.testng.remote.RemoteTestNG.main(RemoteTestNG.java:81)
</pre></div></td>
<td>196</td>
<td>com.qa141.db.C9_DB_11_DatabaseFieldValidation_Test@5c7fa833</td></tr>
<tr>
<td title='com.qa141.db.C9_DB_12_DatabaseError_Test.test()'><b>test</b><br>Test class: com.qa141.db.C9_DB_12_DatabaseError_Test<br>Parameters: firefox<br/>
<a href="#Output-914942811" onClick='toggleBox("Output-914942811", this, "Show output", "Hide output");'>Show output</a>

<a href="#Output-914942811" onClick="toggleAllBoxes();">Show all outputs</a>
<div class='log' id="Output-914942811">
<a href=C:\SAFc\tests\OPC\test-output\screenShots\03-15-2017\03-15-2017_02.39.02_com.qa141.db.C9_DB_12_DatabaseError_Test_test.png target='_blank' >03-15-2017_02.39.02_com.qa141.db.C9_DB_12_DatabaseError_Test_test.png</a><br/>
<a href=C:\SAFc\tests\OPC\test-output\screenShots\03-15-2017\03-15-2017_02.39.02_com.qa141.db.C9_DB_12_DatabaseError_Test_test.png target='_blank' >Screenshot</a><br/>
<img src="file:///C:\SAFc\tests\OPC\test-output\screenShots\03-15-2017\03-15-2017_02.39.02_com.qa141.db.C9_DB_12_DatabaseError_Test_test.png" width=500 height=300" alt=""/><br /><br/>
</div>
</td>
<td><div><pre>java.lang.AssertionError: Unable to locate element: {&quot;method&quot;:&quot;xpath&quot;,&quot;selector&quot;:&quot;.//*[@id=&apos;pt1:sections:env-lf-btn&apos;]&quot;}
Command duration or timeout: 30.04 seconds
For documentation on this error, please visit: http://seleniumhq.org/exceptions/no_such_element.html
Build info: version: &apos;2.39.0&apos;, revision: &apos;ff23eac&apos;, time: &apos;2013-12-16 16:11:15&apos;
System info: host: &apos;slc05wcd&apos;, ip: &apos;10.249.129.123&apos;, os.name: &apos;Windows 7&apos;, os.arch: &apos;amd64&apos;, os.version: &apos;6.1&apos;, java.version: &apos;1.8.0_121&apos;
Driver info: org.openqa.selenium.firefox.FirefoxDriver
Capabilities [{applicationCacheEnabled=true, rotatable=false, handlesAlerts=true, databaseEnabled=true, version=31.2.0, platform=XP, nativeEvents=false, acceptSslCerts=true, webStorageEnabled=true, locationContextEnabled=true, browserName=firefox, takesScreenshot=true, javascriptEnabled=true, cssSelectorsEnabled=true}]
Session ID: 565f4af7-9c47-4158-a5b3-b9e33d5107f4
	at com.qa141.db.C9_DB_12_DatabaseError_Test.test(C9_DB_12_DatabaseError_Test.java:161)
... Removed 26 stack frames</pre></div><a href='#' onClick='toggleBox("stack-trace914942811", this, "Click to show all stack frames", "Click to hide stack frames")'>Click to show all stack frames</a>
<div class='stack-trace' id='stack-trace914942811'><pre>java.lang.AssertionError: Unable to locate element: {&quot;method&quot;:&quot;xpath&quot;,&quot;selector&quot;:&quot;.//*[@id=&apos;pt1:sections:env-lf-btn&apos;]&quot;}
Command duration or timeout: 30.04 seconds
For documentation on this error, please visit: http://seleniumhq.org/exceptions/no_such_element.html
Build info: version: &apos;2.39.0&apos;, revision: &apos;ff23eac&apos;, time: &apos;2013-12-16 16:11:15&apos;
System info: host: &apos;slc05wcd&apos;, ip: &apos;10.249.129.123&apos;, os.name: &apos;Windows 7&apos;, os.arch: &apos;amd64&apos;, os.version: &apos;6.1&apos;, java.version: &apos;1.8.0_121&apos;
Driver info: org.openqa.selenium.firefox.FirefoxDriver
Capabilities [{applicationCacheEnabled=true, rotatable=false, handlesAlerts=true, databaseEnabled=true, version=31.2.0, platform=XP, nativeEvents=false, acceptSslCerts=true, webStorageEnabled=true, locationContextEnabled=true, browserName=firefox, takesScreenshot=true, javascriptEnabled=true, cssSelectorsEnabled=true}]
Session ID: 565f4af7-9c47-4158-a5b3-b9e33d5107f4
	at org.testng.Assert.fail(Assert.java:94)
	at com.qa141.db.C9_DB_12_DatabaseError_Test.test(C9_DB_12_DatabaseError_Test.java:161)
	at sun.reflect.NativeMethodAccessorImpl.invoke0(Native Method)
	at sun.reflect.NativeMethodAccessorImpl.invoke(Unknown Source)
	at sun.reflect.DelegatingMethodAccessorImpl.invoke(Unknown Source)
	at java.lang.reflect.Method.invoke(Unknown Source)
	at org.testng.internal.MethodInvocationHelper.invokeMethod(MethodInvocationHelper.java:104)
	at org.testng.internal.Invoker.invokeMethod(Invoker.java:645)
	at org.testng.internal.Invoker.invokeTestMethod(Invoker.java:851)
	at org.testng.internal.Invoker.invokeTestMethods(Invoker.java:1177)
	at org.testng.internal.TestMethodWorker.invokeTestMethods(TestMethodWorker.java:129)
	at org.testng.internal.TestMethodWorker.run(TestMethodWorker.java:112)
	at org.testng.TestRunner.privateRun(TestRunner.java:756)
	at org.testng.TestRunner.run(TestRunner.java:610)
	at org.testng.SuiteRunner.runTest(SuiteRunner.java:387)
	at org.testng.SuiteRunner.runSequentially(SuiteRunner.java:382)
	at org.testng.SuiteRunner.privateRun(SuiteRunner.java:340)
	at org.testng.SuiteRunner.run(SuiteRunner.java:289)
	at org.testng.SuiteRunnerWorker.runSuite(SuiteRunnerWorker.java:52)
	at org.testng.SuiteRunnerWorker.run(SuiteRunnerWorker.java:86)
	at org.testng.TestNG.runSuitesSequentially(TestNG.java:1293)
	at org.testng.TestNG.runSuitesLocally(TestNG.java:1218)
	at org.testng.TestNG.runSuites(TestNG.java:1133)
	at org.testng.TestNG.run(TestNG.java:1104)
	at org.testng.remote.AbstractRemoteTestNG.run(AbstractRemoteTestNG.java:132)
	at org.testng.remote.RemoteTestNG.initAndRun(RemoteTestNG.java:236)
	at org.testng.remote.RemoteTestNG.main(RemoteTestNG.java:81)
</pre></div></td>
<td>199</td>
<td>com.qa141.db.C9_DB_12_DatabaseError_Test@39aeed2f</td></tr>
<tr>
<td title='com.qa141.db.C9_DB_07_WebSheetApplications_Delete_Test.test()'><b>test</b><br>Test class: com.qa141.db.C9_DB_07_WebSheetApplications_Delete_Test<br>Parameters: firefox<br/>
<a href="#Output-1604052588" onClick='toggleBox("Output-1604052588", this, "Show output", "Hide output");'>Show output</a>

<a href="#Output-1604052588" onClick="toggleAllBoxes();">Show all outputs</a>
<div class='log' id="Output-1604052588">
<a href=C:\SAFc\tests\OPC\test-output\screenShots\03-15-2017\03-15-2017_02.45.13_com.qa141.db.C9_DB_07_WebSheetApplications_Delete_Test_test.png target='_blank' >03-15-2017_02.45.13_com.qa141.db.C9_DB_07_WebSheetApplications_Delete_Test_test.png</a><br/>
<a href=C:\SAFc\tests\OPC\test-output\screenShots\03-15-2017\03-15-2017_02.45.13_com.qa141.db.C9_DB_07_WebSheetApplications_Delete_Test_test.png target='_blank' >Screenshot</a><br/>
<img src="file:///C:\SAFc\tests\OPC\test-output\screenShots\03-15-2017\03-15-2017_02.45.13_com.qa141.db.C9_DB_07_WebSheetApplications_Delete_Test_test.png" width=500 height=300" alt=""/><br /><br/>
</div>
</td>
<td><div><pre>java.lang.AssertionError: Unable to locate element: {&quot;method&quot;:&quot;xpath&quot;,&quot;selector&quot;:&quot;.//*[@id=&apos;pt1:sections:env-lf-btn&apos;]&quot;}
Command duration or timeout: 30.04 seconds
For documentation on this error, please visit: http://seleniumhq.org/exceptions/no_such_element.html
Build info: version: &apos;2.39.0&apos;, revision: &apos;ff23eac&apos;, time: &apos;2013-12-16 16:11:15&apos;
System info: host: &apos;slc05wcd&apos;, ip: &apos;10.249.129.123&apos;, os.name: &apos;Windows 7&apos;, os.arch: &apos;amd64&apos;, os.version: &apos;6.1&apos;, java.version: &apos;1.8.0_121&apos;
Driver info: org.openqa.selenium.firefox.FirefoxDriver
Capabilities [{applicationCacheEnabled=true, rotatable=false, handlesAlerts=true, databaseEnabled=true, version=31.2.0, platform=XP, nativeEvents=false, acceptSslCerts=true, webStorageEnabled=true, locationContextEnabled=true, browserName=firefox, takesScreenshot=true, javascriptEnabled=true, cssSelectorsEnabled=true}]
Session ID: 619642a5-650d-4e2f-8a0a-445d863405ad
	at com.qa141.db.C9_DB_07_WebSheetApplications_Delete_Test.test(C9_DB_07_WebSheetApplications_Delete_Test.java:138)
... Removed 26 stack frames</pre></div><a href='#' onClick='toggleBox("stack-trace1604052588", this, "Click to show all stack frames", "Click to hide stack frames")'>Click to show all stack frames</a>
<div class='stack-trace' id='stack-trace1604052588'><pre>java.lang.AssertionError: Unable to locate element: {&quot;method&quot;:&quot;xpath&quot;,&quot;selector&quot;:&quot;.//*[@id=&apos;pt1:sections:env-lf-btn&apos;]&quot;}
Command duration or timeout: 30.04 seconds
For documentation on this error, please visit: http://seleniumhq.org/exceptions/no_such_element.html
Build info: version: &apos;2.39.0&apos;, revision: &apos;ff23eac&apos;, time: &apos;2013-12-16 16:11:15&apos;
System info: host: &apos;slc05wcd&apos;, ip: &apos;10.249.129.123&apos;, os.name: &apos;Windows 7&apos;, os.arch: &apos;amd64&apos;, os.version: &apos;6.1&apos;, java.version: &apos;1.8.0_121&apos;
Driver info: org.openqa.selenium.firefox.FirefoxDriver
Capabilities [{applicationCacheEnabled=true, rotatable=false, handlesAlerts=true, databaseEnabled=true, version=31.2.0, platform=XP, nativeEvents=false, acceptSslCerts=true, webStorageEnabled=true, locationContextEnabled=true, browserName=firefox, takesScreenshot=true, javascriptEnabled=true, cssSelectorsEnabled=true}]
Session ID: 619642a5-650d-4e2f-8a0a-445d863405ad
	at org.testng.Assert.fail(Assert.java:94)
	at com.qa141.db.C9_DB_07_WebSheetApplications_Delete_Test.test(C9_DB_07_WebSheetApplications_Delete_Test.java:138)
	at sun.reflect.NativeMethodAccessorImpl.invoke0(Native Method)
	at sun.reflect.NativeMethodAccessorImpl.invoke(Unknown Source)
	at sun.reflect.DelegatingMethodAccessorImpl.invoke(Unknown Source)
	at java.lang.reflect.Method.invoke(Unknown Source)
	at org.testng.internal.MethodInvocationHelper.invokeMethod(MethodInvocationHelper.java:104)
	at org.testng.internal.Invoker.invokeMethod(Invoker.java:645)
	at org.testng.internal.Invoker.invokeTestMethod(Invoker.java:851)
	at org.testng.internal.Invoker.invokeTestMethods(Invoker.java:1177)
	at org.testng.internal.TestMethodWorker.invokeTestMethods(TestMethodWorker.java:129)
	at org.testng.internal.TestMethodWorker.run(TestMethodWorker.java:112)
	at org.testng.TestRunner.privateRun(TestRunner.java:756)
	at org.testng.TestRunner.run(TestRunner.java:610)
	at org.testng.SuiteRunner.runTest(SuiteRunner.java:387)
	at org.testng.SuiteRunner.runSequentially(SuiteRunner.java:382)
	at org.testng.SuiteRunner.privateRun(SuiteRunner.java:340)
	at org.testng.SuiteRunner.run(SuiteRunner.java:289)
	at org.testng.SuiteRunnerWorker.runSuite(SuiteRunnerWorker.java:52)
	at org.testng.SuiteRunnerWorker.run(SuiteRunnerWorker.java:86)
	at org.testng.TestNG.runSuitesSequentially(TestNG.java:1293)
	at org.testng.TestNG.runSuitesLocally(TestNG.java:1218)
	at org.testng.TestNG.runSuites(TestNG.java:1133)
	at org.testng.TestNG.run(TestNG.java:1104)
	at org.testng.remote.AbstractRemoteTestNG.run(AbstractRemoteTestNG.java:132)
	at org.testng.remote.RemoteTestNG.initAndRun(RemoteTestNG.java:236)
	at org.testng.remote.RemoteTestNG.main(RemoteTestNG.java:81)
</pre></div></td>
<td>183</td>
<td>com.qa141.db.C9_DB_07_WebSheetApplications_Delete_Test@4678c730</td></tr>
<tr>
<td title='com.qa141.db.C9_DB_13_WebsheetFieldValidation_Test.test()'><b>test</b><br>Test class: com.qa141.db.C9_DB_13_WebsheetFieldValidation_Test<br>Parameters: firefox<br/>
<a href="#Output-224591451" onClick='toggleBox("Output-224591451", this, "Show output", "Hide output");'>Show output</a>

<a href="#Output-224591451" onClick="toggleAllBoxes();">Show all outputs</a>
<div class='log' id="Output-224591451">
<a href=C:\SAFc\tests\OPC\test-output\screenShots\03-15-2017\03-15-2017_02.48.24_com.qa141.db.C9_DB_13_WebsheetFieldValidation_Test_test.png target='_blank' >03-15-2017_02.48.24_com.qa141.db.C9_DB_13_WebsheetFieldValidation_Test_test.png</a><br/>
<a href=C:\SAFc\tests\OPC\test-output\screenShots\03-15-2017\03-15-2017_02.48.24_com.qa141.db.C9_DB_13_WebsheetFieldValidation_Test_test.png target='_blank' >Screenshot</a><br/>
<img src="file:///C:\SAFc\tests\OPC\test-output\screenShots\03-15-2017\03-15-2017_02.48.24_com.qa141.db.C9_DB_13_WebsheetFieldValidation_Test_test.png" width=500 height=300" alt=""/><br /><br/>
</div>
</td>
<td><div><pre>java.lang.AssertionError: Unable to locate element: {&quot;method&quot;:&quot;xpath&quot;,&quot;selector&quot;:&quot;.//*[@id=&apos;pt1:sections:env-lf-btn&apos;]&quot;}
Command duration or timeout: 30.04 seconds
For documentation on this error, please visit: http://seleniumhq.org/exceptions/no_such_element.html
Build info: version: &apos;2.39.0&apos;, revision: &apos;ff23eac&apos;, time: &apos;2013-12-16 16:11:15&apos;
System info: host: &apos;slc05wcd&apos;, ip: &apos;10.249.129.123&apos;, os.name: &apos;Windows 7&apos;, os.arch: &apos;amd64&apos;, os.version: &apos;6.1&apos;, java.version: &apos;1.8.0_121&apos;
Driver info: org.openqa.selenium.firefox.FirefoxDriver
Capabilities [{applicationCacheEnabled=true, rotatable=false, handlesAlerts=true, databaseEnabled=true, version=31.2.0, platform=XP, nativeEvents=false, acceptSslCerts=true, webStorageEnabled=true, locationContextEnabled=true, browserName=firefox, takesScreenshot=true, javascriptEnabled=true, cssSelectorsEnabled=true}]
Session ID: 2b7fa8bd-a622-4310-9795-7083328243ca
	at com.qa141.db.C9_DB_13_WebsheetFieldValidation_Test.test(C9_DB_13_WebsheetFieldValidation_Test.java:234)
... Removed 26 stack frames</pre></div><a href='#' onClick='toggleBox("stack-trace224591451", this, "Click to show all stack frames", "Click to hide stack frames")'>Click to show all stack frames</a>
<div class='stack-trace' id='stack-trace224591451'><pre>java.lang.AssertionError: Unable to locate element: {&quot;method&quot;:&quot;xpath&quot;,&quot;selector&quot;:&quot;.//*[@id=&apos;pt1:sections:env-lf-btn&apos;]&quot;}
Command duration or timeout: 30.04 seconds
For documentation on this error, please visit: http://seleniumhq.org/exceptions/no_such_element.html
Build info: version: &apos;2.39.0&apos;, revision: &apos;ff23eac&apos;, time: &apos;2013-12-16 16:11:15&apos;
System info: host: &apos;slc05wcd&apos;, ip: &apos;10.249.129.123&apos;, os.name: &apos;Windows 7&apos;, os.arch: &apos;amd64&apos;, os.version: &apos;6.1&apos;, java.version: &apos;1.8.0_121&apos;
Driver info: org.openqa.selenium.firefox.FirefoxDriver
Capabilities [{applicationCacheEnabled=true, rotatable=false, handlesAlerts=true, databaseEnabled=true, version=31.2.0, platform=XP, nativeEvents=false, acceptSslCerts=true, webStorageEnabled=true, locationContextEnabled=true, browserName=firefox, takesScreenshot=true, javascriptEnabled=true, cssSelectorsEnabled=true}]
Session ID: 2b7fa8bd-a622-4310-9795-7083328243ca
	at org.testng.Assert.fail(Assert.java:94)
	at com.qa141.db.C9_DB_13_WebsheetFieldValidation_Test.test(C9_DB_13_WebsheetFieldValidation_Test.java:234)
	at sun.reflect.NativeMethodAccessorImpl.invoke0(Native Method)
	at sun.reflect.NativeMethodAccessorImpl.invoke(Unknown Source)
	at sun.reflect.DelegatingMethodAccessorImpl.invoke(Unknown Source)
	at java.lang.reflect.Method.invoke(Unknown Source)
	at org.testng.internal.MethodInvocationHelper.invokeMethod(MethodInvocationHelper.java:104)
	at org.testng.internal.Invoker.invokeMethod(Invoker.java:645)
	at org.testng.internal.Invoker.invokeTestMethod(Invoker.java:851)
	at org.testng.internal.Invoker.invokeTestMethods(Invoker.java:1177)
	at org.testng.internal.TestMethodWorker.invokeTestMethods(TestMethodWorker.java:129)
	at org.testng.internal.TestMethodWorker.run(TestMethodWorker.java:112)
	at org.testng.TestRunner.privateRun(TestRunner.java:756)
	at org.testng.TestRunner.run(TestRunner.java:610)
	at org.testng.SuiteRunner.runTest(SuiteRunner.java:387)
	at org.testng.SuiteRunner.runSequentially(SuiteRunner.java:382)
	at org.testng.SuiteRunner.privateRun(SuiteRunner.java:340)
	at org.testng.SuiteRunner.run(SuiteRunner.java:289)
	at org.testng.SuiteRunnerWorker.runSuite(SuiteRunnerWorker.java:52)
	at org.testng.SuiteRunnerWorker.run(SuiteRunnerWorker.java:86)
	at org.testng.TestNG.runSuitesSequentially(TestNG.java:1293)
	at org.testng.TestNG.runSuitesLocally(TestNG.java:1218)
	at org.testng.TestNG.runSuites(TestNG.java:1133)
	at org.testng.TestNG.run(TestNG.java:1104)
	at org.testng.remote.AbstractRemoteTestNG.run(AbstractRemoteTestNG.java:132)
	at org.testng.remote.RemoteTestNG.initAndRun(RemoteTestNG.java:236)
	at org.testng.remote.RemoteTestNG.main(RemoteTestNG.java:81)
</pre></div></td>
<td>188</td>
<td>com.qa141.db.C9_DB_13_WebsheetFieldValidation_Test@6767c1fc</td></tr>
<tr>
<td title='com.qa141.db.C9_DB_14_Search_Test.test()'><b>test</b><br>Test class: com.qa141.db.C9_DB_14_Search_Test<br>Parameters: firefox<br/>
<a href="#Output-816798571" onClick='toggleBox("Output-816798571", this, "Show output", "Hide output");'>Show output</a>

<a href="#Output-816798571" onClick="toggleAllBoxes();">Show all outputs</a>
<div class='log' id="Output-816798571">
<a href=C:\SAFc\tests\OPC\test-output\screenShots\03-15-2017\03-15-2017_02.51.33_com.qa141.db.C9_DB_14_Search_Test_test.png target='_blank' >03-15-2017_02.51.33_com.qa141.db.C9_DB_14_Search_Test_test.png</a><br/>
<a href=C:\SAFc\tests\OPC\test-output\screenShots\03-15-2017\03-15-2017_02.51.33_com.qa141.db.C9_DB_14_Search_Test_test.png target='_blank' >Screenshot</a><br/>
<img src="file:///C:\SAFc\tests\OPC\test-output\screenShots\03-15-2017\03-15-2017_02.51.33_com.qa141.db.C9_DB_14_Search_Test_test.png" width=500 height=300" alt=""/><br /><br/>
</div>
</td>
<td><div><pre>java.lang.AssertionError: Unable to locate element: {&quot;method&quot;:&quot;xpath&quot;,&quot;selector&quot;:&quot;.//*[@id=&apos;pt1:sections:env-lf-btn&apos;]&quot;}
Command duration or timeout: 30.05 seconds
For documentation on this error, please visit: http://seleniumhq.org/exceptions/no_such_element.html
Build info: version: &apos;2.39.0&apos;, revision: &apos;ff23eac&apos;, time: &apos;2013-12-16 16:11:15&apos;
System info: host: &apos;slc05wcd&apos;, ip: &apos;10.249.129.123&apos;, os.name: &apos;Windows 7&apos;, os.arch: &apos;amd64&apos;, os.version: &apos;6.1&apos;, java.version: &apos;1.8.0_121&apos;
Driver info: org.openqa.selenium.firefox.FirefoxDriver
Capabilities [{applicationCacheEnabled=true, rotatable=false, handlesAlerts=true, databaseEnabled=true, version=31.2.0, platform=XP, nativeEvents=false, acceptSslCerts=true, webStorageEnabled=true, locationContextEnabled=true, browserName=firefox, takesScreenshot=true, javascriptEnabled=true, cssSelectorsEnabled=true}]
Session ID: 9860c89b-4c81-45c7-b92c-8374fa033f55
	at com.qa141.db.C9_DB_14_Search_Test.test(C9_DB_14_Search_Test.java:120)
... Removed 26 stack frames</pre></div><a href='#' onClick='toggleBox("stack-trace816798571", this, "Click to show all stack frames", "Click to hide stack frames")'>Click to show all stack frames</a>
<div class='stack-trace' id='stack-trace816798571'><pre>java.lang.AssertionError: Unable to locate element: {&quot;method&quot;:&quot;xpath&quot;,&quot;selector&quot;:&quot;.//*[@id=&apos;pt1:sections:env-lf-btn&apos;]&quot;}
Command duration or timeout: 30.05 seconds
For documentation on this error, please visit: http://seleniumhq.org/exceptions/no_such_element.html
Build info: version: &apos;2.39.0&apos;, revision: &apos;ff23eac&apos;, time: &apos;2013-12-16 16:11:15&apos;
System info: host: &apos;slc05wcd&apos;, ip: &apos;10.249.129.123&apos;, os.name: &apos;Windows 7&apos;, os.arch: &apos;amd64&apos;, os.version: &apos;6.1&apos;, java.version: &apos;1.8.0_121&apos;
Driver info: org.openqa.selenium.firefox.FirefoxDriver
Capabilities [{applicationCacheEnabled=true, rotatable=false, handlesAlerts=true, databaseEnabled=true, version=31.2.0, platform=XP, nativeEvents=false, acceptSslCerts=true, webStorageEnabled=true, locationContextEnabled=true, browserName=firefox, takesScreenshot=true, javascriptEnabled=true, cssSelectorsEnabled=true}]
Session ID: 9860c89b-4c81-45c7-b92c-8374fa033f55
	at org.testng.Assert.fail(Assert.java:94)
	at com.qa141.db.C9_DB_14_Search_Test.test(C9_DB_14_Search_Test.java:120)
	at sun.reflect.NativeMethodAccessorImpl.invoke0(Native Method)
	at sun.reflect.NativeMethodAccessorImpl.invoke(Unknown Source)
	at sun.reflect.DelegatingMethodAccessorImpl.invoke(Unknown Source)
	at java.lang.reflect.Method.invoke(Unknown Source)
	at org.testng.internal.MethodInvocationHelper.invokeMethod(MethodInvocationHelper.java:104)
	at org.testng.internal.Invoker.invokeMethod(Invoker.java:645)
	at org.testng.internal.Invoker.invokeTestMethod(Invoker.java:851)
	at org.testng.internal.Invoker.invokeTestMethods(Invoker.java:1177)
	at org.testng.internal.TestMethodWorker.invokeTestMethods(TestMethodWorker.java:129)
	at org.testng.internal.TestMethodWorker.run(TestMethodWorker.java:112)
	at org.testng.TestRunner.privateRun(TestRunner.java:756)
	at org.testng.TestRunner.run(TestRunner.java:610)
	at org.testng.SuiteRunner.runTest(SuiteRunner.java:387)
	at org.testng.SuiteRunner.runSequentially(SuiteRunner.java:382)
	at org.testng.SuiteRunner.privateRun(SuiteRunner.java:340)
	at org.testng.SuiteRunner.run(SuiteRunner.java:289)
	at org.testng.SuiteRunnerWorker.runSuite(SuiteRunnerWorker.java:52)
	at org.testng.SuiteRunnerWorker.run(SuiteRunnerWorker.java:86)
	at org.testng.TestNG.runSuitesSequentially(TestNG.java:1293)
	at org.testng.TestNG.runSuitesLocally(TestNG.java:1218)
	at org.testng.TestNG.runSuites(TestNG.java:1133)
	at org.testng.TestNG.run(TestNG.java:1104)
	at org.testng.remote.AbstractRemoteTestNG.run(AbstractRemoteTestNG.java:132)
	at org.testng.remote.RemoteTestNG.initAndRun(RemoteTestNG.java:236)
	at org.testng.remote.RemoteTestNG.main(RemoteTestNG.java:81)
</pre></div></td>
<td>188</td>
<td>com.qa141.db.C9_DB_14_Search_Test@29ee9faa</td></tr>
<tr>
<td title='com.qa141.db.C9_DB_16_WebsheetError_Test.test()'><b>test</b><br>Test class: com.qa141.db.C9_DB_16_WebsheetError_Test<br>Parameters: firefox<br/>
<a href="#Output-461591680" onClick='toggleBox("Output-461591680", this, "Show output", "Hide output");'>Show output</a>

<a href="#Output-461591680" onClick="toggleAllBoxes();">Show all outputs</a>
<div class='log' id="Output-461591680">
<a href=C:\SAFc\tests\OPC\test-output\screenShots\03-15-2017\03-15-2017_02.54.45_com.qa141.db.C9_DB_16_WebsheetError_Test_test.png target='_blank' >03-15-2017_02.54.45_com.qa141.db.C9_DB_16_WebsheetError_Test_test.png</a><br/>
<a href=C:\SAFc\tests\OPC\test-output\screenShots\03-15-2017\03-15-2017_02.54.45_com.qa141.db.C9_DB_16_WebsheetError_Test_test.png target='_blank' >Screenshot</a><br/>
<img src="file:///C:\SAFc\tests\OPC\test-output\screenShots\03-15-2017\03-15-2017_02.54.45_com.qa141.db.C9_DB_16_WebsheetError_Test_test.png" width=500 height=300" alt=""/><br /><br/>
</div>
</td>
<td><div><pre>java.lang.AssertionError: Unable to locate element: {&quot;method&quot;:&quot;xpath&quot;,&quot;selector&quot;:&quot;.//*[@id=&apos;pt1:sections:env-lf-btn&apos;]&quot;}
Command duration or timeout: 30.06 seconds
For documentation on this error, please visit: http://seleniumhq.org/exceptions/no_such_element.html
Build info: version: &apos;2.39.0&apos;, revision: &apos;ff23eac&apos;, time: &apos;2013-12-16 16:11:15&apos;
System info: host: &apos;slc05wcd&apos;, ip: &apos;10.249.129.123&apos;, os.name: &apos;Windows 7&apos;, os.arch: &apos;amd64&apos;, os.version: &apos;6.1&apos;, java.version: &apos;1.8.0_121&apos;
Driver info: org.openqa.selenium.firefox.FirefoxDriver
Capabilities [{applicationCacheEnabled=true, rotatable=false, handlesAlerts=true, databaseEnabled=true, version=31.2.0, platform=XP, nativeEvents=false, acceptSslCerts=true, webStorageEnabled=true, locationContextEnabled=true, browserName=firefox, takesScreenshot=true, javascriptEnabled=true, cssSelectorsEnabled=true}]
Session ID: ab83b408-fd20-4d09-8f31-cb0450f428be
	at com.qa141.db.C9_DB_16_WebsheetError_Test.test(C9_DB_16_WebsheetError_Test.java:214)
... Removed 26 stack frames</pre></div><a href='#' onClick='toggleBox("stack-trace461591680", this, "Click to show all stack frames", "Click to hide stack frames")'>Click to show all stack frames</a>
<div class='stack-trace' id='stack-trace461591680'><pre>java.lang.AssertionError: Unable to locate element: {&quot;method&quot;:&quot;xpath&quot;,&quot;selector&quot;:&quot;.//*[@id=&apos;pt1:sections:env-lf-btn&apos;]&quot;}
Command duration or timeout: 30.06 seconds
For documentation on this error, please visit: http://seleniumhq.org/exceptions/no_such_element.html
Build info: version: &apos;2.39.0&apos;, revision: &apos;ff23eac&apos;, time: &apos;2013-12-16 16:11:15&apos;
System info: host: &apos;slc05wcd&apos;, ip: &apos;10.249.129.123&apos;, os.name: &apos;Windows 7&apos;, os.arch: &apos;amd64&apos;, os.version: &apos;6.1&apos;, java.version: &apos;1.8.0_121&apos;
Driver info: org.openqa.selenium.firefox.FirefoxDriver
Capabilities [{applicationCacheEnabled=true, rotatable=false, handlesAlerts=true, databaseEnabled=true, version=31.2.0, platform=XP, nativeEvents=false, acceptSslCerts=true, webStorageEnabled=true, locationContextEnabled=true, browserName=firefox, takesScreenshot=true, javascriptEnabled=true, cssSelectorsEnabled=true}]
Session ID: ab83b408-fd20-4d09-8f31-cb0450f428be
	at org.testng.Assert.fail(Assert.java:94)
	at com.qa141.db.C9_DB_16_WebsheetError_Test.test(C9_DB_16_WebsheetError_Test.java:214)
	at sun.reflect.NativeMethodAccessorImpl.invoke0(Native Method)
	at sun.reflect.NativeMethodAccessorImpl.invoke(Unknown Source)
	at sun.reflect.DelegatingMethodAccessorImpl.invoke(Unknown Source)
	at java.lang.reflect.Method.invoke(Unknown Source)
	at org.testng.internal.MethodInvocationHelper.invokeMethod(MethodInvocationHelper.java:104)
	at org.testng.internal.Invoker.invokeMethod(Invoker.java:645)
	at org.testng.internal.Invoker.invokeTestMethod(Invoker.java:851)
	at org.testng.internal.Invoker.invokeTestMethods(Invoker.java:1177)
	at org.testng.internal.TestMethodWorker.invokeTestMethods(TestMethodWorker.java:129)
	at org.testng.internal.TestMethodWorker.run(TestMethodWorker.java:112)
	at org.testng.TestRunner.privateRun(TestRunner.java:756)
	at org.testng.TestRunner.run(TestRunner.java:610)
	at org.testng.SuiteRunner.runTest(SuiteRunner.java:387)
	at org.testng.SuiteRunner.runSequentially(SuiteRunner.java:382)
	at org.testng.SuiteRunner.privateRun(SuiteRunner.java:340)
	at org.testng.SuiteRunner.run(SuiteRunner.java:289)
	at org.testng.SuiteRunnerWorker.runSuite(SuiteRunnerWorker.java:52)
	at org.testng.SuiteRunnerWorker.run(SuiteRunnerWorker.java:86)
	at org.testng.TestNG.runSuitesSequentially(TestNG.java:1293)
	at org.testng.TestNG.runSuitesLocally(TestNG.java:1218)
	at org.testng.TestNG.runSuites(TestNG.java:1133)
	at org.testng.TestNG.run(TestNG.java:1104)
	at org.testng.remote.AbstractRemoteTestNG.run(AbstractRemoteTestNG.java:132)
	at org.testng.remote.RemoteTestNG.initAndRun(RemoteTestNG.java:236)
	at org.testng.remote.RemoteTestNG.main(RemoteTestNG.java:81)
</pre></div></td>
<td>188</td>
<td>com.qa141.db.C9_DB_16_WebsheetError_Test@c038203</td></tr>
<tr>
<td title='com.qa141.db.C9_DB_15_UI_Test.test()'><b>test</b><br>Test class: com.qa141.db.C9_DB_15_UI_Test<br>Parameters: firefox<br/>
<a href="#Output-1450500594" onClick='toggleBox("Output-1450500594", this, "Show output", "Hide output");'>Show output</a>

<a href="#Output-1450500594" onClick="toggleAllBoxes();">Show all outputs</a>
<div class='log' id="Output-1450500594">
<a href=C:\SAFc\tests\OPC\test-output\screenShots\03-15-2017\03-15-2017_02.58.25_com.qa141.db.C9_DB_15_UI_Test_test.png target='_blank' >03-15-2017_02.58.25_com.qa141.db.C9_DB_15_UI_Test_test.png</a><br/>
<a href=C:\SAFc\tests\OPC\test-output\screenShots\03-15-2017\03-15-2017_02.58.25_com.qa141.db.C9_DB_15_UI_Test_test.png target='_blank' >Screenshot</a><br/>
<img src="file:///C:\SAFc\tests\OPC\test-output\screenShots\03-15-2017\03-15-2017_02.58.25_com.qa141.db.C9_DB_15_UI_Test_test.png" width=500 height=300" alt=""/><br /><br/>
</div>
</td>
<td><div><pre>java.lang.AssertionError: Unable to locate element: {&quot;method&quot;:&quot;xpath&quot;,&quot;selector&quot;:&quot;.//*[@id=&apos;pt1:sections:env-lf-btn&apos;]&quot;}
Command duration or timeout: 30.08 seconds
For documentation on this error, please visit: http://seleniumhq.org/exceptions/no_such_element.html
Build info: version: &apos;2.39.0&apos;, revision: &apos;ff23eac&apos;, time: &apos;2013-12-16 16:11:15&apos;
System info: host: &apos;slc05wcd&apos;, ip: &apos;10.249.129.123&apos;, os.name: &apos;Windows 7&apos;, os.arch: &apos;amd64&apos;, os.version: &apos;6.1&apos;, java.version: &apos;1.8.0_121&apos;
Driver info: org.openqa.selenium.firefox.FirefoxDriver
Capabilities [{applicationCacheEnabled=true, rotatable=false, handlesAlerts=true, databaseEnabled=true, version=31.2.0, platform=XP, nativeEvents=false, acceptSslCerts=true, webStorageEnabled=true, locationContextEnabled=true, browserName=firefox, takesScreenshot=true, javascriptEnabled=true, cssSelectorsEnabled=true}]
Session ID: 60f9ae1c-32f5-49f3-a118-9aaecb99e285
	at com.qa141.db.C9_DB_15_UI_Test.test(C9_DB_15_UI_Test.java:145)
... Removed 26 stack frames</pre></div><a href='#' onClick='toggleBox("stack-trace1450500594", this, "Click to show all stack frames", "Click to hide stack frames")'>Click to show all stack frames</a>
<div class='stack-trace' id='stack-trace1450500594'><pre>java.lang.AssertionError: Unable to locate element: {&quot;method&quot;:&quot;xpath&quot;,&quot;selector&quot;:&quot;.//*[@id=&apos;pt1:sections:env-lf-btn&apos;]&quot;}
Command duration or timeout: 30.08 seconds
For documentation on this error, please visit: http://seleniumhq.org/exceptions/no_such_element.html
Build info: version: &apos;2.39.0&apos;, revision: &apos;ff23eac&apos;, time: &apos;2013-12-16 16:11:15&apos;
System info: host: &apos;slc05wcd&apos;, ip: &apos;10.249.129.123&apos;, os.name: &apos;Windows 7&apos;, os.arch: &apos;amd64&apos;, os.version: &apos;6.1&apos;, java.version: &apos;1.8.0_121&apos;
Driver info: org.openqa.selenium.firefox.FirefoxDriver
Capabilities [{applicationCacheEnabled=true, rotatable=false, handlesAlerts=true, databaseEnabled=true, version=31.2.0, platform=XP, nativeEvents=false, acceptSslCerts=true, webStorageEnabled=true, locationContextEnabled=true, browserName=firefox, takesScreenshot=true, javascriptEnabled=true, cssSelectorsEnabled=true}]
Session ID: 60f9ae1c-32f5-49f3-a118-9aaecb99e285
	at org.testng.Assert.fail(Assert.java:94)
	at com.qa141.db.C9_DB_15_UI_Test.test(C9_DB_15_UI_Test.java:145)
	at sun.reflect.NativeMethodAccessorImpl.invoke0(Native Method)
	at sun.reflect.NativeMethodAccessorImpl.invoke(Unknown Source)
	at sun.reflect.DelegatingMethodAccessorImpl.invoke(Unknown Source)
	at java.lang.reflect.Method.invoke(Unknown Source)
	at org.testng.internal.MethodInvocationHelper.invokeMethod(MethodInvocationHelper.java:104)
	at org.testng.internal.Invoker.invokeMethod(Invoker.java:645)
	at org.testng.internal.Invoker.invokeTestMethod(Invoker.java:851)
	at org.testng.internal.Invoker.invokeTestMethods(Invoker.java:1177)
	at org.testng.internal.TestMethodWorker.invokeTestMethods(TestMethodWorker.java:129)
	at org.testng.internal.TestMethodWorker.run(TestMethodWorker.java:112)
	at org.testng.TestRunner.privateRun(TestRunner.java:756)
	at org.testng.TestRunner.run(TestRunner.java:610)
	at org.testng.SuiteRunner.runTest(SuiteRunner.java:387)
	at org.testng.SuiteRunner.runSequentially(SuiteRunner.java:382)
	at org.testng.SuiteRunner.privateRun(SuiteRunner.java:340)
	at org.testng.SuiteRunner.run(SuiteRunner.java:289)
	at org.testng.SuiteRunnerWorker.runSuite(SuiteRunnerWorker.java:52)
	at org.testng.SuiteRunnerWorker.run(SuiteRunnerWorker.java:86)
	at org.testng.TestNG.runSuitesSequentially(TestNG.java:1293)
	at org.testng.TestNG.runSuitesLocally(TestNG.java:1218)
	at org.testng.TestNG.runSuites(TestNG.java:1133)
	at org.testng.TestNG.run(TestNG.java:1104)
	at org.testng.remote.AbstractRemoteTestNG.run(AbstractRemoteTestNG.java:132)
	at org.testng.remote.RemoteTestNG.initAndRun(RemoteTestNG.java:236)
	at org.testng.remote.RemoteTestNG.main(RemoteTestNG.java:81)
</pre></div></td>
<td>219</td>
<td>com.qa141.db.C9_DB_15_UI_Test@cc285f4</td></tr>
</table><p>
<table width='100%' border='1' class='invocation-passed'>
<tr><td colspan='4' align='center'><b>PASSED TESTS</b></td></tr>
<tr><td><b>Test method</b></td>
<td width="30%"><b>Exception</b></td>
<td width="10%"><b>Time (seconds)</b></td>
<td><b>Instance</b></td>
</tr>
<tr>
<td title='com.qa141.db.C9_DB_01_LoginLogoutOfApex_Test.test()'><b>test</b><br>Test class: com.qa141.db.C9_DB_01_LoginLogoutOfApex_Test<br>Parameters: firefox</td>
<td></td>
<td>178</td>
<td>com.qa141.db.C9_DB_01_LoginLogoutOfApex_Test@1593948d</td></tr>
<tr>
<td title='com.qa141.db.C9_DB_02_DataBaseApplications_Create_Run_Test.test()'><b>test</b><br>Test class: com.qa141.db.C9_DB_02_DataBaseApplications_Create_Run_Test<br>Parameters: firefox</td>
<td></td>
<td>194</td>
<td>com.qa141.db.C9_DB_02_DataBaseApplications_Create_Run_Test@1b604f19</td></tr>
<tr>
<td title='com.qa141.db.C9_DB_03_DataBaseApplications_Delete_Test.test()'><b>test</b><br>Test class: com.qa141.db.C9_DB_03_DataBaseApplications_Delete_Test<br>Parameters: firefox</td>
<td></td>
<td>184</td>
<td>com.qa141.db.C9_DB_03_DataBaseApplications_Delete_Test@7823a2f9</td></tr>
<tr>
<td title='com.qa141.db.C9_DB_10_Administration_EditDescription_Test.test()'><b>test</b><br>Test class: com.qa141.db.C9_DB_10_Administration_EditDescription_Test<br>Parameters: firefox</td>
<td></td>
<td>193</td>
<td>com.qa141.db.C9_DB_10_Administration_EditDescription_Test@457e2f02</td></tr>
<tr>
<td title='com.qa141.db.C9_DB_06_WebSheetApplications_Create_Run_Test.test()'><b>test</b><br>Test class: com.qa141.db.C9_DB_06_WebSheetApplications_Create_Run_Test<br>Parameters: firefox</td>
<td></td>
<td>184</td>
<td>com.qa141.db.C9_DB_06_WebSheetApplications_Create_Run_Test@724af044</td></tr>
</table><p>
</body>
</html>