<html>
<head>
<title>TestNG:  DBService</title>
<link href="../testng.css" rel="stylesheet" type="text/css" />
<link href="../my-testng.css" rel="stylesheet" type="text/css" />

<style type="text/css">
.log { display: none;} 
.stack-trace { display: none;} 
</style>
<script type="text/javascript">
<!--
function flip(e) {
  current = e.style.display;
  if (current == 'block') {
    e.style.display = 'none';
    return 0;
  }
  else {
    e.style.display = 'block';
    return 1;
  }
}

function toggleBox(szDivId, elem, msg1, msg2)
{
  var res = -1;  if (document.getElementById) {
    res = flip(document.getElementById(szDivId));
  }
  else if (document.all) {
    // this is the way old msie versions work
    res = flip(document.all[szDivId]);
  }
  if(elem) {
    if(res == 0) elem.innerHTML = msg1; else elem.innerHTML = msg2;
  }

}

function toggleAllBoxes() {
  if (document.getElementsByTagName) {
    d = document.getElementsByTagName('div');
    for (i = 0; i < d.length; i++) {
      if (d[i].className == 'log') {
        flip(d[i]);
      }
    }
  }
}

// -->
</script>

</head>
<body>
<h2 align='center'>DBService</h2><table border='1' align="center">
<tr>
<td>Tests passed/Failed/Skipped:</td><td>2/2/0</td>
</tr><tr>
<td>Started on:</td><td>Mon Feb 16 00:37:44 MST 2015</td>
</tr>
<tr><td>Total time:</td><td>709 seconds (709846 ms)</td>
</tr><tr>
<td>Included groups:</td><td></td>
</tr><tr>
<td>Excluded groups:</td><td></td>
</tr>
</table><p/>
<small><i>(Hover the method name to see the test class name)</i></small><p/>
<table width='100%' border='1' class='invocation-failed'>
<tr><td colspan='4' align='center'><b>FAILED TESTS</b></td></tr>
<tr><td><b>Test method</b></td>
<td width="30%"><b>Exception</b></td>
<td width="10%"><b>Time (seconds)</b></td>
<td><b>Instance</b></td>
</tr>
<tr>
<td title='com.qa141.occs.dbservice.C9_OCDBS_03_InstanceModification.test()'><b>test</b><br>Test class: com.qa141.occs.dbservice.C9_OCDBS_03_InstanceModification<br>Parameters: iexplore<br/>
<a href="#Output-207002720" onClick='toggleBox("Output-207002720", this, "Show output", "Hide output");'>Show output</a>

<a href="#Output-207002720" onClick="toggleAllBoxes();">Show all outputs</a>
<div class='log' id="Output-207002720">
<a href=C:\SAFc\tests\OPC\test-output\screenShots\02-16-2015\02-16-2015_12.48.02_com.qa141.occs.dbservice.C9_OCDBS_03_InstanceModification_test.png target='_blank' >02-16-2015_12.48.02_com.qa141.occs.dbservice.C9_OCDBS_03_InstanceModification_test.png</a><br/>
<a href=C:\SAFc\tests\OPC\test-output\screenShots\02-16-2015\02-16-2015_12.48.02_com.qa141.occs.dbservice.C9_OCDBS_03_InstanceModification_test.png target='_blank' >Screenshot</a><br/>
<img src="file:///C:\SAFc\tests\OPC\test-output\screenShots\02-16-2015\02-16-2015_12.48.02_com.qa141.occs.dbservice.C9_OCDBS_03_InstanceModification_test.png" width=500 height=300" alt=""/><br /><br/>
</div>
</td>
<td><div><pre>java.lang.AssertionError: Unable to find element with xpath == .//*[contains(.,&apos;Scale Up In Progress...&apos;)] (WARNING: The server did not provide any stacktrace information)
Command duration or timeout: 20.61 seconds
For documentation on this error, please visit: http://seleniumhq.org/exceptions/no_such_element.html
Build info: version: &apos;2.39.0&apos;, revision: &apos;ff23eac&apos;, time: &apos;2013-12-16 16:11:15&apos;
System info: host: &apos;slc05gyj&apos;, ip: &apos;10.240.125.231&apos;, os.name: &apos;Windows 7&apos;, os.arch: &apos;amd64&apos;, os.version: &apos;6.1&apos;, java.version: &apos;1.6.0_34&apos;
Session ID: 89cf0f5f-8f36-4c0c-8309-5d6c0042de0a
Driver info: org.openqa.selenium.ie.InternetExplorerDriver
Capabilities [{platform=WINDOWS, elementScrollBehavior=0, javascriptEnabled=true, enablePersistentHover=true, ignoreZoomSetting=false, browserName=internet explorer, enableElementCacheCleanup=true, unexpectedAlertBehaviour=dismiss, version=9, cssSelectorsEnabled=true, ignoreProtectedModeSettings=false, requireWindowFocus=false, allowAsynchronousJavaScript=true, initialBrowserUrl=, handlesAlerts=true, nativeEvents=true, takesScreenshot=true}]
Command duration or timeout: 20.82 seconds
For documentation on this error, please visit: http://seleniumhq.org/exceptions/no_such_element.html
Build info: version: &apos;2.39.0&apos;, revision: &apos;ff23eac&apos;, time: &apos;2013-12-16 16:11:15&apos;
System info: host: &apos;slc05gyj&apos;, ip: &apos;10.240.125.231&apos;, os.name: &apos;Windows 7&apos;, os.arch: &apos;amd64&apos;, os.version: &apos;6.1&apos;, java.version: &apos;1.6.0_34&apos;
Session ID: bb715404-70d6-4f23-94b8-fca798b74148
Driver info: org.openqa.selenium.remote.RemoteWebDriver
Capabilities [{platform=WINDOWS, elementScrollBehavior=0, javascriptEnabled=true, enablePersistentHover=true, ignoreZoomSetting=false, browserName=internet explorer, enableElementCacheCleanup=true, unexpectedAlertBehaviour=dismiss, webdriver.remote.sessionid=bb715404-70d6-4f23-94b8-fca798b74148, version=9, cssSelectorsEnabled=true, ignoreProtectedModeSettings=false, requireWindowFocus=false, allowAsynchronousJavaScript=true, initialBrowserUrl=, handlesAlerts=true, nativeEvents=true, takesScreenshot=true}]
	at org.junit.Assert.fail(Assert.java:88)
	at com.qa141.occs.dbservice.C9_OCDBS_03_InstanceModification.test(C9_OCDBS_03_InstanceModification.java:98)
... Removed 24 stack frames</pre></div><a href='#' onClick='toggleBox("stack-trace207002720", this, "Click to show all stack frames", "Click to hide stack frames")'>Click to show all stack frames</a>
<div class='stack-trace' id='stack-trace207002720'><pre>java.lang.AssertionError: Unable to find element with xpath == .//*[contains(.,&apos;Scale Up In Progress...&apos;)] (WARNING: The server did not provide any stacktrace information)
Command duration or timeout: 20.61 seconds
For documentation on this error, please visit: http://seleniumhq.org/exceptions/no_such_element.html
Build info: version: &apos;2.39.0&apos;, revision: &apos;ff23eac&apos;, time: &apos;2013-12-16 16:11:15&apos;
System info: host: &apos;slc05gyj&apos;, ip: &apos;10.240.125.231&apos;, os.name: &apos;Windows 7&apos;, os.arch: &apos;amd64&apos;, os.version: &apos;6.1&apos;, java.version: &apos;1.6.0_34&apos;
Session ID: 89cf0f5f-8f36-4c0c-8309-5d6c0042de0a
Driver info: org.openqa.selenium.ie.InternetExplorerDriver
Capabilities [{platform=WINDOWS, elementScrollBehavior=0, javascriptEnabled=true, enablePersistentHover=true, ignoreZoomSetting=false, browserName=internet explorer, enableElementCacheCleanup=true, unexpectedAlertBehaviour=dismiss, version=9, cssSelectorsEnabled=true, ignoreProtectedModeSettings=false, requireWindowFocus=false, allowAsynchronousJavaScript=true, initialBrowserUrl=, handlesAlerts=true, nativeEvents=true, takesScreenshot=true}]
Command duration or timeout: 20.82 seconds
For documentation on this error, please visit: http://seleniumhq.org/exceptions/no_such_element.html
Build info: version: &apos;2.39.0&apos;, revision: &apos;ff23eac&apos;, time: &apos;2013-12-16 16:11:15&apos;
System info: host: &apos;slc05gyj&apos;, ip: &apos;10.240.125.231&apos;, os.name: &apos;Windows 7&apos;, os.arch: &apos;amd64&apos;, os.version: &apos;6.1&apos;, java.version: &apos;1.6.0_34&apos;
Session ID: bb715404-70d6-4f23-94b8-fca798b74148
Driver info: org.openqa.selenium.remote.RemoteWebDriver
Capabilities [{platform=WINDOWS, elementScrollBehavior=0, javascriptEnabled=true, enablePersistentHover=true, ignoreZoomSetting=false, browserName=internet explorer, enableElementCacheCleanup=true, unexpectedAlertBehaviour=dismiss, webdriver.remote.sessionid=bb715404-70d6-4f23-94b8-fca798b74148, version=9, cssSelectorsEnabled=true, ignoreProtectedModeSettings=false, requireWindowFocus=false, allowAsynchronousJavaScript=true, initialBrowserUrl=, handlesAlerts=true, nativeEvents=true, takesScreenshot=true}]
	at org.junit.Assert.fail(Assert.java:88)
	at com.qa141.occs.dbservice.C9_OCDBS_03_InstanceModification.test(C9_OCDBS_03_InstanceModification.java:98)
	at sun.reflect.NativeMethodAccessorImpl.invoke0(Native Method)
	at sun.reflect.NativeMethodAccessorImpl.invoke(Unknown Source)
	at sun.reflect.DelegatingMethodAccessorImpl.invoke(Unknown Source)
	at java.lang.reflect.Method.invoke(Unknown Source)
	at org.testng.internal.MethodInvocationHelper.invokeMethod(MethodInvocationHelper.java:80)
	at org.testng.internal.Invoker.invokeMethod(Invoker.java:714)
	at org.testng.internal.Invoker.invokeTestMethod(Invoker.java:901)
	at org.testng.internal.Invoker.invokeTestMethods(Invoker.java:1231)
	at org.testng.internal.TestMethodWorker.invokeTestMethods(TestMethodWorker.java:128)
	at org.testng.internal.TestMethodWorker.run(TestMethodWorker.java:111)
	at org.testng.TestRunner.privateRun(TestRunner.java:767)
	at org.testng.TestRunner.run(TestRunner.java:617)
	at org.testng.SuiteRunner.runTest(SuiteRunner.java:334)
	at org.testng.SuiteRunner.runSequentially(SuiteRunner.java:329)
	at org.testng.SuiteRunner.privateRun(SuiteRunner.java:291)
	at org.testng.SuiteRunner.run(SuiteRunner.java:240)
	at org.testng.SuiteRunnerWorker.runSuite(SuiteRunnerWorker.java:52)
	at org.testng.SuiteRunnerWorker.run(SuiteRunnerWorker.java:86)
	at org.testng.TestNG.runSuitesSequentially(TestNG.java:1203)
	at org.testng.TestNG.runSuitesLocally(TestNG.java:1128)
	at org.testng.TestNG.run(TestNG.java:1036)
	at org.testng.remote.RemoteTestNG.run(RemoteTestNG.java:111)
	at org.testng.remote.RemoteTestNG.initAndRun(RemoteTestNG.java:204)
	at org.testng.remote.RemoteTestNG.main(RemoteTestNG.java:175)
</pre></div></td>
<td>220</td>
<td>com.qa141.occs.dbservice.C9_OCDBS_03_InstanceModification@b113622</td></tr>
<tr>
<td title='com.qa141.occs.dbservice.C9_OCDBS_04_DeleteService.test()'><b>test</b><br>Test class: com.qa141.occs.dbservice.C9_OCDBS_04_DeleteService<br>Parameters: iexplore<br/>
<a href="#Output-1494797114" onClick='toggleBox("Output-1494797114", this, "Show output", "Hide output");'>Show output</a>

<a href="#Output-1494797114" onClick="toggleAllBoxes();">Show all outputs</a>
<div class='log' id="Output-1494797114">
<a href=C:\SAFc\tests\OPC\test-output\screenShots\02-16-2015\02-16-2015_12.49.33_com.qa141.occs.dbservice.C9_OCDBS_04_DeleteService_test.png target='_blank' >02-16-2015_12.49.33_com.qa141.occs.dbservice.C9_OCDBS_04_DeleteService_test.png</a><br/>
<a href=C:\SAFc\tests\OPC\test-output\screenShots\02-16-2015\02-16-2015_12.49.33_com.qa141.occs.dbservice.C9_OCDBS_04_DeleteService_test.png target='_blank' >Screenshot</a><br/>
<img src="file:///C:\SAFc\tests\OPC\test-output\screenShots\02-16-2015\02-16-2015_12.49.33_com.qa141.occs.dbservice.C9_OCDBS_04_DeleteService_test.png" width=500 height=300" alt=""/><br /><br/>
</div>
</td>
<td><div><pre>java.lang.AssertionError: Unable to find element with id == r1:0:pt1:sections:removeService (WARNING: The server did not provide any stacktrace information)
Command duration or timeout: 20.42 seconds
For documentation on this error, please visit: http://seleniumhq.org/exceptions/no_such_element.html
Build info: version: &apos;2.39.0&apos;, revision: &apos;ff23eac&apos;, time: &apos;2013-12-16 16:11:15&apos;
System info: host: &apos;slc05gyj&apos;, ip: &apos;10.240.125.231&apos;, os.name: &apos;Windows 7&apos;, os.arch: &apos;amd64&apos;, os.version: &apos;6.1&apos;, java.version: &apos;1.6.0_34&apos;
Session ID: c1dad251-22e6-49b6-84a9-2d9c19376ce6
Driver info: org.openqa.selenium.ie.InternetExplorerDriver
Capabilities [{platform=WINDOWS, elementScrollBehavior=0, javascriptEnabled=true, enablePersistentHover=true, ignoreZoomSetting=false, browserName=internet explorer, enableElementCacheCleanup=true, unexpectedAlertBehaviour=dismiss, version=9, cssSelectorsEnabled=true, ignoreProtectedModeSettings=false, requireWindowFocus=false, allowAsynchronousJavaScript=true, initialBrowserUrl=, handlesAlerts=true, nativeEvents=true, takesScreenshot=true}]
Command duration or timeout: 20.61 seconds
For documentation on this error, please visit: http://seleniumhq.org/exceptions/no_such_element.html
Build info: version: &apos;2.39.0&apos;, revision: &apos;ff23eac&apos;, time: &apos;2013-12-16 16:11:15&apos;
System info: host: &apos;slc05gyj&apos;, ip: &apos;10.240.125.231&apos;, os.name: &apos;Windows 7&apos;, os.arch: &apos;amd64&apos;, os.version: &apos;6.1&apos;, java.version: &apos;1.6.0_34&apos;
Session ID: a8e6fa63-1c52-4daf-9ca9-841ef3dc9acd
Driver info: org.openqa.selenium.remote.RemoteWebDriver
Capabilities [{platform=WINDOWS, elementScrollBehavior=0, javascriptEnabled=true, enablePersistentHover=true, ignoreZoomSetting=false, browserName=internet explorer, enableElementCacheCleanup=true, unexpectedAlertBehaviour=dismiss, webdriver.remote.sessionid=a8e6fa63-1c52-4daf-9ca9-841ef3dc9acd, version=9, cssSelectorsEnabled=true, ignoreProtectedModeSettings=false, requireWindowFocus=false, allowAsynchronousJavaScript=true, initialBrowserUrl=, handlesAlerts=true, nativeEvents=true, takesScreenshot=true}]
	at org.junit.Assert.fail(Assert.java:88)
	at com.qa141.occs.dbservice.C9_OCDBS_04_DeleteService.test(C9_OCDBS_04_DeleteService.java:87)
... Removed 24 stack frames</pre></div><a href='#' onClick='toggleBox("stack-trace1494797114", this, "Click to show all stack frames", "Click to hide stack frames")'>Click to show all stack frames</a>
<div class='stack-trace' id='stack-trace1494797114'><pre>java.lang.AssertionError: Unable to find element with id == r1:0:pt1:sections:removeService (WARNING: The server did not provide any stacktrace information)
Command duration or timeout: 20.42 seconds
For documentation on this error, please visit: http://seleniumhq.org/exceptions/no_such_element.html
Build info: version: &apos;2.39.0&apos;, revision: &apos;ff23eac&apos;, time: &apos;2013-12-16 16:11:15&apos;
System info: host: &apos;slc05gyj&apos;, ip: &apos;10.240.125.231&apos;, os.name: &apos;Windows 7&apos;, os.arch: &apos;amd64&apos;, os.version: &apos;6.1&apos;, java.version: &apos;1.6.0_34&apos;
Session ID: c1dad251-22e6-49b6-84a9-2d9c19376ce6
Driver info: org.openqa.selenium.ie.InternetExplorerDriver
Capabilities [{platform=WINDOWS, elementScrollBehavior=0, javascriptEnabled=true, enablePersistentHover=true, ignoreZoomSetting=false, browserName=internet explorer, enableElementCacheCleanup=true, unexpectedAlertBehaviour=dismiss, version=9, cssSelectorsEnabled=true, ignoreProtectedModeSettings=false, requireWindowFocus=false, allowAsynchronousJavaScript=true, initialBrowserUrl=, handlesAlerts=true, nativeEvents=true, takesScreenshot=true}]
Command duration or timeout: 20.61 seconds
For documentation on this error, please visit: http://seleniumhq.org/exceptions/no_such_element.html
Build info: version: &apos;2.39.0&apos;, revision: &apos;ff23eac&apos;, time: &apos;2013-12-16 16:11:15&apos;
System info: host: &apos;slc05gyj&apos;, ip: &apos;10.240.125.231&apos;, os.name: &apos;Windows 7&apos;, os.arch: &apos;amd64&apos;, os.version: &apos;6.1&apos;, java.version: &apos;1.6.0_34&apos;
Session ID: a8e6fa63-1c52-4daf-9ca9-841ef3dc9acd
Driver info: org.openqa.selenium.remote.RemoteWebDriver
Capabilities [{platform=WINDOWS, elementScrollBehavior=0, javascriptEnabled=true, enablePersistentHover=true, ignoreZoomSetting=false, browserName=internet explorer, enableElementCacheCleanup=true, unexpectedAlertBehaviour=dismiss, webdriver.remote.sessionid=a8e6fa63-1c52-4daf-9ca9-841ef3dc9acd, version=9, cssSelectorsEnabled=true, ignoreProtectedModeSettings=false, requireWindowFocus=false, allowAsynchronousJavaScript=true, initialBrowserUrl=, handlesAlerts=true, nativeEvents=true, takesScreenshot=true}]
	at org.junit.Assert.fail(Assert.java:88)
	at com.qa141.occs.dbservice.C9_OCDBS_04_DeleteService.test(C9_OCDBS_04_DeleteService.java:87)
	at sun.reflect.NativeMethodAccessorImpl.invoke0(Native Method)
	at sun.reflect.NativeMethodAccessorImpl.invoke(Unknown Source)
	at sun.reflect.DelegatingMethodAccessorImpl.invoke(Unknown Source)
	at java.lang.reflect.Method.invoke(Unknown Source)
	at org.testng.internal.MethodInvocationHelper.invokeMethod(MethodInvocationHelper.java:80)
	at org.testng.internal.Invoker.invokeMethod(Invoker.java:714)
	at org.testng.internal.Invoker.invokeTestMethod(Invoker.java:901)
	at org.testng.internal.Invoker.invokeTestMethods(Invoker.java:1231)
	at org.testng.internal.TestMethodWorker.invokeTestMethods(TestMethodWorker.java:128)
	at org.testng.internal.TestMethodWorker.run(TestMethodWorker.java:111)
	at org.testng.TestRunner.privateRun(TestRunner.java:767)
	at org.testng.TestRunner.run(TestRunner.java:617)
	at org.testng.SuiteRunner.runTest(SuiteRunner.java:334)
	at org.testng.SuiteRunner.runSequentially(SuiteRunner.java:329)
	at org.testng.SuiteRunner.privateRun(SuiteRunner.java:291)
	at org.testng.SuiteRunner.run(SuiteRunner.java:240)
	at org.testng.SuiteRunnerWorker.runSuite(SuiteRunnerWorker.java:52)
	at org.testng.SuiteRunnerWorker.run(SuiteRunnerWorker.java:86)
	at org.testng.TestNG.runSuitesSequentially(TestNG.java:1203)
	at org.testng.TestNG.runSuitesLocally(TestNG.java:1128)
	at org.testng.TestNG.run(TestNG.java:1036)
	at org.testng.remote.RemoteTestNG.run(RemoteTestNG.java:111)
	at org.testng.remote.RemoteTestNG.initAndRun(RemoteTestNG.java:204)
	at org.testng.remote.RemoteTestNG.main(RemoteTestNG.java:175)
</pre></div></td>
<td>87</td>
<td>com.qa141.occs.dbservice.C9_OCDBS_04_DeleteService@7f70888e</td></tr>
</table><p>
<table width='100%' border='1' class='invocation-passed'>
<tr><td colspan='4' align='center'><b>PASSED TESTS</b></td></tr>
<tr><td><b>Test method</b></td>
<td width="30%"><b>Exception</b></td>
<td width="10%"><b>Time (seconds)</b></td>
<td><b>Instance</b></td>
</tr>
<tr>
<td title='com.qa141.occs.dbservice.C9_OCDBS_01_InstanceCreation.test()'><b>test</b><br>Test class: com.qa141.occs.dbservice.C9_OCDBS_01_InstanceCreation<br>Parameters: iexplore</td>
<td></td>
<td>313</td>
<td>com.qa141.occs.dbservice.C9_OCDBS_01_InstanceCreation@47d62270</td></tr>
<tr>
<td title='com.qa141.occs.dbservice.C9_OCDBS_02_SearchBox.test()'><b>test</b><br>Test class: com.qa141.occs.dbservice.C9_OCDBS_02_SearchBox<br>Parameters: iexplore</td>
<td></td>
<td>79</td>
<td>com.qa141.occs.dbservice.C9_OCDBS_02_SearchBox@a210b5b</td></tr>
</table><p>
</body>
</html>