<?xml version="1.0" encoding="UTF-8"?>
<!-- Generated by org.testng.reporters.JUnitXMLReporter -->
<testsuite hostname="slc05gyj" name="Java" tests="17" failures="1" timestamp="13 Jul 2015 11:57:48 GMT" time="4383.815" errors="0">
  <testcase name="test" time="240.725" classname="com.qa132.java.C9_EMGC_01_LoginLogoutOfJavaServiceConsole_Test"/>
  <testcase name="test" time="283.522" classname="com.qa132.java.C9_EMGC_02_DeployingJavaApplication_Test"/>
  <testcase name="test" time="255.046" classname="com.qa132.java.C9_EMGC_03_StartApplication_Test"/>
  <testcase name="test" time="271.307" classname="com.qa132.java.C9_EMGC_04_AccessJavaApplicationDeployed_Test"/>
  <testcase name="test" time="243.041" classname="com.qa132.java.C9_EMGC_05_StopAplication_Test"/>
  <testcase name="test" time="274.118" classname="com.qa132.java.C9_EMGC_06_ReDeployingJavaApplication_Test"/>
  <testcase name="test" time="244.562" classname="com.qa132.java.C9_EMGC_07_AccessMyServicesPage_Test"/>
  <testcase name="test" time="261.086" classname="com.qa132.java.C9_EMGC_08_DeleteApplication_Test"/>
  <testcase name="test" time="319.377" classname="com.qa132.java.C9_Java_11_VerifyLinks_Test"/>
  <testcase name="test" time="281.973" classname="com.qa132.java.C9_Java_12_VerifyUI_Test"/>
  <testcase name="test" time="278.012" classname="com.qa132.java.C9_Java_13_FieldLevelCheck_Test"/>
  <testcase name="test" time="263.239" classname="com.qa132.java.C9_Java_14_ValidateError_Test"/>
  <testcase name="test" time="262.678" classname="com.qa132.java.C9_Java_15_ErrorHandling_Test"/>
  <testcase name="test" time="142.85" classname="com.qa132.java.C9_Java_16_SearchFeature_Test">
    <failure type="java.lang.AssertionError" message="no such element
  (Session info: chrome=43.0.2357.81)
  (Driver info: chromedriver=2.9.248315,platform=Windows NT 6.1 SP1 x86_64) (WARNING: The server did not provide any stacktrace information)
Command duration or timeout: 20.07 seconds
For documentation on this error, please visit: http://seleniumhq.org/exceptions/no_such_element.html
Build info: version: &amp;apos;2.39.0&amp;apos;, revision: &amp;apos;ff23eac&amp;apos;, time: &amp;apos;2013-12-16 16:11:15&amp;apos;
System info: host: &amp;apos;slc05gyj&amp;apos;, ip: &amp;apos;10.240.125.231&amp;apos;, os.name: &amp;apos;Windows 7&amp;apos;, os.arch: &amp;apos;amd64&amp;apos;, os.version: &amp;apos;6.1&amp;apos;, java.version: &amp;apos;1.6.0_34&amp;apos;
Session ID: 940da5c2980e824b5559143529d982e3
Driver info: org.openqa.selenium.chrome.ChromeDriver
Capabilities [{platform=XP, acceptSslCerts=true, javascriptEnabled=true, browserName=chrome, chrome={userDataDir=C:\Users\ashikuku\AppData\Local\Temp\scoped_dir245216_18266}, rotatable=false, locationContextEnabled=true, version=43.0.2357.81, takesHeapSnapshot=true, cssSelectorsEnabled=true, databaseEnabled=false, handlesAlerts=true, browserConnectionEnabled=false, nativeEvents=true, webStorageEnabled=true, applicationCacheEnabled=false, takesScreenshot=true}]
Command duration or timeout: 20.17 seconds
For documentation on this error, please visit: http://seleniumhq.org/exceptions/no_such_element.html
Build info: version: &amp;apos;2.39.0&amp;apos;, revision: &amp;apos;ff23eac&amp;apos;, time: &amp;apos;2013-12-16 16:11:15&amp;apos;
System info: host: &amp;apos;slc05gyj&amp;apos;, ip: &amp;apos;10.240.125.231&amp;apos;, os.name: &amp;apos;Windows 7&amp;apos;, os.arch: &amp;apos;amd64&amp;apos;, os.version: &amp;apos;6.1&amp;apos;, java.version: &amp;apos;1.6.0_34&amp;apos;
Session ID: 453a4858-61ad-4373-8f20-4006361aef00
Driver info: org.openqa.selenium.remote.RemoteWebDriver
Capabilities [{platform=XP, acceptSslCerts=true, javascriptEnabled=true, browserName=chrome, chrome={userDataDir=C:\Users\ashikuku\AppData\Local\Temp\scoped_dir245216_18266}, rotatable=false, locationContextEnabled=true, webdriver.remote.sessionid=453a4858-61ad-4373-8f20-4006361aef00, version=43.0.2357.81, takesHeapSnapshot=true, cssSelectorsEnabled=true, databaseEnabled=false, handlesAlerts=true, browserConnectionEnabled=false, nativeEvents=true, webStorageEnabled=true, applicationCacheEnabled=false, takesScreenshot=true}]">
      <![CDATA[java.lang.AssertionError: no such element
  (Session info: chrome=43.0.2357.81)
  (Driver info: chromedriver=2.9.248315,platform=Windows NT 6.1 SP1 x86_64) (WARNING: The server did not provide any stacktrace information)
Command duration or timeout: 20.07 seconds
For documentation on this error, please visit: http://seleniumhq.org/exceptions/no_such_element.html
Build info: version: '2.39.0', revision: 'ff23eac', time: '2013-12-16 16:11:15'
System info: host: 'slc05gyj', ip: '10.240.125.231', os.name: 'Windows 7', os.arch: 'amd64', os.version: '6.1', java.version: '1.6.0_34'
Session ID: 940da5c2980e824b5559143529d982e3
Driver info: org.openqa.selenium.chrome.ChromeDriver
Capabilities [{platform=XP, acceptSslCerts=true, javascriptEnabled=true, browserName=chrome, chrome={userDataDir=C:\Users\ashikuku\AppData\Local\Temp\scoped_dir245216_18266}, rotatable=false, locationContextEnabled=true, version=43.0.2357.81, takesHeapSnapshot=true, cssSelectorsEnabled=true, databaseEnabled=false, handlesAlerts=true, browserConnectionEnabled=false, nativeEvents=true, webStorageEnabled=true, applicationCacheEnabled=false, takesScreenshot=true}]
Command duration or timeout: 20.17 seconds
For documentation on this error, please visit: http://seleniumhq.org/exceptions/no_such_element.html
Build info: version: '2.39.0', revision: 'ff23eac', time: '2013-12-16 16:11:15'
System info: host: 'slc05gyj', ip: '10.240.125.231', os.name: 'Windows 7', os.arch: 'amd64', os.version: '6.1', java.version: '1.6.0_34'
Session ID: 453a4858-61ad-4373-8f20-4006361aef00
Driver info: org.openqa.selenium.remote.RemoteWebDriver
Capabilities [{platform=XP, acceptSslCerts=true, javascriptEnabled=true, browserName=chrome, chrome={userDataDir=C:\Users\ashikuku\AppData\Local\Temp\scoped_dir245216_18266}, rotatable=false, locationContextEnabled=true, webdriver.remote.sessionid=453a4858-61ad-4373-8f20-4006361aef00, version=43.0.2357.81, takesHeapSnapshot=true, cssSelectorsEnabled=true, databaseEnabled=false, handlesAlerts=true, browserConnectionEnabled=false, nativeEvents=true, webStorageEnabled=true, applicationCacheEnabled=false, takesScreenshot=true}]
	at com.qa132.java.C9_Java_16_SearchFeature_Test.test(C9_Java_16_SearchFeature_Test.java:131)
... Removed 25 stack frames]]>
    </failure>
  </testcase> <!-- test -->
  <testcase name="test" time="254.001" classname="com.qa132.java.C9_Java_17_ErrorPage_Test"/>
  <testcase name="test" time="237.958" classname="com.qa132.java.C9_Java_18_Functionality_Test"/>
  <testcase name="test" time="248.032" classname="com.qa132.java.C9_Java_19_Security_Test"/>
</testsuite> <!-- Java -->
