<html>
<head>
<title>TestNG:  Java</title>
<link href="../testng.css" rel="stylesheet" type="text/css" />
<link href="../my-testng.css" rel="stylesheet" type="text/css" />

<style type="text/css">
.log { display: none;} 
.stack-trace { display: none;} 
</style>
<script type="text/javascript">
<!--
function flip(e) {
  current = e.style.display;
  if (current == 'block') {
    e.style.display = 'none';
    return 0;
  }
  else {
    e.style.display = 'block';
    return 1;
  }
}

function toggleBox(szDivId, elem, msg1, msg2)
{
  var res = -1;  if (document.getElementById) {
    res = flip(document.getElementById(szDivId));
  }
  else if (document.all) {
    // this is the way old msie versions work
    res = flip(document.all[szDivId]);
  }
  if(elem) {
    if(res == 0) elem.innerHTML = msg1; else elem.innerHTML = msg2;
  }

}

function toggleAllBoxes() {
  if (document.getElementsByTagName) {
    d = document.getElementsByTagName('div');
    for (i = 0; i < d.length; i++) {
      if (d[i].className == 'log') {
        flip(d[i]);
      }
    }
  }
}

// -->
</script>

</head>
<body>
<h2 align='center'>Java</h2><table border='1' align="center">
<tr>
<td>Tests passed/Failed/Skipped:</td><td>16/1/0</td>
</tr><tr>
<td>Started on:</td><td>Mon Jul 13 04:44:44 MDT 2015</td>
</tr>
<tr><td>Total time:</td><td>4383 seconds (4383815 ms)</td>
</tr><tr>
<td>Included groups:</td><td></td>
</tr><tr>
<td>Excluded groups:</td><td></td>
</tr>
</table><p/>
<small><i>(Hover the method name to see the test class name)</i></small><p/>
<table width='100%' border='1' class='invocation-failed'>
<tr><td colspan='4' align='center'><b>FAILED TESTS</b></td></tr>
<tr><td><b>Test method</b></td>
<td width="30%"><b>Exception</b></td>
<td width="10%"><b>Time (seconds)</b></td>
<td><b>Instance</b></td>
</tr>
<tr>
<td title='com.qa132.java.C9_Java_16_SearchFeature_Test.test()'><b>test</b><br>Test class: com.qa132.java.C9_Java_16_SearchFeature_Test<br>Parameters: chrome<br/>
<a href="#Output-1009611840" onClick='toggleBox("Output-1009611840", this, "Show output", "Hide output");'>Show output</a>

<a href="#Output-1009611840" onClick="toggleAllBoxes();">Show all outputs</a>
<div class='log' id="Output-1009611840">
<a href=C:\SAFc\tests\OPC\test-output\screenShots\07-13-2015\07-13-2015_05.45.23_com.qa132.java.C9_Java_16_SearchFeature_Test_test.png target='_blank' >07-13-2015_05.45.23_com.qa132.java.C9_Java_16_SearchFeature_Test_test.png</a><br/>
<a href=C:\SAFc\tests\OPC\test-output\screenShots\07-13-2015\07-13-2015_05.45.23_com.qa132.java.C9_Java_16_SearchFeature_Test_test.png target='_blank' >Screenshot</a><br/>
<img src="file:///C:\SAFc\tests\OPC\test-output\screenShots\07-13-2015\07-13-2015_05.45.23_com.qa132.java.C9_Java_16_SearchFeature_Test_test.png" width=500 height=300" alt=""/><br /><br/>
</div>
</td>
<td><div><pre>java.lang.AssertionError: no such element
  (Session info: chrome=43.0.2357.81)
  (Driver info: chromedriver=2.9.248315,platform=Windows NT 6.1 SP1 x86_64) (WARNING: The server did not provide any stacktrace information)
Command duration or timeout: 20.07 seconds
For documentation on this error, please visit: http://seleniumhq.org/exceptions/no_such_element.html
Build info: version: &apos;2.39.0&apos;, revision: &apos;ff23eac&apos;, time: &apos;2013-12-16 16:11:15&apos;
System info: host: &apos;slc05gyj&apos;, ip: &apos;10.240.125.231&apos;, os.name: &apos;Windows 7&apos;, os.arch: &apos;amd64&apos;, os.version: &apos;6.1&apos;, java.version: &apos;1.6.0_34&apos;
Session ID: 940da5c2980e824b5559143529d982e3
Driver info: org.openqa.selenium.chrome.ChromeDriver
Capabilities [{platform=XP, acceptSslCerts=true, javascriptEnabled=true, browserName=chrome, chrome={userDataDir=C:\Users\ashikuku\AppData\Local\Temp\scoped_dir245216_18266}, rotatable=false, locationContextEnabled=true, version=43.0.2357.81, takesHeapSnapshot=true, cssSelectorsEnabled=true, databaseEnabled=false, handlesAlerts=true, browserConnectionEnabled=false, nativeEvents=true, webStorageEnabled=true, applicationCacheEnabled=false, takesScreenshot=true}]
Command duration or timeout: 20.17 seconds
For documentation on this error, please visit: http://seleniumhq.org/exceptions/no_such_element.html
Build info: version: &apos;2.39.0&apos;, revision: &apos;ff23eac&apos;, time: &apos;2013-12-16 16:11:15&apos;
System info: host: &apos;slc05gyj&apos;, ip: &apos;10.240.125.231&apos;, os.name: &apos;Windows 7&apos;, os.arch: &apos;amd64&apos;, os.version: &apos;6.1&apos;, java.version: &apos;1.6.0_34&apos;
Session ID: 453a4858-61ad-4373-8f20-4006361aef00
Driver info: org.openqa.selenium.remote.RemoteWebDriver
Capabilities [{platform=XP, acceptSslCerts=true, javascriptEnabled=true, browserName=chrome, chrome={userDataDir=C:\Users\ashikuku\AppData\Local\Temp\scoped_dir245216_18266}, rotatable=false, locationContextEnabled=true, webdriver.remote.sessionid=453a4858-61ad-4373-8f20-4006361aef00, version=43.0.2357.81, takesHeapSnapshot=true, cssSelectorsEnabled=true, databaseEnabled=false, handlesAlerts=true, browserConnectionEnabled=false, nativeEvents=true, webStorageEnabled=true, applicationCacheEnabled=false, takesScreenshot=true}]
	at com.qa132.java.C9_Java_16_SearchFeature_Test.test(C9_Java_16_SearchFeature_Test.java:131)
... Removed 25 stack frames</pre></div><a href='#' onClick='toggleBox("stack-trace1009611840", this, "Click to show all stack frames", "Click to hide stack frames")'>Click to show all stack frames</a>
<div class='stack-trace' id='stack-trace1009611840'><pre>java.lang.AssertionError: no such element
  (Session info: chrome=43.0.2357.81)
  (Driver info: chromedriver=2.9.248315,platform=Windows NT 6.1 SP1 x86_64) (WARNING: The server did not provide any stacktrace information)
Command duration or timeout: 20.07 seconds
For documentation on this error, please visit: http://seleniumhq.org/exceptions/no_such_element.html
Build info: version: &apos;2.39.0&apos;, revision: &apos;ff23eac&apos;, time: &apos;2013-12-16 16:11:15&apos;
System info: host: &apos;slc05gyj&apos;, ip: &apos;10.240.125.231&apos;, os.name: &apos;Windows 7&apos;, os.arch: &apos;amd64&apos;, os.version: &apos;6.1&apos;, java.version: &apos;1.6.0_34&apos;
Session ID: 940da5c2980e824b5559143529d982e3
Driver info: org.openqa.selenium.chrome.ChromeDriver
Capabilities [{platform=XP, acceptSslCerts=true, javascriptEnabled=true, browserName=chrome, chrome={userDataDir=C:\Users\ashikuku\AppData\Local\Temp\scoped_dir245216_18266}, rotatable=false, locationContextEnabled=true, version=43.0.2357.81, takesHeapSnapshot=true, cssSelectorsEnabled=true, databaseEnabled=false, handlesAlerts=true, browserConnectionEnabled=false, nativeEvents=true, webStorageEnabled=true, applicationCacheEnabled=false, takesScreenshot=true}]
Command duration or timeout: 20.17 seconds
For documentation on this error, please visit: http://seleniumhq.org/exceptions/no_such_element.html
Build info: version: &apos;2.39.0&apos;, revision: &apos;ff23eac&apos;, time: &apos;2013-12-16 16:11:15&apos;
System info: host: &apos;slc05gyj&apos;, ip: &apos;10.240.125.231&apos;, os.name: &apos;Windows 7&apos;, os.arch: &apos;amd64&apos;, os.version: &apos;6.1&apos;, java.version: &apos;1.6.0_34&apos;
Session ID: 453a4858-61ad-4373-8f20-4006361aef00
Driver info: org.openqa.selenium.remote.RemoteWebDriver
Capabilities [{platform=XP, acceptSslCerts=true, javascriptEnabled=true, browserName=chrome, chrome={userDataDir=C:\Users\ashikuku\AppData\Local\Temp\scoped_dir245216_18266}, rotatable=false, locationContextEnabled=true, webdriver.remote.sessionid=453a4858-61ad-4373-8f20-4006361aef00, version=43.0.2357.81, takesHeapSnapshot=true, cssSelectorsEnabled=true, databaseEnabled=false, handlesAlerts=true, browserConnectionEnabled=false, nativeEvents=true, webStorageEnabled=true, applicationCacheEnabled=false, takesScreenshot=true}]
	at org.testng.Assert.fail(Assert.java:94)
	at com.qa132.java.C9_Java_16_SearchFeature_Test.test(C9_Java_16_SearchFeature_Test.java:131)
	at sun.reflect.NativeMethodAccessorImpl.invoke0(Native Method)
	at sun.reflect.NativeMethodAccessorImpl.invoke(Unknown Source)
	at sun.reflect.DelegatingMethodAccessorImpl.invoke(Unknown Source)
	at java.lang.reflect.Method.invoke(Unknown Source)
	at org.testng.internal.MethodInvocationHelper.invokeMethod(MethodInvocationHelper.java:80)
	at org.testng.internal.Invoker.invokeMethod(Invoker.java:714)
	at org.testng.internal.Invoker.invokeTestMethod(Invoker.java:901)
	at org.testng.internal.Invoker.invokeTestMethods(Invoker.java:1231)
	at org.testng.internal.TestMethodWorker.invokeTestMethods(TestMethodWorker.java:128)
	at org.testng.internal.TestMethodWorker.run(TestMethodWorker.java:111)
	at org.testng.TestRunner.privateRun(TestRunner.java:767)
	at org.testng.TestRunner.run(TestRunner.java:617)
	at org.testng.SuiteRunner.runTest(SuiteRunner.java:334)
	at org.testng.SuiteRunner.runSequentially(SuiteRunner.java:329)
	at org.testng.SuiteRunner.privateRun(SuiteRunner.java:291)
	at org.testng.SuiteRunner.run(SuiteRunner.java:240)
	at org.testng.SuiteRunnerWorker.runSuite(SuiteRunnerWorker.java:52)
	at org.testng.SuiteRunnerWorker.run(SuiteRunnerWorker.java:86)
	at org.testng.TestNG.runSuitesSequentially(TestNG.java:1203)
	at org.testng.TestNG.runSuitesLocally(TestNG.java:1128)
	at org.testng.TestNG.run(TestNG.java:1036)
	at org.testng.remote.RemoteTestNG.run(RemoteTestNG.java:111)
	at org.testng.remote.RemoteTestNG.initAndRun(RemoteTestNG.java:204)
	at org.testng.remote.RemoteTestNG.main(RemoteTestNG.java:175)
</pre></div></td>
<td>142</td>
<td>com.qa132.java.C9_Java_16_SearchFeature_Test@17fe1feb</td></tr>
</table><p>
<table width='100%' border='1' class='invocation-passed'>
<tr><td colspan='4' align='center'><b>PASSED TESTS</b></td></tr>
<tr><td><b>Test method</b></td>
<td width="30%"><b>Exception</b></td>
<td width="10%"><b>Time (seconds)</b></td>
<td><b>Instance</b></td>
</tr>
<tr>
<td title='com.qa132.java.C9_EMGC_01_LoginLogoutOfJavaServiceConsole_Test.test()'><b>test</b><br>Test class: com.qa132.java.C9_EMGC_01_LoginLogoutOfJavaServiceConsole_Test<br>Parameters: chrome</td>
<td></td>
<td>240</td>
<td>com.qa132.java.C9_EMGC_01_LoginLogoutOfJavaServiceConsole_Test@3dbbd23f</td></tr>
<tr>
<td title='com.qa132.java.C9_EMGC_02_DeployingJavaApplication_Test.test()'><b>test</b><br>Test class: com.qa132.java.C9_EMGC_02_DeployingJavaApplication_Test<br>Parameters: chrome</td>
<td></td>
<td>283</td>
<td>com.qa132.java.C9_EMGC_02_DeployingJavaApplication_Test@647109c4</td></tr>
<tr>
<td title='com.qa132.java.C9_EMGC_03_StartApplication_Test.test()'><b>test</b><br>Test class: com.qa132.java.C9_EMGC_03_StartApplication_Test<br>Parameters: chrome</td>
<td></td>
<td>255</td>
<td>com.qa132.java.C9_EMGC_03_StartApplication_Test@7b36a43c</td></tr>
<tr>
<td title='com.qa132.java.C9_EMGC_04_AccessJavaApplicationDeployed_Test.test()'><b>test</b><br>Test class: com.qa132.java.C9_EMGC_04_AccessJavaApplicationDeployed_Test<br>Parameters: chrome</td>
<td></td>
<td>271</td>
<td>com.qa132.java.C9_EMGC_04_AccessJavaApplicationDeployed_Test@5d61dfb5</td></tr>
<tr>
<td title='com.qa132.java.C9_EMGC_05_StopAplication_Test.test()'><b>test</b><br>Test class: com.qa132.java.C9_EMGC_05_StopAplication_Test<br>Parameters: chrome</td>
<td></td>
<td>243</td>
<td>com.qa132.java.C9_EMGC_05_StopAplication_Test@3b75078b</td></tr>
<tr>
<td title='com.qa132.java.C9_EMGC_06_ReDeployingJavaApplication_Test.test()'><b>test</b><br>Test class: com.qa132.java.C9_EMGC_06_ReDeployingJavaApplication_Test<br>Parameters: chrome</td>
<td></td>
<td>274</td>
<td>com.qa132.java.C9_EMGC_06_ReDeployingJavaApplication_Test@77f297e7</td></tr>
<tr>
<td title='com.qa132.java.C9_EMGC_07_AccessMyServicesPage_Test.test()'><b>test</b><br>Test class: com.qa132.java.C9_EMGC_07_AccessMyServicesPage_Test<br>Parameters: chrome</td>
<td></td>
<td>244</td>
<td>com.qa132.java.C9_EMGC_07_AccessMyServicesPage_Test@15aaf0b3</td></tr>
<tr>
<td title='com.qa132.java.C9_EMGC_08_DeleteApplication_Test.test()'><b>test</b><br>Test class: com.qa132.java.C9_EMGC_08_DeleteApplication_Test<br>Parameters: chrome</td>
<td></td>
<td>261</td>
<td>com.qa132.java.C9_EMGC_08_DeleteApplication_Test@44a613f8</td></tr>
<tr>
<td title='com.qa132.java.C9_Java_11_VerifyLinks_Test.test()'><b>test</b><br>Test class: com.qa132.java.C9_Java_11_VerifyLinks_Test<br>Parameters: chrome</td>
<td></td>
<td>319</td>
<td>com.qa132.java.C9_Java_11_VerifyLinks_Test@5ff06dc3</td></tr>
<tr>
<td title='com.qa132.java.C9_Java_12_VerifyUI_Test.test()'><b>test</b><br>Test class: com.qa132.java.C9_Java_12_VerifyUI_Test<br>Parameters: chrome</td>
<td></td>
<td>281</td>
<td>com.qa132.java.C9_Java_12_VerifyUI_Test@5d3ad33d</td></tr>
<tr>
<td title='com.qa132.java.C9_Java_13_FieldLevelCheck_Test.test()'><b>test</b><br>Test class: com.qa132.java.C9_Java_13_FieldLevelCheck_Test<br>Parameters: chrome</td>
<td></td>
<td>278</td>
<td>com.qa132.java.C9_Java_13_FieldLevelCheck_Test@21aed5f9</td></tr>
<tr>
<td title='com.qa132.java.C9_Java_14_ValidateError_Test.test()'><b>test</b><br>Test class: com.qa132.java.C9_Java_14_ValidateError_Test<br>Parameters: chrome</td>
<td></td>
<td>263</td>
<td>com.qa132.java.C9_Java_14_ValidateError_Test@388ee016</td></tr>
<tr>
<td title='com.qa132.java.C9_Java_15_ErrorHandling_Test.test()'><b>test</b><br>Test class: com.qa132.java.C9_Java_15_ErrorHandling_Test<br>Parameters: chrome</td>
<td></td>
<td>262</td>
<td>com.qa132.java.C9_Java_15_ErrorHandling_Test@21b64e6a</td></tr>
<tr>
<td title='com.qa132.java.C9_Java_17_ErrorPage_Test.test()'><b>test</b><br>Test class: com.qa132.java.C9_Java_17_ErrorPage_Test<br>Parameters: chrome</td>
<td></td>
<td>254</td>
<td>com.qa132.java.C9_Java_17_ErrorPage_Test@8f0c85e</td></tr>
<tr>
<td title='com.qa132.java.C9_Java_18_Functionality_Test.test()'><b>test</b><br>Test class: com.qa132.java.C9_Java_18_Functionality_Test<br>Parameters: chrome</td>
<td></td>
<td>237</td>
<td>com.qa132.java.C9_Java_18_Functionality_Test@37eb2c1b</td></tr>
<tr>
<td title='com.qa132.java.C9_Java_19_Security_Test.test()'><b>test</b><br>Test class: com.qa132.java.C9_Java_19_Security_Test<br>Parameters: chrome</td>
<td></td>
<td>248</td>
<td>com.qa132.java.C9_Java_19_Security_Test@6bffc686</td></tr>
</table><p>
</body>
</html>