<?xml version="1.0" encoding="UTF-8"?>
<!-- Generated by org.testng.reporters.JUnitXMLReporter -->
<testsuite hostname="slc05gyj" name="My Account" tests="1" failures="1" timestamp="5 Jul 2015 06:18:04 GMT" time="130.799" errors="0">
  <testcase name="test" time="128.007" classname="com.qa141.myaccount.C9_MYA_05_ErrorHandling_Test">
    <failure type="java.lang.AssertionError" message="Unable to find element with xpath == //input[@id=&amp;apos;sso_username&amp;apos;] (WARNING: The server did not provide any stacktrace information)
Command duration or timeout: 20.10 seconds
For documentation on this error, please visit: http://seleniumhq.org/exceptions/no_such_element.html
Build info: version: &amp;apos;2.39.0&amp;apos;, revision: &amp;apos;ff23eac&amp;apos;, time: &amp;apos;2013-12-16 16:11:15&amp;apos;
System info: host: &amp;apos;slc05gyj&amp;apos;, ip: &amp;apos;10.240.125.231&amp;apos;, os.name: &amp;apos;Windows 7&amp;apos;, os.arch: &amp;apos;amd64&amp;apos;, os.version: &amp;apos;6.1&amp;apos;, java.version: &amp;apos;1.6.0_34&amp;apos;
Session ID: 1e70d89c-4998-4efc-858a-436dee73525e
Driver info: org.openqa.selenium.ie.InternetExplorerDriver
Capabilities [{platform=WINDOWS, elementScrollBehavior=0, javascriptEnabled=true, enablePersistentHover=true, ignoreZoomSetting=false, browserName=internet explorer, enableElementCacheCleanup=true, unexpectedAlertBehaviour=dismiss, version=9, cssSelectorsEnabled=true, ignoreProtectedModeSettings=false, requireWindowFocus=false, allowAsynchronousJavaScript=true, initialBrowserUrl=, handlesAlerts=true, nativeEvents=true, takesScreenshot=true}]
Command duration or timeout: 20.46 seconds
For documentation on this error, please visit: http://seleniumhq.org/exceptions/no_such_element.html
Build info: version: &amp;apos;2.39.0&amp;apos;, revision: &amp;apos;ff23eac&amp;apos;, time: &amp;apos;2013-12-16 16:11:15&amp;apos;
System info: host: &amp;apos;slc05gyj&amp;apos;, ip: &amp;apos;10.240.125.231&amp;apos;, os.name: &amp;apos;Windows 7&amp;apos;, os.arch: &amp;apos;amd64&amp;apos;, os.version: &amp;apos;6.1&amp;apos;, java.version: &amp;apos;1.6.0_34&amp;apos;
Session ID: 6910e9d2-9cf4-47e3-9e0a-12b7b4017369
Driver info: org.openqa.selenium.remote.RemoteWebDriver
Capabilities [{platform=WINDOWS, elementScrollBehavior=0, javascriptEnabled=true, enablePersistentHover=true, ignoreZoomSetting=false, browserName=internet explorer, enableElementCacheCleanup=true, unexpectedAlertBehaviour=dismiss, webdriver.remote.sessionid=6910e9d2-9cf4-47e3-9e0a-12b7b4017369, version=9, cssSelectorsEnabled=true, ignoreProtectedModeSettings=false, requireWindowFocus=false, allowAsynchronousJavaScript=true, initialBrowserUrl=, handlesAlerts=true, nativeEvents=true, takesScreenshot=true}]">
      <![CDATA[java.lang.AssertionError: Unable to find element with xpath == //input[@id='sso_username'] (WARNING: The server did not provide any stacktrace information)
Command duration or timeout: 20.10 seconds
For documentation on this error, please visit: http://seleniumhq.org/exceptions/no_such_element.html
Build info: version: '2.39.0', revision: 'ff23eac', time: '2013-12-16 16:11:15'
System info: host: 'slc05gyj', ip: '10.240.125.231', os.name: 'Windows 7', os.arch: 'amd64', os.version: '6.1', java.version: '1.6.0_34'
Session ID: 1e70d89c-4998-4efc-858a-436dee73525e
Driver info: org.openqa.selenium.ie.InternetExplorerDriver
Capabilities [{platform=WINDOWS, elementScrollBehavior=0, javascriptEnabled=true, enablePersistentHover=true, ignoreZoomSetting=false, browserName=internet explorer, enableElementCacheCleanup=true, unexpectedAlertBehaviour=dismiss, version=9, cssSelectorsEnabled=true, ignoreProtectedModeSettings=false, requireWindowFocus=false, allowAsynchronousJavaScript=true, initialBrowserUrl=, handlesAlerts=true, nativeEvents=true, takesScreenshot=true}]
Command duration or timeout: 20.46 seconds
For documentation on this error, please visit: http://seleniumhq.org/exceptions/no_such_element.html
Build info: version: '2.39.0', revision: 'ff23eac', time: '2013-12-16 16:11:15'
System info: host: 'slc05gyj', ip: '10.240.125.231', os.name: 'Windows 7', os.arch: 'amd64', os.version: '6.1', java.version: '1.6.0_34'
Session ID: 6910e9d2-9cf4-47e3-9e0a-12b7b4017369
Driver info: org.openqa.selenium.remote.RemoteWebDriver
Capabilities [{platform=WINDOWS, elementScrollBehavior=0, javascriptEnabled=true, enablePersistentHover=true, ignoreZoomSetting=false, browserName=internet explorer, enableElementCacheCleanup=true, unexpectedAlertBehaviour=dismiss, webdriver.remote.sessionid=6910e9d2-9cf4-47e3-9e0a-12b7b4017369, version=9, cssSelectorsEnabled=true, ignoreProtectedModeSettings=false, requireWindowFocus=false, allowAsynchronousJavaScript=true, initialBrowserUrl=, handlesAlerts=true, nativeEvents=true, takesScreenshot=true}]
	at com.qa141.myaccount.C9_MYA_05_ErrorHandling_Test.test(C9_MYA_05_ErrorHandling_Test.java:161)
... Removed 25 stack frames]]>
    </failure>
  </testcase> <!-- test -->
</testsuite> <!-- My Account -->
