<?xml version="1.0" encoding="UTF-8"?>
<!-- Generated by org.testng.reporters.JUnitXMLReporter -->
<testsuite hostname="slc05gyj" name="MYService" tests="11" failures="1" timestamp="30 Sep 2015 06:31:24 GMT" time="464.972" errors="0">
  <testcase name="test" time="122.959" classname="com.qa141.myservices.C9_MYS_01_loginLogout_Test"/>
  <testcase name="test" time="153.883" classname="com.qa141.myservices.C9_MYS_02_VerifyAllLinks_Test"/>
  <testcase name="test" time="170.044" classname="com.qa141.myservices.C9_MYS_03_VerifyUI_Test">
    <failure type="java.lang.AssertionError" message="Unable to locate element: {&amp;quot;method&amp;quot;:&amp;quot;xpath&amp;quot;,&amp;quot;selector&amp;quot;:&amp;quot;.//*[@id=&amp;apos;pt1:sections:j_id_id3pc6&amp;apos;]/span[2]&amp;quot;}
Command duration or timeout: 30.07 seconds
For documentation on this error, please visit: http://seleniumhq.org/exceptions/no_such_element.html
Build info: version: &amp;apos;2.39.0&amp;apos;, revision: &amp;apos;ff23eac&amp;apos;, time: &amp;apos;2013-12-16 16:11:15&amp;apos;
System info: host: &amp;apos;slc05gyj&amp;apos;, ip: &amp;apos;10.240.125.231&amp;apos;, os.name: &amp;apos;Windows 7&amp;apos;, os.arch: &amp;apos;amd64&amp;apos;, os.version: &amp;apos;6.1&amp;apos;, java.version: &amp;apos;1.6.0_34&amp;apos;
Session ID: dea4c924-c856-4620-b524-64699607deb6
Driver info: org.openqa.selenium.firefox.FirefoxDriver
Capabilities [{platform=XP, acceptSslCerts=true, javascriptEnabled=true, browserName=firefox, rotatable=false, locationContextEnabled=true, version=31.7.0, cssSelectorsEnabled=true, databaseEnabled=true, handlesAlerts=true, nativeEvents=false, webStorageEnabled=true, applicationCacheEnabled=true, takesScreenshot=true}]
Command duration or timeout: 30.44 seconds
For documentation on this error, please visit: http://seleniumhq.org/exceptions/no_such_element.html
Build info: version: &amp;apos;2.39.0&amp;apos;, revision: &amp;apos;ff23eac&amp;apos;, time: &amp;apos;2013-12-16 16:11:15&amp;apos;
System info: host: &amp;apos;slc05gyj&amp;apos;, ip: &amp;apos;10.240.125.231&amp;apos;, os.name: &amp;apos;Windows 7&amp;apos;, os.arch: &amp;apos;amd64&amp;apos;, os.version: &amp;apos;6.1&amp;apos;, java.version: &amp;apos;1.6.0_34&amp;apos;
Session ID: 88b64aaa-dc1d-4369-b657-de547fd76fa6
Driver info: org.openqa.selenium.remote.RemoteWebDriver
Capabilities [{platform=XP, acceptSslCerts=true, javascriptEnabled=true, browserName=firefox, rotatable=false, locationContextEnabled=true, webdriver.remote.sessionid=88b64aaa-dc1d-4369-b657-de547fd76fa6, version=31.7.0, cssSelectorsEnabled=true, databaseEnabled=true, handlesAlerts=true, nativeEvents=false, webStorageEnabled=true, applicationCacheEnabled=true, takesScreenshot=true}]">
      <![CDATA[java.lang.AssertionError: Unable to locate element: {"method":"xpath","selector":".//*[@id='pt1:sections:j_id_id3pc6']/span[2]"}
Command duration or timeout: 30.07 seconds
For documentation on this error, please visit: http://seleniumhq.org/exceptions/no_such_element.html
Build info: version: '2.39.0', revision: 'ff23eac', time: '2013-12-16 16:11:15'
System info: host: 'slc05gyj', ip: '10.240.125.231', os.name: 'Windows 7', os.arch: 'amd64', os.version: '6.1', java.version: '1.6.0_34'
Session ID: dea4c924-c856-4620-b524-64699607deb6
Driver info: org.openqa.selenium.firefox.FirefoxDriver
Capabilities [{platform=XP, acceptSslCerts=true, javascriptEnabled=true, browserName=firefox, rotatable=false, locationContextEnabled=true, version=31.7.0, cssSelectorsEnabled=true, databaseEnabled=true, handlesAlerts=true, nativeEvents=false, webStorageEnabled=true, applicationCacheEnabled=true, takesScreenshot=true}]
Command duration or timeout: 30.44 seconds
For documentation on this error, please visit: http://seleniumhq.org/exceptions/no_such_element.html
Build info: version: '2.39.0', revision: 'ff23eac', time: '2013-12-16 16:11:15'
System info: host: 'slc05gyj', ip: '10.240.125.231', os.name: 'Windows 7', os.arch: 'amd64', os.version: '6.1', java.version: '1.6.0_34'
Session ID: 88b64aaa-dc1d-4369-b657-de547fd76fa6
Driver info: org.openqa.selenium.remote.RemoteWebDriver
Capabilities [{platform=XP, acceptSslCerts=true, javascriptEnabled=true, browserName=firefox, rotatable=false, locationContextEnabled=true, webdriver.remote.sessionid=88b64aaa-dc1d-4369-b657-de547fd76fa6, version=31.7.0, cssSelectorsEnabled=true, databaseEnabled=true, handlesAlerts=true, nativeEvents=false, webStorageEnabled=true, applicationCacheEnabled=true, takesScreenshot=true}]
	at com.qa141.myservices.C9_MYS_03_VerifyUI_Test.test(C9_MYS_03_VerifyUI_Test.java:145)
	at java.util.concurrent.ThreadPoolExecutor$Worker.runTask(Unknown Source)
	at java.util.concurrent.ThreadPoolExecutor$Worker.run(Unknown Source)
	at java.lang.Thread.run(Unknown Source)
... Removed 11 stack frames]]>
    </failure>
  </testcase> <!-- test -->
  <testcase name="test" time="179.788" classname="com.qa141.myservices.C9_MYS_05_ErrorHandling_Test"/>
  <testcase name="test" time="180.329" classname="com.qa141.myservices.C9_MYS_04_FieldLevelCheck_Test"/>
  <testcase name="test" time="126.39" classname="com.qa141.myservices.C9_MYS_06_Security_Test"/>
  <testcase name="test" time="187.833" classname="com.qa141.myservices.C9_MYS_10_FunctionalityCheck_Test"/>
  <testcase name="test" time="198.958" classname="com.qa141.myservices.C9_MYS_08_ValidateErrorpages_Test"/>
  <testcase name="test" time="224.743" classname="com.qa141.myservices.C9_MYS_07_Filedownload"/>
  <testcase name="test" time="205.981" classname="com.qa141.myservices.C9_MYS_09_SearchFilter_Test"/>
  <testcase name="test" time="215.026" classname="com.qa141.myservices.C9_MYS_11_QuickLinks_Test"/>
</testsuite> <!-- MYService -->
