<?xml version="1.0" encoding="UTF-8"?>
<!-- Generated by org.testng.reporters.JUnitXMLReporter -->
<testsuite hostname="slc05gyj" name="SecurityTab-NetworkTab" tests="21" failures="2" timestamp="15 Feb 2015 20:49:37 GMT" time="4292.991" errors="0">
  <testcase name="test" time="114.581" classname="com.qa141.occs.compute.C9_OCCS_13_SecurityTab_Verify"/>
  <testcase name="test" time="318.659" classname="com.qa141.occs.compute.C9_OCCS_14_SecurityTab_SSHPublicKey_Add"/>
  <testcase name="test" time="211.797" classname="com.qa141.occs.compute.C9_OCCS_15_SecurityTab_Filter"/>
  <testcase name="test" time="204.127" classname="com.qa141.occs.compute.C9_OCCS_16_SecurityTab_SearchBox"/>
  <testcase name="test" time="136.454" classname="com.qa141.occs.compute.C9_OCCS_17_SecurityTab_SSHKey_Menu"/>
  <testcase name="test" time="196.913" classname="com.qa141.occs.compute.C9_OCCS_18_SecurityTab_SSHKey_Update"/>
  <testcase name="test" time="199.17" classname="com.qa141.occs.compute.C9_OCCS_19_SecurityTab_SSHKey_View"/>
  <testcase name="test" time="190.078" classname="com.qa141.occs.compute.C9_OCCS_20_SecurityTab_SSHKey_Delete"/>
  <testcase name="test" time="107.093" classname="com.qa141.occs.compute.C9_OCCS_21_NetworkTab_Verify"/>
  <testcase name="test" time="149.148" classname="com.qa141.occs.compute.C9_OCCS_22_NetworkTab_ProtocolsTile_Verify"/>
  <testcase name="test" time="212.423" classname="com.qa141.occs.compute.C9_OCCS_23_NetworkTab_Protocols_Create">
    <failure type="java.lang.AssertionError" message="Element is no longer valid (WARNING: The server did not provide any stacktrace information)
Command duration or timeout: 14 milliseconds
For documentation on this error, please visit: http://seleniumhq.org/exceptions/stale_element_reference.html
Build info: version: &amp;apos;2.39.0&amp;apos;, revision: &amp;apos;ff23eac&amp;apos;, time: &amp;apos;2013-12-16 16:11:15&amp;apos;
System info: host: &amp;apos;slc05gyj&amp;apos;, ip: &amp;apos;10.240.125.231&amp;apos;, os.name: &amp;apos;Windows 7&amp;apos;, os.arch: &amp;apos;amd64&amp;apos;, os.version: &amp;apos;6.1&amp;apos;, java.version: &amp;apos;1.6.0_34&amp;apos;
Session ID: dcc2327c-52d6-483d-bedb-b6be2ff5e9ee
Driver info: org.openqa.selenium.ie.InternetExplorerDriver
Capabilities [{platform=WINDOWS, elementScrollBehavior=0, javascriptEnabled=true, enablePersistentHover=true, ignoreZoomSetting=false, browserName=internet explorer, enableElementCacheCleanup=true, unexpectedAlertBehaviour=dismiss, version=9, cssSelectorsEnabled=true, ignoreProtectedModeSettings=false, requireWindowFocus=false, allowAsynchronousJavaScript=true, initialBrowserUrl=, handlesAlerts=true, nativeEvents=true, takesScreenshot=true}]
Command duration or timeout: 125 milliseconds
For documentation on this error, please visit: http://seleniumhq.org/exceptions/stale_element_reference.html
Build info: version: &amp;apos;2.39.0&amp;apos;, revision: &amp;apos;ff23eac&amp;apos;, time: &amp;apos;2013-12-16 16:11:15&amp;apos;
System info: host: &amp;apos;slc05gyj&amp;apos;, ip: &amp;apos;10.240.125.231&amp;apos;, os.name: &amp;apos;Windows 7&amp;apos;, os.arch: &amp;apos;amd64&amp;apos;, os.version: &amp;apos;6.1&amp;apos;, java.version: &amp;apos;1.6.0_34&amp;apos;
Session ID: bd6f9d82-a267-4d45-95d5-d9b9b13c89c5
Driver info: org.openqa.selenium.remote.RemoteWebDriver
Capabilities [{platform=WINDOWS, elementScrollBehavior=0, javascriptEnabled=true, enablePersistentHover=true, ignoreZoomSetting=false, browserName=internet explorer, enableElementCacheCleanup=true, unexpectedAlertBehaviour=dismiss, webdriver.remote.sessionid=bd6f9d82-a267-4d45-95d5-d9b9b13c89c5, version=9, cssSelectorsEnabled=true, ignoreProtectedModeSettings=false, requireWindowFocus=false, allowAsynchronousJavaScript=true, initialBrowserUrl=, handlesAlerts=true, nativeEvents=true, takesScreenshot=true}]">
      <![CDATA[java.lang.AssertionError: Element is no longer valid (WARNING: The server did not provide any stacktrace information)
Command duration or timeout: 14 milliseconds
For documentation on this error, please visit: http://seleniumhq.org/exceptions/stale_element_reference.html
Build info: version: '2.39.0', revision: 'ff23eac', time: '2013-12-16 16:11:15'
System info: host: 'slc05gyj', ip: '10.240.125.231', os.name: 'Windows 7', os.arch: 'amd64', os.version: '6.1', java.version: '1.6.0_34'
Session ID: dcc2327c-52d6-483d-bedb-b6be2ff5e9ee
Driver info: org.openqa.selenium.ie.InternetExplorerDriver
Capabilities [{platform=WINDOWS, elementScrollBehavior=0, javascriptEnabled=true, enablePersistentHover=true, ignoreZoomSetting=false, browserName=internet explorer, enableElementCacheCleanup=true, unexpectedAlertBehaviour=dismiss, version=9, cssSelectorsEnabled=true, ignoreProtectedModeSettings=false, requireWindowFocus=false, allowAsynchronousJavaScript=true, initialBrowserUrl=, handlesAlerts=true, nativeEvents=true, takesScreenshot=true}]
Command duration or timeout: 125 milliseconds
For documentation on this error, please visit: http://seleniumhq.org/exceptions/stale_element_reference.html
Build info: version: '2.39.0', revision: 'ff23eac', time: '2013-12-16 16:11:15'
System info: host: 'slc05gyj', ip: '10.240.125.231', os.name: 'Windows 7', os.arch: 'amd64', os.version: '6.1', java.version: '1.6.0_34'
Session ID: bd6f9d82-a267-4d45-95d5-d9b9b13c89c5
Driver info: org.openqa.selenium.remote.RemoteWebDriver
Capabilities [{platform=WINDOWS, elementScrollBehavior=0, javascriptEnabled=true, enablePersistentHover=true, ignoreZoomSetting=false, browserName=internet explorer, enableElementCacheCleanup=true, unexpectedAlertBehaviour=dismiss, webdriver.remote.sessionid=bd6f9d82-a267-4d45-95d5-d9b9b13c89c5, version=9, cssSelectorsEnabled=true, ignoreProtectedModeSettings=false, requireWindowFocus=false, allowAsynchronousJavaScript=true, initialBrowserUrl=, handlesAlerts=true, nativeEvents=true, takesScreenshot=true}]
	at com.qa141.occs.compute.C9_OCCS_23_NetworkTab_Protocols_Create.test(C9_OCCS_23_NetworkTab_Protocols_Create.java:170)
... Removed 25 stack frames]]>
    </failure>
  </testcase> <!-- test -->
  <testcase name="test" time="382.411" classname="com.qa141.occs.compute.C9_OCCS_24_NetworkTab_Protocols_SearchBox"/>
  <testcase name="test" time="159.986" classname="com.qa141.occs.compute.C9_OCCS_25_NetworkTab_Protocols_Menu"/>
  <testcase name="test" time="227.021" classname="com.qa141.occs.compute.C9_OCCS_26_NetworkTab_Protocols_Delete"/>
  <testcase name="test" time="106.298" classname="com.qa141.occs.compute.C9_OCCS_27_NetworkTab_AccessRulesTile_Verify"/>
  <testcase name="test" time="206.731" classname="com.qa141.occs.compute.C9_OCCS_28_NetworkTab_AccessRules_Create">
    <failure type="java.lang.AssertionError" message="Element is no longer valid (WARNING: The server did not provide any stacktrace information)
Command duration or timeout: 125 milliseconds
For documentation on this error, please visit: http://seleniumhq.org/exceptions/stale_element_reference.html
Build info: version: &amp;apos;2.39.0&amp;apos;, revision: &amp;apos;ff23eac&amp;apos;, time: &amp;apos;2013-12-16 16:11:15&amp;apos;
System info: host: &amp;apos;slc05gyj&amp;apos;, ip: &amp;apos;10.240.125.231&amp;apos;, os.name: &amp;apos;Windows 7&amp;apos;, os.arch: &amp;apos;amd64&amp;apos;, os.version: &amp;apos;6.1&amp;apos;, java.version: &amp;apos;1.6.0_34&amp;apos;
Session ID: 83ffd462-5a19-447e-819c-cf193e3912fc
Driver info: org.openqa.selenium.ie.InternetExplorerDriver
Capabilities [{platform=WINDOWS, elementScrollBehavior=0, javascriptEnabled=true, enablePersistentHover=true, ignoreZoomSetting=false, browserName=internet explorer, enableElementCacheCleanup=true, unexpectedAlertBehaviour=dismiss, version=9, cssSelectorsEnabled=true, ignoreProtectedModeSettings=false, requireWindowFocus=false, allowAsynchronousJavaScript=true, initialBrowserUrl=, handlesAlerts=true, nativeEvents=true, takesScreenshot=true}]
Command duration or timeout: 315 milliseconds
For documentation on this error, please visit: http://seleniumhq.org/exceptions/stale_element_reference.html
Build info: version: &amp;apos;2.39.0&amp;apos;, revision: &amp;apos;ff23eac&amp;apos;, time: &amp;apos;2013-12-16 16:11:15&amp;apos;
System info: host: &amp;apos;slc05gyj&amp;apos;, ip: &amp;apos;10.240.125.231&amp;apos;, os.name: &amp;apos;Windows 7&amp;apos;, os.arch: &amp;apos;amd64&amp;apos;, os.version: &amp;apos;6.1&amp;apos;, java.version: &amp;apos;1.6.0_34&amp;apos;
Session ID: 6f3cb64e-0cc2-4db9-8c2a-77fcb8d690e1
Driver info: org.openqa.selenium.remote.RemoteWebDriver
Capabilities [{platform=WINDOWS, elementScrollBehavior=0, javascriptEnabled=true, enablePersistentHover=true, ignoreZoomSetting=false, browserName=internet explorer, enableElementCacheCleanup=true, unexpectedAlertBehaviour=dismiss, webdriver.remote.sessionid=6f3cb64e-0cc2-4db9-8c2a-77fcb8d690e1, version=9, cssSelectorsEnabled=true, ignoreProtectedModeSettings=false, requireWindowFocus=false, allowAsynchronousJavaScript=true, initialBrowserUrl=, handlesAlerts=true, nativeEvents=true, takesScreenshot=true}]">
      <![CDATA[java.lang.AssertionError: Element is no longer valid (WARNING: The server did not provide any stacktrace information)
Command duration or timeout: 125 milliseconds
For documentation on this error, please visit: http://seleniumhq.org/exceptions/stale_element_reference.html
Build info: version: '2.39.0', revision: 'ff23eac', time: '2013-12-16 16:11:15'
System info: host: 'slc05gyj', ip: '10.240.125.231', os.name: 'Windows 7', os.arch: 'amd64', os.version: '6.1', java.version: '1.6.0_34'
Session ID: 83ffd462-5a19-447e-819c-cf193e3912fc
Driver info: org.openqa.selenium.ie.InternetExplorerDriver
Capabilities [{platform=WINDOWS, elementScrollBehavior=0, javascriptEnabled=true, enablePersistentHover=true, ignoreZoomSetting=false, browserName=internet explorer, enableElementCacheCleanup=true, unexpectedAlertBehaviour=dismiss, version=9, cssSelectorsEnabled=true, ignoreProtectedModeSettings=false, requireWindowFocus=false, allowAsynchronousJavaScript=true, initialBrowserUrl=, handlesAlerts=true, nativeEvents=true, takesScreenshot=true}]
Command duration or timeout: 315 milliseconds
For documentation on this error, please visit: http://seleniumhq.org/exceptions/stale_element_reference.html
Build info: version: '2.39.0', revision: 'ff23eac', time: '2013-12-16 16:11:15'
System info: host: 'slc05gyj', ip: '10.240.125.231', os.name: 'Windows 7', os.arch: 'amd64', os.version: '6.1', java.version: '1.6.0_34'
Session ID: 6f3cb64e-0cc2-4db9-8c2a-77fcb8d690e1
Driver info: org.openqa.selenium.remote.RemoteWebDriver
Capabilities [{platform=WINDOWS, elementScrollBehavior=0, javascriptEnabled=true, enablePersistentHover=true, ignoreZoomSetting=false, browserName=internet explorer, enableElementCacheCleanup=true, unexpectedAlertBehaviour=dismiss, webdriver.remote.sessionid=6f3cb64e-0cc2-4db9-8c2a-77fcb8d690e1, version=9, cssSelectorsEnabled=true, ignoreProtectedModeSettings=false, requireWindowFocus=false, allowAsynchronousJavaScript=true, initialBrowserUrl=, handlesAlerts=true, nativeEvents=true, takesScreenshot=true}]
	at com.qa141.occs.compute.C9_OCCS_28_NetworkTab_AccessRules_Create.test(C9_OCCS_28_NetworkTab_AccessRules_Create.java:267)
... Removed 25 stack frames]]>
    </failure>
  </testcase> <!-- test -->
  <testcase name="test" time="375.19" classname="com.qa141.occs.compute.C9_OCCS_29_NetworkTab_AccessRules_Filter"/>
  <testcase name="test" time="219.21" classname="com.qa141.occs.compute.C9_OCCS_30_NetworkTab_AccessRules_SearchBox"/>
  <testcase name="test" time="127.303" classname="com.qa141.occs.compute.C9_OCCS_31_NetworkTab_AccessRules_Menu"/>
  <testcase name="test" time="203.608" classname="com.qa141.occs.compute.C9_OCCS_32_NetworkTab_AccessRules_Update"/>
  <testcase name="test" time="179.857" classname="com.qa141.occs.compute.C9_OCCS_33_NetworkTab_AccessRules_Delete"/>
</testsuite> <!-- SecurityTab-NetworkTab -->
