<html>
<head>
<title>TestNG:  Compute-Storage</title>
<link href="../testng.css" rel="stylesheet" type="text/css" />
<link href="../my-testng.css" rel="stylesheet" type="text/css" />

<style type="text/css">
.log { display: none;} 
.stack-trace { display: none;} 
</style>
<script type="text/javascript">
<!--
function flip(e) {
  current = e.style.display;
  if (current == 'block') {
    e.style.display = 'none';
    return 0;
  }
  else {
    e.style.display = 'block';
    return 1;
  }
}

function toggleBox(szDivId, elem, msg1, msg2)
{
  var res = -1;  if (document.getElementById) {
    res = flip(document.getElementById(szDivId));
  }
  else if (document.all) {
    // this is the way old msie versions work
    res = flip(document.all[szDivId]);
  }
  if(elem) {
    if(res == 0) elem.innerHTML = msg1; else elem.innerHTML = msg2;
  }

}

function toggleAllBoxes() {
  if (document.getElementsByTagName) {
    d = document.getElementsByTagName('div');
    for (i = 0; i < d.length; i++) {
      if (d[i].className == 'log') {
        flip(d[i]);
      }
    }
  }
}

// -->
</script>

</head>
<body>
<h2 align='center'>Compute-Storage</h2><table border='1' align="center">
<tr>
<td>Tests passed/Failed/Skipped:</td><td>9/3/0</td>
</tr><tr>
<td>Started on:</td><td>Sun Feb 15 10:24:56 MST 2015</td>
</tr>
<tr><td>Total time:</td><td>2767 seconds (2767698 ms)</td>
</tr><tr>
<td>Included groups:</td><td></td>
</tr><tr>
<td>Excluded groups:</td><td></td>
</tr>
</table><p/>
<small><i>(Hover the method name to see the test class name)</i></small><p/>
<table width='100%' border='1' class='invocation-failed'>
<tr><td colspan='4' align='center'><b>FAILED TESTS</b></td></tr>
<tr><td><b>Test method</b></td>
<td width="30%"><b>Exception</b></td>
<td width="10%"><b>Time (seconds)</b></td>
<td><b>Instance</b></td>
</tr>
<tr>
<td title='com.qa141.occs.compute.C9_OCCS_05_ComputeInstance_Upadate.test()'><b>test</b><br>Test class: com.qa141.occs.compute.C9_OCCS_05_ComputeInstance_Upadate<br>Parameters: chrome<br/>
<a href="#Output-1030169021" onClick='toggleBox("Output-1030169021", this, "Show output", "Hide output");'>Show output</a>

<a href="#Output-1030169021" onClick="toggleAllBoxes();">Show all outputs</a>
<div class='log' id="Output-1030169021">
<a href=C:\SAFc\tests\OPC\test-output\screenShots\02-15-2015\02-15-2015_10.50.33_com.qa141.occs.compute.C9_OCCS_05_ComputeInstance_Upadate_test.png target='_blank' >02-15-2015_10.50.33_com.qa141.occs.compute.C9_OCCS_05_ComputeInstance_Upadate_test.png</a><br/>
<a href=C:\SAFc\tests\OPC\test-output\screenShots\02-15-2015\02-15-2015_10.50.33_com.qa141.occs.compute.C9_OCCS_05_ComputeInstance_Upadate_test.png target='_blank' >Screenshot</a><br/>
<img src="file:///C:\SAFc\tests\OPC\test-output\screenShots\02-15-2015\02-15-2015_10.50.33_com.qa141.occs.compute.C9_OCCS_05_ComputeInstance_Upadate_test.png" width=500 height=300" alt=""/><br /><br/>
</div>
</td>
<td><div><pre>java.lang.AssertionError: no such element
  (Session info: chrome=40.0.2214.111)
  (Driver info: chromedriver=2.9.248315,platform=Windows NT 6.1 SP1 x86_64) (WARNING: The server did not provide any stacktrace information)
Command duration or timeout: 15.12 seconds
For documentation on this error, please visit: http://seleniumhq.org/exceptions/no_such_element.html
Build info: version: &apos;2.39.0&apos;, revision: &apos;ff23eac&apos;, time: &apos;2013-12-16 16:11:15&apos;
System info: host: &apos;slc05gyj&apos;, ip: &apos;10.240.125.231&apos;, os.name: &apos;Windows 7&apos;, os.arch: &apos;amd64&apos;, os.version: &apos;6.1&apos;, java.version: &apos;1.6.0_34&apos;
Session ID: 8ea2f14f14273044b0e4600ddd65a282
Driver info: org.openqa.selenium.chrome.ChromeDriver
Capabilities [{platform=XP, acceptSslCerts=true, javascriptEnabled=true, browserName=chrome, chrome={userDataDir=C:\Users\ashikuku\AppData\Local\Temp\scoped_dir94292_27904}, rotatable=false, locationContextEnabled=true, version=40.0.2214.111, takesHeapSnapshot=true, cssSelectorsEnabled=true, databaseEnabled=false, handlesAlerts=true, browserConnectionEnabled=false, nativeEvents=true, webStorageEnabled=true, applicationCacheEnabled=false, takesScreenshot=true}]
Command duration or timeout: 15.23 seconds
For documentation on this error, please visit: http://seleniumhq.org/exceptions/no_such_element.html
Build info: version: &apos;2.39.0&apos;, revision: &apos;ff23eac&apos;, time: &apos;2013-12-16 16:11:15&apos;
System info: host: &apos;slc05gyj&apos;, ip: &apos;10.240.125.231&apos;, os.name: &apos;Windows 7&apos;, os.arch: &apos;amd64&apos;, os.version: &apos;6.1&apos;, java.version: &apos;1.6.0_34&apos;
Session ID: d2c9ab17-524e-41fc-880b-54d105841faf
Driver info: org.openqa.selenium.remote.RemoteWebDriver
Capabilities [{platform=XP, acceptSslCerts=true, javascriptEnabled=true, browserName=chrome, chrome={userDataDir=C:\Users\ashikuku\AppData\Local\Temp\scoped_dir94292_27904}, rotatable=false, locationContextEnabled=true, webdriver.remote.sessionid=d2c9ab17-524e-41fc-880b-54d105841faf, version=40.0.2214.111, takesHeapSnapshot=true, cssSelectorsEnabled=true, databaseEnabled=false, handlesAlerts=true, browserConnectionEnabled=false, nativeEvents=true, webStorageEnabled=true, applicationCacheEnabled=false, takesScreenshot=true}]
	at com.qa141.occs.compute.C9_OCCS_05_ComputeInstance_Upadate.test(C9_OCCS_05_ComputeInstance_Upadate.java:406)
	at java.util.concurrent.FutureTask$Sync.innerRun(Unknown Source)
	at java.util.concurrent.FutureTask.run(Unknown Source)
	at java.util.concurrent.ThreadPoolExecutor$Worker.runTask(Unknown Source)
	at java.util.concurrent.ThreadPoolExecutor$Worker.run(Unknown Source)
	at java.lang.Thread.run(Unknown Source)
... Removed 17 stack frames</pre></div><a href='#' onClick='toggleBox("stack-trace1030169021", this, "Click to show all stack frames", "Click to hide stack frames")'>Click to show all stack frames</a>
<div class='stack-trace' id='stack-trace1030169021'><pre>java.lang.AssertionError: no such element
  (Session info: chrome=40.0.2214.111)
  (Driver info: chromedriver=2.9.248315,platform=Windows NT 6.1 SP1 x86_64) (WARNING: The server did not provide any stacktrace information)
Command duration or timeout: 15.12 seconds
For documentation on this error, please visit: http://seleniumhq.org/exceptions/no_such_element.html
Build info: version: &apos;2.39.0&apos;, revision: &apos;ff23eac&apos;, time: &apos;2013-12-16 16:11:15&apos;
System info: host: &apos;slc05gyj&apos;, ip: &apos;10.240.125.231&apos;, os.name: &apos;Windows 7&apos;, os.arch: &apos;amd64&apos;, os.version: &apos;6.1&apos;, java.version: &apos;1.6.0_34&apos;
Session ID: 8ea2f14f14273044b0e4600ddd65a282
Driver info: org.openqa.selenium.chrome.ChromeDriver
Capabilities [{platform=XP, acceptSslCerts=true, javascriptEnabled=true, browserName=chrome, chrome={userDataDir=C:\Users\ashikuku\AppData\Local\Temp\scoped_dir94292_27904}, rotatable=false, locationContextEnabled=true, version=40.0.2214.111, takesHeapSnapshot=true, cssSelectorsEnabled=true, databaseEnabled=false, handlesAlerts=true, browserConnectionEnabled=false, nativeEvents=true, webStorageEnabled=true, applicationCacheEnabled=false, takesScreenshot=true}]
Command duration or timeout: 15.23 seconds
For documentation on this error, please visit: http://seleniumhq.org/exceptions/no_such_element.html
Build info: version: &apos;2.39.0&apos;, revision: &apos;ff23eac&apos;, time: &apos;2013-12-16 16:11:15&apos;
System info: host: &apos;slc05gyj&apos;, ip: &apos;10.240.125.231&apos;, os.name: &apos;Windows 7&apos;, os.arch: &apos;amd64&apos;, os.version: &apos;6.1&apos;, java.version: &apos;1.6.0_34&apos;
Session ID: d2c9ab17-524e-41fc-880b-54d105841faf
Driver info: org.openqa.selenium.remote.RemoteWebDriver
Capabilities [{platform=XP, acceptSslCerts=true, javascriptEnabled=true, browserName=chrome, chrome={userDataDir=C:\Users\ashikuku\AppData\Local\Temp\scoped_dir94292_27904}, rotatable=false, locationContextEnabled=true, webdriver.remote.sessionid=d2c9ab17-524e-41fc-880b-54d105841faf, version=40.0.2214.111, takesHeapSnapshot=true, cssSelectorsEnabled=true, databaseEnabled=false, handlesAlerts=true, browserConnectionEnabled=false, nativeEvents=true, webStorageEnabled=true, applicationCacheEnabled=false, takesScreenshot=true}]
	at org.testng.Assert.fail(Assert.java:94)
	at com.qa141.occs.compute.C9_OCCS_05_ComputeInstance_Upadate.test(C9_OCCS_05_ComputeInstance_Upadate.java:406)
	at sun.reflect.NativeMethodAccessorImpl.invoke0(Native Method)
	at sun.reflect.NativeMethodAccessorImpl.invoke(Unknown Source)
	at sun.reflect.DelegatingMethodAccessorImpl.invoke(Unknown Source)
	at java.lang.reflect.Method.invoke(Unknown Source)
	at org.testng.internal.MethodInvocationHelper.invokeMethod(MethodInvocationHelper.java:80)
	at org.testng.internal.Invoker.invokeMethod(Invoker.java:714)
	at org.testng.internal.Invoker.invokeTestMethod(Invoker.java:901)
	at org.testng.internal.Invoker.invokeTestMethods(Invoker.java:1231)
	at org.testng.internal.TestMethodWorker.invokeTestMethods(TestMethodWorker.java:128)
	at org.testng.internal.TestMethodWorker.run(TestMethodWorker.java:111)
	at org.testng.TestRunner.privateRun(TestRunner.java:767)
	at org.testng.TestRunner.run(TestRunner.java:617)
	at org.testng.SuiteRunner.runTest(SuiteRunner.java:334)
	at org.testng.SuiteRunner.access$0(SuiteRunner.java:333)
	at org.testng.SuiteRunner$SuiteWorker.run(SuiteRunner.java:368)
	at org.testng.internal.thread.ThreadUtil$2.call(ThreadUtil.java:64)
	at java.util.concurrent.FutureTask$Sync.innerRun(Unknown Source)
	at java.util.concurrent.FutureTask.run(Unknown Source)
	at java.util.concurrent.ThreadPoolExecutor$Worker.runTask(Unknown Source)
	at java.util.concurrent.ThreadPoolExecutor$Worker.run(Unknown Source)
	at java.lang.Thread.run(Unknown Source)
</pre></div></td>
<td>629</td>
<td>com.qa141.occs.compute.C9_OCCS_05_ComputeInstance_Upadate@f9da4fc</td></tr>
<tr>
<td title='com.qa141.occs.compute.C9_OCCS_06_ComputeInstance_Delete.test()'><b>test</b><br>Test class: com.qa141.occs.compute.C9_OCCS_06_ComputeInstance_Delete<br>Parameters: chrome<br/>
<a href="#Output-990266173" onClick='toggleBox("Output-990266173", this, "Show output", "Hide output");'>Show output</a>

<a href="#Output-990266173" onClick="toggleAllBoxes();">Show all outputs</a>
<div class='log' id="Output-990266173">
<a href=C:\SAFc\tests\OPC\test-output\screenShots\02-15-2015\02-15-2015_10.53.09_com.qa141.occs.compute.C9_OCCS_06_ComputeInstance_Delete_test.png target='_blank' >02-15-2015_10.53.09_com.qa141.occs.compute.C9_OCCS_06_ComputeInstance_Delete_test.png</a><br/>
<a href=C:\SAFc\tests\OPC\test-output\screenShots\02-15-2015\02-15-2015_10.53.09_com.qa141.occs.compute.C9_OCCS_06_ComputeInstance_Delete_test.png target='_blank' >Screenshot</a><br/>
<img src="file:///C:\SAFc\tests\OPC\test-output\screenShots\02-15-2015\02-15-2015_10.53.09_com.qa141.occs.compute.C9_OCCS_06_ComputeInstance_Delete_test.png" width=500 height=300" alt=""/><br /><br/>
</div>
</td>
<td><div><pre>java.lang.AssertionError: Cannot locate option with index: 32
For documentation on this error, please visit: http://seleniumhq.org/exceptions/no_such_element.html
Build info: version: &apos;2.39.0&apos;, revision: &apos;ff23eac&apos;, time: &apos;2013-12-16 16:11:15&apos;
System info: host: &apos;slc05gyj&apos;, ip: &apos;10.240.125.231&apos;, os.name: &apos;Windows 7&apos;, os.arch: &apos;amd64&apos;, os.version: &apos;6.1&apos;, java.version: &apos;1.6.0_34&apos;
Driver info: driver.version: unknown
	at com.qa141.occs.compute.C9_OCCS_06_ComputeInstance_Delete.test(C9_OCCS_06_ComputeInstance_Delete.java:375)
	at java.util.concurrent.FutureTask$Sync.innerRun(Unknown Source)
	at java.util.concurrent.FutureTask.run(Unknown Source)
	at java.util.concurrent.ThreadPoolExecutor$Worker.runTask(Unknown Source)
	at java.util.concurrent.ThreadPoolExecutor$Worker.run(Unknown Source)
	at java.lang.Thread.run(Unknown Source)
... Removed 17 stack frames</pre></div><a href='#' onClick='toggleBox("stack-trace990266173", this, "Click to show all stack frames", "Click to hide stack frames")'>Click to show all stack frames</a>
<div class='stack-trace' id='stack-trace990266173'><pre>java.lang.AssertionError: Cannot locate option with index: 32
For documentation on this error, please visit: http://seleniumhq.org/exceptions/no_such_element.html
Build info: version: &apos;2.39.0&apos;, revision: &apos;ff23eac&apos;, time: &apos;2013-12-16 16:11:15&apos;
System info: host: &apos;slc05gyj&apos;, ip: &apos;10.240.125.231&apos;, os.name: &apos;Windows 7&apos;, os.arch: &apos;amd64&apos;, os.version: &apos;6.1&apos;, java.version: &apos;1.6.0_34&apos;
Driver info: driver.version: unknown
	at org.testng.Assert.fail(Assert.java:94)
	at com.qa141.occs.compute.C9_OCCS_06_ComputeInstance_Delete.test(C9_OCCS_06_ComputeInstance_Delete.java:375)
	at sun.reflect.NativeMethodAccessorImpl.invoke0(Native Method)
	at sun.reflect.NativeMethodAccessorImpl.invoke(Unknown Source)
	at sun.reflect.DelegatingMethodAccessorImpl.invoke(Unknown Source)
	at java.lang.reflect.Method.invoke(Unknown Source)
	at org.testng.internal.MethodInvocationHelper.invokeMethod(MethodInvocationHelper.java:80)
	at org.testng.internal.Invoker.invokeMethod(Invoker.java:714)
	at org.testng.internal.Invoker.invokeTestMethod(Invoker.java:901)
	at org.testng.internal.Invoker.invokeTestMethods(Invoker.java:1231)
	at org.testng.internal.TestMethodWorker.invokeTestMethods(TestMethodWorker.java:128)
	at org.testng.internal.TestMethodWorker.run(TestMethodWorker.java:111)
	at org.testng.TestRunner.privateRun(TestRunner.java:767)
	at org.testng.TestRunner.run(TestRunner.java:617)
	at org.testng.SuiteRunner.runTest(SuiteRunner.java:334)
	at org.testng.SuiteRunner.access$0(SuiteRunner.java:333)
	at org.testng.SuiteRunner$SuiteWorker.run(SuiteRunner.java:368)
	at org.testng.internal.thread.ThreadUtil$2.call(ThreadUtil.java:64)
	at java.util.concurrent.FutureTask$Sync.innerRun(Unknown Source)
	at java.util.concurrent.FutureTask.run(Unknown Source)
	at java.util.concurrent.ThreadPoolExecutor$Worker.runTask(Unknown Source)
	at java.util.concurrent.ThreadPoolExecutor$Worker.run(Unknown Source)
	at java.lang.Thread.run(Unknown Source)
</pre></div></td>
<td>155</td>
<td>com.qa141.occs.compute.C9_OCCS_06_ComputeInstance_Delete@7f92c8d9</td></tr>
<tr>
<td title='com.qa141.occs.compute.C9_OCCS_10_StorageVolume_Update.test()'><b>test</b><br>Test class: com.qa141.occs.compute.C9_OCCS_10_StorageVolume_Update<br>Parameters: chrome<br/>
<a href="#Output-570828555" onClick='toggleBox("Output-570828555", this, "Show output", "Hide output");'>Show output</a>

<a href="#Output-570828555" onClick="toggleAllBoxes();">Show all outputs</a>
<div class='log' id="Output-570828555">
<a href=C:\SAFc\tests\OPC\test-output\screenShots\02-15-2015\02-15-2015_11.05.46_com.qa141.occs.compute.C9_OCCS_10_StorageVolume_Update_test.png target='_blank' >02-15-2015_11.05.46_com.qa141.occs.compute.C9_OCCS_10_StorageVolume_Update_test.png</a><br/>
<a href=C:\SAFc\tests\OPC\test-output\screenShots\02-15-2015\02-15-2015_11.05.46_com.qa141.occs.compute.C9_OCCS_10_StorageVolume_Update_test.png target='_blank' >Screenshot</a><br/>
<img src="file:///C:\SAFc\tests\OPC\test-output\screenShots\02-15-2015\02-15-2015_11.05.46_com.qa141.occs.compute.C9_OCCS_10_StorageVolume_Update_test.png" width=500 height=300" alt=""/><br /><br/>
</div>
</td>
<td><div><pre>java.lang.AssertionError: Cannot locate element with text: automationTest_ComputeInstance
For documentation on this error, please visit: http://seleniumhq.org/exceptions/no_such_element.html
Build info: version: &apos;2.39.0&apos;, revision: &apos;ff23eac&apos;, time: &apos;2013-12-16 16:11:15&apos;
System info: host: &apos;slc05gyj&apos;, ip: &apos;10.240.125.231&apos;, os.name: &apos;Windows 7&apos;, os.arch: &apos;amd64&apos;, os.version: &apos;6.1&apos;, java.version: &apos;1.6.0_34&apos;
Driver info: driver.version: unknown
	at com.qa141.occs.compute.C9_OCCS_10_StorageVolume_Update.test(C9_OCCS_10_StorageVolume_Update.java:241)
	at java.util.concurrent.FutureTask$Sync.innerRun(Unknown Source)
	at java.util.concurrent.FutureTask.run(Unknown Source)
	at java.util.concurrent.ThreadPoolExecutor$Worker.runTask(Unknown Source)
	at java.util.concurrent.ThreadPoolExecutor$Worker.run(Unknown Source)
	at java.lang.Thread.run(Unknown Source)
... Removed 17 stack frames</pre></div><a href='#' onClick='toggleBox("stack-trace570828555", this, "Click to show all stack frames", "Click to hide stack frames")'>Click to show all stack frames</a>
<div class='stack-trace' id='stack-trace570828555'><pre>java.lang.AssertionError: Cannot locate element with text: automationTest_ComputeInstance
For documentation on this error, please visit: http://seleniumhq.org/exceptions/no_such_element.html
Build info: version: &apos;2.39.0&apos;, revision: &apos;ff23eac&apos;, time: &apos;2013-12-16 16:11:15&apos;
System info: host: &apos;slc05gyj&apos;, ip: &apos;10.240.125.231&apos;, os.name: &apos;Windows 7&apos;, os.arch: &apos;amd64&apos;, os.version: &apos;6.1&apos;, java.version: &apos;1.6.0_34&apos;
Driver info: driver.version: unknown
	at org.testng.Assert.fail(Assert.java:94)
	at com.qa141.occs.compute.C9_OCCS_10_StorageVolume_Update.test(C9_OCCS_10_StorageVolume_Update.java:241)
	at sun.reflect.NativeMethodAccessorImpl.invoke0(Native Method)
	at sun.reflect.NativeMethodAccessorImpl.invoke(Unknown Source)
	at sun.reflect.DelegatingMethodAccessorImpl.invoke(Unknown Source)
	at java.lang.reflect.Method.invoke(Unknown Source)
	at org.testng.internal.MethodInvocationHelper.invokeMethod(MethodInvocationHelper.java:80)
	at org.testng.internal.Invoker.invokeMethod(Invoker.java:714)
	at org.testng.internal.Invoker.invokeTestMethod(Invoker.java:901)
	at org.testng.internal.Invoker.invokeTestMethods(Invoker.java:1231)
	at org.testng.internal.TestMethodWorker.invokeTestMethods(TestMethodWorker.java:128)
	at org.testng.internal.TestMethodWorker.run(TestMethodWorker.java:111)
	at org.testng.TestRunner.privateRun(TestRunner.java:767)
	at org.testng.TestRunner.run(TestRunner.java:617)
	at org.testng.SuiteRunner.runTest(SuiteRunner.java:334)
	at org.testng.SuiteRunner.access$0(SuiteRunner.java:333)
	at org.testng.SuiteRunner$SuiteWorker.run(SuiteRunner.java:368)
	at org.testng.internal.thread.ThreadUtil$2.call(ThreadUtil.java:64)
	at java.util.concurrent.FutureTask$Sync.innerRun(Unknown Source)
	at java.util.concurrent.FutureTask.run(Unknown Source)
	at java.util.concurrent.ThreadPoolExecutor$Worker.runTask(Unknown Source)
	at java.util.concurrent.ThreadPoolExecutor$Worker.run(Unknown Source)
	at java.lang.Thread.run(Unknown Source)
</pre></div></td>
<td>166</td>
<td>com.qa141.occs.compute.C9_OCCS_10_StorageVolume_Update@356f144c</td></tr>
</table><p>
<table width='100%' border='1' class='invocation-passed'>
<tr><td colspan='4' align='center'><b>PASSED TESTS</b></td></tr>
<tr><td><b>Test method</b></td>
<td width="30%"><b>Exception</b></td>
<td width="10%"><b>Time (seconds)</b></td>
<td><b>Instance</b></td>
</tr>
<tr>
<td title='com.qa141.occs.compute.C9_OCCS_01_ComputeInstance_InstancesTile_Verify.test()'><b>test</b><br>Test class: com.qa141.occs.compute.C9_OCCS_01_ComputeInstance_InstancesTile_Verify<br>Parameters: chrome</td>
<td></td>
<td>93</td>
<td>com.qa141.occs.compute.C9_OCCS_01_ComputeInstance_InstancesTile_Verify@60de1b8a</td></tr>
<tr>
<td title='com.qa141.occs.compute.C9_OCCS_02_ComputeInstance_Create.test()'><b>test</b><br>Test class: com.qa141.occs.compute.C9_OCCS_02_ComputeInstance_Create<br>Parameters: chrome</td>
<td></td>
<td>398</td>
<td>com.qa141.occs.compute.C9_OCCS_02_ComputeInstance_Create@15e232b5</td></tr>
<tr>
<td title='com.qa141.occs.compute.C9_OCCS_03_ComputeInstance_Filter.test()'><b>test</b><br>Test class: com.qa141.occs.compute.C9_OCCS_03_ComputeInstance_Filter<br>Parameters: chrome</td>
<td></td>
<td>214</td>
<td>com.qa141.occs.compute.C9_OCCS_03_ComputeInstance_Filter@36baa466</td></tr>
<tr>
<td title='com.qa141.occs.compute.C9_OCCS_04_ComputeInstance_SearchBox.test()'><b>test</b><br>Test class: com.qa141.occs.compute.C9_OCCS_04_ComputeInstance_SearchBox<br>Parameters: chrome</td>
<td></td>
<td>195</td>
<td>com.qa141.occs.compute.C9_OCCS_04_ComputeInstance_SearchBox@7dc05ffd</td></tr>
<tr>
<td title='com.qa141.occs.compute.C9_OCCS_07_StorageTile_Verify.test()'><b>test</b><br>Test class: com.qa141.occs.compute.C9_OCCS_07_StorageTile_Verify<br>Parameters: chrome</td>
<td></td>
<td>120</td>
<td>com.qa141.occs.compute.C9_OCCS_07_StorageTile_Verify@68814013</td></tr>
<tr>
<td title='com.qa141.occs.compute.C9_OCCS_08_StorageVolume_Create.test()'><b>test</b><br>Test class: com.qa141.occs.compute.C9_OCCS_08_StorageVolume_Create<br>Parameters: chrome</td>
<td></td>
<td>327</td>
<td>com.qa141.occs.compute.C9_OCCS_08_StorageVolume_Create@177f409c</td></tr>
<tr>
<td title='com.qa141.occs.compute.C9_OCCS_09_StorageVolume_Filter.test()'><b>test</b><br>Test class: com.qa141.occs.compute.C9_OCCS_09_StorageVolume_Filter<br>Parameters: chrome</td>
<td></td>
<td>138</td>
<td>com.qa141.occs.compute.C9_OCCS_09_StorageVolume_Filter@77d2b01b</td></tr>
<tr>
<td title='com.qa141.occs.compute.C9_OCCS_11_StorageVolume_SearchBox.test()'><b>test</b><br>Test class: com.qa141.occs.compute.C9_OCCS_11_StorageVolume_SearchBox<br>Parameters: chrome</td>
<td></td>
<td>174</td>
<td>com.qa141.occs.compute.C9_OCCS_11_StorageVolume_SearchBox@7d95d4fe</td></tr>
<tr>
<td title='com.qa141.occs.compute.C9_OCCS_12_StorageVolume_Delete.test()'><b>test</b><br>Test class: com.qa141.occs.compute.C9_OCCS_12_StorageVolume_Delete<br>Parameters: chrome</td>
<td></td>
<td>139</td>
<td>com.qa141.occs.compute.C9_OCCS_12_StorageVolume_Delete@2927fa12</td></tr>
</table><p>
</body>
</html>