<html>
<head>
<title>TestNG:  DB</title>
<link href="../testng.css" rel="stylesheet" type="text/css" />
<link href="../my-testng.css" rel="stylesheet" type="text/css" />

<style type="text/css">
.log { display: none;} 
.stack-trace { display: none;} 
</style>
<script type="text/javascript">
<!--
function flip(e) {
  current = e.style.display;
  if (current == 'block') {
    e.style.display = 'none';
    return 0;
  }
  else {
    e.style.display = 'block';
    return 1;
  }
}

function toggleBox(szDivId, elem, msg1, msg2)
{
  var res = -1;  if (document.getElementById) {
    res = flip(document.getElementById(szDivId));
  }
  else if (document.all) {
    // this is the way old msie versions work
    res = flip(document.all[szDivId]);
  }
  if(elem) {
    if(res == 0) elem.innerHTML = msg1; else elem.innerHTML = msg2;
  }

}

function toggleAllBoxes() {
  if (document.getElementsByTagName) {
    d = document.getElementsByTagName('div');
    for (i = 0; i < d.length; i++) {
      if (d[i].className == 'log') {
        flip(d[i]);
      }
    }
  }
}

// -->
</script>

</head>
<body>
<h2 align='center'>DB</h2><table border='1' align="center">
<tr>
<td>Tests passed/Failed/Skipped:</td><td>12/3/0</td>
</tr><tr>
<td>Started on:</td><td>Wed Jul 13 13:24:52 MDT 2016</td>
</tr>
<tr><td>Total time:</td><td>4000 seconds (4000282 ms)</td>
</tr><tr>
<td>Included groups:</td><td></td>
</tr><tr>
<td>Excluded groups:</td><td></td>
</tr>
</table><p/>
<small><i>(Hover the method name to see the test class name)</i></small><p/>
<table width='100%' border='1' class='invocation-failed'>
<tr><td colspan='4' align='center'><b>FAILED TESTS</b></td></tr>
<tr><td><b>Test method</b></td>
<td width="30%"><b>Exception</b></td>
<td width="10%"><b>Time (seconds)</b></td>
<td><b>Instance</b></td>
</tr>
<tr>
<td title='com.qa141.db.C9_DB_07_WebSheetApplications_Delete_Test.test()'><b>test</b><br>Test class: com.qa141.db.C9_DB_07_WebSheetApplications_Delete_Test<br>Parameters: chrome<br/>
<a href="#Output-65028177" onClick='toggleBox("Output-65028177", this, "Show output", "Hide output");'>Show output</a>

<a href="#Output-65028177" onClick="toggleAllBoxes();">Show all outputs</a>
<div class='log' id="Output-65028177">
<a href=C:\SAFc\tests\OPC\test-output\screenShots\07-13-2016\07-13-2016_02.03.50_com.qa141.db.C9_DB_07_WebSheetApplications_Delete_Test_test.png target='_blank' >07-13-2016_02.03.50_com.qa141.db.C9_DB_07_WebSheetApplications_Delete_Test_test.png</a><br/>
<a href=C:\SAFc\tests\OPC\test-output\screenShots\07-13-2016\07-13-2016_02.03.50_com.qa141.db.C9_DB_07_WebSheetApplications_Delete_Test_test.png target='_blank' >Screenshot</a><br/>
<img src="file:///C:\SAFc\tests\OPC\test-output\screenShots\07-13-2016\07-13-2016_02.03.50_com.qa141.db.C9_DB_07_WebSheetApplications_Delete_Test_test.png" width=500 height=300" alt=""/><br /><br/>
</div>
</td>
<td><div><pre>java.lang.AssertionError: no such element
  (Session info: chrome=51.0.2704.103)
  (Driver info: chromedriver=2.9.248315,platform=Windows NT 6.1 SP1 x86_64) (WARNING: The server did not provide any stacktrace information)
Command duration or timeout: 30.09 seconds
For documentation on this error, please visit: http://seleniumhq.org/exceptions/no_such_element.html
Build info: version: &apos;2.39.0&apos;, revision: &apos;ff23eac&apos;, time: &apos;2013-12-16 16:11:15&apos;
System info: host: &apos;slc05wcd&apos;, ip: &apos;10.249.129.123&apos;, os.name: &apos;Windows 7&apos;, os.arch: &apos;amd64&apos;, os.version: &apos;6.1&apos;, java.version: &apos;1.8.0_73&apos;
Driver info: org.openqa.selenium.chrome.ChromeDriver
Capabilities [{applicationCacheEnabled=false, rotatable=false, chrome={userDataDir=C:\Users\argdas\AppData\Local\Temp\scoped_dir24424_9580}, takesHeapSnapshot=true, databaseEnabled=false, handlesAlerts=true, version=51.0.2704.103, platform=XP, browserConnectionEnabled=false, nativeEvents=true, acceptSslCerts=true, locationContextEnabled=true, webStorageEnabled=true, browserName=chrome, takesScreenshot=true, javascriptEnabled=true, cssSelectorsEnabled=true}]
Session ID: dad143060ce655fe69d7278e441b951e
	at com.qa141.db.C9_DB_07_WebSheetApplications_Delete_Test.test(C9_DB_07_WebSheetApplications_Delete_Test.java:138)
	at java.util.concurrent.FutureTask.run(Unknown Source)
	at java.util.concurrent.ThreadPoolExecutor.runWorker(Unknown Source)
	at java.util.concurrent.ThreadPoolExecutor$Worker.run(Unknown Source)
	at java.lang.Thread.run(Unknown Source)
... Removed 17 stack frames</pre></div><a href='#' onClick='toggleBox("stack-trace65028177", this, "Click to show all stack frames", "Click to hide stack frames")'>Click to show all stack frames</a>
<div class='stack-trace' id='stack-trace65028177'><pre>java.lang.AssertionError: no such element
  (Session info: chrome=51.0.2704.103)
  (Driver info: chromedriver=2.9.248315,platform=Windows NT 6.1 SP1 x86_64) (WARNING: The server did not provide any stacktrace information)
Command duration or timeout: 30.09 seconds
For documentation on this error, please visit: http://seleniumhq.org/exceptions/no_such_element.html
Build info: version: &apos;2.39.0&apos;, revision: &apos;ff23eac&apos;, time: &apos;2013-12-16 16:11:15&apos;
System info: host: &apos;slc05wcd&apos;, ip: &apos;10.249.129.123&apos;, os.name: &apos;Windows 7&apos;, os.arch: &apos;amd64&apos;, os.version: &apos;6.1&apos;, java.version: &apos;1.8.0_73&apos;
Driver info: org.openqa.selenium.chrome.ChromeDriver
Capabilities [{applicationCacheEnabled=false, rotatable=false, chrome={userDataDir=C:\Users\argdas\AppData\Local\Temp\scoped_dir24424_9580}, takesHeapSnapshot=true, databaseEnabled=false, handlesAlerts=true, version=51.0.2704.103, platform=XP, browserConnectionEnabled=false, nativeEvents=true, acceptSslCerts=true, locationContextEnabled=true, webStorageEnabled=true, browserName=chrome, takesScreenshot=true, javascriptEnabled=true, cssSelectorsEnabled=true}]
Session ID: dad143060ce655fe69d7278e441b951e
	at org.testng.Assert.fail(Assert.java:94)
	at com.qa141.db.C9_DB_07_WebSheetApplications_Delete_Test.test(C9_DB_07_WebSheetApplications_Delete_Test.java:138)
	at sun.reflect.NativeMethodAccessorImpl.invoke0(Native Method)
	at sun.reflect.NativeMethodAccessorImpl.invoke(Unknown Source)
	at sun.reflect.DelegatingMethodAccessorImpl.invoke(Unknown Source)
	at java.lang.reflect.Method.invoke(Unknown Source)
	at org.testng.internal.MethodInvocationHelper.invokeMethod(MethodInvocationHelper.java:84)
	at org.testng.internal.Invoker.invokeMethod(Invoker.java:714)
	at org.testng.internal.Invoker.invokeTestMethod(Invoker.java:901)
	at org.testng.internal.Invoker.invokeTestMethods(Invoker.java:1231)
	at org.testng.internal.TestMethodWorker.invokeTestMethods(TestMethodWorker.java:127)
	at org.testng.internal.TestMethodWorker.run(TestMethodWorker.java:111)
	at org.testng.TestRunner.privateRun(TestRunner.java:767)
	at org.testng.TestRunner.run(TestRunner.java:617)
	at org.testng.SuiteRunner.runTest(SuiteRunner.java:334)
	at org.testng.SuiteRunner.access$000(SuiteRunner.java:37)
	at org.testng.SuiteRunner$SuiteWorker.run(SuiteRunner.java:368)
	at org.testng.internal.thread.ThreadUtil$2.call(ThreadUtil.java:64)
	at java.util.concurrent.FutureTask.run(Unknown Source)
	at java.util.concurrent.ThreadPoolExecutor.runWorker(Unknown Source)
	at java.util.concurrent.ThreadPoolExecutor$Worker.run(Unknown Source)
	at java.lang.Thread.run(Unknown Source)
</pre></div></td>
<td>271</td>
<td>com.qa141.db.C9_DB_07_WebSheetApplications_Delete_Test@1ae369b7</td></tr>
<tr>
<td title='com.qa141.db.C9_DB_14_Search_Test.test()'><b>test</b><br>Test class: com.qa141.db.C9_DB_14_Search_Test<br>Parameters: chrome<br/>
<a href="#Output-1263063589" onClick='toggleBox("Output-1263063589", this, "Show output", "Hide output");'>Show output</a>

<a href="#Output-1263063589" onClick="toggleAllBoxes();">Show all outputs</a>
<div class='log' id="Output-1263063589">
<a href=C:\SAFc\tests\OPC\test-output\screenShots\07-13-2016\07-13-2016_02.13.14_com.qa141.db.C9_DB_14_Search_Test_test.png target='_blank' >07-13-2016_02.13.14_com.qa141.db.C9_DB_14_Search_Test_test.png</a><br/>
<a href=C:\SAFc\tests\OPC\test-output\screenShots\07-13-2016\07-13-2016_02.13.14_com.qa141.db.C9_DB_14_Search_Test_test.png target='_blank' >Screenshot</a><br/>
<img src="file:///C:\SAFc\tests\OPC\test-output\screenShots\07-13-2016\07-13-2016_02.13.14_com.qa141.db.C9_DB_14_Search_Test_test.png" width=500 height=300" alt=""/><br /><br/>
</div>
</td>
<td><div><pre>java.lang.AssertionError: unknown error: Element is not clickable at point (1544, 20). Other element would receive the click: &lt;span class=&quot;a-Icon icon-search&quot;&gt;&lt;/span&gt;
  (Session info: chrome=51.0.2704.103)
  (Driver info: chromedriver=2.9.248315,platform=Windows NT 6.1 SP1 x86_64) (WARNING: The server did not provide any stacktrace information)
Command duration or timeout: 37 milliseconds
Build info: version: &apos;2.39.0&apos;, revision: &apos;ff23eac&apos;, time: &apos;2013-12-16 16:11:15&apos;
System info: host: &apos;slc05wcd&apos;, ip: &apos;10.249.129.123&apos;, os.name: &apos;Windows 7&apos;, os.arch: &apos;amd64&apos;, os.version: &apos;6.1&apos;, java.version: &apos;1.8.0_73&apos;
Driver info: org.openqa.selenium.chrome.ChromeDriver
Capabilities [{applicationCacheEnabled=false, rotatable=false, chrome={userDataDir=C:\Users\argdas\AppData\Local\Temp\scoped_dir22284_2846}, takesHeapSnapshot=true, databaseEnabled=false, handlesAlerts=true, version=51.0.2704.103, platform=XP, browserConnectionEnabled=false, nativeEvents=true, acceptSslCerts=true, locationContextEnabled=true, webStorageEnabled=true, browserName=chrome, takesScreenshot=true, javascriptEnabled=true, cssSelectorsEnabled=true}]
Session ID: 52a5922e731299b7fc79ec2abbbf0ca2
	at com.qa141.db.C9_DB_14_Search_Test.test(C9_DB_14_Search_Test.java:118)
	at java.util.concurrent.FutureTask.run(Unknown Source)
	at java.util.concurrent.ThreadPoolExecutor.runWorker(Unknown Source)
	at java.util.concurrent.ThreadPoolExecutor$Worker.run(Unknown Source)
	at java.lang.Thread.run(Unknown Source)
... Removed 17 stack frames</pre></div><a href='#' onClick='toggleBox("stack-trace1263063589", this, "Click to show all stack frames", "Click to hide stack frames")'>Click to show all stack frames</a>
<div class='stack-trace' id='stack-trace1263063589'><pre>java.lang.AssertionError: unknown error: Element is not clickable at point (1544, 20). Other element would receive the click: &lt;span class=&quot;a-Icon icon-search&quot;&gt;&lt;/span&gt;
  (Session info: chrome=51.0.2704.103)
  (Driver info: chromedriver=2.9.248315,platform=Windows NT 6.1 SP1 x86_64) (WARNING: The server did not provide any stacktrace information)
Command duration or timeout: 37 milliseconds
Build info: version: &apos;2.39.0&apos;, revision: &apos;ff23eac&apos;, time: &apos;2013-12-16 16:11:15&apos;
System info: host: &apos;slc05wcd&apos;, ip: &apos;10.249.129.123&apos;, os.name: &apos;Windows 7&apos;, os.arch: &apos;amd64&apos;, os.version: &apos;6.1&apos;, java.version: &apos;1.8.0_73&apos;
Driver info: org.openqa.selenium.chrome.ChromeDriver
Capabilities [{applicationCacheEnabled=false, rotatable=false, chrome={userDataDir=C:\Users\argdas\AppData\Local\Temp\scoped_dir22284_2846}, takesHeapSnapshot=true, databaseEnabled=false, handlesAlerts=true, version=51.0.2704.103, platform=XP, browserConnectionEnabled=false, nativeEvents=true, acceptSslCerts=true, locationContextEnabled=true, webStorageEnabled=true, browserName=chrome, takesScreenshot=true, javascriptEnabled=true, cssSelectorsEnabled=true}]
Session ID: 52a5922e731299b7fc79ec2abbbf0ca2
	at org.testng.Assert.fail(Assert.java:94)
	at com.qa141.db.C9_DB_14_Search_Test.test(C9_DB_14_Search_Test.java:118)
	at sun.reflect.NativeMethodAccessorImpl.invoke0(Native Method)
	at sun.reflect.NativeMethodAccessorImpl.invoke(Unknown Source)
	at sun.reflect.DelegatingMethodAccessorImpl.invoke(Unknown Source)
	at java.lang.reflect.Method.invoke(Unknown Source)
	at org.testng.internal.MethodInvocationHelper.invokeMethod(MethodInvocationHelper.java:84)
	at org.testng.internal.Invoker.invokeMethod(Invoker.java:714)
	at org.testng.internal.Invoker.invokeTestMethod(Invoker.java:901)
	at org.testng.internal.Invoker.invokeTestMethods(Invoker.java:1231)
	at org.testng.internal.TestMethodWorker.invokeTestMethods(TestMethodWorker.java:127)
	at org.testng.internal.TestMethodWorker.run(TestMethodWorker.java:111)
	at org.testng.TestRunner.privateRun(TestRunner.java:767)
	at org.testng.TestRunner.run(TestRunner.java:617)
	at org.testng.SuiteRunner.runTest(SuiteRunner.java:334)
	at org.testng.SuiteRunner.access$000(SuiteRunner.java:37)
	at org.testng.SuiteRunner$SuiteWorker.run(SuiteRunner.java:368)
	at org.testng.internal.thread.ThreadUtil$2.call(ThreadUtil.java:64)
	at java.util.concurrent.FutureTask.run(Unknown Source)
	at java.util.concurrent.ThreadPoolExecutor.runWorker(Unknown Source)
	at java.util.concurrent.ThreadPoolExecutor$Worker.run(Unknown Source)
	at java.lang.Thread.run(Unknown Source)
</pre></div></td>
<td>215</td>
<td>com.qa141.db.C9_DB_14_Search_Test@3834d63f</td></tr>
<tr>
<td title='com.qa141.db.C9_DB_05_PackagedApplications_Remove_Test.test()'><b>test</b><br>Test class: com.qa141.db.C9_DB_05_PackagedApplications_Remove_Test<br>Parameters: chrome<br/>
<a href="#Output-1486174385" onClick='toggleBox("Output-1486174385", this, "Show output", "Hide output");'>Show output</a>

<a href="#Output-1486174385" onClick="toggleAllBoxes();">Show all outputs</a>
<div class='log' id="Output-1486174385">
<a href=C:\SAFc\tests\OPC\test-output\screenShots\07-13-2016\07-13-2016_02.31.31_com.qa141.db.C9_DB_05_PackagedApplications_Remove_Test_test.png target='_blank' >07-13-2016_02.31.31_com.qa141.db.C9_DB_05_PackagedApplications_Remove_Test_test.png</a><br/>
<a href=C:\SAFc\tests\OPC\test-output\screenShots\07-13-2016\07-13-2016_02.31.31_com.qa141.db.C9_DB_05_PackagedApplications_Remove_Test_test.png target='_blank' >Screenshot</a><br/>
<img src="file:///C:\SAFc\tests\OPC\test-output\screenShots\07-13-2016\07-13-2016_02.31.31_com.qa141.db.C9_DB_05_PackagedApplications_Remove_Test_test.png" width=500 height=300" alt=""/><br /><br/>
</div>
</td>
<td><div><pre>java.lang.AssertionError: no such element
  (Session info: chrome=51.0.2704.103)
  (Driver info: chromedriver=2.9.248315,platform=Windows NT 6.1 SP1 x86_64) (WARNING: The server did not provide any stacktrace information)
Command duration or timeout: 30.38 seconds
For documentation on this error, please visit: http://seleniumhq.org/exceptions/no_such_element.html
Build info: version: &apos;2.39.0&apos;, revision: &apos;ff23eac&apos;, time: &apos;2013-12-16 16:11:15&apos;
System info: host: &apos;slc05wcd&apos;, ip: &apos;10.249.129.123&apos;, os.name: &apos;Windows 7&apos;, os.arch: &apos;amd64&apos;, os.version: &apos;6.1&apos;, java.version: &apos;1.8.0_73&apos;
Driver info: org.openqa.selenium.chrome.ChromeDriver
Capabilities [{applicationCacheEnabled=false, rotatable=false, chrome={userDataDir=C:\Users\argdas\AppData\Local\Temp\scoped_dir23988_17555}, takesHeapSnapshot=true, databaseEnabled=false, handlesAlerts=true, version=51.0.2704.103, platform=XP, browserConnectionEnabled=false, nativeEvents=true, acceptSslCerts=true, locationContextEnabled=true, webStorageEnabled=true, browserName=chrome, takesScreenshot=true, javascriptEnabled=true, cssSelectorsEnabled=true}]
Session ID: 65e2c81203dd5fea36d9a8932bb810db
	at com.qa141.db.C9_DB_05_PackagedApplications_Remove_Test.test(C9_DB_05_PackagedApplications_Remove_Test.java:160)
	at java.util.concurrent.FutureTask.run(Unknown Source)
	at java.util.concurrent.ThreadPoolExecutor.runWorker(Unknown Source)
	at java.util.concurrent.ThreadPoolExecutor$Worker.run(Unknown Source)
	at java.lang.Thread.run(Unknown Source)
... Removed 17 stack frames</pre></div><a href='#' onClick='toggleBox("stack-trace1486174385", this, "Click to show all stack frames", "Click to hide stack frames")'>Click to show all stack frames</a>
<div class='stack-trace' id='stack-trace1486174385'><pre>java.lang.AssertionError: no such element
  (Session info: chrome=51.0.2704.103)
  (Driver info: chromedriver=2.9.248315,platform=Windows NT 6.1 SP1 x86_64) (WARNING: The server did not provide any stacktrace information)
Command duration or timeout: 30.38 seconds
For documentation on this error, please visit: http://seleniumhq.org/exceptions/no_such_element.html
Build info: version: &apos;2.39.0&apos;, revision: &apos;ff23eac&apos;, time: &apos;2013-12-16 16:11:15&apos;
System info: host: &apos;slc05wcd&apos;, ip: &apos;10.249.129.123&apos;, os.name: &apos;Windows 7&apos;, os.arch: &apos;amd64&apos;, os.version: &apos;6.1&apos;, java.version: &apos;1.8.0_73&apos;
Driver info: org.openqa.selenium.chrome.ChromeDriver
Capabilities [{applicationCacheEnabled=false, rotatable=false, chrome={userDataDir=C:\Users\argdas\AppData\Local\Temp\scoped_dir23988_17555}, takesHeapSnapshot=true, databaseEnabled=false, handlesAlerts=true, version=51.0.2704.103, platform=XP, browserConnectionEnabled=false, nativeEvents=true, acceptSslCerts=true, locationContextEnabled=true, webStorageEnabled=true, browserName=chrome, takesScreenshot=true, javascriptEnabled=true, cssSelectorsEnabled=true}]
Session ID: 65e2c81203dd5fea36d9a8932bb810db
	at org.testng.Assert.fail(Assert.java:94)
	at com.qa141.db.C9_DB_05_PackagedApplications_Remove_Test.test(C9_DB_05_PackagedApplications_Remove_Test.java:160)
	at sun.reflect.NativeMethodAccessorImpl.invoke0(Native Method)
	at sun.reflect.NativeMethodAccessorImpl.invoke(Unknown Source)
	at sun.reflect.DelegatingMethodAccessorImpl.invoke(Unknown Source)
	at java.lang.reflect.Method.invoke(Unknown Source)
	at org.testng.internal.MethodInvocationHelper.invokeMethod(MethodInvocationHelper.java:84)
	at org.testng.internal.Invoker.invokeMethod(Invoker.java:714)
	at org.testng.internal.Invoker.invokeTestMethod(Invoker.java:901)
	at org.testng.internal.Invoker.invokeTestMethods(Invoker.java:1231)
	at org.testng.internal.TestMethodWorker.invokeTestMethods(TestMethodWorker.java:127)
	at org.testng.internal.TestMethodWorker.run(TestMethodWorker.java:111)
	at org.testng.TestRunner.privateRun(TestRunner.java:767)
	at org.testng.TestRunner.run(TestRunner.java:617)
	at org.testng.SuiteRunner.runTest(SuiteRunner.java:334)
	at org.testng.SuiteRunner.access$000(SuiteRunner.java:37)
	at org.testng.SuiteRunner$SuiteWorker.run(SuiteRunner.java:368)
	at org.testng.internal.thread.ThreadUtil$2.call(ThreadUtil.java:64)
	at java.util.concurrent.FutureTask.run(Unknown Source)
	at java.util.concurrent.ThreadPoolExecutor.runWorker(Unknown Source)
	at java.util.concurrent.ThreadPoolExecutor$Worker.run(Unknown Source)
	at java.lang.Thread.run(Unknown Source)
</pre></div></td>
<td>291</td>
<td>com.qa141.db.C9_DB_05_PackagedApplications_Remove_Test@3ecf72fd</td></tr>
</table><p>
<table width='100%' border='1' class='invocation-passed'>
<tr><td colspan='4' align='center'><b>PASSED TESTS</b></td></tr>
<tr><td><b>Test method</b></td>
<td width="30%"><b>Exception</b></td>
<td width="10%"><b>Time (seconds)</b></td>
<td><b>Instance</b></td>
</tr>
<tr>
<td title='com.qa141.db.C9_DB_01_LoginLogoutOfApex_Test.test()'><b>test</b><br>Test class: com.qa141.db.C9_DB_01_LoginLogoutOfApex_Test<br>Parameters: chrome</td>
<td></td>
<td>185</td>
<td>com.qa141.db.C9_DB_01_LoginLogoutOfApex_Test@7cdbc5d3</td></tr>
<tr>
<td title='com.qa141.db.C9_DB_02_DataBaseApplications_Create_Run_Test.test()'><b>test</b><br>Test class: com.qa141.db.C9_DB_02_DataBaseApplications_Create_Run_Test<br>Parameters: chrome</td>
<td></td>
<td>283</td>
<td>com.qa141.db.C9_DB_02_DataBaseApplications_Create_Run_Test@47fd17e3</td></tr>
<tr>
<td title='com.qa141.db.C9_DB_03_DataBaseApplications_Delete_Test.test()'><b>test</b><br>Test class: com.qa141.db.C9_DB_03_DataBaseApplications_Delete_Test<br>Parameters: chrome</td>
<td></td>
<td>271</td>
<td>com.qa141.db.C9_DB_03_DataBaseApplications_Delete_Test@445b84c0</td></tr>
<tr>
<td title='com.qa141.db.C9_DB_09_DBService_link_Test.test()'><b>test</b><br>Test class: com.qa141.db.C9_DB_09_DBService_link_Test<br>Parameters: chrome</td>
<td></td>
<td>218</td>
<td>com.qa141.db.C9_DB_09_DBService_link_Test@17d99928</td></tr>
<tr>
<td title='com.qa141.db.C9_DB_10_Administration_EditDescription_Test.test()'><b>test</b><br>Test class: com.qa141.db.C9_DB_10_Administration_EditDescription_Test<br>Parameters: chrome</td>
<td></td>
<td>221</td>
<td>com.qa141.db.C9_DB_10_Administration_EditDescription_Test@33a10788</td></tr>
<tr>
<td title='com.qa141.db.C9_DB_11_DatabaseFieldValidation_Test.test()'><b>test</b><br>Test class: com.qa141.db.C9_DB_11_DatabaseFieldValidation_Test<br>Parameters: chrome</td>
<td></td>
<td>318</td>
<td>com.qa141.db.C9_DB_11_DatabaseFieldValidation_Test@6fffcba5</td></tr>
<tr>
<td title='com.qa141.db.C9_DB_12_DatabaseError_Test.test()'><b>test</b><br>Test class: com.qa141.db.C9_DB_12_DatabaseError_Test<br>Parameters: chrome</td>
<td></td>
<td>285</td>
<td>com.qa141.db.C9_DB_12_DatabaseError_Test@3aa9e816</td></tr>
<tr>
<td title='com.qa141.db.C9_DB_06_WebSheetApplications_Create_Run_Test.test()'><b>test</b><br>Test class: com.qa141.db.C9_DB_06_WebSheetApplications_Create_Run_Test<br>Parameters: chrome</td>
<td></td>
<td>272</td>
<td>com.qa141.db.C9_DB_06_WebSheetApplications_Create_Run_Test@233c0b17</td></tr>
<tr>
<td title='com.qa141.db.C9_DB_13_WebsheetFieldValidation_Test.test()'><b>test</b><br>Test class: com.qa141.db.C9_DB_13_WebsheetFieldValidation_Test<br>Parameters: chrome</td>
<td></td>
<td>347</td>
<td>com.qa141.db.C9_DB_13_WebsheetFieldValidation_Test@7006c658</td></tr>
<tr>
<td title='com.qa141.db.C9_DB_16_WebsheetError_Test.test()'><b>test</b><br>Test class: com.qa141.db.C9_DB_16_WebsheetError_Test<br>Parameters: chrome</td>
<td></td>
<td>300</td>
<td>com.qa141.db.C9_DB_16_WebsheetError_Test@61a52fbd</td></tr>
<tr>
<td title='com.qa141.db.C9_DB_15_UI_Test.test()'><b>test</b><br>Test class: com.qa141.db.C9_DB_15_UI_Test<br>Parameters: chrome</td>
<td></td>
<td>234</td>
<td>com.qa141.db.C9_DB_15_UI_Test@63d4e2ba</td></tr>
<tr>
<td title='com.qa141.db.C9_DB_04_PackagedApplications_Install_Run_Test.test()'><b>test</b><br>Test class: com.qa141.db.C9_DB_04_PackagedApplications_Install_Run_Test<br>Parameters: chrome</td>
<td></td>
<td>267</td>
<td>com.qa141.db.C9_DB_04_PackagedApplications_Install_Run_Test@34033bd0</td></tr>
</table><p>
</body>
</html>