<?xml version="1.0" encoding="UTF-8"?>
<!-- Generated by org.testng.reporters.JUnitXMLReporter -->
<testsuite hostname="slc05wcd" name="DB" tests="15" failures="3" timestamp="13 Jul 2016 20:31:32 GMT" time="4000.282" errors="0">
  <testcase name="test" time="185.749" classname="com.qa141.db.C9_DB_01_LoginLogoutOfApex_Test"/>
  <testcase name="test" time="283.81" classname="com.qa141.db.C9_DB_02_DataBaseApplications_Create_Run_Test"/>
  <testcase name="test" time="271.077" classname="com.qa141.db.C9_DB_03_DataBaseApplications_Delete_Test"/>
  <testcase name="test" time="218.967" classname="com.qa141.db.C9_DB_09_DBService_link_Test"/>
  <testcase name="test" time="221.94" classname="com.qa141.db.C9_DB_10_Administration_EditDescription_Test"/>
  <testcase name="test" time="318.366" classname="com.qa141.db.C9_DB_11_DatabaseFieldValidation_Test"/>
  <testcase name="test" time="285.939" classname="com.qa141.db.C9_DB_12_DatabaseError_Test"/>
  <testcase name="test" time="272.529" classname="com.qa141.db.C9_DB_06_WebSheetApplications_Create_Run_Test"/>
  <testcase name="test" time="271.866" classname="com.qa141.db.C9_DB_07_WebSheetApplications_Delete_Test">
    <failure type="java.lang.AssertionError" message="no such element
  (Session info: chrome=51.0.2704.103)
  (Driver info: chromedriver=2.9.248315,platform=Windows NT 6.1 SP1 x86_64) (WARNING: The server did not provide any stacktrace information)
Command duration or timeout: 30.09 seconds
For documentation on this error, please visit: http://seleniumhq.org/exceptions/no_such_element.html
Build info: version: &amp;apos;2.39.0&amp;apos;, revision: &amp;apos;ff23eac&amp;apos;, time: &amp;apos;2013-12-16 16:11:15&amp;apos;
System info: host: &amp;apos;slc05wcd&amp;apos;, ip: &amp;apos;10.249.129.123&amp;apos;, os.name: &amp;apos;Windows 7&amp;apos;, os.arch: &amp;apos;amd64&amp;apos;, os.version: &amp;apos;6.1&amp;apos;, java.version: &amp;apos;1.8.0_73&amp;apos;
Driver info: org.openqa.selenium.chrome.ChromeDriver
Capabilities [{applicationCacheEnabled=false, rotatable=false, chrome={userDataDir=C:\Users\argdas\AppData\Local\Temp\scoped_dir24424_9580}, takesHeapSnapshot=true, databaseEnabled=false, handlesAlerts=true, version=51.0.2704.103, platform=XP, browserConnectionEnabled=false, nativeEvents=true, acceptSslCerts=true, locationContextEnabled=true, webStorageEnabled=true, browserName=chrome, takesScreenshot=true, javascriptEnabled=true, cssSelectorsEnabled=true}]
Session ID: dad143060ce655fe69d7278e441b951e">
      <![CDATA[java.lang.AssertionError: no such element
  (Session info: chrome=51.0.2704.103)
  (Driver info: chromedriver=2.9.248315,platform=Windows NT 6.1 SP1 x86_64) (WARNING: The server did not provide any stacktrace information)
Command duration or timeout: 30.09 seconds
For documentation on this error, please visit: http://seleniumhq.org/exceptions/no_such_element.html
Build info: version: '2.39.0', revision: 'ff23eac', time: '2013-12-16 16:11:15'
System info: host: 'slc05wcd', ip: '10.249.129.123', os.name: 'Windows 7', os.arch: 'amd64', os.version: '6.1', java.version: '1.8.0_73'
Driver info: org.openqa.selenium.chrome.ChromeDriver
Capabilities [{applicationCacheEnabled=false, rotatable=false, chrome={userDataDir=C:\Users\argdas\AppData\Local\Temp\scoped_dir24424_9580}, takesHeapSnapshot=true, databaseEnabled=false, handlesAlerts=true, version=51.0.2704.103, platform=XP, browserConnectionEnabled=false, nativeEvents=true, acceptSslCerts=true, locationContextEnabled=true, webStorageEnabled=true, browserName=chrome, takesScreenshot=true, javascriptEnabled=true, cssSelectorsEnabled=true}]
Session ID: dad143060ce655fe69d7278e441b951e
	at com.qa141.db.C9_DB_07_WebSheetApplications_Delete_Test.test(C9_DB_07_WebSheetApplications_Delete_Test.java:138)
	at java.util.concurrent.FutureTask.run(Unknown Source)
	at java.util.concurrent.ThreadPoolExecutor.runWorker(Unknown Source)
	at java.util.concurrent.ThreadPoolExecutor$Worker.run(Unknown Source)
	at java.lang.Thread.run(Unknown Source)
... Removed 17 stack frames]]>
    </failure>
  </testcase> <!-- test -->
  <testcase name="test" time="347.251" classname="com.qa141.db.C9_DB_13_WebsheetFieldValidation_Test"/>
  <testcase name="test" time="215.556" classname="com.qa141.db.C9_DB_14_Search_Test">
    <failure type="java.lang.AssertionError" message="unknown error: Element is not clickable at point (1544, 20). Other element would receive the click: &amp;lt;span class=&amp;quot;a-Icon icon-search&amp;quot;&amp;gt;&amp;lt;/span&amp;gt;
  (Session info: chrome=51.0.2704.103)
  (Driver info: chromedriver=2.9.248315,platform=Windows NT 6.1 SP1 x86_64) (WARNING: The server did not provide any stacktrace information)
Command duration or timeout: 37 milliseconds
Build info: version: &amp;apos;2.39.0&amp;apos;, revision: &amp;apos;ff23eac&amp;apos;, time: &amp;apos;2013-12-16 16:11:15&amp;apos;
System info: host: &amp;apos;slc05wcd&amp;apos;, ip: &amp;apos;10.249.129.123&amp;apos;, os.name: &amp;apos;Windows 7&amp;apos;, os.arch: &amp;apos;amd64&amp;apos;, os.version: &amp;apos;6.1&amp;apos;, java.version: &amp;apos;1.8.0_73&amp;apos;
Driver info: org.openqa.selenium.chrome.ChromeDriver
Capabilities [{applicationCacheEnabled=false, rotatable=false, chrome={userDataDir=C:\Users\argdas\AppData\Local\Temp\scoped_dir22284_2846}, takesHeapSnapshot=true, databaseEnabled=false, handlesAlerts=true, version=51.0.2704.103, platform=XP, browserConnectionEnabled=false, nativeEvents=true, acceptSslCerts=true, locationContextEnabled=true, webStorageEnabled=true, browserName=chrome, takesScreenshot=true, javascriptEnabled=true, cssSelectorsEnabled=true}]
Session ID: 52a5922e731299b7fc79ec2abbbf0ca2">
      <![CDATA[java.lang.AssertionError: unknown error: Element is not clickable at point (1544, 20). Other element would receive the click: <span class="a-Icon icon-search"></span>
  (Session info: chrome=51.0.2704.103)
  (Driver info: chromedriver=2.9.248315,platform=Windows NT 6.1 SP1 x86_64) (WARNING: The server did not provide any stacktrace information)
Command duration or timeout: 37 milliseconds
Build info: version: '2.39.0', revision: 'ff23eac', time: '2013-12-16 16:11:15'
System info: host: 'slc05wcd', ip: '10.249.129.123', os.name: 'Windows 7', os.arch: 'amd64', os.version: '6.1', java.version: '1.8.0_73'
Driver info: org.openqa.selenium.chrome.ChromeDriver
Capabilities [{applicationCacheEnabled=false, rotatable=false, chrome={userDataDir=C:\Users\argdas\AppData\Local\Temp\scoped_dir22284_2846}, takesHeapSnapshot=true, databaseEnabled=false, handlesAlerts=true, version=51.0.2704.103, platform=XP, browserConnectionEnabled=false, nativeEvents=true, acceptSslCerts=true, locationContextEnabled=true, webStorageEnabled=true, browserName=chrome, takesScreenshot=true, javascriptEnabled=true, cssSelectorsEnabled=true}]
Session ID: 52a5922e731299b7fc79ec2abbbf0ca2
	at com.qa141.db.C9_DB_14_Search_Test.test(C9_DB_14_Search_Test.java:118)
	at java.util.concurrent.FutureTask.run(Unknown Source)
	at java.util.concurrent.ThreadPoolExecutor.runWorker(Unknown Source)
	at java.util.concurrent.ThreadPoolExecutor$Worker.run(Unknown Source)
	at java.lang.Thread.run(Unknown Source)
... Removed 17 stack frames]]>
    </failure>
  </testcase> <!-- test -->
  <testcase name="test" time="300.415" classname="com.qa141.db.C9_DB_16_WebsheetError_Test"/>
  <testcase name="test" time="234.153" classname="com.qa141.db.C9_DB_15_UI_Test"/>
  <testcase name="test" time="267.046" classname="com.qa141.db.C9_DB_04_PackagedApplications_Install_Run_Test"/>
  <testcase name="test" time="291.124" classname="com.qa141.db.C9_DB_05_PackagedApplications_Remove_Test">
    <failure type="java.lang.AssertionError" message="no such element
  (Session info: chrome=51.0.2704.103)
  (Driver info: chromedriver=2.9.248315,platform=Windows NT 6.1 SP1 x86_64) (WARNING: The server did not provide any stacktrace information)
Command duration or timeout: 30.38 seconds
For documentation on this error, please visit: http://seleniumhq.org/exceptions/no_such_element.html
Build info: version: &amp;apos;2.39.0&amp;apos;, revision: &amp;apos;ff23eac&amp;apos;, time: &amp;apos;2013-12-16 16:11:15&amp;apos;
System info: host: &amp;apos;slc05wcd&amp;apos;, ip: &amp;apos;10.249.129.123&amp;apos;, os.name: &amp;apos;Windows 7&amp;apos;, os.arch: &amp;apos;amd64&amp;apos;, os.version: &amp;apos;6.1&amp;apos;, java.version: &amp;apos;1.8.0_73&amp;apos;
Driver info: org.openqa.selenium.chrome.ChromeDriver
Capabilities [{applicationCacheEnabled=false, rotatable=false, chrome={userDataDir=C:\Users\argdas\AppData\Local\Temp\scoped_dir23988_17555}, takesHeapSnapshot=true, databaseEnabled=false, handlesAlerts=true, version=51.0.2704.103, platform=XP, browserConnectionEnabled=false, nativeEvents=true, acceptSslCerts=true, locationContextEnabled=true, webStorageEnabled=true, browserName=chrome, takesScreenshot=true, javascriptEnabled=true, cssSelectorsEnabled=true}]
Session ID: 65e2c81203dd5fea36d9a8932bb810db">
      <![CDATA[java.lang.AssertionError: no such element
  (Session info: chrome=51.0.2704.103)
  (Driver info: chromedriver=2.9.248315,platform=Windows NT 6.1 SP1 x86_64) (WARNING: The server did not provide any stacktrace information)
Command duration or timeout: 30.38 seconds
For documentation on this error, please visit: http://seleniumhq.org/exceptions/no_such_element.html
Build info: version: '2.39.0', revision: 'ff23eac', time: '2013-12-16 16:11:15'
System info: host: 'slc05wcd', ip: '10.249.129.123', os.name: 'Windows 7', os.arch: 'amd64', os.version: '6.1', java.version: '1.8.0_73'
Driver info: org.openqa.selenium.chrome.ChromeDriver
Capabilities [{applicationCacheEnabled=false, rotatable=false, chrome={userDataDir=C:\Users\argdas\AppData\Local\Temp\scoped_dir23988_17555}, takesHeapSnapshot=true, databaseEnabled=false, handlesAlerts=true, version=51.0.2704.103, platform=XP, browserConnectionEnabled=false, nativeEvents=true, acceptSslCerts=true, locationContextEnabled=true, webStorageEnabled=true, browserName=chrome, takesScreenshot=true, javascriptEnabled=true, cssSelectorsEnabled=true}]
Session ID: 65e2c81203dd5fea36d9a8932bb810db
	at com.qa141.db.C9_DB_05_PackagedApplications_Remove_Test.test(C9_DB_05_PackagedApplications_Remove_Test.java:160)
	at java.util.concurrent.FutureTask.run(Unknown Source)
	at java.util.concurrent.ThreadPoolExecutor.runWorker(Unknown Source)
	at java.util.concurrent.ThreadPoolExecutor$Worker.run(Unknown Source)
	at java.lang.Thread.run(Unknown Source)
... Removed 17 stack frames]]>
    </failure>
  </testcase> <!-- test -->
</testsuite> <!-- DB -->
