<?xml version="1.0" encoding="UTF-8"?>
<!-- Generated by org.testng.reporters.JUnitXMLReporter -->
<testsuite hostname="slc05wcd" name="Java" tests="17" failures="1" timestamp="13 Jul 2016 20:02:30 GMT" time="2257.43" errors="0">
  <testcase name="test" time="143.704" classname="com.qa132.java.C9_EMGC_01_LoginLogoutOfJavaServiceConsole_Test"/>
  <testcase name="test" time="122.485" classname="com.qa132.java.C9_EMGC_02_DeployingJavaApplication_Test"/>
  <testcase name="test" time="122.217" classname="com.qa132.java.C9_EMGC_03_StartApplication_Test"/>
  <testcase name="test" time="124.442" classname="com.qa132.java.C9_EMGC_04_AccessJavaApplicationDeployed_Test"/>
  <testcase name="test" time="123.743" classname="com.qa132.java.C9_EMGC_05_StopAplication_Test"/>
  <testcase name="test" time="124.04" classname="com.qa132.java.C9_EMGC_06_ReDeployingJavaApplication_Test">
    <failure type="java.lang.AssertionError" message="no such element
  (Session info: chrome=51.0.2704.103)
  (Driver info: chromedriver=2.9.248315,platform=Windows NT 6.1 SP1 x86_64) (WARNING: The server did not provide any stacktrace information)
Command duration or timeout: 30.14 seconds
For documentation on this error, please visit: http://seleniumhq.org/exceptions/no_such_element.html
Build info: version: &amp;apos;2.39.0&amp;apos;, revision: &amp;apos;ff23eac&amp;apos;, time: &amp;apos;2013-12-16 16:11:15&amp;apos;
System info: host: &amp;apos;slc05wcd&amp;apos;, ip: &amp;apos;10.249.129.123&amp;apos;, os.name: &amp;apos;Windows 7&amp;apos;, os.arch: &amp;apos;amd64&amp;apos;, os.version: &amp;apos;6.1&amp;apos;, java.version: &amp;apos;1.8.0_73&amp;apos;
Driver info: org.openqa.selenium.chrome.ChromeDriver
Capabilities [{applicationCacheEnabled=false, rotatable=false, chrome={userDataDir=C:\Users\argdas\AppData\Local\Temp\scoped_dir25140_12448}, takesHeapSnapshot=true, databaseEnabled=false, handlesAlerts=true, version=51.0.2704.103, platform=XP, browserConnectionEnabled=false, nativeEvents=true, acceptSslCerts=true, locationContextEnabled=true, webStorageEnabled=true, browserName=chrome, takesScreenshot=true, javascriptEnabled=true, cssSelectorsEnabled=true}]
Session ID: b62187beb429d960a23c144e727eff07">
      <![CDATA[java.lang.AssertionError: no such element
  (Session info: chrome=51.0.2704.103)
  (Driver info: chromedriver=2.9.248315,platform=Windows NT 6.1 SP1 x86_64) (WARNING: The server did not provide any stacktrace information)
Command duration or timeout: 30.14 seconds
For documentation on this error, please visit: http://seleniumhq.org/exceptions/no_such_element.html
Build info: version: '2.39.0', revision: 'ff23eac', time: '2013-12-16 16:11:15'
System info: host: 'slc05wcd', ip: '10.249.129.123', os.name: 'Windows 7', os.arch: 'amd64', os.version: '6.1', java.version: '1.8.0_73'
Driver info: org.openqa.selenium.chrome.ChromeDriver
Capabilities [{applicationCacheEnabled=false, rotatable=false, chrome={userDataDir=C:\Users\argdas\AppData\Local\Temp\scoped_dir25140_12448}, takesHeapSnapshot=true, databaseEnabled=false, handlesAlerts=true, version=51.0.2704.103, platform=XP, browserConnectionEnabled=false, nativeEvents=true, acceptSslCerts=true, locationContextEnabled=true, webStorageEnabled=true, browserName=chrome, takesScreenshot=true, javascriptEnabled=true, cssSelectorsEnabled=true}]
Session ID: b62187beb429d960a23c144e727eff07
	at com.qa132.java.C9_EMGC_06_ReDeployingJavaApplication_Test.test(C9_EMGC_06_ReDeployingJavaApplication_Test.java:143)
	at java.util.concurrent.FutureTask.run(Unknown Source)
	at java.util.concurrent.ThreadPoolExecutor.runWorker(Unknown Source)
	at java.util.concurrent.ThreadPoolExecutor$Worker.run(Unknown Source)
	at java.lang.Thread.run(Unknown Source)
... Removed 17 stack frames]]>
    </failure>
  </testcase> <!-- test -->
  <testcase name="test" time="130.86" classname="com.qa132.java.C9_EMGC_07_AccessMyServicesPage_Test"/>
  <testcase name="test" time="123.599" classname="com.qa132.java.C9_EMGC_08_DeleteApplication_Test"/>
  <testcase name="test" time="135.406" classname="com.qa132.java.C9_Java_11_VerifyLinks_Test"/>
  <testcase name="test" time="133.193" classname="com.qa132.java.C9_Java_12_VerifyUI_Test"/>
  <testcase name="test" time="136.656" classname="com.qa132.java.C9_Java_13_FieldLevelCheck_Test"/>
  <testcase name="test" time="139.294" classname="com.qa132.java.C9_Java_14_ValidateError_Test"/>
  <testcase name="test" time="133.267" classname="com.qa132.java.C9_Java_15_ErrorHandling_Test"/>
  <testcase name="test" time="134.263" classname="com.qa132.java.C9_Java_16_SearchFeature_Test"/>
  <testcase name="test" time="132.85" classname="com.qa132.java.C9_Java_17_ErrorPage_Test"/>
  <testcase name="test" time="134.736" classname="com.qa132.java.C9_Java_18_Functionality_Test"/>
  <testcase name="test" time="139.246" classname="com.qa132.java.C9_Java_19_Security_Test"/>
</testsuite> <!-- Java -->
