<?xml version="1.0" encoding="UTF-8"?>
<!-- Generated by org.testng.reporters.JUnitXMLReporter -->
<testsuite hostname="slc05wcd" name="MYAccount" tests="11" failures="1" timestamp="13 Jul 2016 20:23:41 GMT" time="1271.45" errors="0">
  <testcase name="test" time="74.652" classname="com.qa141.myaccount.C9_MYA_01_loginLogout_Test"/>
  <testcase name="test" time="82.799" classname="com.qa141.myaccount.C9_MYA_02_VerifyAllLinks_Test"/>
  <testcase name="test" time="139.349" classname="com.qa141.myaccount.C9_MYA_03_VerifyUI_Test"/>
  <testcase name="test" time="136.229" classname="com.qa141.myaccount.C9_MYA_04_FieldLevelCheck_Test"/>
  <testcase name="test" time="134.383" classname="com.qa141.myaccount.C9_MYA_05_ErrorHandling_Test"/>
  <testcase name="test" time="85.97" classname="com.qa141.myaccount.C9_MYA_06_Security_Test"/>
  <testcase name="test" time="114.793" classname="com.qa141.myaccount.C9_MYA_07_SearchFilter_Test"/>
  <testcase name="test" time="138.107" classname="com.qa141.myaccount.C9_MYA_08_ValidateErrorpages_Test"/>
  <testcase name="test" time="118.157" classname="com.qa141.myaccount.C9_MYA_09_FunctionalityCheck_Test"/>
  <testcase name="test" time="103.835" classname="com.qa141.myaccount.C9_MYA_11_SetFavorite_Test"/>
  <testcase name="test" time="129.922" classname="com.qa141.myaccount.C9_MYA_10_SetPreference_Test">
    <failure type="java.lang.AssertionError" message="no such element
  (Session info: chrome=51.0.2704.103)
  (Driver info: chromedriver=2.9.248315,platform=Windows NT 6.1 SP1 x86_64) (WARNING: The server did not provide any stacktrace information)
Command duration or timeout: 31.80 seconds
For documentation on this error, please visit: http://seleniumhq.org/exceptions/no_such_element.html
Build info: version: &amp;apos;2.39.0&amp;apos;, revision: &amp;apos;ff23eac&amp;apos;, time: &amp;apos;2013-12-16 16:11:15&amp;apos;
System info: host: &amp;apos;slc05wcd&amp;apos;, ip: &amp;apos;10.249.129.123&amp;apos;, os.name: &amp;apos;Windows 7&amp;apos;, os.arch: &amp;apos;amd64&amp;apos;, os.version: &amp;apos;6.1&amp;apos;, java.version: &amp;apos;1.8.0_73&amp;apos;
Driver info: org.openqa.selenium.chrome.ChromeDriver
Capabilities [{applicationCacheEnabled=false, rotatable=false, chrome={userDataDir=C:\Users\argdas\AppData\Local\Temp\scoped_dir24888_20426}, takesHeapSnapshot=true, databaseEnabled=false, handlesAlerts=true, version=51.0.2704.103, platform=XP, browserConnectionEnabled=false, nativeEvents=true, acceptSslCerts=true, locationContextEnabled=true, webStorageEnabled=true, browserName=chrome, takesScreenshot=true, javascriptEnabled=true, cssSelectorsEnabled=true}]
Session ID: e2cd375c24654fc129cce2c202de48ea">
      <![CDATA[java.lang.AssertionError: no such element
  (Session info: chrome=51.0.2704.103)
  (Driver info: chromedriver=2.9.248315,platform=Windows NT 6.1 SP1 x86_64) (WARNING: The server did not provide any stacktrace information)
Command duration or timeout: 31.80 seconds
For documentation on this error, please visit: http://seleniumhq.org/exceptions/no_such_element.html
Build info: version: '2.39.0', revision: 'ff23eac', time: '2013-12-16 16:11:15'
System info: host: 'slc05wcd', ip: '10.249.129.123', os.name: 'Windows 7', os.arch: 'amd64', os.version: '6.1', java.version: '1.8.0_73'
Driver info: org.openqa.selenium.chrome.ChromeDriver
Capabilities [{applicationCacheEnabled=false, rotatable=false, chrome={userDataDir=C:\Users\argdas\AppData\Local\Temp\scoped_dir24888_20426}, takesHeapSnapshot=true, databaseEnabled=false, handlesAlerts=true, version=51.0.2704.103, platform=XP, browserConnectionEnabled=false, nativeEvents=true, acceptSslCerts=true, locationContextEnabled=true, webStorageEnabled=true, browserName=chrome, takesScreenshot=true, javascriptEnabled=true, cssSelectorsEnabled=true}]
Session ID: e2cd375c24654fc129cce2c202de48ea
	at com.qa141.myaccount.C9_MYA_10_SetPreference_Test.test(C9_MYA_10_SetPreference_Test.java:117)
	at java.util.concurrent.FutureTask.run(Unknown Source)
	at java.util.concurrent.ThreadPoolExecutor.runWorker(Unknown Source)
	at java.util.concurrent.ThreadPoolExecutor$Worker.run(Unknown Source)
	at java.lang.Thread.run(Unknown Source)
... Removed 17 stack frames]]>
    </failure>
  </testcase> <!-- test -->
</testsuite> <!-- MYAccount -->
