<html>
<head>
<title>TestNG:  MYAccount</title>
<link href="../testng.css" rel="stylesheet" type="text/css" />
<link href="../my-testng.css" rel="stylesheet" type="text/css" />

<style type="text/css">
.log { display: none;} 
.stack-trace { display: none;} 
</style>
<script type="text/javascript">
<!--
function flip(e) {
  current = e.style.display;
  if (current == 'block') {
    e.style.display = 'none';
    return 0;
  }
  else {
    e.style.display = 'block';
    return 1;
  }
}

function toggleBox(szDivId, elem, msg1, msg2)
{
  var res = -1;  if (document.getElementById) {
    res = flip(document.getElementById(szDivId));
  }
  else if (document.all) {
    // this is the way old msie versions work
    res = flip(document.all[szDivId]);
  }
  if(elem) {
    if(res == 0) elem.innerHTML = msg1; else elem.innerHTML = msg2;
  }

}

function toggleAllBoxes() {
  if (document.getElementsByTagName) {
    d = document.getElementsByTagName('div');
    for (i = 0; i < d.length; i++) {
      if (d[i].className == 'log') {
        flip(d[i]);
      }
    }
  }
}

// -->
</script>

</head>
<body>
<h2 align='center'>MYAccount</h2><table border='1' align="center">
<tr>
<td>Tests passed/Failed/Skipped:</td><td>10/1/0</td>
</tr><tr>
<td>Started on:</td><td>Wed Jul 13 14:02:30 MDT 2016</td>
</tr>
<tr><td>Total time:</td><td>1271 seconds (1271450 ms)</td>
</tr><tr>
<td>Included groups:</td><td></td>
</tr><tr>
<td>Excluded groups:</td><td></td>
</tr>
</table><p/>
<small><i>(Hover the method name to see the test class name)</i></small><p/>
<table width='100%' border='1' class='invocation-failed'>
<tr><td colspan='4' align='center'><b>FAILED TESTS</b></td></tr>
<tr><td><b>Test method</b></td>
<td width="30%"><b>Exception</b></td>
<td width="10%"><b>Time (seconds)</b></td>
<td><b>Instance</b></td>
</tr>
<tr>
<td title='com.qa141.myaccount.C9_MYA_10_SetPreference_Test.test()'><b>test</b><br>Test class: com.qa141.myaccount.C9_MYA_10_SetPreference_Test<br>Parameters: chrome<br/>
<a href="#Output-2002838449" onClick='toggleBox("Output-2002838449", this, "Show output", "Hide output");'>Show output</a>

<a href="#Output-2002838449" onClick="toggleAllBoxes();">Show all outputs</a>
<div class='log' id="Output-2002838449">
<a href=C:\SAFc\tests\OPC\test-output\screenShots\07-13-2016\07-13-2016_02.23.40_com.qa141.myaccount.C9_MYA_10_SetPreference_Test_test.png target='_blank' >07-13-2016_02.23.40_com.qa141.myaccount.C9_MYA_10_SetPreference_Test_test.png</a><br/>
<a href=C:\SAFc\tests\OPC\test-output\screenShots\07-13-2016\07-13-2016_02.23.40_com.qa141.myaccount.C9_MYA_10_SetPreference_Test_test.png target='_blank' >Screenshot</a><br/>
<img src="file:///C:\SAFc\tests\OPC\test-output\screenShots\07-13-2016\07-13-2016_02.23.40_com.qa141.myaccount.C9_MYA_10_SetPreference_Test_test.png" width=500 height=300" alt=""/><br /><br/>
</div>
</td>
<td><div><pre>java.lang.AssertionError: no such element
  (Session info: chrome=51.0.2704.103)
  (Driver info: chromedriver=2.9.248315,platform=Windows NT 6.1 SP1 x86_64) (WARNING: The server did not provide any stacktrace information)
Command duration or timeout: 31.80 seconds
For documentation on this error, please visit: http://seleniumhq.org/exceptions/no_such_element.html
Build info: version: &apos;2.39.0&apos;, revision: &apos;ff23eac&apos;, time: &apos;2013-12-16 16:11:15&apos;
System info: host: &apos;slc05wcd&apos;, ip: &apos;10.249.129.123&apos;, os.name: &apos;Windows 7&apos;, os.arch: &apos;amd64&apos;, os.version: &apos;6.1&apos;, java.version: &apos;1.8.0_73&apos;
Driver info: org.openqa.selenium.chrome.ChromeDriver
Capabilities [{applicationCacheEnabled=false, rotatable=false, chrome={userDataDir=C:\Users\argdas\AppData\Local\Temp\scoped_dir24888_20426}, takesHeapSnapshot=true, databaseEnabled=false, handlesAlerts=true, version=51.0.2704.103, platform=XP, browserConnectionEnabled=false, nativeEvents=true, acceptSslCerts=true, locationContextEnabled=true, webStorageEnabled=true, browserName=chrome, takesScreenshot=true, javascriptEnabled=true, cssSelectorsEnabled=true}]
Session ID: e2cd375c24654fc129cce2c202de48ea
	at com.qa141.myaccount.C9_MYA_10_SetPreference_Test.test(C9_MYA_10_SetPreference_Test.java:117)
	at java.util.concurrent.FutureTask.run(Unknown Source)
	at java.util.concurrent.ThreadPoolExecutor.runWorker(Unknown Source)
	at java.util.concurrent.ThreadPoolExecutor$Worker.run(Unknown Source)
	at java.lang.Thread.run(Unknown Source)
... Removed 17 stack frames</pre></div><a href='#' onClick='toggleBox("stack-trace2002838449", this, "Click to show all stack frames", "Click to hide stack frames")'>Click to show all stack frames</a>
<div class='stack-trace' id='stack-trace2002838449'><pre>java.lang.AssertionError: no such element
  (Session info: chrome=51.0.2704.103)
  (Driver info: chromedriver=2.9.248315,platform=Windows NT 6.1 SP1 x86_64) (WARNING: The server did not provide any stacktrace information)
Command duration or timeout: 31.80 seconds
For documentation on this error, please visit: http://seleniumhq.org/exceptions/no_such_element.html
Build info: version: &apos;2.39.0&apos;, revision: &apos;ff23eac&apos;, time: &apos;2013-12-16 16:11:15&apos;
System info: host: &apos;slc05wcd&apos;, ip: &apos;10.249.129.123&apos;, os.name: &apos;Windows 7&apos;, os.arch: &apos;amd64&apos;, os.version: &apos;6.1&apos;, java.version: &apos;1.8.0_73&apos;
Driver info: org.openqa.selenium.chrome.ChromeDriver
Capabilities [{applicationCacheEnabled=false, rotatable=false, chrome={userDataDir=C:\Users\argdas\AppData\Local\Temp\scoped_dir24888_20426}, takesHeapSnapshot=true, databaseEnabled=false, handlesAlerts=true, version=51.0.2704.103, platform=XP, browserConnectionEnabled=false, nativeEvents=true, acceptSslCerts=true, locationContextEnabled=true, webStorageEnabled=true, browserName=chrome, takesScreenshot=true, javascriptEnabled=true, cssSelectorsEnabled=true}]
Session ID: e2cd375c24654fc129cce2c202de48ea
	at org.testng.Assert.fail(Assert.java:94)
	at com.qa141.myaccount.C9_MYA_10_SetPreference_Test.test(C9_MYA_10_SetPreference_Test.java:117)
	at sun.reflect.NativeMethodAccessorImpl.invoke0(Native Method)
	at sun.reflect.NativeMethodAccessorImpl.invoke(Unknown Source)
	at sun.reflect.DelegatingMethodAccessorImpl.invoke(Unknown Source)
	at java.lang.reflect.Method.invoke(Unknown Source)
	at org.testng.internal.MethodInvocationHelper.invokeMethod(MethodInvocationHelper.java:84)
	at org.testng.internal.Invoker.invokeMethod(Invoker.java:714)
	at org.testng.internal.Invoker.invokeTestMethod(Invoker.java:901)
	at org.testng.internal.Invoker.invokeTestMethods(Invoker.java:1231)
	at org.testng.internal.TestMethodWorker.invokeTestMethods(TestMethodWorker.java:127)
	at org.testng.internal.TestMethodWorker.run(TestMethodWorker.java:111)
	at org.testng.TestRunner.privateRun(TestRunner.java:767)
	at org.testng.TestRunner.run(TestRunner.java:617)
	at org.testng.SuiteRunner.runTest(SuiteRunner.java:334)
	at org.testng.SuiteRunner.access$000(SuiteRunner.java:37)
	at org.testng.SuiteRunner$SuiteWorker.run(SuiteRunner.java:368)
	at org.testng.internal.thread.ThreadUtil$2.call(ThreadUtil.java:64)
	at java.util.concurrent.FutureTask.run(Unknown Source)
	at java.util.concurrent.ThreadPoolExecutor.runWorker(Unknown Source)
	at java.util.concurrent.ThreadPoolExecutor$Worker.run(Unknown Source)
	at java.lang.Thread.run(Unknown Source)
</pre></div></td>
<td>129</td>
<td>com.qa141.myaccount.C9_MYA_10_SetPreference_Test@61a485d2</td></tr>
</table><p>
<table width='100%' border='1' class='invocation-passed'>
<tr><td colspan='4' align='center'><b>PASSED TESTS</b></td></tr>
<tr><td><b>Test method</b></td>
<td width="30%"><b>Exception</b></td>
<td width="10%"><b>Time (seconds)</b></td>
<td><b>Instance</b></td>
</tr>
<tr>
<td title='com.qa141.myaccount.C9_MYA_01_loginLogout_Test.test()'><b>test</b><br>Test class: com.qa141.myaccount.C9_MYA_01_loginLogout_Test<br>Parameters: chrome</td>
<td></td>
<td>74</td>
<td>com.qa141.myaccount.C9_MYA_01_loginLogout_Test@6276ae34</td></tr>
<tr>
<td title='com.qa141.myaccount.C9_MYA_02_VerifyAllLinks_Test.test()'><b>test</b><br>Test class: com.qa141.myaccount.C9_MYA_02_VerifyAllLinks_Test<br>Parameters: chrome</td>
<td></td>
<td>82</td>
<td>com.qa141.myaccount.C9_MYA_02_VerifyAllLinks_Test@7ca48474</td></tr>
<tr>
<td title='com.qa141.myaccount.C9_MYA_03_VerifyUI_Test.test()'><b>test</b><br>Test class: com.qa141.myaccount.C9_MYA_03_VerifyUI_Test<br>Parameters: chrome</td>
<td></td>
<td>139</td>
<td>com.qa141.myaccount.C9_MYA_03_VerifyUI_Test@337d0578</td></tr>
<tr>
<td title='com.qa141.myaccount.C9_MYA_04_FieldLevelCheck_Test.test()'><b>test</b><br>Test class: com.qa141.myaccount.C9_MYA_04_FieldLevelCheck_Test<br>Parameters: chrome</td>
<td></td>
<td>136</td>
<td>com.qa141.myaccount.C9_MYA_04_FieldLevelCheck_Test@5cc7c2a6</td></tr>
<tr>
<td title='com.qa141.myaccount.C9_MYA_05_ErrorHandling_Test.test()'><b>test</b><br>Test class: com.qa141.myaccount.C9_MYA_05_ErrorHandling_Test<br>Parameters: chrome</td>
<td></td>
<td>134</td>
<td>com.qa141.myaccount.C9_MYA_05_ErrorHandling_Test@3c09711b</td></tr>
<tr>
<td title='com.qa141.myaccount.C9_MYA_06_Security_Test.test()'><b>test</b><br>Test class: com.qa141.myaccount.C9_MYA_06_Security_Test<br>Parameters: chrome</td>
<td></td>
<td>85</td>
<td>com.qa141.myaccount.C9_MYA_06_Security_Test@7946e1f4</td></tr>
<tr>
<td title='com.qa141.myaccount.C9_MYA_07_SearchFilter_Test.test()'><b>test</b><br>Test class: com.qa141.myaccount.C9_MYA_07_SearchFilter_Test<br>Parameters: chrome</td>
<td></td>
<td>114</td>
<td>com.qa141.myaccount.C9_MYA_07_SearchFilter_Test@69d9c55</td></tr>
<tr>
<td title='com.qa141.myaccount.C9_MYA_08_ValidateErrorpages_Test.test()'><b>test</b><br>Test class: com.qa141.myaccount.C9_MYA_08_ValidateErrorpages_Test<br>Parameters: chrome</td>
<td></td>
<td>138</td>
<td>com.qa141.myaccount.C9_MYA_08_ValidateErrorpages_Test@39fb3ab6</td></tr>
<tr>
<td title='com.qa141.myaccount.C9_MYA_09_FunctionalityCheck_Test.test()'><b>test</b><br>Test class: com.qa141.myaccount.C9_MYA_09_FunctionalityCheck_Test<br>Parameters: chrome</td>
<td></td>
<td>118</td>
<td>com.qa141.myaccount.C9_MYA_09_FunctionalityCheck_Test@13a57a3b</td></tr>
<tr>
<td title='com.qa141.myaccount.C9_MYA_11_SetFavorite_Test.test()'><b>test</b><br>Test class: com.qa141.myaccount.C9_MYA_11_SetFavorite_Test<br>Parameters: chrome</td>
<td></td>
<td>103</td>
<td>com.qa141.myaccount.C9_MYA_11_SetFavorite_Test@59e84876</td></tr>
</table><p>
</body>
</html>