<html>
<head>
<title>TestNG:  SecurityTab-NetworkTab</title>
<link href="../testng.css" rel="stylesheet" type="text/css" />
<link href="../my-testng.css" rel="stylesheet" type="text/css" />

<style type="text/css">
.log { display: none;} 
.stack-trace { display: none;} 
</style>
<script type="text/javascript">
<!--
function flip(e) {
  current = e.style.display;
  if (current == 'block') {
    e.style.display = 'none';
    return 0;
  }
  else {
    e.style.display = 'block';
    return 1;
  }
}

function toggleBox(szDivId, elem, msg1, msg2)
{
  var res = -1;  if (document.getElementById) {
    res = flip(document.getElementById(szDivId));
  }
  else if (document.all) {
    // this is the way old msie versions work
    res = flip(document.all[szDivId]);
  }
  if(elem) {
    if(res == 0) elem.innerHTML = msg1; else elem.innerHTML = msg2;
  }

}

function toggleAllBoxes() {
  if (document.getElementsByTagName) {
    d = document.getElementsByTagName('div');
    for (i = 0; i < d.length; i++) {
      if (d[i].className == 'log') {
        flip(d[i]);
      }
    }
  }
}

// -->
</script>

</head>
<body>
<h2 align='center'>SecurityTab-NetworkTab</h2><table border='1' align="center">
<tr>
<td>Tests passed/Failed/Skipped:</td><td>16/5/0</td>
</tr><tr>
<td>Started on:</td><td>Sun Feb 15 10:27:29 MST 2015</td>
</tr>
<tr><td>Total time:</td><td>4541 seconds (4541774 ms)</td>
</tr><tr>
<td>Included groups:</td><td></td>
</tr><tr>
<td>Excluded groups:</td><td></td>
</tr>
</table><p/>
<small><i>(Hover the method name to see the test class name)</i></small><p/>
<table width='100%' border='1' class='invocation-failed'>
<tr><td colspan='4' align='center'><b>FAILED TESTS</b></td></tr>
<tr><td><b>Test method</b></td>
<td width="30%"><b>Exception</b></td>
<td width="10%"><b>Time (seconds)</b></td>
<td><b>Instance</b></td>
</tr>
<tr>
<td title='com.qa141.occs.compute.C9_OCCS_17_SecurityTab_SSHKey_Menu.test()'><b>test</b><br>Test class: com.qa141.occs.compute.C9_OCCS_17_SecurityTab_SSHKey_Menu<br>Parameters: chrome<br/>
<a href="#Output-1386432387" onClick='toggleBox("Output-1386432387", this, "Show output", "Hide output");'>Show output</a>

<a href="#Output-1386432387" onClick="toggleAllBoxes();">Show all outputs</a>
<div class='log' id="Output-1386432387">
<a href=C:\SAFc\tests\OPC\test-output\screenShots\02-15-2015\02-15-2015_10.47.30_com.qa141.occs.compute.C9_OCCS_17_SecurityTab_SSHKey_Menu_test.png target='_blank' >02-15-2015_10.47.30_com.qa141.occs.compute.C9_OCCS_17_SecurityTab_SSHKey_Menu_test.png</a><br/>
<a href=C:\SAFc\tests\OPC\test-output\screenShots\02-15-2015\02-15-2015_10.47.30_com.qa141.occs.compute.C9_OCCS_17_SecurityTab_SSHKey_Menu_test.png target='_blank' >Screenshot</a><br/>
<img src="file:///C:\SAFc\tests\OPC\test-output\screenShots\02-15-2015\02-15-2015_10.47.30_com.qa141.occs.compute.C9_OCCS_17_SecurityTab_SSHKey_Menu_test.png" width=500 height=300" alt=""/><br /><br/>
</div>
</td>
<td><div><pre>java.lang.AssertionError: no such element
  (Session info: chrome=40.0.2214.111)
  (Driver info: chromedriver=2.9.248315,platform=Windows NT 6.1 SP1 x86_64) (WARNING: The server did not provide any stacktrace information)
Command duration or timeout: 20.17 seconds
For documentation on this error, please visit: http://seleniumhq.org/exceptions/no_such_element.html
Build info: version: &apos;2.39.0&apos;, revision: &apos;ff23eac&apos;, time: &apos;2013-12-16 16:11:15&apos;
System info: host: &apos;slc05gyj&apos;, ip: &apos;10.240.125.231&apos;, os.name: &apos;Windows 7&apos;, os.arch: &apos;amd64&apos;, os.version: &apos;6.1&apos;, java.version: &apos;1.6.0_34&apos;
Session ID: d8d18e9ffd7bd31e6d3de28fc95c0e00
Driver info: org.openqa.selenium.chrome.ChromeDriver
Capabilities [{platform=XP, acceptSslCerts=true, javascriptEnabled=true, browserName=chrome, chrome={userDataDir=C:\Users\ashikuku\AppData\Local\Temp\scoped_dir92320_10614}, rotatable=false, locationContextEnabled=true, version=40.0.2214.111, takesHeapSnapshot=true, cssSelectorsEnabled=true, databaseEnabled=false, handlesAlerts=true, browserConnectionEnabled=false, nativeEvents=true, webStorageEnabled=true, applicationCacheEnabled=false, takesScreenshot=true}]
Command duration or timeout: 20.34 seconds
For documentation on this error, please visit: http://seleniumhq.org/exceptions/no_such_element.html
Build info: version: &apos;2.39.0&apos;, revision: &apos;ff23eac&apos;, time: &apos;2013-12-16 16:11:15&apos;
System info: host: &apos;slc05gyj&apos;, ip: &apos;10.240.125.231&apos;, os.name: &apos;Windows 7&apos;, os.arch: &apos;amd64&apos;, os.version: &apos;6.1&apos;, java.version: &apos;1.6.0_34&apos;
Session ID: bd2b60ad-f765-496b-b322-01c60eabbead
Driver info: org.openqa.selenium.remote.RemoteWebDriver
Capabilities [{platform=XP, acceptSslCerts=true, javascriptEnabled=true, browserName=chrome, chrome={userDataDir=C:\Users\ashikuku\AppData\Local\Temp\scoped_dir92320_10614}, rotatable=false, locationContextEnabled=true, webdriver.remote.sessionid=bd2b60ad-f765-496b-b322-01c60eabbead, version=40.0.2214.111, takesHeapSnapshot=true, cssSelectorsEnabled=true, databaseEnabled=false, handlesAlerts=true, browserConnectionEnabled=false, nativeEvents=true, webStorageEnabled=true, applicationCacheEnabled=false, takesScreenshot=true}]
	at com.qa141.occs.compute.C9_OCCS_17_SecurityTab_SSHKey_Menu.test(C9_OCCS_17_SecurityTab_SSHKey_Menu.java:153)
	at java.util.concurrent.FutureTask$Sync.innerRun(Unknown Source)
	at java.util.concurrent.FutureTask.run(Unknown Source)
	at java.util.concurrent.ThreadPoolExecutor$Worker.runTask(Unknown Source)
	at java.util.concurrent.ThreadPoolExecutor$Worker.run(Unknown Source)
	at java.lang.Thread.run(Unknown Source)
... Removed 17 stack frames</pre></div><a href='#' onClick='toggleBox("stack-trace1386432387", this, "Click to show all stack frames", "Click to hide stack frames")'>Click to show all stack frames</a>
<div class='stack-trace' id='stack-trace1386432387'><pre>java.lang.AssertionError: no such element
  (Session info: chrome=40.0.2214.111)
  (Driver info: chromedriver=2.9.248315,platform=Windows NT 6.1 SP1 x86_64) (WARNING: The server did not provide any stacktrace information)
Command duration or timeout: 20.17 seconds
For documentation on this error, please visit: http://seleniumhq.org/exceptions/no_such_element.html
Build info: version: &apos;2.39.0&apos;, revision: &apos;ff23eac&apos;, time: &apos;2013-12-16 16:11:15&apos;
System info: host: &apos;slc05gyj&apos;, ip: &apos;10.240.125.231&apos;, os.name: &apos;Windows 7&apos;, os.arch: &apos;amd64&apos;, os.version: &apos;6.1&apos;, java.version: &apos;1.6.0_34&apos;
Session ID: d8d18e9ffd7bd31e6d3de28fc95c0e00
Driver info: org.openqa.selenium.chrome.ChromeDriver
Capabilities [{platform=XP, acceptSslCerts=true, javascriptEnabled=true, browserName=chrome, chrome={userDataDir=C:\Users\ashikuku\AppData\Local\Temp\scoped_dir92320_10614}, rotatable=false, locationContextEnabled=true, version=40.0.2214.111, takesHeapSnapshot=true, cssSelectorsEnabled=true, databaseEnabled=false, handlesAlerts=true, browserConnectionEnabled=false, nativeEvents=true, webStorageEnabled=true, applicationCacheEnabled=false, takesScreenshot=true}]
Command duration or timeout: 20.34 seconds
For documentation on this error, please visit: http://seleniumhq.org/exceptions/no_such_element.html
Build info: version: &apos;2.39.0&apos;, revision: &apos;ff23eac&apos;, time: &apos;2013-12-16 16:11:15&apos;
System info: host: &apos;slc05gyj&apos;, ip: &apos;10.240.125.231&apos;, os.name: &apos;Windows 7&apos;, os.arch: &apos;amd64&apos;, os.version: &apos;6.1&apos;, java.version: &apos;1.6.0_34&apos;
Session ID: bd2b60ad-f765-496b-b322-01c60eabbead
Driver info: org.openqa.selenium.remote.RemoteWebDriver
Capabilities [{platform=XP, acceptSslCerts=true, javascriptEnabled=true, browserName=chrome, chrome={userDataDir=C:\Users\ashikuku\AppData\Local\Temp\scoped_dir92320_10614}, rotatable=false, locationContextEnabled=true, webdriver.remote.sessionid=bd2b60ad-f765-496b-b322-01c60eabbead, version=40.0.2214.111, takesHeapSnapshot=true, cssSelectorsEnabled=true, databaseEnabled=false, handlesAlerts=true, browserConnectionEnabled=false, nativeEvents=true, webStorageEnabled=true, applicationCacheEnabled=false, takesScreenshot=true}]
	at org.testng.Assert.fail(Assert.java:94)
	at com.qa141.occs.compute.C9_OCCS_17_SecurityTab_SSHKey_Menu.test(C9_OCCS_17_SecurityTab_SSHKey_Menu.java:153)
	at sun.reflect.NativeMethodAccessorImpl.invoke0(Native Method)
	at sun.reflect.NativeMethodAccessorImpl.invoke(Unknown Source)
	at sun.reflect.DelegatingMethodAccessorImpl.invoke(Unknown Source)
	at java.lang.reflect.Method.invoke(Unknown Source)
	at org.testng.internal.MethodInvocationHelper.invokeMethod(MethodInvocationHelper.java:80)
	at org.testng.internal.Invoker.invokeMethod(Invoker.java:714)
	at org.testng.internal.Invoker.invokeTestMethod(Invoker.java:901)
	at org.testng.internal.Invoker.invokeTestMethods(Invoker.java:1231)
	at org.testng.internal.TestMethodWorker.invokeTestMethods(TestMethodWorker.java:128)
	at org.testng.internal.TestMethodWorker.run(TestMethodWorker.java:111)
	at org.testng.TestRunner.privateRun(TestRunner.java:767)
	at org.testng.TestRunner.run(TestRunner.java:617)
	at org.testng.SuiteRunner.runTest(SuiteRunner.java:334)
	at org.testng.SuiteRunner.access$0(SuiteRunner.java:333)
	at org.testng.SuiteRunner$SuiteWorker.run(SuiteRunner.java:368)
	at org.testng.internal.thread.ThreadUtil$2.call(ThreadUtil.java:64)
	at java.util.concurrent.FutureTask$Sync.innerRun(Unknown Source)
	at java.util.concurrent.FutureTask.run(Unknown Source)
	at java.util.concurrent.ThreadPoolExecutor$Worker.runTask(Unknown Source)
	at java.util.concurrent.ThreadPoolExecutor$Worker.run(Unknown Source)
	at java.lang.Thread.run(Unknown Source)
</pre></div></td>
<td>245</td>
<td>com.qa141.occs.compute.C9_OCCS_17_SecurityTab_SSHKey_Menu@16ba5c7a</td></tr>
<tr>
<td title='com.qa141.occs.compute.C9_OCCS_18_SecurityTab_SSHKey_Update.test()'><b>test</b><br>Test class: com.qa141.occs.compute.C9_OCCS_18_SecurityTab_SSHKey_Update<br>Parameters: chrome<br/>
<a href="#Output-493939748" onClick='toggleBox("Output-493939748", this, "Show output", "Hide output");'>Show output</a>

<a href="#Output-493939748" onClick="toggleAllBoxes();">Show all outputs</a>
<div class='log' id="Output-493939748">
<a href=C:\SAFc\tests\OPC\test-output\screenShots\02-15-2015\02-15-2015_10.51.56_com.qa141.occs.compute.C9_OCCS_18_SecurityTab_SSHKey_Update_test.png target='_blank' >02-15-2015_10.51.56_com.qa141.occs.compute.C9_OCCS_18_SecurityTab_SSHKey_Update_test.png</a><br/>
<a href=C:\SAFc\tests\OPC\test-output\screenShots\02-15-2015\02-15-2015_10.51.56_com.qa141.occs.compute.C9_OCCS_18_SecurityTab_SSHKey_Update_test.png target='_blank' >Screenshot</a><br/>
<img src="file:///C:\SAFc\tests\OPC\test-output\screenShots\02-15-2015\02-15-2015_10.51.56_com.qa141.occs.compute.C9_OCCS_18_SecurityTab_SSHKey_Update_test.png" width=500 height=300" alt=""/><br /><br/>
</div>
</td>
<td><div><pre>java.lang.AssertionError: no such element
  (Session info: chrome=40.0.2214.111)
  (Driver info: chromedriver=2.9.248315,platform=Windows NT 6.1 SP1 x86_64) (WARNING: The server did not provide any stacktrace information)
Command duration or timeout: 20.11 seconds
For documentation on this error, please visit: http://seleniumhq.org/exceptions/no_such_element.html
Build info: version: &apos;2.39.0&apos;, revision: &apos;ff23eac&apos;, time: &apos;2013-12-16 16:11:15&apos;
System info: host: &apos;slc05gyj&apos;, ip: &apos;10.240.125.231&apos;, os.name: &apos;Windows 7&apos;, os.arch: &apos;amd64&apos;, os.version: &apos;6.1&apos;, java.version: &apos;1.6.0_34&apos;
Session ID: d50954028ea5d70bcd0cdb58408ca7f5
Driver info: org.openqa.selenium.chrome.ChromeDriver
Capabilities [{platform=XP, acceptSslCerts=true, javascriptEnabled=true, browserName=chrome, chrome={userDataDir=C:\Users\ashikuku\AppData\Local\Temp\scoped_dir87332_27373}, rotatable=false, locationContextEnabled=true, version=40.0.2214.111, takesHeapSnapshot=true, cssSelectorsEnabled=true, databaseEnabled=false, handlesAlerts=true, browserConnectionEnabled=false, nativeEvents=true, webStorageEnabled=true, applicationCacheEnabled=false, takesScreenshot=true}]
Command duration or timeout: 20.22 seconds
For documentation on this error, please visit: http://seleniumhq.org/exceptions/no_such_element.html
Build info: version: &apos;2.39.0&apos;, revision: &apos;ff23eac&apos;, time: &apos;2013-12-16 16:11:15&apos;
System info: host: &apos;slc05gyj&apos;, ip: &apos;10.240.125.231&apos;, os.name: &apos;Windows 7&apos;, os.arch: &apos;amd64&apos;, os.version: &apos;6.1&apos;, java.version: &apos;1.6.0_34&apos;
Session ID: 191bed77-412e-4e1f-8729-4104ff9ccb2f
Driver info: org.openqa.selenium.remote.RemoteWebDriver
Capabilities [{platform=XP, acceptSslCerts=true, javascriptEnabled=true, browserName=chrome, chrome={userDataDir=C:\Users\ashikuku\AppData\Local\Temp\scoped_dir87332_27373}, rotatable=false, locationContextEnabled=true, webdriver.remote.sessionid=191bed77-412e-4e1f-8729-4104ff9ccb2f, version=40.0.2214.111, takesHeapSnapshot=true, cssSelectorsEnabled=true, databaseEnabled=false, handlesAlerts=true, browserConnectionEnabled=false, nativeEvents=true, webStorageEnabled=true, applicationCacheEnabled=false, takesScreenshot=true}]
	at com.qa141.occs.compute.C9_OCCS_18_SecurityTab_SSHKey_Update.test(C9_OCCS_18_SecurityTab_SSHKey_Update.java:174)
	at java.util.concurrent.FutureTask$Sync.innerRun(Unknown Source)
	at java.util.concurrent.FutureTask.run(Unknown Source)
	at java.util.concurrent.ThreadPoolExecutor$Worker.runTask(Unknown Source)
	at java.util.concurrent.ThreadPoolExecutor$Worker.run(Unknown Source)
	at java.lang.Thread.run(Unknown Source)
... Removed 17 stack frames</pre></div><a href='#' onClick='toggleBox("stack-trace493939748", this, "Click to show all stack frames", "Click to hide stack frames")'>Click to show all stack frames</a>
<div class='stack-trace' id='stack-trace493939748'><pre>java.lang.AssertionError: no such element
  (Session info: chrome=40.0.2214.111)
  (Driver info: chromedriver=2.9.248315,platform=Windows NT 6.1 SP1 x86_64) (WARNING: The server did not provide any stacktrace information)
Command duration or timeout: 20.11 seconds
For documentation on this error, please visit: http://seleniumhq.org/exceptions/no_such_element.html
Build info: version: &apos;2.39.0&apos;, revision: &apos;ff23eac&apos;, time: &apos;2013-12-16 16:11:15&apos;
System info: host: &apos;slc05gyj&apos;, ip: &apos;10.240.125.231&apos;, os.name: &apos;Windows 7&apos;, os.arch: &apos;amd64&apos;, os.version: &apos;6.1&apos;, java.version: &apos;1.6.0_34&apos;
Session ID: d50954028ea5d70bcd0cdb58408ca7f5
Driver info: org.openqa.selenium.chrome.ChromeDriver
Capabilities [{platform=XP, acceptSslCerts=true, javascriptEnabled=true, browserName=chrome, chrome={userDataDir=C:\Users\ashikuku\AppData\Local\Temp\scoped_dir87332_27373}, rotatable=false, locationContextEnabled=true, version=40.0.2214.111, takesHeapSnapshot=true, cssSelectorsEnabled=true, databaseEnabled=false, handlesAlerts=true, browserConnectionEnabled=false, nativeEvents=true, webStorageEnabled=true, applicationCacheEnabled=false, takesScreenshot=true}]
Command duration or timeout: 20.22 seconds
For documentation on this error, please visit: http://seleniumhq.org/exceptions/no_such_element.html
Build info: version: &apos;2.39.0&apos;, revision: &apos;ff23eac&apos;, time: &apos;2013-12-16 16:11:15&apos;
System info: host: &apos;slc05gyj&apos;, ip: &apos;10.240.125.231&apos;, os.name: &apos;Windows 7&apos;, os.arch: &apos;amd64&apos;, os.version: &apos;6.1&apos;, java.version: &apos;1.6.0_34&apos;
Session ID: 191bed77-412e-4e1f-8729-4104ff9ccb2f
Driver info: org.openqa.selenium.remote.RemoteWebDriver
Capabilities [{platform=XP, acceptSslCerts=true, javascriptEnabled=true, browserName=chrome, chrome={userDataDir=C:\Users\ashikuku\AppData\Local\Temp\scoped_dir87332_27373}, rotatable=false, locationContextEnabled=true, webdriver.remote.sessionid=191bed77-412e-4e1f-8729-4104ff9ccb2f, version=40.0.2214.111, takesHeapSnapshot=true, cssSelectorsEnabled=true, databaseEnabled=false, handlesAlerts=true, browserConnectionEnabled=false, nativeEvents=true, webStorageEnabled=true, applicationCacheEnabled=false, takesScreenshot=true}]
	at org.testng.Assert.fail(Assert.java:94)
	at com.qa141.occs.compute.C9_OCCS_18_SecurityTab_SSHKey_Update.test(C9_OCCS_18_SecurityTab_SSHKey_Update.java:174)
	at sun.reflect.NativeMethodAccessorImpl.invoke0(Native Method)
	at sun.reflect.NativeMethodAccessorImpl.invoke(Unknown Source)
	at sun.reflect.DelegatingMethodAccessorImpl.invoke(Unknown Source)
	at java.lang.reflect.Method.invoke(Unknown Source)
	at org.testng.internal.MethodInvocationHelper.invokeMethod(MethodInvocationHelper.java:80)
	at org.testng.internal.Invoker.invokeMethod(Invoker.java:714)
	at org.testng.internal.Invoker.invokeTestMethod(Invoker.java:901)
	at org.testng.internal.Invoker.invokeTestMethods(Invoker.java:1231)
	at org.testng.internal.TestMethodWorker.invokeTestMethods(TestMethodWorker.java:128)
	at org.testng.internal.TestMethodWorker.run(TestMethodWorker.java:111)
	at org.testng.TestRunner.privateRun(TestRunner.java:767)
	at org.testng.TestRunner.run(TestRunner.java:617)
	at org.testng.SuiteRunner.runTest(SuiteRunner.java:334)
	at org.testng.SuiteRunner.access$0(SuiteRunner.java:333)
	at org.testng.SuiteRunner$SuiteWorker.run(SuiteRunner.java:368)
	at org.testng.internal.thread.ThreadUtil$2.call(ThreadUtil.java:64)
	at java.util.concurrent.FutureTask$Sync.innerRun(Unknown Source)
	at java.util.concurrent.FutureTask.run(Unknown Source)
	at java.util.concurrent.ThreadPoolExecutor$Worker.runTask(Unknown Source)
	at java.util.concurrent.ThreadPoolExecutor$Worker.run(Unknown Source)
	at java.lang.Thread.run(Unknown Source)
</pre></div></td>
<td>264</td>
<td>com.qa141.occs.compute.C9_OCCS_18_SecurityTab_SSHKey_Update@6a340101</td></tr>
<tr>
<td title='com.qa141.occs.compute.C9_OCCS_19_SecurityTab_SSHKey_View.test()'><b>test</b><br>Test class: com.qa141.occs.compute.C9_OCCS_19_SecurityTab_SSHKey_View<br>Parameters: chrome<br/>
<a href="#Output-830696170" onClick='toggleBox("Output-830696170", this, "Show output", "Hide output");'>Show output</a>

<a href="#Output-830696170" onClick="toggleAllBoxes();">Show all outputs</a>
<div class='log' id="Output-830696170">
<a href=C:\SAFc\tests\OPC\test-output\screenShots\02-15-2015\02-15-2015_10.56.21_com.qa141.occs.compute.C9_OCCS_19_SecurityTab_SSHKey_View_test.png target='_blank' >02-15-2015_10.56.21_com.qa141.occs.compute.C9_OCCS_19_SecurityTab_SSHKey_View_test.png</a><br/>
<a href=C:\SAFc\tests\OPC\test-output\screenShots\02-15-2015\02-15-2015_10.56.21_com.qa141.occs.compute.C9_OCCS_19_SecurityTab_SSHKey_View_test.png target='_blank' >Screenshot</a><br/>
<img src="file:///C:\SAFc\tests\OPC\test-output\screenShots\02-15-2015\02-15-2015_10.56.21_com.qa141.occs.compute.C9_OCCS_19_SecurityTab_SSHKey_View_test.png" width=500 height=300" alt=""/><br /><br/>
</div>
</td>
<td><div><pre>java.lang.AssertionError: no such element
  (Session info: chrome=40.0.2214.111)
  (Driver info: chromedriver=2.9.248315,platform=Windows NT 6.1 SP1 x86_64) (WARNING: The server did not provide any stacktrace information)
Command duration or timeout: 20.12 seconds
For documentation on this error, please visit: http://seleniumhq.org/exceptions/no_such_element.html
Build info: version: &apos;2.39.0&apos;, revision: &apos;ff23eac&apos;, time: &apos;2013-12-16 16:11:15&apos;
System info: host: &apos;slc05gyj&apos;, ip: &apos;10.240.125.231&apos;, os.name: &apos;Windows 7&apos;, os.arch: &apos;amd64&apos;, os.version: &apos;6.1&apos;, java.version: &apos;1.6.0_34&apos;
Session ID: dd35bf327ba85407e7732a54e6e775aa
Driver info: org.openqa.selenium.chrome.ChromeDriver
Capabilities [{platform=XP, acceptSslCerts=true, javascriptEnabled=true, browserName=chrome, chrome={userDataDir=C:\Users\ashikuku\AppData\Local\Temp\scoped_dir83728_8599}, rotatable=false, locationContextEnabled=true, version=40.0.2214.111, takesHeapSnapshot=true, cssSelectorsEnabled=true, databaseEnabled=false, handlesAlerts=true, browserConnectionEnabled=false, nativeEvents=true, webStorageEnabled=true, applicationCacheEnabled=false, takesScreenshot=true}]
Command duration or timeout: 20.22 seconds
For documentation on this error, please visit: http://seleniumhq.org/exceptions/no_such_element.html
Build info: version: &apos;2.39.0&apos;, revision: &apos;ff23eac&apos;, time: &apos;2013-12-16 16:11:15&apos;
System info: host: &apos;slc05gyj&apos;, ip: &apos;10.240.125.231&apos;, os.name: &apos;Windows 7&apos;, os.arch: &apos;amd64&apos;, os.version: &apos;6.1&apos;, java.version: &apos;1.6.0_34&apos;
Session ID: c7ad2bef-b664-4efb-b4de-5beabb3a9739
Driver info: org.openqa.selenium.remote.RemoteWebDriver
Capabilities [{platform=XP, acceptSslCerts=true, javascriptEnabled=true, browserName=chrome, chrome={userDataDir=C:\Users\ashikuku\AppData\Local\Temp\scoped_dir83728_8599}, rotatable=false, locationContextEnabled=true, webdriver.remote.sessionid=c7ad2bef-b664-4efb-b4de-5beabb3a9739, version=40.0.2214.111, takesHeapSnapshot=true, cssSelectorsEnabled=true, databaseEnabled=false, handlesAlerts=true, browserConnectionEnabled=false, nativeEvents=true, webStorageEnabled=true, applicationCacheEnabled=false, takesScreenshot=true}]
	at com.qa141.occs.compute.C9_OCCS_19_SecurityTab_SSHKey_View.test(C9_OCCS_19_SecurityTab_SSHKey_View.java:147)
	at java.util.concurrent.FutureTask$Sync.innerRun(Unknown Source)
	at java.util.concurrent.FutureTask.run(Unknown Source)
	at java.util.concurrent.ThreadPoolExecutor$Worker.runTask(Unknown Source)
	at java.util.concurrent.ThreadPoolExecutor$Worker.run(Unknown Source)
	at java.lang.Thread.run(Unknown Source)
... Removed 17 stack frames</pre></div><a href='#' onClick='toggleBox("stack-trace830696170", this, "Click to show all stack frames", "Click to hide stack frames")'>Click to show all stack frames</a>
<div class='stack-trace' id='stack-trace830696170'><pre>java.lang.AssertionError: no such element
  (Session info: chrome=40.0.2214.111)
  (Driver info: chromedriver=2.9.248315,platform=Windows NT 6.1 SP1 x86_64) (WARNING: The server did not provide any stacktrace information)
Command duration or timeout: 20.12 seconds
For documentation on this error, please visit: http://seleniumhq.org/exceptions/no_such_element.html
Build info: version: &apos;2.39.0&apos;, revision: &apos;ff23eac&apos;, time: &apos;2013-12-16 16:11:15&apos;
System info: host: &apos;slc05gyj&apos;, ip: &apos;10.240.125.231&apos;, os.name: &apos;Windows 7&apos;, os.arch: &apos;amd64&apos;, os.version: &apos;6.1&apos;, java.version: &apos;1.6.0_34&apos;
Session ID: dd35bf327ba85407e7732a54e6e775aa
Driver info: org.openqa.selenium.chrome.ChromeDriver
Capabilities [{platform=XP, acceptSslCerts=true, javascriptEnabled=true, browserName=chrome, chrome={userDataDir=C:\Users\ashikuku\AppData\Local\Temp\scoped_dir83728_8599}, rotatable=false, locationContextEnabled=true, version=40.0.2214.111, takesHeapSnapshot=true, cssSelectorsEnabled=true, databaseEnabled=false, handlesAlerts=true, browserConnectionEnabled=false, nativeEvents=true, webStorageEnabled=true, applicationCacheEnabled=false, takesScreenshot=true}]
Command duration or timeout: 20.22 seconds
For documentation on this error, please visit: http://seleniumhq.org/exceptions/no_such_element.html
Build info: version: &apos;2.39.0&apos;, revision: &apos;ff23eac&apos;, time: &apos;2013-12-16 16:11:15&apos;
System info: host: &apos;slc05gyj&apos;, ip: &apos;10.240.125.231&apos;, os.name: &apos;Windows 7&apos;, os.arch: &apos;amd64&apos;, os.version: &apos;6.1&apos;, java.version: &apos;1.6.0_34&apos;
Session ID: c7ad2bef-b664-4efb-b4de-5beabb3a9739
Driver info: org.openqa.selenium.remote.RemoteWebDriver
Capabilities [{platform=XP, acceptSslCerts=true, javascriptEnabled=true, browserName=chrome, chrome={userDataDir=C:\Users\ashikuku\AppData\Local\Temp\scoped_dir83728_8599}, rotatable=false, locationContextEnabled=true, webdriver.remote.sessionid=c7ad2bef-b664-4efb-b4de-5beabb3a9739, version=40.0.2214.111, takesHeapSnapshot=true, cssSelectorsEnabled=true, databaseEnabled=false, handlesAlerts=true, browserConnectionEnabled=false, nativeEvents=true, webStorageEnabled=true, applicationCacheEnabled=false, takesScreenshot=true}]
	at org.testng.Assert.fail(Assert.java:94)
	at com.qa141.occs.compute.C9_OCCS_19_SecurityTab_SSHKey_View.test(C9_OCCS_19_SecurityTab_SSHKey_View.java:147)
	at sun.reflect.NativeMethodAccessorImpl.invoke0(Native Method)
	at sun.reflect.NativeMethodAccessorImpl.invoke(Unknown Source)
	at sun.reflect.DelegatingMethodAccessorImpl.invoke(Unknown Source)
	at java.lang.reflect.Method.invoke(Unknown Source)
	at org.testng.internal.MethodInvocationHelper.invokeMethod(MethodInvocationHelper.java:80)
	at org.testng.internal.Invoker.invokeMethod(Invoker.java:714)
	at org.testng.internal.Invoker.invokeTestMethod(Invoker.java:901)
	at org.testng.internal.Invoker.invokeTestMethods(Invoker.java:1231)
	at org.testng.internal.TestMethodWorker.invokeTestMethods(TestMethodWorker.java:128)
	at org.testng.internal.TestMethodWorker.run(TestMethodWorker.java:111)
	at org.testng.TestRunner.privateRun(TestRunner.java:767)
	at org.testng.TestRunner.run(TestRunner.java:617)
	at org.testng.SuiteRunner.runTest(SuiteRunner.java:334)
	at org.testng.SuiteRunner.access$0(SuiteRunner.java:333)
	at org.testng.SuiteRunner$SuiteWorker.run(SuiteRunner.java:368)
	at org.testng.internal.thread.ThreadUtil$2.call(ThreadUtil.java:64)
	at java.util.concurrent.FutureTask$Sync.innerRun(Unknown Source)
	at java.util.concurrent.FutureTask.run(Unknown Source)
	at java.util.concurrent.ThreadPoolExecutor$Worker.runTask(Unknown Source)
	at java.util.concurrent.ThreadPoolExecutor$Worker.run(Unknown Source)
	at java.lang.Thread.run(Unknown Source)
</pre></div></td>
<td>263</td>
<td>com.qa141.occs.compute.C9_OCCS_19_SecurityTab_SSHKey_View@f5e0873</td></tr>
<tr>
<td title='com.qa141.occs.compute.C9_OCCS_20_SecurityTab_SSHKey_Delete.test()'><b>test</b><br>Test class: com.qa141.occs.compute.C9_OCCS_20_SecurityTab_SSHKey_Delete<br>Parameters: chrome<br/>
<a href="#Output-1677170384" onClick='toggleBox("Output-1677170384", this, "Show output", "Hide output");'>Show output</a>

<a href="#Output-1677170384" onClick="toggleAllBoxes();">Show all outputs</a>
<div class='log' id="Output-1677170384">
<a href=C:\SAFc\tests\OPC\test-output\screenShots\02-15-2015\02-15-2015_11.00.26_com.qa141.occs.compute.C9_OCCS_20_SecurityTab_SSHKey_Delete_test.png target='_blank' >02-15-2015_11.00.26_com.qa141.occs.compute.C9_OCCS_20_SecurityTab_SSHKey_Delete_test.png</a><br/>
<a href=C:\SAFc\tests\OPC\test-output\screenShots\02-15-2015\02-15-2015_11.00.26_com.qa141.occs.compute.C9_OCCS_20_SecurityTab_SSHKey_Delete_test.png target='_blank' >Screenshot</a><br/>
<img src="file:///C:\SAFc\tests\OPC\test-output\screenShots\02-15-2015\02-15-2015_11.00.26_com.qa141.occs.compute.C9_OCCS_20_SecurityTab_SSHKey_Delete_test.png" width=500 height=300" alt=""/><br /><br/>
</div>
</td>
<td><div><pre>java.lang.AssertionError: no such element
  (Session info: chrome=40.0.2214.111)
  (Driver info: chromedriver=2.9.248315,platform=Windows NT 6.1 SP1 x86_64) (WARNING: The server did not provide any stacktrace information)
Command duration or timeout: 20.14 seconds
For documentation on this error, please visit: http://seleniumhq.org/exceptions/no_such_element.html
Build info: version: &apos;2.39.0&apos;, revision: &apos;ff23eac&apos;, time: &apos;2013-12-16 16:11:15&apos;
System info: host: &apos;slc05gyj&apos;, ip: &apos;10.240.125.231&apos;, os.name: &apos;Windows 7&apos;, os.arch: &apos;amd64&apos;, os.version: &apos;6.1&apos;, java.version: &apos;1.6.0_34&apos;
Session ID: c7a65c412278dce64e54c82f6dfb75db
Driver info: org.openqa.selenium.chrome.ChromeDriver
Capabilities [{platform=XP, acceptSslCerts=true, javascriptEnabled=true, browserName=chrome, chrome={userDataDir=C:\Users\ashikuku\AppData\Local\Temp\scoped_dir27824_16022}, rotatable=false, locationContextEnabled=true, version=40.0.2214.111, takesHeapSnapshot=true, cssSelectorsEnabled=true, databaseEnabled=false, handlesAlerts=true, browserConnectionEnabled=false, nativeEvents=true, webStorageEnabled=true, applicationCacheEnabled=false, takesScreenshot=true}]
Command duration or timeout: 20.94 seconds
For documentation on this error, please visit: http://seleniumhq.org/exceptions/no_such_element.html
Build info: version: &apos;2.39.0&apos;, revision: &apos;ff23eac&apos;, time: &apos;2013-12-16 16:11:15&apos;
System info: host: &apos;slc05gyj&apos;, ip: &apos;10.240.125.231&apos;, os.name: &apos;Windows 7&apos;, os.arch: &apos;amd64&apos;, os.version: &apos;6.1&apos;, java.version: &apos;1.6.0_34&apos;
Session ID: 7ab56fcd-9cdd-4957-ad9f-63a7ba41ae92
Driver info: org.openqa.selenium.remote.RemoteWebDriver
Capabilities [{platform=XP, acceptSslCerts=true, javascriptEnabled=true, browserName=chrome, chrome={userDataDir=C:\Users\ashikuku\AppData\Local\Temp\scoped_dir27824_16022}, rotatable=false, locationContextEnabled=true, webdriver.remote.sessionid=7ab56fcd-9cdd-4957-ad9f-63a7ba41ae92, version=40.0.2214.111, takesHeapSnapshot=true, cssSelectorsEnabled=true, databaseEnabled=false, handlesAlerts=true, browserConnectionEnabled=false, nativeEvents=true, webStorageEnabled=true, applicationCacheEnabled=false, takesScreenshot=true}]
	at com.qa141.occs.compute.C9_OCCS_20_SecurityTab_SSHKey_Delete.test(C9_OCCS_20_SecurityTab_SSHKey_Delete.java:165)
	at java.util.concurrent.FutureTask$Sync.innerRun(Unknown Source)
	at java.util.concurrent.FutureTask.run(Unknown Source)
	at java.util.concurrent.ThreadPoolExecutor$Worker.runTask(Unknown Source)
	at java.util.concurrent.ThreadPoolExecutor$Worker.run(Unknown Source)
	at java.lang.Thread.run(Unknown Source)
... Removed 17 stack frames</pre></div><a href='#' onClick='toggleBox("stack-trace1677170384", this, "Click to show all stack frames", "Click to hide stack frames")'>Click to show all stack frames</a>
<div class='stack-trace' id='stack-trace1677170384'><pre>java.lang.AssertionError: no such element
  (Session info: chrome=40.0.2214.111)
  (Driver info: chromedriver=2.9.248315,platform=Windows NT 6.1 SP1 x86_64) (WARNING: The server did not provide any stacktrace information)
Command duration or timeout: 20.14 seconds
For documentation on this error, please visit: http://seleniumhq.org/exceptions/no_such_element.html
Build info: version: &apos;2.39.0&apos;, revision: &apos;ff23eac&apos;, time: &apos;2013-12-16 16:11:15&apos;
System info: host: &apos;slc05gyj&apos;, ip: &apos;10.240.125.231&apos;, os.name: &apos;Windows 7&apos;, os.arch: &apos;amd64&apos;, os.version: &apos;6.1&apos;, java.version: &apos;1.6.0_34&apos;
Session ID: c7a65c412278dce64e54c82f6dfb75db
Driver info: org.openqa.selenium.chrome.ChromeDriver
Capabilities [{platform=XP, acceptSslCerts=true, javascriptEnabled=true, browserName=chrome, chrome={userDataDir=C:\Users\ashikuku\AppData\Local\Temp\scoped_dir27824_16022}, rotatable=false, locationContextEnabled=true, version=40.0.2214.111, takesHeapSnapshot=true, cssSelectorsEnabled=true, databaseEnabled=false, handlesAlerts=true, browserConnectionEnabled=false, nativeEvents=true, webStorageEnabled=true, applicationCacheEnabled=false, takesScreenshot=true}]
Command duration or timeout: 20.94 seconds
For documentation on this error, please visit: http://seleniumhq.org/exceptions/no_such_element.html
Build info: version: &apos;2.39.0&apos;, revision: &apos;ff23eac&apos;, time: &apos;2013-12-16 16:11:15&apos;
System info: host: &apos;slc05gyj&apos;, ip: &apos;10.240.125.231&apos;, os.name: &apos;Windows 7&apos;, os.arch: &apos;amd64&apos;, os.version: &apos;6.1&apos;, java.version: &apos;1.6.0_34&apos;
Session ID: 7ab56fcd-9cdd-4957-ad9f-63a7ba41ae92
Driver info: org.openqa.selenium.remote.RemoteWebDriver
Capabilities [{platform=XP, acceptSslCerts=true, javascriptEnabled=true, browserName=chrome, chrome={userDataDir=C:\Users\ashikuku\AppData\Local\Temp\scoped_dir27824_16022}, rotatable=false, locationContextEnabled=true, webdriver.remote.sessionid=7ab56fcd-9cdd-4957-ad9f-63a7ba41ae92, version=40.0.2214.111, takesHeapSnapshot=true, cssSelectorsEnabled=true, databaseEnabled=false, handlesAlerts=true, browserConnectionEnabled=false, nativeEvents=true, webStorageEnabled=true, applicationCacheEnabled=false, takesScreenshot=true}]
	at org.testng.Assert.fail(Assert.java:94)
	at com.qa141.occs.compute.C9_OCCS_20_SecurityTab_SSHKey_Delete.test(C9_OCCS_20_SecurityTab_SSHKey_Delete.java:165)
	at sun.reflect.NativeMethodAccessorImpl.invoke0(Native Method)
	at sun.reflect.NativeMethodAccessorImpl.invoke(Unknown Source)
	at sun.reflect.DelegatingMethodAccessorImpl.invoke(Unknown Source)
	at java.lang.reflect.Method.invoke(Unknown Source)
	at org.testng.internal.MethodInvocationHelper.invokeMethod(MethodInvocationHelper.java:80)
	at org.testng.internal.Invoker.invokeMethod(Invoker.java:714)
	at org.testng.internal.Invoker.invokeTestMethod(Invoker.java:901)
	at org.testng.internal.Invoker.invokeTestMethods(Invoker.java:1231)
	at org.testng.internal.TestMethodWorker.invokeTestMethods(TestMethodWorker.java:128)
	at org.testng.internal.TestMethodWorker.run(TestMethodWorker.java:111)
	at org.testng.TestRunner.privateRun(TestRunner.java:767)
	at org.testng.TestRunner.run(TestRunner.java:617)
	at org.testng.SuiteRunner.runTest(SuiteRunner.java:334)
	at org.testng.SuiteRunner.access$0(SuiteRunner.java:333)
	at org.testng.SuiteRunner$SuiteWorker.run(SuiteRunner.java:368)
	at org.testng.internal.thread.ThreadUtil$2.call(ThreadUtil.java:64)
	at java.util.concurrent.FutureTask$Sync.innerRun(Unknown Source)
	at java.util.concurrent.FutureTask.run(Unknown Source)
	at java.util.concurrent.ThreadPoolExecutor$Worker.runTask(Unknown Source)
	at java.util.concurrent.ThreadPoolExecutor$Worker.run(Unknown Source)
	at java.lang.Thread.run(Unknown Source)
</pre></div></td>
<td>243</td>
<td>com.qa141.occs.compute.C9_OCCS_20_SecurityTab_SSHKey_Delete@250d593e</td></tr>
<tr>
<td title='com.qa141.occs.compute.C9_OCCS_25_NetworkTab_Protocols_Menu.test()'><b>test</b><br>Test class: com.qa141.occs.compute.C9_OCCS_25_NetworkTab_Protocols_Menu<br>Parameters: chrome<br/>
<a href="#Output-993312934" onClick='toggleBox("Output-993312934", this, "Show output", "Hide output");'>Show output</a>

<a href="#Output-993312934" onClick="toggleAllBoxes();">Show all outputs</a>
<div class='log' id="Output-993312934">
<a href=C:\SAFc\tests\OPC\test-output\screenShots\02-15-2015\02-15-2015_11.17.52_com.qa141.occs.compute.C9_OCCS_25_NetworkTab_Protocols_Menu_test.png target='_blank' >02-15-2015_11.17.52_com.qa141.occs.compute.C9_OCCS_25_NetworkTab_Protocols_Menu_test.png</a><br/>
<a href=C:\SAFc\tests\OPC\test-output\screenShots\02-15-2015\02-15-2015_11.17.52_com.qa141.occs.compute.C9_OCCS_25_NetworkTab_Protocols_Menu_test.png target='_blank' >Screenshot</a><br/>
<img src="file:///C:\SAFc\tests\OPC\test-output\screenShots\02-15-2015\02-15-2015_11.17.52_com.qa141.occs.compute.C9_OCCS_25_NetworkTab_Protocols_Menu_test.png" width=500 height=300" alt=""/><br /><br/>
</div>
</td>
<td><div><pre>java.lang.AssertionError: no such element
  (Session info: chrome=40.0.2214.111)
  (Driver info: chromedriver=2.9.248315,platform=Windows NT 6.1 SP1 x86_64) (WARNING: The server did not provide any stacktrace information)
Command duration or timeout: 20.10 seconds
For documentation on this error, please visit: http://seleniumhq.org/exceptions/no_such_element.html
Build info: version: &apos;2.39.0&apos;, revision: &apos;ff23eac&apos;, time: &apos;2013-12-16 16:11:15&apos;
System info: host: &apos;slc05gyj&apos;, ip: &apos;10.240.125.231&apos;, os.name: &apos;Windows 7&apos;, os.arch: &apos;amd64&apos;, os.version: &apos;6.1&apos;, java.version: &apos;1.6.0_34&apos;
Session ID: d59f646d21722d328c50d9b7642aa385
Driver info: org.openqa.selenium.chrome.ChromeDriver
Capabilities [{platform=XP, acceptSslCerts=true, javascriptEnabled=true, browserName=chrome, chrome={userDataDir=C:\Users\ashikuku\AppData\Local\Temp\scoped_dir93584_30163}, rotatable=false, locationContextEnabled=true, version=40.0.2214.111, takesHeapSnapshot=true, cssSelectorsEnabled=true, databaseEnabled=false, handlesAlerts=true, browserConnectionEnabled=false, nativeEvents=true, webStorageEnabled=true, applicationCacheEnabled=false, takesScreenshot=true}]
Command duration or timeout: 20.20 seconds
For documentation on this error, please visit: http://seleniumhq.org/exceptions/no_such_element.html
Build info: version: &apos;2.39.0&apos;, revision: &apos;ff23eac&apos;, time: &apos;2013-12-16 16:11:15&apos;
System info: host: &apos;slc05gyj&apos;, ip: &apos;10.240.125.231&apos;, os.name: &apos;Windows 7&apos;, os.arch: &apos;amd64&apos;, os.version: &apos;6.1&apos;, java.version: &apos;1.6.0_34&apos;
Session ID: e5b61edb-8d30-4221-9f0f-adccf50f9210
Driver info: org.openqa.selenium.remote.RemoteWebDriver
Capabilities [{platform=XP, acceptSslCerts=true, javascriptEnabled=true, browserName=chrome, chrome={userDataDir=C:\Users\ashikuku\AppData\Local\Temp\scoped_dir93584_30163}, rotatable=false, locationContextEnabled=true, webdriver.remote.sessionid=e5b61edb-8d30-4221-9f0f-adccf50f9210, version=40.0.2214.111, takesHeapSnapshot=true, cssSelectorsEnabled=true, databaseEnabled=false, handlesAlerts=true, browserConnectionEnabled=false, nativeEvents=true, webStorageEnabled=true, applicationCacheEnabled=false, takesScreenshot=true}]
	at com.qa141.occs.compute.C9_OCCS_25_NetworkTab_Protocols_Menu.test(C9_OCCS_25_NetworkTab_Protocols_Menu.java:171)
	at java.util.concurrent.FutureTask$Sync.innerRun(Unknown Source)
	at java.util.concurrent.FutureTask.run(Unknown Source)
	at java.util.concurrent.ThreadPoolExecutor$Worker.runTask(Unknown Source)
	at java.util.concurrent.ThreadPoolExecutor$Worker.run(Unknown Source)
	at java.lang.Thread.run(Unknown Source)
... Removed 17 stack frames</pre></div><a href='#' onClick='toggleBox("stack-trace993312934", this, "Click to show all stack frames", "Click to hide stack frames")'>Click to show all stack frames</a>
<div class='stack-trace' id='stack-trace993312934'><pre>java.lang.AssertionError: no such element
  (Session info: chrome=40.0.2214.111)
  (Driver info: chromedriver=2.9.248315,platform=Windows NT 6.1 SP1 x86_64) (WARNING: The server did not provide any stacktrace information)
Command duration or timeout: 20.10 seconds
For documentation on this error, please visit: http://seleniumhq.org/exceptions/no_such_element.html
Build info: version: &apos;2.39.0&apos;, revision: &apos;ff23eac&apos;, time: &apos;2013-12-16 16:11:15&apos;
System info: host: &apos;slc05gyj&apos;, ip: &apos;10.240.125.231&apos;, os.name: &apos;Windows 7&apos;, os.arch: &apos;amd64&apos;, os.version: &apos;6.1&apos;, java.version: &apos;1.6.0_34&apos;
Session ID: d59f646d21722d328c50d9b7642aa385
Driver info: org.openqa.selenium.chrome.ChromeDriver
Capabilities [{platform=XP, acceptSslCerts=true, javascriptEnabled=true, browserName=chrome, chrome={userDataDir=C:\Users\ashikuku\AppData\Local\Temp\scoped_dir93584_30163}, rotatable=false, locationContextEnabled=true, version=40.0.2214.111, takesHeapSnapshot=true, cssSelectorsEnabled=true, databaseEnabled=false, handlesAlerts=true, browserConnectionEnabled=false, nativeEvents=true, webStorageEnabled=true, applicationCacheEnabled=false, takesScreenshot=true}]
Command duration or timeout: 20.20 seconds
For documentation on this error, please visit: http://seleniumhq.org/exceptions/no_such_element.html
Build info: version: &apos;2.39.0&apos;, revision: &apos;ff23eac&apos;, time: &apos;2013-12-16 16:11:15&apos;
System info: host: &apos;slc05gyj&apos;, ip: &apos;10.240.125.231&apos;, os.name: &apos;Windows 7&apos;, os.arch: &apos;amd64&apos;, os.version: &apos;6.1&apos;, java.version: &apos;1.6.0_34&apos;
Session ID: e5b61edb-8d30-4221-9f0f-adccf50f9210
Driver info: org.openqa.selenium.remote.RemoteWebDriver
Capabilities [{platform=XP, acceptSslCerts=true, javascriptEnabled=true, browserName=chrome, chrome={userDataDir=C:\Users\ashikuku\AppData\Local\Temp\scoped_dir93584_30163}, rotatable=false, locationContextEnabled=true, webdriver.remote.sessionid=e5b61edb-8d30-4221-9f0f-adccf50f9210, version=40.0.2214.111, takesHeapSnapshot=true, cssSelectorsEnabled=true, databaseEnabled=false, handlesAlerts=true, browserConnectionEnabled=false, nativeEvents=true, webStorageEnabled=true, applicationCacheEnabled=false, takesScreenshot=true}]
	at org.testng.Assert.fail(Assert.java:94)
	at com.qa141.occs.compute.C9_OCCS_25_NetworkTab_Protocols_Menu.test(C9_OCCS_25_NetworkTab_Protocols_Menu.java:171)
	at sun.reflect.NativeMethodAccessorImpl.invoke0(Native Method)
	at sun.reflect.NativeMethodAccessorImpl.invoke(Unknown Source)
	at sun.reflect.DelegatingMethodAccessorImpl.invoke(Unknown Source)
	at java.lang.reflect.Method.invoke(Unknown Source)
	at org.testng.internal.MethodInvocationHelper.invokeMethod(MethodInvocationHelper.java:80)
	at org.testng.internal.Invoker.invokeMethod(Invoker.java:714)
	at org.testng.internal.Invoker.invokeTestMethod(Invoker.java:901)
	at org.testng.internal.Invoker.invokeTestMethods(Invoker.java:1231)
	at org.testng.internal.TestMethodWorker.invokeTestMethods(TestMethodWorker.java:128)
	at org.testng.internal.TestMethodWorker.run(TestMethodWorker.java:111)
	at org.testng.TestRunner.privateRun(TestRunner.java:767)
	at org.testng.TestRunner.run(TestRunner.java:617)
	at org.testng.SuiteRunner.runTest(SuiteRunner.java:334)
	at org.testng.SuiteRunner.access$0(SuiteRunner.java:333)
	at org.testng.SuiteRunner$SuiteWorker.run(SuiteRunner.java:368)
	at org.testng.internal.thread.ThreadUtil$2.call(ThreadUtil.java:64)
	at java.util.concurrent.FutureTask$Sync.innerRun(Unknown Source)
	at java.util.concurrent.FutureTask.run(Unknown Source)
	at java.util.concurrent.ThreadPoolExecutor$Worker.runTask(Unknown Source)
	at java.util.concurrent.ThreadPoolExecutor$Worker.run(Unknown Source)
	at java.lang.Thread.run(Unknown Source)
</pre></div></td>
<td>200</td>
<td>com.qa141.occs.compute.C9_OCCS_25_NetworkTab_Protocols_Menu@667cbde6</td></tr>
</table><p>
<table width='100%' border='1' class='invocation-passed'>
<tr><td colspan='4' align='center'><b>PASSED TESTS</b></td></tr>
<tr><td><b>Test method</b></td>
<td width="30%"><b>Exception</b></td>
<td width="10%"><b>Time (seconds)</b></td>
<td><b>Instance</b></td>
</tr>
<tr>
<td title='com.qa141.occs.compute.C9_OCCS_13_SecurityTab_Verify.test()'><b>test</b><br>Test class: com.qa141.occs.compute.C9_OCCS_13_SecurityTab_Verify<br>Parameters: chrome</td>
<td></td>
<td>102</td>
<td>com.qa141.occs.compute.C9_OCCS_13_SecurityTab_Verify@69e328e0</td></tr>
<tr>
<td title='com.qa141.occs.compute.C9_OCCS_14_SecurityTab_SSHPublicKey_Add.test()'><b>test</b><br>Test class: com.qa141.occs.compute.C9_OCCS_14_SecurityTab_SSHPublicKey_Add<br>Parameters: chrome</td>
<td></td>
<td>207</td>
<td>com.qa141.occs.compute.C9_OCCS_14_SecurityTab_SSHPublicKey_Add@709446e4</td></tr>
<tr>
<td title='com.qa141.occs.compute.C9_OCCS_15_SecurityTab_Filter.test()'><b>test</b><br>Test class: com.qa141.occs.compute.C9_OCCS_15_SecurityTab_Filter<br>Parameters: chrome</td>
<td></td>
<td>325</td>
<td>com.qa141.occs.compute.C9_OCCS_15_SecurityTab_Filter@7cfefe3f</td></tr>
<tr>
<td title='com.qa141.occs.compute.C9_OCCS_16_SecurityTab_SearchBox.test()'><b>test</b><br>Test class: com.qa141.occs.compute.C9_OCCS_16_SecurityTab_SearchBox<br>Parameters: chrome</td>
<td></td>
<td>313</td>
<td>com.qa141.occs.compute.C9_OCCS_16_SecurityTab_SearchBox@69b1fbf4</td></tr>
<tr>
<td title='com.qa141.occs.compute.C9_OCCS_21_NetworkTab_Verify.test()'><b>test</b><br>Test class: com.qa141.occs.compute.C9_OCCS_21_NetworkTab_Verify<br>Parameters: chrome</td>
<td></td>
<td>77</td>
<td>com.qa141.occs.compute.C9_OCCS_21_NetworkTab_Verify@36b60b93</td></tr>
<tr>
<td title='com.qa141.occs.compute.C9_OCCS_22_NetworkTab_ProtocolsTile_Verify.test()'><b>test</b><br>Test class: com.qa141.occs.compute.C9_OCCS_22_NetworkTab_ProtocolsTile_Verify<br>Parameters: chrome</td>
<td></td>
<td>113</td>
<td>com.qa141.occs.compute.C9_OCCS_22_NetworkTab_ProtocolsTile_Verify@32dcb03b</td></tr>
<tr>
<td title='com.qa141.occs.compute.C9_OCCS_23_NetworkTab_Protocols_Create.test()'><b>test</b><br>Test class: com.qa141.occs.compute.C9_OCCS_23_NetworkTab_Protocols_Create<br>Parameters: chrome</td>
<td></td>
<td>222</td>
<td>com.qa141.occs.compute.C9_OCCS_23_NetworkTab_Protocols_Create@7977b9b</td></tr>
<tr>
<td title='com.qa141.occs.compute.C9_OCCS_24_NetworkTab_Protocols_SearchBox.test()'><b>test</b><br>Test class: com.qa141.occs.compute.C9_OCCS_24_NetworkTab_Protocols_SearchBox<br>Parameters: chrome</td>
<td></td>
<td>424</td>
<td>com.qa141.occs.compute.C9_OCCS_24_NetworkTab_Protocols_SearchBox@4737371</td></tr>
<tr>
<td title='com.qa141.occs.compute.C9_OCCS_26_NetworkTab_Protocols_Delete.test()'><b>test</b><br>Test class: com.qa141.occs.compute.C9_OCCS_26_NetworkTab_Protocols_Delete<br>Parameters: chrome</td>
<td></td>
<td>282</td>
<td>com.qa141.occs.compute.C9_OCCS_26_NetworkTab_Protocols_Delete@37fd6bea</td></tr>
<tr>
<td title='com.qa141.occs.compute.C9_OCCS_27_NetworkTab_AccessRulesTile_Verify.test()'><b>test</b><br>Test class: com.qa141.occs.compute.C9_OCCS_27_NetworkTab_AccessRulesTile_Verify<br>Parameters: chrome</td>
<td></td>
<td>85</td>
<td>com.qa141.occs.compute.C9_OCCS_27_NetworkTab_AccessRulesTile_Verify@5eb7ec5d</td></tr>
<tr>
<td title='com.qa141.occs.compute.C9_OCCS_28_NetworkTab_AccessRules_Create.test()'><b>test</b><br>Test class: com.qa141.occs.compute.C9_OCCS_28_NetworkTab_AccessRules_Create<br>Parameters: chrome</td>
<td></td>
<td>346</td>
<td>com.qa141.occs.compute.C9_OCCS_28_NetworkTab_AccessRules_Create@5f49d886</td></tr>
<tr>
<td title='com.qa141.occs.compute.C9_OCCS_29_NetworkTab_AccessRules_Filter.test()'><b>test</b><br>Test class: com.qa141.occs.compute.C9_OCCS_29_NetworkTab_AccessRules_Filter<br>Parameters: chrome</td>
<td></td>
<td>168</td>
<td>com.qa141.occs.compute.C9_OCCS_29_NetworkTab_AccessRules_Filter@7c2e1f1f</td></tr>
<tr>
<td title='com.qa141.occs.compute.C9_OCCS_30_NetworkTab_AccessRules_SearchBox.test()'><b>test</b><br>Test class: com.qa141.occs.compute.C9_OCCS_30_NetworkTab_AccessRules_SearchBox<br>Parameters: chrome</td>
<td></td>
<td>182</td>
<td>com.qa141.occs.compute.C9_OCCS_30_NetworkTab_AccessRules_SearchBox@7ac2b2f6</td></tr>
<tr>
<td title='com.qa141.occs.compute.C9_OCCS_31_NetworkTab_AccessRules_Menu.test()'><b>test</b><br>Test class: com.qa141.occs.compute.C9_OCCS_31_NetworkTab_AccessRules_Menu<br>Parameters: chrome</td>
<td></td>
<td>109</td>
<td>com.qa141.occs.compute.C9_OCCS_31_NetworkTab_AccessRules_Menu@48e61a35</td></tr>
<tr>
<td title='com.qa141.occs.compute.C9_OCCS_32_NetworkTab_AccessRules_Update.test()'><b>test</b><br>Test class: com.qa141.occs.compute.C9_OCCS_32_NetworkTab_AccessRules_Update<br>Parameters: chrome</td>
<td></td>
<td>166</td>
<td>com.qa141.occs.compute.C9_OCCS_32_NetworkTab_AccessRules_Update@5ecd2e33</td></tr>
<tr>
<td title='com.qa141.occs.compute.C9_OCCS_33_NetworkTab_AccessRules_Delete.test()'><b>test</b><br>Test class: com.qa141.occs.compute.C9_OCCS_33_NetworkTab_AccessRules_Delete<br>Parameters: chrome</td>
<td></td>
<td>166</td>
<td>com.qa141.occs.compute.C9_OCCS_33_NetworkTab_AccessRules_Delete@24148662</td></tr>
</table><p>
</body>
</html>