<?xml version="1.0" encoding="UTF-8"?>
<!-- Generated by org.testng.reporters.JUnitXMLReporter -->
<testsuite hostname="slc05wcd" name="Security" tests="25" failures="5" timestamp="13 Jul 2016 20:41:21 GMT" time="4588.477" errors="0">
  <testcase name="@AfterClass testCleanUp" time="0.0" classname="com.qa141.securities.C9_Security_05_ResetPwdAuto_Test">
    <failure type="java.lang.NullPointerException">
      <![CDATA[java.lang.NullPointerException
	at com.qa141.securities.C9_Security_05_ResetPwdAuto_Test.testCleanUp(C9_Security_05_ResetPwdAuto_Test.java:168)
	at java.util.concurrent.FutureTask.run(Unknown Source)
	at java.util.concurrent.ThreadPoolExecutor.runWorker(Unknown Source)
	at java.util.concurrent.ThreadPoolExecutor$Worker.run(Unknown Source)
	at java.lang.Thread.run(Unknown Source)
... Removed 16 stack frames]]>
    </failure>
  </testcase> <!-- @AfterClass testCleanUp -->
  <testcase name="test" time="124.966" classname="com.qa141.securities.C9_Security_01_LogonLogout_Test"/>
  <testcase name="test" time="188.563" classname="com.qa141.securities.C9_Security_02_LoggedAsIDA_Test"/>
  <testcase name="test" time="177.773" classname="com.qa141.securities.C9_Security_03_AdminUserRemove_Test"/>
  <testcase name="test" time="203.168" classname="com.qa141.securities.C9_Security_04_AdminModifyUser_Test"/>
  <testcase name="test" time="2.287" classname="com.qa141.securities.C9_Security_05_ResetPwdAuto_Test">
    <failure type="java.lang.AssertionError" message="unknown error: updateWindow is not defined
JavaScript stack:
ReferenceError: updateWindow is not defined
    at eval (eval at executeAsyncScript (unknown source), &amp;lt;anonymous&amp;gt;:2:9)
    at executeAsyncScript (&amp;lt;anonymous&amp;gt;:314:26)
    at apply.state (&amp;lt;anonymous&amp;gt;:330:29)
    at callFunction (&amp;lt;anonymous&amp;gt;:222:33)
    at apply.state (&amp;lt;anonymous&amp;gt;:232:23)
    at &amp;lt;anonymous&amp;gt;:233:3
  (Session info: chrome=51.0.2704.103)
  (Driver info: chromedriver=2.9.248315,platform=Windows NT 6.1 SP1 x86_64) (WARNING: The server did not provide any stacktrace information)
Command duration or timeout: 441 milliseconds
Build info: version: &amp;apos;2.39.0&amp;apos;, revision: &amp;apos;ff23eac&amp;apos;, time: &amp;apos;2013-12-16 16:11:15&amp;apos;
System info: host: &amp;apos;slc05wcd&amp;apos;, ip: &amp;apos;10.249.129.123&amp;apos;, os.name: &amp;apos;Windows 7&amp;apos;, os.arch: &amp;apos;amd64&amp;apos;, os.version: &amp;apos;6.1&amp;apos;, java.version: &amp;apos;1.8.0_73&amp;apos;
Driver info: org.openqa.selenium.chrome.ChromeDriver
Capabilities [{applicationCacheEnabled=false, rotatable=false, chrome={userDataDir=C:\Users\argdas\AppData\Local\Temp\scoped_dir23436_6440}, takesHeapSnapshot=true, databaseEnabled=false, handlesAlerts=true, version=51.0.2704.103, platform=XP, browserConnectionEnabled=false, nativeEvents=true, acceptSslCerts=true, locationContextEnabled=true, webStorageEnabled=true, browserName=chrome, takesScreenshot=true, javascriptEnabled=true, cssSelectorsEnabled=true}]
Session ID: 49cc596a194dc59da9158fd4afa41c0a">
      <![CDATA[java.lang.AssertionError: unknown error: updateWindow is not defined
JavaScript stack:
ReferenceError: updateWindow is not defined
    at eval (eval at executeAsyncScript (unknown source), <anonymous>:2:9)
    at executeAsyncScript (<anonymous>:314:26)
    at apply.state (<anonymous>:330:29)
    at callFunction (<anonymous>:222:33)
    at apply.state (<anonymous>:232:23)
    at <anonymous>:233:3
  (Session info: chrome=51.0.2704.103)
  (Driver info: chromedriver=2.9.248315,platform=Windows NT 6.1 SP1 x86_64) (WARNING: The server did not provide any stacktrace information)
Command duration or timeout: 441 milliseconds
Build info: version: '2.39.0', revision: 'ff23eac', time: '2013-12-16 16:11:15'
System info: host: 'slc05wcd', ip: '10.249.129.123', os.name: 'Windows 7', os.arch: 'amd64', os.version: '6.1', java.version: '1.8.0_73'
Driver info: org.openqa.selenium.chrome.ChromeDriver
Capabilities [{applicationCacheEnabled=false, rotatable=false, chrome={userDataDir=C:\Users\argdas\AppData\Local\Temp\scoped_dir23436_6440}, takesHeapSnapshot=true, databaseEnabled=false, handlesAlerts=true, version=51.0.2704.103, platform=XP, browserConnectionEnabled=false, nativeEvents=true, acceptSslCerts=true, locationContextEnabled=true, webStorageEnabled=true, browserName=chrome, takesScreenshot=true, javascriptEnabled=true, cssSelectorsEnabled=true}]
Session ID: 49cc596a194dc59da9158fd4afa41c0a
	at com.qa141.securities.C9_Security_05_ResetPwdAuto_Test.test(C9_Security_05_ResetPwdAuto_Test.java:159)
	at java.util.concurrent.FutureTask.run(Unknown Source)
	at java.util.concurrent.ThreadPoolExecutor.runWorker(Unknown Source)
	at java.util.concurrent.ThreadPoolExecutor$Worker.run(Unknown Source)
	at java.lang.Thread.run(Unknown Source)
... Removed 17 stack frames]]>
    </failure>
  </testcase> <!-- test -->
  <testcase name="test" time="141.452" classname="com.qa141.securities.C9_Security_07_AddUser_Test"/>
  <testcase name="test" time="207.426" classname="com.qa141.securities.C9_Security_08_ModifyFieldValidation_Test">
    <failure type="java.lang.AssertionError" message="no such element
  (Session info: chrome=51.0.2704.103)
  (Driver info: chromedriver=2.9.248315,platform=Windows NT 6.1 SP1 x86_64) (WARNING: The server did not provide any stacktrace information)
Command duration or timeout: 30.13 seconds
For documentation on this error, please visit: http://seleniumhq.org/exceptions/no_such_element.html
Build info: version: &amp;apos;2.39.0&amp;apos;, revision: &amp;apos;ff23eac&amp;apos;, time: &amp;apos;2013-12-16 16:11:15&amp;apos;
System info: host: &amp;apos;slc05wcd&amp;apos;, ip: &amp;apos;10.249.129.123&amp;apos;, os.name: &amp;apos;Windows 7&amp;apos;, os.arch: &amp;apos;amd64&amp;apos;, os.version: &amp;apos;6.1&amp;apos;, java.version: &amp;apos;1.8.0_73&amp;apos;
Driver info: org.openqa.selenium.chrome.ChromeDriver
Capabilities [{applicationCacheEnabled=false, rotatable=false, chrome={userDataDir=C:\Users\argdas\AppData\Local\Temp\scoped_dir22224_1630}, takesHeapSnapshot=true, databaseEnabled=false, handlesAlerts=true, version=51.0.2704.103, platform=XP, browserConnectionEnabled=false, nativeEvents=true, acceptSslCerts=true, locationContextEnabled=true, webStorageEnabled=true, browserName=chrome, takesScreenshot=true, javascriptEnabled=true, cssSelectorsEnabled=true}]
Session ID: 6d5c56ff1564070b865a44076dd71b9c">
      <![CDATA[java.lang.AssertionError: no such element
  (Session info: chrome=51.0.2704.103)
  (Driver info: chromedriver=2.9.248315,platform=Windows NT 6.1 SP1 x86_64) (WARNING: The server did not provide any stacktrace information)
Command duration or timeout: 30.13 seconds
For documentation on this error, please visit: http://seleniumhq.org/exceptions/no_such_element.html
Build info: version: '2.39.0', revision: 'ff23eac', time: '2013-12-16 16:11:15'
System info: host: 'slc05wcd', ip: '10.249.129.123', os.name: 'Windows 7', os.arch: 'amd64', os.version: '6.1', java.version: '1.8.0_73'
Driver info: org.openqa.selenium.chrome.ChromeDriver
Capabilities [{applicationCacheEnabled=false, rotatable=false, chrome={userDataDir=C:\Users\argdas\AppData\Local\Temp\scoped_dir22224_1630}, takesHeapSnapshot=true, databaseEnabled=false, handlesAlerts=true, version=51.0.2704.103, platform=XP, browserConnectionEnabled=false, nativeEvents=true, acceptSslCerts=true, locationContextEnabled=true, webStorageEnabled=true, browserName=chrome, takesScreenshot=true, javascriptEnabled=true, cssSelectorsEnabled=true}]
Session ID: 6d5c56ff1564070b865a44076dd71b9c
	at com.qa141.securities.C9_Security_08_ModifyFieldValidation_Test.test(C9_Security_08_ModifyFieldValidation_Test.java:183)
	at java.util.concurrent.FutureTask.run(Unknown Source)
	at java.util.concurrent.ThreadPoolExecutor.runWorker(Unknown Source)
	at java.util.concurrent.ThreadPoolExecutor$Worker.run(Unknown Source)
	at java.lang.Thread.run(Unknown Source)
... Removed 17 stack frames]]>
    </failure>
  </testcase> <!-- test -->
  <testcase name="test" time="202.137" classname="com.qa141.securities.C9_Security_09_ModifyUser_Test"/>
  <testcase name="test" time="215.649" classname="com.qa141.securities.C9_Security_12_SFTPUserReset_Test"/>
  <testcase name="test" time="153.218" classname="com.qa141.securities.C9_Security_13_AddCustomRole_Test"/>
  <testcase name="test" time="184.247" classname="com.qa141.securities.C9_Security_14_ModifyCustomrole_Test"/>
  <testcase name="test" time="140.035" classname="com.qa141.securities.C9_Security_15_AssignCustomRole_Test"/>
  <testcase name="test" time="204.789" classname="com.qa141.securities.C9_Security_16_RemoveRole_Test"/>
  <testcase name="test" time="150.898" classname="com.qa141.securities.C9_Security_17_RemoveCustomRole_Test"/>
  <testcase name="test" time="301.646" classname="com.qa141.securities.C9_Security_18_ChallengeQuestion_Test"/>
  <testcase name="test" time="120.692" classname="com.qa141.securities.C9_Security_19_Sorting_Test"/>
  <testcase name="test" time="367.815" classname="com.qa141.securities.C9_Security_20_ChangePassword_Test"/>
  <testcase name="test" time="135.293" classname="com.qa141.securities.C9_Security_21_IdentitySelfService_Test"/>
  <testcase name="test" time="200.072" classname="com.qa141.securities.C9_Security_22_Search_Test">
    <failure type="java.lang.AssertionError" message="no such element
  (Session info: chrome=51.0.2704.103)
  (Driver info: chromedriver=2.9.248315,platform=Windows NT 6.1 SP1 x86_64) (WARNING: The server did not provide any stacktrace information)
Command duration or timeout: 31.84 seconds
For documentation on this error, please visit: http://seleniumhq.org/exceptions/no_such_element.html
Build info: version: &amp;apos;2.39.0&amp;apos;, revision: &amp;apos;ff23eac&amp;apos;, time: &amp;apos;2013-12-16 16:11:15&amp;apos;
System info: host: &amp;apos;slc05wcd&amp;apos;, ip: &amp;apos;10.249.129.123&amp;apos;, os.name: &amp;apos;Windows 7&amp;apos;, os.arch: &amp;apos;amd64&amp;apos;, os.version: &amp;apos;6.1&amp;apos;, java.version: &amp;apos;1.8.0_73&amp;apos;
Driver info: org.openqa.selenium.chrome.ChromeDriver
Capabilities [{applicationCacheEnabled=false, rotatable=false, chrome={userDataDir=C:\Users\argdas\AppData\Local\Temp\scoped_dir24620_28751}, takesHeapSnapshot=true, databaseEnabled=false, handlesAlerts=true, version=51.0.2704.103, platform=XP, browserConnectionEnabled=false, nativeEvents=true, acceptSslCerts=true, locationContextEnabled=true, webStorageEnabled=true, browserName=chrome, takesScreenshot=true, javascriptEnabled=true, cssSelectorsEnabled=true}]
Session ID: e29096728bedb18135434694d3476af4">
      <![CDATA[java.lang.AssertionError: no such element
  (Session info: chrome=51.0.2704.103)
  (Driver info: chromedriver=2.9.248315,platform=Windows NT 6.1 SP1 x86_64) (WARNING: The server did not provide any stacktrace information)
Command duration or timeout: 31.84 seconds
For documentation on this error, please visit: http://seleniumhq.org/exceptions/no_such_element.html
Build info: version: '2.39.0', revision: 'ff23eac', time: '2013-12-16 16:11:15'
System info: host: 'slc05wcd', ip: '10.249.129.123', os.name: 'Windows 7', os.arch: 'amd64', os.version: '6.1', java.version: '1.8.0_73'
Driver info: org.openqa.selenium.chrome.ChromeDriver
Capabilities [{applicationCacheEnabled=false, rotatable=false, chrome={userDataDir=C:\Users\argdas\AppData\Local\Temp\scoped_dir24620_28751}, takesHeapSnapshot=true, databaseEnabled=false, handlesAlerts=true, version=51.0.2704.103, platform=XP, browserConnectionEnabled=false, nativeEvents=true, acceptSslCerts=true, locationContextEnabled=true, webStorageEnabled=true, browserName=chrome, takesScreenshot=true, javascriptEnabled=true, cssSelectorsEnabled=true}]
Session ID: e29096728bedb18135434694d3476af4
	at com.qa141.securities.C9_Security_22_Search_Test.test(C9_Security_22_Search_Test.java:203)
	at java.util.concurrent.FutureTask.run(Unknown Source)
	at java.util.concurrent.ThreadPoolExecutor.runWorker(Unknown Source)
	at java.util.concurrent.ThreadPoolExecutor$Worker.run(Unknown Source)
	at java.lang.Thread.run(Unknown Source)
... Removed 17 stack frames]]>
    </failure>
  </testcase> <!-- test -->
  <testcase name="test" time="223.892" classname="com.qa141.securities.C9_Security_23_UI_Test"/>
  <testcase name="test" time="161.904" classname="com.qa141.securities.C9_Security_24_NotificationContacts_Test">
    <failure type="java.lang.AssertionError" message="element not visible
  (Session info: chrome=51.0.2704.103)
  (Driver info: chromedriver=2.9.248315,platform=Windows NT 6.1 SP1 x86_64) (WARNING: The server did not provide any stacktrace information)
Command duration or timeout: 20 milliseconds
Build info: version: &amp;apos;2.39.0&amp;apos;, revision: &amp;apos;ff23eac&amp;apos;, time: &amp;apos;2013-12-16 16:11:15&amp;apos;
System info: host: &amp;apos;slc05wcd&amp;apos;, ip: &amp;apos;10.249.129.123&amp;apos;, os.name: &amp;apos;Windows 7&amp;apos;, os.arch: &amp;apos;amd64&amp;apos;, os.version: &amp;apos;6.1&amp;apos;, java.version: &amp;apos;1.8.0_73&amp;apos;
Driver info: org.openqa.selenium.chrome.ChromeDriver
Capabilities [{applicationCacheEnabled=false, rotatable=false, chrome={userDataDir=C:\Users\argdas\AppData\Local\Temp\scoped_dir21288_1003}, takesHeapSnapshot=true, databaseEnabled=false, handlesAlerts=true, version=51.0.2704.103, platform=XP, browserConnectionEnabled=false, nativeEvents=true, acceptSslCerts=true, locationContextEnabled=true, webStorageEnabled=true, browserName=chrome, takesScreenshot=true, javascriptEnabled=true, cssSelectorsEnabled=true}]
Session ID: d70c9be967bc2fb2f308aadbb9ae80b6">
      <![CDATA[java.lang.AssertionError: element not visible
  (Session info: chrome=51.0.2704.103)
  (Driver info: chromedriver=2.9.248315,platform=Windows NT 6.1 SP1 x86_64) (WARNING: The server did not provide any stacktrace information)
Command duration or timeout: 20 milliseconds
Build info: version: '2.39.0', revision: 'ff23eac', time: '2013-12-16 16:11:15'
System info: host: 'slc05wcd', ip: '10.249.129.123', os.name: 'Windows 7', os.arch: 'amd64', os.version: '6.1', java.version: '1.8.0_73'
Driver info: org.openqa.selenium.chrome.ChromeDriver
Capabilities [{applicationCacheEnabled=false, rotatable=false, chrome={userDataDir=C:\Users\argdas\AppData\Local\Temp\scoped_dir21288_1003}, takesHeapSnapshot=true, databaseEnabled=false, handlesAlerts=true, version=51.0.2704.103, platform=XP, browserConnectionEnabled=false, nativeEvents=true, acceptSslCerts=true, locationContextEnabled=true, webStorageEnabled=true, browserName=chrome, takesScreenshot=true, javascriptEnabled=true, cssSelectorsEnabled=true}]
Session ID: d70c9be967bc2fb2f308aadbb9ae80b6
	at com.qa141.securities.C9_Security_24_NotificationContacts_Test.test(C9_Security_24_NotificationContacts_Test.java:178)
	at java.util.concurrent.FutureTask.run(Unknown Source)
	at java.util.concurrent.ThreadPoolExecutor.runWorker(Unknown Source)
	at java.util.concurrent.ThreadPoolExecutor$Worker.run(Unknown Source)
	at java.lang.Thread.run(Unknown Source)
... Removed 17 stack frames]]>
    </failure>
  </testcase> <!-- test -->
  <testcase name="test" time="173.431" classname="com.qa141.securities.C9_Security_25_SecurityContacts_Test">
    <failure type="java.lang.AssertionError" message="element not visible
  (Session info: chrome=51.0.2704.103)
  (Driver info: chromedriver=2.9.248315,platform=Windows NT 6.1 SP1 x86_64) (WARNING: The server did not provide any stacktrace information)
Command duration or timeout: 19 milliseconds
Build info: version: &amp;apos;2.39.0&amp;apos;, revision: &amp;apos;ff23eac&amp;apos;, time: &amp;apos;2013-12-16 16:11:15&amp;apos;
System info: host: &amp;apos;slc05wcd&amp;apos;, ip: &amp;apos;10.249.129.123&amp;apos;, os.name: &amp;apos;Windows 7&amp;apos;, os.arch: &amp;apos;amd64&amp;apos;, os.version: &amp;apos;6.1&amp;apos;, java.version: &amp;apos;1.8.0_73&amp;apos;
Driver info: org.openqa.selenium.chrome.ChromeDriver
Capabilities [{applicationCacheEnabled=false, rotatable=false, chrome={userDataDir=C:\Users\argdas\AppData\Local\Temp\scoped_dir22820_26697}, takesHeapSnapshot=true, databaseEnabled=false, handlesAlerts=true, version=51.0.2704.103, platform=XP, browserConnectionEnabled=false, nativeEvents=true, acceptSslCerts=true, locationContextEnabled=true, webStorageEnabled=true, browserName=chrome, takesScreenshot=true, javascriptEnabled=true, cssSelectorsEnabled=true}]
Session ID: cc4db3dea58b068151492e1d98aaaac6">
      <![CDATA[java.lang.AssertionError: element not visible
  (Session info: chrome=51.0.2704.103)
  (Driver info: chromedriver=2.9.248315,platform=Windows NT 6.1 SP1 x86_64) (WARNING: The server did not provide any stacktrace information)
Command duration or timeout: 19 milliseconds
Build info: version: '2.39.0', revision: 'ff23eac', time: '2013-12-16 16:11:15'
System info: host: 'slc05wcd', ip: '10.249.129.123', os.name: 'Windows 7', os.arch: 'amd64', os.version: '6.1', java.version: '1.8.0_73'
Driver info: org.openqa.selenium.chrome.ChromeDriver
Capabilities [{applicationCacheEnabled=false, rotatable=false, chrome={userDataDir=C:\Users\argdas\AppData\Local\Temp\scoped_dir22820_26697}, takesHeapSnapshot=true, databaseEnabled=false, handlesAlerts=true, version=51.0.2704.103, platform=XP, browserConnectionEnabled=false, nativeEvents=true, acceptSslCerts=true, locationContextEnabled=true, webStorageEnabled=true, browserName=chrome, takesScreenshot=true, javascriptEnabled=true, cssSelectorsEnabled=true}]
Session ID: cc4db3dea58b068151492e1d98aaaac6
	at com.qa141.securities.C9_Security_25_SecurityContacts_Test.test(C9_Security_25_SecurityContacts_Test.java:211)
	at java.util.concurrent.FutureTask.run(Unknown Source)
	at java.util.concurrent.ThreadPoolExecutor.runWorker(Unknown Source)
	at java.util.concurrent.ThreadPoolExecutor$Worker.run(Unknown Source)
	at java.lang.Thread.run(Unknown Source)
... Removed 17 stack frames]]>
    </failure>
  </testcase> <!-- test -->
  <testcase name="test" time="202.427" classname="com.qa141.securities.C9_Security_06_ManageRole_Test"/>
  <testcase name="test" time="174.395" classname="com.qa141.securities.C9_Security_10_UserRemove_Test"/>
  <testcase name="test" time="198.545" classname="com.qa141.securities.C9_Security_11_SFTPFieldValidation_Test"/>
</testsuite> <!-- Security -->
