<html>
<head>
<title>TestNG:  Test</title>
<link href="../testng.css" rel="stylesheet" type="text/css" />
<link href="../my-testng.css" rel="stylesheet" type="text/css" />

<style type="text/css">
.log { display: none;} 
.stack-trace { display: none;} 
</style>
<script type="text/javascript">
<!--
function flip(e) {
  current = e.style.display;
  if (current == 'block') {
    e.style.display = 'none';
    return 0;
  }
  else {
    e.style.display = 'block';
    return 1;
  }
}

function toggleBox(szDivId, elem, msg1, msg2)
{
  var res = -1;  if (document.getElementById) {
    res = flip(document.getElementById(szDivId));
  }
  else if (document.all) {
    // this is the way old msie versions work
    res = flip(document.all[szDivId]);
  }
  if(elem) {
    if(res == 0) elem.innerHTML = msg1; else elem.innerHTML = msg2;
  }

}

function toggleAllBoxes() {
  if (document.getElementsByTagName) {
    d = document.getElementsByTagName('div');
    for (i = 0; i < d.length; i++) {
      if (d[i].className == 'log') {
        flip(d[i]);
      }
    }
  }
}

// -->
</script>

</head>
<body>
<h2 align='center'>Test</h2><table border='1' align="center">
<tr>
<td>Tests passed/Failed/Skipped:</td><td>4/8/0</td>
</tr><tr>
<td>Started on:</td><td>Wed Feb 04 01:14:10 MST 2015</td>
</tr>
<tr><td>Total time:</td><td>299 seconds (299454 ms)</td>
</tr><tr>
<td>Included groups:</td><td></td>
</tr><tr>
<td>Excluded groups:</td><td></td>
</tr>
</table><p/>
<small><i>(Hover the method name to see the test class name)</i></small><p/>
<table width='100%' border='1' class='invocation-failed'>
<tr><td colspan='4' align='center'><b>FAILED TESTS</b></td></tr>
<tr><td><b>Test method</b></td>
<td width="30%"><b>Exception</b></td>
<td width="10%"><b>Time (seconds)</b></td>
<td><b>Instance</b></td>
</tr>
<tr>
<td title='com.qa141.myservices.C9_MYS_03_VerifyUI_Test.test()'><b>test</b><br>Test class: com.qa141.myservices.C9_MYS_03_VerifyUI_Test<br>Parameters: chrome<br/>
<a href="#Output-1445432963" onClick='toggleBox("Output-1445432963", this, "Show output", "Hide output");'>Show output</a>

<a href="#Output-1445432963" onClick="toggleAllBoxes();">Show all outputs</a>
<div class='log' id="Output-1445432963">
<a href=C:\SAFc\tests\OPC\test-output\screenShots\02-04-2015\02-04-2015_01.15.44_com.qa141.myservices.C9_MYS_03_VerifyUI_Test_test.png target='_blank' >02-04-2015_01.15.44_com.qa141.myservices.C9_MYS_03_VerifyUI_Test_test.png</a><br/>
<a href=C:\SAFc\tests\OPC\test-output\screenShots\02-04-2015\02-04-2015_01.15.44_com.qa141.myservices.C9_MYS_03_VerifyUI_Test_test.png target='_blank' >Screenshot</a><br/>
<img src="file:///C:\SAFc\tests\OPC\test-output\screenShots\02-04-2015\02-04-2015_01.15.44_com.qa141.myservices.C9_MYS_03_VerifyUI_Test_test.png" width=500 height=300" alt=""/><br /><br/>
</div>
</td>
<td><div><pre>java.lang.AssertionError: no such element
  (Session info: chrome=39.0.2171.95)
  (Driver info: chromedriver=2.9.248315,platform=Windows NT 6.1 SP1 x86_64) (WARNING: The server did not provide any stacktrace information)
Command duration or timeout: 20.01 seconds
For documentation on this error, please visit: http://seleniumhq.org/exceptions/no_such_element.html
Build info: version: &apos;2.39.0&apos;, revision: &apos;ff23eac&apos;, time: &apos;2013-12-16 16:11:15&apos;
System info: host: &apos;slc05gyj&apos;, ip: &apos;10.240.125.231&apos;, os.name: &apos;Windows 7&apos;, os.arch: &apos;amd64&apos;, os.version: &apos;6.1&apos;, java.version: &apos;1.6.0_34&apos;
Session ID: b922096a6d3f8c0b2d572bf664b6224c
Driver info: org.openqa.selenium.chrome.ChromeDriver
Capabilities [{platform=XP, acceptSslCerts=true, javascriptEnabled=true, browserName=chrome, chrome={userDataDir=C:\Users\ashikuku\AppData\Local\Temp\scoped_dir16020_26726}, rotatable=false, locationContextEnabled=true, version=39.0.2171.95, takesHeapSnapshot=true, cssSelectorsEnabled=true, databaseEnabled=false, handlesAlerts=true, browserConnectionEnabled=false, nativeEvents=true, webStorageEnabled=true, applicationCacheEnabled=false, takesScreenshot=true}]
Command duration or timeout: 20.99 seconds
For documentation on this error, please visit: http://seleniumhq.org/exceptions/no_such_element.html
Build info: version: &apos;2.39.0&apos;, revision: &apos;ff23eac&apos;, time: &apos;2013-12-16 16:11:15&apos;
System info: host: &apos;slc05gyj&apos;, ip: &apos;10.240.125.231&apos;, os.name: &apos;Windows 7&apos;, os.arch: &apos;amd64&apos;, os.version: &apos;6.1&apos;, java.version: &apos;1.6.0_34&apos;
Session ID: 21fea4ba-4cda-4ec0-9ebc-c13db5363c77
Driver info: org.openqa.selenium.remote.RemoteWebDriver
Capabilities [{platform=XP, acceptSslCerts=true, javascriptEnabled=true, browserName=chrome, chrome={userDataDir=C:\Users\ashikuku\AppData\Local\Temp\scoped_dir16020_26726}, rotatable=false, locationContextEnabled=true, webdriver.remote.sessionid=21fea4ba-4cda-4ec0-9ebc-c13db5363c77, version=39.0.2171.95, takesHeapSnapshot=true, cssSelectorsEnabled=true, databaseEnabled=false, handlesAlerts=true, browserConnectionEnabled=false, nativeEvents=true, webStorageEnabled=true, applicationCacheEnabled=false, takesScreenshot=true}]
	at com.qa141.myservices.C9_MYS_03_VerifyUI_Test.test(C9_MYS_03_VerifyUI_Test.java:144)
	at java.util.concurrent.ThreadPoolExecutor$Worker.runTask(Unknown Source)
	at java.util.concurrent.ThreadPoolExecutor$Worker.run(Unknown Source)
	at java.lang.Thread.run(Unknown Source)
... Removed 11 stack frames</pre></div><a href='#' onClick='toggleBox("stack-trace1445432963", this, "Click to show all stack frames", "Click to hide stack frames")'>Click to show all stack frames</a>
<div class='stack-trace' id='stack-trace1445432963'><pre>java.lang.AssertionError: no such element
  (Session info: chrome=39.0.2171.95)
  (Driver info: chromedriver=2.9.248315,platform=Windows NT 6.1 SP1 x86_64) (WARNING: The server did not provide any stacktrace information)
Command duration or timeout: 20.01 seconds
For documentation on this error, please visit: http://seleniumhq.org/exceptions/no_such_element.html
Build info: version: &apos;2.39.0&apos;, revision: &apos;ff23eac&apos;, time: &apos;2013-12-16 16:11:15&apos;
System info: host: &apos;slc05gyj&apos;, ip: &apos;10.240.125.231&apos;, os.name: &apos;Windows 7&apos;, os.arch: &apos;amd64&apos;, os.version: &apos;6.1&apos;, java.version: &apos;1.6.0_34&apos;
Session ID: b922096a6d3f8c0b2d572bf664b6224c
Driver info: org.openqa.selenium.chrome.ChromeDriver
Capabilities [{platform=XP, acceptSslCerts=true, javascriptEnabled=true, browserName=chrome, chrome={userDataDir=C:\Users\ashikuku\AppData\Local\Temp\scoped_dir16020_26726}, rotatable=false, locationContextEnabled=true, version=39.0.2171.95, takesHeapSnapshot=true, cssSelectorsEnabled=true, databaseEnabled=false, handlesAlerts=true, browserConnectionEnabled=false, nativeEvents=true, webStorageEnabled=true, applicationCacheEnabled=false, takesScreenshot=true}]
Command duration or timeout: 20.99 seconds
For documentation on this error, please visit: http://seleniumhq.org/exceptions/no_such_element.html
Build info: version: &apos;2.39.0&apos;, revision: &apos;ff23eac&apos;, time: &apos;2013-12-16 16:11:15&apos;
System info: host: &apos;slc05gyj&apos;, ip: &apos;10.240.125.231&apos;, os.name: &apos;Windows 7&apos;, os.arch: &apos;amd64&apos;, os.version: &apos;6.1&apos;, java.version: &apos;1.6.0_34&apos;
Session ID: 21fea4ba-4cda-4ec0-9ebc-c13db5363c77
Driver info: org.openqa.selenium.remote.RemoteWebDriver
Capabilities [{platform=XP, acceptSslCerts=true, javascriptEnabled=true, browserName=chrome, chrome={userDataDir=C:\Users\ashikuku\AppData\Local\Temp\scoped_dir16020_26726}, rotatable=false, locationContextEnabled=true, webdriver.remote.sessionid=21fea4ba-4cda-4ec0-9ebc-c13db5363c77, version=39.0.2171.95, takesHeapSnapshot=true, cssSelectorsEnabled=true, databaseEnabled=false, handlesAlerts=true, browserConnectionEnabled=false, nativeEvents=true, webStorageEnabled=true, applicationCacheEnabled=false, takesScreenshot=true}]
	at org.testng.Assert.fail(Assert.java:94)
	at com.qa141.myservices.C9_MYS_03_VerifyUI_Test.test(C9_MYS_03_VerifyUI_Test.java:144)
	at sun.reflect.NativeMethodAccessorImpl.invoke0(Native Method)
	at sun.reflect.NativeMethodAccessorImpl.invoke(Unknown Source)
	at sun.reflect.DelegatingMethodAccessorImpl.invoke(Unknown Source)
	at java.lang.reflect.Method.invoke(Unknown Source)
	at org.testng.internal.MethodInvocationHelper.invokeMethod(MethodInvocationHelper.java:80)
	at org.testng.internal.Invoker.invokeMethod(Invoker.java:714)
	at org.testng.internal.Invoker.invokeTestMethod(Invoker.java:901)
	at org.testng.internal.Invoker.invokeTestMethods(Invoker.java:1231)
	at org.testng.internal.TestMethodWorker.invokeTestMethods(TestMethodWorker.java:128)
	at org.testng.internal.TestMethodWorker.run(TestMethodWorker.java:111)
	at java.util.concurrent.ThreadPoolExecutor$Worker.runTask(Unknown Source)
	at java.util.concurrent.ThreadPoolExecutor$Worker.run(Unknown Source)
	at java.lang.Thread.run(Unknown Source)
</pre></div></td>
<td>93</td>
<td>com.qa141.myservices.C9_MYS_03_VerifyUI_Test@9a082e2</td></tr>
<tr>
<td title='com.qa141.myservices.C9_MYS_01_loginLogout_Test.test()'><b>test</b><br>Test class: com.qa141.myservices.C9_MYS_01_loginLogout_Test<br>Parameters: chrome<br/>
<a href="#Output-1035032795" onClick='toggleBox("Output-1035032795", this, "Show output", "Hide output");'>Show output</a>

<a href="#Output-1035032795" onClick="toggleAllBoxes();">Show all outputs</a>
<div class='log' id="Output-1035032795">
<a href=C:\SAFc\tests\OPC\test-output\screenShots\02-04-2015\02-04-2015_01.15.54_com.qa141.myservices.C9_MYS_01_loginLogout_Test_test.png target='_blank' >02-04-2015_01.15.54_com.qa141.myservices.C9_MYS_01_loginLogout_Test_test.png</a><br/>
<a href=C:\SAFc\tests\OPC\test-output\screenShots\02-04-2015\02-04-2015_01.15.54_com.qa141.myservices.C9_MYS_01_loginLogout_Test_test.png target='_blank' >Screenshot</a><br/>
<img src="file:///C:\SAFc\tests\OPC\test-output\screenShots\02-04-2015\02-04-2015_01.15.54_com.qa141.myservices.C9_MYS_01_loginLogout_Test_test.png" width=500 height=300" alt=""/><br /><br/>
</div>
</td>
<td><div><pre>java.lang.AssertionError: no such element
  (Session info: chrome=39.0.2171.95)
  (Driver info: chromedriver=2.9.248315,platform=Windows NT 6.1 SP1 x86_64) (WARNING: The server did not provide any stacktrace information)
Command duration or timeout: 20.05 seconds
For documentation on this error, please visit: http://seleniumhq.org/exceptions/no_such_element.html
Build info: version: &apos;2.39.0&apos;, revision: &apos;ff23eac&apos;, time: &apos;2013-12-16 16:11:15&apos;
System info: host: &apos;slc05gyj&apos;, ip: &apos;10.240.125.231&apos;, os.name: &apos;Windows 7&apos;, os.arch: &apos;amd64&apos;, os.version: &apos;6.1&apos;, java.version: &apos;1.6.0_34&apos;
Session ID: 68a876e6645d62dd98ece5a2c975ade6
Driver info: org.openqa.selenium.chrome.ChromeDriver
Capabilities [{platform=XP, acceptSslCerts=true, javascriptEnabled=true, browserName=chrome, chrome={userDataDir=C:\Users\ashikuku\AppData\Local\Temp\scoped_dir16208_18381}, rotatable=false, locationContextEnabled=true, version=39.0.2171.95, takesHeapSnapshot=true, cssSelectorsEnabled=true, databaseEnabled=false, handlesAlerts=true, browserConnectionEnabled=false, nativeEvents=true, webStorageEnabled=true, applicationCacheEnabled=false, takesScreenshot=true}]
Command duration or timeout: 20.35 seconds
For documentation on this error, please visit: http://seleniumhq.org/exceptions/no_such_element.html
Build info: version: &apos;2.39.0&apos;, revision: &apos;ff23eac&apos;, time: &apos;2013-12-16 16:11:15&apos;
System info: host: &apos;slc05gyj&apos;, ip: &apos;10.240.125.231&apos;, os.name: &apos;Windows 7&apos;, os.arch: &apos;amd64&apos;, os.version: &apos;6.1&apos;, java.version: &apos;1.6.0_34&apos;
Session ID: 79a0bcab-d9f7-441e-af76-6b9f6a99b520
Driver info: org.openqa.selenium.remote.RemoteWebDriver
Capabilities [{platform=XP, acceptSslCerts=true, javascriptEnabled=true, browserName=chrome, chrome={userDataDir=C:\Users\ashikuku\AppData\Local\Temp\scoped_dir16208_18381}, rotatable=false, locationContextEnabled=true, webdriver.remote.sessionid=79a0bcab-d9f7-441e-af76-6b9f6a99b520, version=39.0.2171.95, takesHeapSnapshot=true, cssSelectorsEnabled=true, databaseEnabled=false, handlesAlerts=true, browserConnectionEnabled=false, nativeEvents=true, webStorageEnabled=true, applicationCacheEnabled=false, takesScreenshot=true}]
	at com.qa141.myservices.C9_MYS_01_loginLogout_Test.test(C9_MYS_01_loginLogout_Test.java:80)
	at java.util.concurrent.ThreadPoolExecutor$Worker.runTask(Unknown Source)
	at java.util.concurrent.ThreadPoolExecutor$Worker.run(Unknown Source)
	at java.lang.Thread.run(Unknown Source)
... Removed 11 stack frames</pre></div><a href='#' onClick='toggleBox("stack-trace1035032795", this, "Click to show all stack frames", "Click to hide stack frames")'>Click to show all stack frames</a>
<div class='stack-trace' id='stack-trace1035032795'><pre>java.lang.AssertionError: no such element
  (Session info: chrome=39.0.2171.95)
  (Driver info: chromedriver=2.9.248315,platform=Windows NT 6.1 SP1 x86_64) (WARNING: The server did not provide any stacktrace information)
Command duration or timeout: 20.05 seconds
For documentation on this error, please visit: http://seleniumhq.org/exceptions/no_such_element.html
Build info: version: &apos;2.39.0&apos;, revision: &apos;ff23eac&apos;, time: &apos;2013-12-16 16:11:15&apos;
System info: host: &apos;slc05gyj&apos;, ip: &apos;10.240.125.231&apos;, os.name: &apos;Windows 7&apos;, os.arch: &apos;amd64&apos;, os.version: &apos;6.1&apos;, java.version: &apos;1.6.0_34&apos;
Session ID: 68a876e6645d62dd98ece5a2c975ade6
Driver info: org.openqa.selenium.chrome.ChromeDriver
Capabilities [{platform=XP, acceptSslCerts=true, javascriptEnabled=true, browserName=chrome, chrome={userDataDir=C:\Users\ashikuku\AppData\Local\Temp\scoped_dir16208_18381}, rotatable=false, locationContextEnabled=true, version=39.0.2171.95, takesHeapSnapshot=true, cssSelectorsEnabled=true, databaseEnabled=false, handlesAlerts=true, browserConnectionEnabled=false, nativeEvents=true, webStorageEnabled=true, applicationCacheEnabled=false, takesScreenshot=true}]
Command duration or timeout: 20.35 seconds
For documentation on this error, please visit: http://seleniumhq.org/exceptions/no_such_element.html
Build info: version: &apos;2.39.0&apos;, revision: &apos;ff23eac&apos;, time: &apos;2013-12-16 16:11:15&apos;
System info: host: &apos;slc05gyj&apos;, ip: &apos;10.240.125.231&apos;, os.name: &apos;Windows 7&apos;, os.arch: &apos;amd64&apos;, os.version: &apos;6.1&apos;, java.version: &apos;1.6.0_34&apos;
Session ID: 79a0bcab-d9f7-441e-af76-6b9f6a99b520
Driver info: org.openqa.selenium.remote.RemoteWebDriver
Capabilities [{platform=XP, acceptSslCerts=true, javascriptEnabled=true, browserName=chrome, chrome={userDataDir=C:\Users\ashikuku\AppData\Local\Temp\scoped_dir16208_18381}, rotatable=false, locationContextEnabled=true, webdriver.remote.sessionid=79a0bcab-d9f7-441e-af76-6b9f6a99b520, version=39.0.2171.95, takesHeapSnapshot=true, cssSelectorsEnabled=true, databaseEnabled=false, handlesAlerts=true, browserConnectionEnabled=false, nativeEvents=true, webStorageEnabled=true, applicationCacheEnabled=false, takesScreenshot=true}]
	at org.testng.Assert.fail(Assert.java:94)
	at com.qa141.myservices.C9_MYS_01_loginLogout_Test.test(C9_MYS_01_loginLogout_Test.java:80)
	at sun.reflect.NativeMethodAccessorImpl.invoke0(Native Method)
	at sun.reflect.NativeMethodAccessorImpl.invoke(Unknown Source)
	at sun.reflect.DelegatingMethodAccessorImpl.invoke(Unknown Source)
	at java.lang.reflect.Method.invoke(Unknown Source)
	at org.testng.internal.MethodInvocationHelper.invokeMethod(MethodInvocationHelper.java:80)
	at org.testng.internal.Invoker.invokeMethod(Invoker.java:714)
	at org.testng.internal.Invoker.invokeTestMethod(Invoker.java:901)
	at org.testng.internal.Invoker.invokeTestMethods(Invoker.java:1231)
	at org.testng.internal.TestMethodWorker.invokeTestMethods(TestMethodWorker.java:128)
	at org.testng.internal.TestMethodWorker.run(TestMethodWorker.java:111)
	at java.util.concurrent.ThreadPoolExecutor$Worker.runTask(Unknown Source)
	at java.util.concurrent.ThreadPoolExecutor$Worker.run(Unknown Source)
	at java.lang.Thread.run(Unknown Source)
</pre></div></td>
<td>103</td>
<td>com.qa141.myservices.C9_MYS_01_loginLogout_Test@398825b3</td></tr>
<tr>
<td title='com.qa141.myservices.C9_MYS_02_VerifyAllLinks_Test.test()'><b>test</b><br>Test class: com.qa141.myservices.C9_MYS_02_VerifyAllLinks_Test<br>Parameters: chrome<br/>
<a href="#Output-771314021" onClick='toggleBox("Output-771314021", this, "Show output", "Hide output");'>Show output</a>

<a href="#Output-771314021" onClick="toggleAllBoxes();">Show all outputs</a>
<div class='log' id="Output-771314021">
<a href=C:\SAFc\tests\OPC\test-output\screenShots\02-04-2015\02-04-2015_01.15.57_com.qa141.myservices.C9_MYS_02_VerifyAllLinks_Test_test.png target='_blank' >02-04-2015_01.15.57_com.qa141.myservices.C9_MYS_02_VerifyAllLinks_Test_test.png</a><br/>
<a href=C:\SAFc\tests\OPC\test-output\screenShots\02-04-2015\02-04-2015_01.15.57_com.qa141.myservices.C9_MYS_02_VerifyAllLinks_Test_test.png target='_blank' >Screenshot</a><br/>
<img src="file:///C:\SAFc\tests\OPC\test-output\screenShots\02-04-2015\02-04-2015_01.15.57_com.qa141.myservices.C9_MYS_02_VerifyAllLinks_Test_test.png" width=500 height=300" alt=""/><br /><br/>
</div>
</td>
<td><div><pre>java.lang.AssertionError: no such element
  (Session info: chrome=39.0.2171.95)
  (Driver info: chromedriver=2.9.248315,platform=Windows NT 6.1 SP1 x86_64) (WARNING: The server did not provide any stacktrace information)
Command duration or timeout: 20.03 seconds
For documentation on this error, please visit: http://seleniumhq.org/exceptions/no_such_element.html
Build info: version: &apos;2.39.0&apos;, revision: &apos;ff23eac&apos;, time: &apos;2013-12-16 16:11:15&apos;
System info: host: &apos;slc05gyj&apos;, ip: &apos;10.240.125.231&apos;, os.name: &apos;Windows 7&apos;, os.arch: &apos;amd64&apos;, os.version: &apos;6.1&apos;, java.version: &apos;1.6.0_34&apos;
Session ID: 176e3b1b5d053d5ba89107476e125cb3
Driver info: org.openqa.selenium.chrome.ChromeDriver
Capabilities [{platform=XP, acceptSslCerts=true, javascriptEnabled=true, browserName=chrome, chrome={userDataDir=C:\Users\ashikuku\AppData\Local\Temp\scoped_dir15536_20789}, rotatable=false, locationContextEnabled=true, version=39.0.2171.95, takesHeapSnapshot=true, cssSelectorsEnabled=true, databaseEnabled=false, handlesAlerts=true, browserConnectionEnabled=false, nativeEvents=true, webStorageEnabled=true, applicationCacheEnabled=false, takesScreenshot=true}]
Command duration or timeout: 20.35 seconds
For documentation on this error, please visit: http://seleniumhq.org/exceptions/no_such_element.html
Build info: version: &apos;2.39.0&apos;, revision: &apos;ff23eac&apos;, time: &apos;2013-12-16 16:11:15&apos;
System info: host: &apos;slc05gyj&apos;, ip: &apos;10.240.125.231&apos;, os.name: &apos;Windows 7&apos;, os.arch: &apos;amd64&apos;, os.version: &apos;6.1&apos;, java.version: &apos;1.6.0_34&apos;
Session ID: 488a989e-bace-4ff6-bce2-497734f2c9a0
Driver info: org.openqa.selenium.remote.RemoteWebDriver
Capabilities [{platform=XP, acceptSslCerts=true, javascriptEnabled=true, browserName=chrome, chrome={userDataDir=C:\Users\ashikuku\AppData\Local\Temp\scoped_dir15536_20789}, rotatable=false, locationContextEnabled=true, webdriver.remote.sessionid=488a989e-bace-4ff6-bce2-497734f2c9a0, version=39.0.2171.95, takesHeapSnapshot=true, cssSelectorsEnabled=true, databaseEnabled=false, handlesAlerts=true, browserConnectionEnabled=false, nativeEvents=true, webStorageEnabled=true, applicationCacheEnabled=false, takesScreenshot=true}]
	at com.qa141.myservices.C9_MYS_02_VerifyAllLinks_Test.test(C9_MYS_02_VerifyAllLinks_Test.java:98)
	at java.util.concurrent.ThreadPoolExecutor$Worker.runTask(Unknown Source)
	at java.util.concurrent.ThreadPoolExecutor$Worker.run(Unknown Source)
	at java.lang.Thread.run(Unknown Source)
... Removed 11 stack frames</pre></div><a href='#' onClick='toggleBox("stack-trace771314021", this, "Click to show all stack frames", "Click to hide stack frames")'>Click to show all stack frames</a>
<div class='stack-trace' id='stack-trace771314021'><pre>java.lang.AssertionError: no such element
  (Session info: chrome=39.0.2171.95)
  (Driver info: chromedriver=2.9.248315,platform=Windows NT 6.1 SP1 x86_64) (WARNING: The server did not provide any stacktrace information)
Command duration or timeout: 20.03 seconds
For documentation on this error, please visit: http://seleniumhq.org/exceptions/no_such_element.html
Build info: version: &apos;2.39.0&apos;, revision: &apos;ff23eac&apos;, time: &apos;2013-12-16 16:11:15&apos;
System info: host: &apos;slc05gyj&apos;, ip: &apos;10.240.125.231&apos;, os.name: &apos;Windows 7&apos;, os.arch: &apos;amd64&apos;, os.version: &apos;6.1&apos;, java.version: &apos;1.6.0_34&apos;
Session ID: 176e3b1b5d053d5ba89107476e125cb3
Driver info: org.openqa.selenium.chrome.ChromeDriver
Capabilities [{platform=XP, acceptSslCerts=true, javascriptEnabled=true, browserName=chrome, chrome={userDataDir=C:\Users\ashikuku\AppData\Local\Temp\scoped_dir15536_20789}, rotatable=false, locationContextEnabled=true, version=39.0.2171.95, takesHeapSnapshot=true, cssSelectorsEnabled=true, databaseEnabled=false, handlesAlerts=true, browserConnectionEnabled=false, nativeEvents=true, webStorageEnabled=true, applicationCacheEnabled=false, takesScreenshot=true}]
Command duration or timeout: 20.35 seconds
For documentation on this error, please visit: http://seleniumhq.org/exceptions/no_such_element.html
Build info: version: &apos;2.39.0&apos;, revision: &apos;ff23eac&apos;, time: &apos;2013-12-16 16:11:15&apos;
System info: host: &apos;slc05gyj&apos;, ip: &apos;10.240.125.231&apos;, os.name: &apos;Windows 7&apos;, os.arch: &apos;amd64&apos;, os.version: &apos;6.1&apos;, java.version: &apos;1.6.0_34&apos;
Session ID: 488a989e-bace-4ff6-bce2-497734f2c9a0
Driver info: org.openqa.selenium.remote.RemoteWebDriver
Capabilities [{platform=XP, acceptSslCerts=true, javascriptEnabled=true, browserName=chrome, chrome={userDataDir=C:\Users\ashikuku\AppData\Local\Temp\scoped_dir15536_20789}, rotatable=false, locationContextEnabled=true, webdriver.remote.sessionid=488a989e-bace-4ff6-bce2-497734f2c9a0, version=39.0.2171.95, takesHeapSnapshot=true, cssSelectorsEnabled=true, databaseEnabled=false, handlesAlerts=true, browserConnectionEnabled=false, nativeEvents=true, webStorageEnabled=true, applicationCacheEnabled=false, takesScreenshot=true}]
	at org.testng.Assert.fail(Assert.java:94)
	at com.qa141.myservices.C9_MYS_02_VerifyAllLinks_Test.test(C9_MYS_02_VerifyAllLinks_Test.java:98)
	at sun.reflect.NativeMethodAccessorImpl.invoke0(Native Method)
	at sun.reflect.NativeMethodAccessorImpl.invoke(Unknown Source)
	at sun.reflect.DelegatingMethodAccessorImpl.invoke(Unknown Source)
	at java.lang.reflect.Method.invoke(Unknown Source)
	at org.testng.internal.MethodInvocationHelper.invokeMethod(MethodInvocationHelper.java:80)
	at org.testng.internal.Invoker.invokeMethod(Invoker.java:714)
	at org.testng.internal.Invoker.invokeTestMethod(Invoker.java:901)
	at org.testng.internal.Invoker.invokeTestMethods(Invoker.java:1231)
	at org.testng.internal.TestMethodWorker.invokeTestMethods(TestMethodWorker.java:128)
	at org.testng.internal.TestMethodWorker.run(TestMethodWorker.java:111)
	at java.util.concurrent.ThreadPoolExecutor$Worker.runTask(Unknown Source)
	at java.util.concurrent.ThreadPoolExecutor$Worker.run(Unknown Source)
	at java.lang.Thread.run(Unknown Source)
</pre></div></td>
<td>106</td>
<td>com.qa141.myservices.C9_MYS_02_VerifyAllLinks_Test@19632847</td></tr>
<tr>
<td title='com.qa141.myservices.C9_MYS_07_Filedownload.test()'><b>test</b><br>Test class: com.qa141.myservices.C9_MYS_07_Filedownload<br>Parameters: chrome<br/>
<a href="#Output-133441329" onClick='toggleBox("Output-133441329", this, "Show output", "Hide output");'>Show output</a>

<a href="#Output-133441329" onClick="toggleAllBoxes();">Show all outputs</a>
<div class='log' id="Output-133441329">
<a href=C:\SAFc\tests\OPC\test-output\screenShots\02-04-2015\02-04-2015_01.17.28_com.qa141.myservices.C9_MYS_07_Filedownload_test.png target='_blank' >02-04-2015_01.17.28_com.qa141.myservices.C9_MYS_07_Filedownload_test.png</a><br/>
<a href=C:\SAFc\tests\OPC\test-output\screenShots\02-04-2015\02-04-2015_01.17.28_com.qa141.myservices.C9_MYS_07_Filedownload_test.png target='_blank' >Screenshot</a><br/>
<img src="file:///C:\SAFc\tests\OPC\test-output\screenShots\02-04-2015\02-04-2015_01.17.28_com.qa141.myservices.C9_MYS_07_Filedownload_test.png" width=500 height=300" alt=""/><br /><br/>
</div>
</td>
<td><div><pre>java.lang.AssertionError: no such element
  (Session info: chrome=39.0.2171.95)
  (Driver info: chromedriver=2.9.248315,platform=Windows NT 6.1 SP1 x86_64) (WARNING: The server did not provide any stacktrace information)
Command duration or timeout: 20.06 seconds
For documentation on this error, please visit: http://seleniumhq.org/exceptions/no_such_element.html
Build info: version: &apos;2.39.0&apos;, revision: &apos;ff23eac&apos;, time: &apos;2013-12-16 16:11:15&apos;
System info: host: &apos;slc05gyj&apos;, ip: &apos;10.240.125.231&apos;, os.name: &apos;Windows 7&apos;, os.arch: &apos;amd64&apos;, os.version: &apos;6.1&apos;, java.version: &apos;1.6.0_34&apos;
Session ID: c385d1cfce91298e9ea91532d9c783d2
Driver info: org.openqa.selenium.chrome.ChromeDriver
Capabilities [{platform=XP, acceptSslCerts=true, javascriptEnabled=true, browserName=chrome, chrome={userDataDir=C:\Users\ashikuku\AppData\Local\Temp\scoped_dir17276_6839}, rotatable=false, locationContextEnabled=true, version=39.0.2171.95, takesHeapSnapshot=true, cssSelectorsEnabled=true, databaseEnabled=false, handlesAlerts=true, browserConnectionEnabled=false, nativeEvents=true, webStorageEnabled=true, applicationCacheEnabled=false, takesScreenshot=true}]
Command duration or timeout: 20.34 seconds
For documentation on this error, please visit: http://seleniumhq.org/exceptions/no_such_element.html
Build info: version: &apos;2.39.0&apos;, revision: &apos;ff23eac&apos;, time: &apos;2013-12-16 16:11:15&apos;
System info: host: &apos;slc05gyj&apos;, ip: &apos;10.240.125.231&apos;, os.name: &apos;Windows 7&apos;, os.arch: &apos;amd64&apos;, os.version: &apos;6.1&apos;, java.version: &apos;1.6.0_34&apos;
Session ID: 5f37c860-ef07-47c8-a4db-86c66c357f7c
Driver info: org.openqa.selenium.remote.RemoteWebDriver
Capabilities [{platform=XP, acceptSslCerts=true, javascriptEnabled=true, browserName=chrome, chrome={userDataDir=C:\Users\ashikuku\AppData\Local\Temp\scoped_dir17276_6839}, rotatable=false, locationContextEnabled=true, webdriver.remote.sessionid=5f37c860-ef07-47c8-a4db-86c66c357f7c, version=39.0.2171.95, takesHeapSnapshot=true, cssSelectorsEnabled=true, databaseEnabled=false, handlesAlerts=true, browserConnectionEnabled=false, nativeEvents=true, webStorageEnabled=true, applicationCacheEnabled=false, takesScreenshot=true}]
	at com.qa141.myservices.C9_MYS_07_Filedownload.test(C9_MYS_07_Filedownload.java:118)
	at java.util.concurrent.ThreadPoolExecutor$Worker.runTask(Unknown Source)
	at java.util.concurrent.ThreadPoolExecutor$Worker.run(Unknown Source)
	at java.lang.Thread.run(Unknown Source)
... Removed 11 stack frames</pre></div><a href='#' onClick='toggleBox("stack-trace133441329", this, "Click to show all stack frames", "Click to hide stack frames")'>Click to show all stack frames</a>
<div class='stack-trace' id='stack-trace133441329'><pre>java.lang.AssertionError: no such element
  (Session info: chrome=39.0.2171.95)
  (Driver info: chromedriver=2.9.248315,platform=Windows NT 6.1 SP1 x86_64) (WARNING: The server did not provide any stacktrace information)
Command duration or timeout: 20.06 seconds
For documentation on this error, please visit: http://seleniumhq.org/exceptions/no_such_element.html
Build info: version: &apos;2.39.0&apos;, revision: &apos;ff23eac&apos;, time: &apos;2013-12-16 16:11:15&apos;
System info: host: &apos;slc05gyj&apos;, ip: &apos;10.240.125.231&apos;, os.name: &apos;Windows 7&apos;, os.arch: &apos;amd64&apos;, os.version: &apos;6.1&apos;, java.version: &apos;1.6.0_34&apos;
Session ID: c385d1cfce91298e9ea91532d9c783d2
Driver info: org.openqa.selenium.chrome.ChromeDriver
Capabilities [{platform=XP, acceptSslCerts=true, javascriptEnabled=true, browserName=chrome, chrome={userDataDir=C:\Users\ashikuku\AppData\Local\Temp\scoped_dir17276_6839}, rotatable=false, locationContextEnabled=true, version=39.0.2171.95, takesHeapSnapshot=true, cssSelectorsEnabled=true, databaseEnabled=false, handlesAlerts=true, browserConnectionEnabled=false, nativeEvents=true, webStorageEnabled=true, applicationCacheEnabled=false, takesScreenshot=true}]
Command duration or timeout: 20.34 seconds
For documentation on this error, please visit: http://seleniumhq.org/exceptions/no_such_element.html
Build info: version: &apos;2.39.0&apos;, revision: &apos;ff23eac&apos;, time: &apos;2013-12-16 16:11:15&apos;
System info: host: &apos;slc05gyj&apos;, ip: &apos;10.240.125.231&apos;, os.name: &apos;Windows 7&apos;, os.arch: &apos;amd64&apos;, os.version: &apos;6.1&apos;, java.version: &apos;1.6.0_34&apos;
Session ID: 5f37c860-ef07-47c8-a4db-86c66c357f7c
Driver info: org.openqa.selenium.remote.RemoteWebDriver
Capabilities [{platform=XP, acceptSslCerts=true, javascriptEnabled=true, browserName=chrome, chrome={userDataDir=C:\Users\ashikuku\AppData\Local\Temp\scoped_dir17276_6839}, rotatable=false, locationContextEnabled=true, webdriver.remote.sessionid=5f37c860-ef07-47c8-a4db-86c66c357f7c, version=39.0.2171.95, takesHeapSnapshot=true, cssSelectorsEnabled=true, databaseEnabled=false, handlesAlerts=true, browserConnectionEnabled=false, nativeEvents=true, webStorageEnabled=true, applicationCacheEnabled=false, takesScreenshot=true}]
	at org.testng.Assert.fail(Assert.java:94)
	at com.qa141.myservices.C9_MYS_07_Filedownload.test(C9_MYS_07_Filedownload.java:118)
	at sun.reflect.NativeMethodAccessorImpl.invoke0(Native Method)
	at sun.reflect.NativeMethodAccessorImpl.invoke(Unknown Source)
	at sun.reflect.DelegatingMethodAccessorImpl.invoke(Unknown Source)
	at java.lang.reflect.Method.invoke(Unknown Source)
	at org.testng.internal.MethodInvocationHelper.invokeMethod(MethodInvocationHelper.java:80)
	at org.testng.internal.Invoker.invokeMethod(Invoker.java:714)
	at org.testng.internal.Invoker.invokeTestMethod(Invoker.java:901)
	at org.testng.internal.Invoker.invokeTestMethods(Invoker.java:1231)
	at org.testng.internal.TestMethodWorker.invokeTestMethods(TestMethodWorker.java:128)
	at org.testng.internal.TestMethodWorker.run(TestMethodWorker.java:111)
	at java.util.concurrent.ThreadPoolExecutor$Worker.runTask(Unknown Source)
	at java.util.concurrent.ThreadPoolExecutor$Worker.run(Unknown Source)
	at java.lang.Thread.run(Unknown Source)
</pre></div></td>
<td>88</td>
<td>com.qa141.myservices.C9_MYS_07_Filedownload@57d2fc36</td></tr>
<tr>
<td title='com.qa141.myservices.C9_MYS_06_Security_Test.test()'><b>test</b><br>Test class: com.qa141.myservices.C9_MYS_06_Security_Test<br>Parameters: chrome<br/>
<a href="#Output-200426125" onClick='toggleBox("Output-200426125", this, "Show output", "Hide output");'>Show output</a>

<a href="#Output-200426125" onClick="toggleAllBoxes();">Show all outputs</a>
<div class='log' id="Output-200426125">
<a href=C:\SAFc\tests\OPC\test-output\screenShots\02-04-2015\02-04-2015_01.17.38_com.qa141.myservices.C9_MYS_06_Security_Test_test.png target='_blank' >02-04-2015_01.17.38_com.qa141.myservices.C9_MYS_06_Security_Test_test.png</a><br/>
<a href=C:\SAFc\tests\OPC\test-output\screenShots\02-04-2015\02-04-2015_01.17.38_com.qa141.myservices.C9_MYS_06_Security_Test_test.png target='_blank' >Screenshot</a><br/>
<img src="file:///C:\SAFc\tests\OPC\test-output\screenShots\02-04-2015\02-04-2015_01.17.38_com.qa141.myservices.C9_MYS_06_Security_Test_test.png" width=500 height=300" alt=""/><br /><br/>
</div>
</td>
<td><div><pre>java.lang.AssertionError: no such element
  (Session info: chrome=39.0.2171.95)
  (Driver info: chromedriver=2.9.248315,platform=Windows NT 6.1 SP1 x86_64) (WARNING: The server did not provide any stacktrace information)
Command duration or timeout: 20.06 seconds
For documentation on this error, please visit: http://seleniumhq.org/exceptions/no_such_element.html
Build info: version: &apos;2.39.0&apos;, revision: &apos;ff23eac&apos;, time: &apos;2013-12-16 16:11:15&apos;
System info: host: &apos;slc05gyj&apos;, ip: &apos;10.240.125.231&apos;, os.name: &apos;Windows 7&apos;, os.arch: &apos;amd64&apos;, os.version: &apos;6.1&apos;, java.version: &apos;1.6.0_34&apos;
Session ID: 2ec53e524ae620a60b9436e1b55fbf9f
Driver info: org.openqa.selenium.chrome.ChromeDriver
Capabilities [{platform=XP, acceptSslCerts=true, javascriptEnabled=true, browserName=chrome, chrome={userDataDir=C:\Users\ashikuku\AppData\Local\Temp\scoped_dir16160_32279}, rotatable=false, locationContextEnabled=true, version=39.0.2171.95, takesHeapSnapshot=true, cssSelectorsEnabled=true, databaseEnabled=false, handlesAlerts=true, browserConnectionEnabled=false, nativeEvents=true, webStorageEnabled=true, applicationCacheEnabled=false, takesScreenshot=true}]
Command duration or timeout: 20.40 seconds
For documentation on this error, please visit: http://seleniumhq.org/exceptions/no_such_element.html
Build info: version: &apos;2.39.0&apos;, revision: &apos;ff23eac&apos;, time: &apos;2013-12-16 16:11:15&apos;
System info: host: &apos;slc05gyj&apos;, ip: &apos;10.240.125.231&apos;, os.name: &apos;Windows 7&apos;, os.arch: &apos;amd64&apos;, os.version: &apos;6.1&apos;, java.version: &apos;1.6.0_34&apos;
Session ID: f4f55458-eb0e-4dac-9e37-bb8b05affe7c
Driver info: org.openqa.selenium.remote.RemoteWebDriver
Capabilities [{platform=XP, acceptSslCerts=true, javascriptEnabled=true, browserName=chrome, chrome={userDataDir=C:\Users\ashikuku\AppData\Local\Temp\scoped_dir16160_32279}, rotatable=false, locationContextEnabled=true, webdriver.remote.sessionid=f4f55458-eb0e-4dac-9e37-bb8b05affe7c, version=39.0.2171.95, takesHeapSnapshot=true, cssSelectorsEnabled=true, databaseEnabled=false, handlesAlerts=true, browserConnectionEnabled=false, nativeEvents=true, webStorageEnabled=true, applicationCacheEnabled=false, takesScreenshot=true}]
	at com.qa141.myservices.C9_MYS_06_Security_Test.test(C9_MYS_06_Security_Test.java:72)
	at java.util.concurrent.ThreadPoolExecutor$Worker.runTask(Unknown Source)
	at java.util.concurrent.ThreadPoolExecutor$Worker.run(Unknown Source)
	at java.lang.Thread.run(Unknown Source)
... Removed 11 stack frames</pre></div><a href='#' onClick='toggleBox("stack-trace200426125", this, "Click to show all stack frames", "Click to hide stack frames")'>Click to show all stack frames</a>
<div class='stack-trace' id='stack-trace200426125'><pre>java.lang.AssertionError: no such element
  (Session info: chrome=39.0.2171.95)
  (Driver info: chromedriver=2.9.248315,platform=Windows NT 6.1 SP1 x86_64) (WARNING: The server did not provide any stacktrace information)
Command duration or timeout: 20.06 seconds
For documentation on this error, please visit: http://seleniumhq.org/exceptions/no_such_element.html
Build info: version: &apos;2.39.0&apos;, revision: &apos;ff23eac&apos;, time: &apos;2013-12-16 16:11:15&apos;
System info: host: &apos;slc05gyj&apos;, ip: &apos;10.240.125.231&apos;, os.name: &apos;Windows 7&apos;, os.arch: &apos;amd64&apos;, os.version: &apos;6.1&apos;, java.version: &apos;1.6.0_34&apos;
Session ID: 2ec53e524ae620a60b9436e1b55fbf9f
Driver info: org.openqa.selenium.chrome.ChromeDriver
Capabilities [{platform=XP, acceptSslCerts=true, javascriptEnabled=true, browserName=chrome, chrome={userDataDir=C:\Users\ashikuku\AppData\Local\Temp\scoped_dir16160_32279}, rotatable=false, locationContextEnabled=true, version=39.0.2171.95, takesHeapSnapshot=true, cssSelectorsEnabled=true, databaseEnabled=false, handlesAlerts=true, browserConnectionEnabled=false, nativeEvents=true, webStorageEnabled=true, applicationCacheEnabled=false, takesScreenshot=true}]
Command duration or timeout: 20.40 seconds
For documentation on this error, please visit: http://seleniumhq.org/exceptions/no_such_element.html
Build info: version: &apos;2.39.0&apos;, revision: &apos;ff23eac&apos;, time: &apos;2013-12-16 16:11:15&apos;
System info: host: &apos;slc05gyj&apos;, ip: &apos;10.240.125.231&apos;, os.name: &apos;Windows 7&apos;, os.arch: &apos;amd64&apos;, os.version: &apos;6.1&apos;, java.version: &apos;1.6.0_34&apos;
Session ID: f4f55458-eb0e-4dac-9e37-bb8b05affe7c
Driver info: org.openqa.selenium.remote.RemoteWebDriver
Capabilities [{platform=XP, acceptSslCerts=true, javascriptEnabled=true, browserName=chrome, chrome={userDataDir=C:\Users\ashikuku\AppData\Local\Temp\scoped_dir16160_32279}, rotatable=false, locationContextEnabled=true, webdriver.remote.sessionid=f4f55458-eb0e-4dac-9e37-bb8b05affe7c, version=39.0.2171.95, takesHeapSnapshot=true, cssSelectorsEnabled=true, databaseEnabled=false, handlesAlerts=true, browserConnectionEnabled=false, nativeEvents=true, webStorageEnabled=true, applicationCacheEnabled=false, takesScreenshot=true}]
	at org.testng.Assert.fail(Assert.java:94)
	at com.qa141.myservices.C9_MYS_06_Security_Test.test(C9_MYS_06_Security_Test.java:72)
	at sun.reflect.NativeMethodAccessorImpl.invoke0(Native Method)
	at sun.reflect.NativeMethodAccessorImpl.invoke(Unknown Source)
	at sun.reflect.DelegatingMethodAccessorImpl.invoke(Unknown Source)
	at java.lang.reflect.Method.invoke(Unknown Source)
	at org.testng.internal.MethodInvocationHelper.invokeMethod(MethodInvocationHelper.java:80)
	at org.testng.internal.Invoker.invokeMethod(Invoker.java:714)
	at org.testng.internal.Invoker.invokeTestMethod(Invoker.java:901)
	at org.testng.internal.Invoker.invokeTestMethods(Invoker.java:1231)
	at org.testng.internal.TestMethodWorker.invokeTestMethods(TestMethodWorker.java:128)
	at org.testng.internal.TestMethodWorker.run(TestMethodWorker.java:111)
	at java.util.concurrent.ThreadPoolExecutor$Worker.runTask(Unknown Source)
	at java.util.concurrent.ThreadPoolExecutor$Worker.run(Unknown Source)
	at java.lang.Thread.run(Unknown Source)
</pre></div></td>
<td>103</td>
<td>com.qa141.myservices.C9_MYS_06_Security_Test@17fe1feb</td></tr>
<tr>
<td title='com.qa141.myservices.C9_MYS_09_SearchFilter_Test.test()'><b>test</b><br>Test class: com.qa141.myservices.C9_MYS_09_SearchFilter_Test<br>Parameters: chrome<br/>
<a href="#Output-744614985" onClick='toggleBox("Output-744614985", this, "Show output", "Hide output");'>Show output</a>

<a href="#Output-744614985" onClick="toggleAllBoxes();">Show all outputs</a>
<div class='log' id="Output-744614985">
<a href=C:\SAFc\tests\OPC\test-output\screenShots\02-04-2015\02-04-2015_01.17.43_com.qa141.myservices.C9_MYS_09_SearchFilter_Test_test.png target='_blank' >02-04-2015_01.17.43_com.qa141.myservices.C9_MYS_09_SearchFilter_Test_test.png</a><br/>
<a href=C:\SAFc\tests\OPC\test-output\screenShots\02-04-2015\02-04-2015_01.17.43_com.qa141.myservices.C9_MYS_09_SearchFilter_Test_test.png target='_blank' >Screenshot</a><br/>
<img src="file:///C:\SAFc\tests\OPC\test-output\screenShots\02-04-2015\02-04-2015_01.17.43_com.qa141.myservices.C9_MYS_09_SearchFilter_Test_test.png" width=500 height=300" alt=""/><br /><br/>
</div>
</td>
<td><div><pre>java.lang.AssertionError: no such element
  (Session info: chrome=39.0.2171.95)
  (Driver info: chromedriver=2.9.248315,platform=Windows NT 6.1 SP1 x86_64) (WARNING: The server did not provide any stacktrace information)
Command duration or timeout: 20.03 seconds
For documentation on this error, please visit: http://seleniumhq.org/exceptions/no_such_element.html
Build info: version: &apos;2.39.0&apos;, revision: &apos;ff23eac&apos;, time: &apos;2013-12-16 16:11:15&apos;
System info: host: &apos;slc05gyj&apos;, ip: &apos;10.240.125.231&apos;, os.name: &apos;Windows 7&apos;, os.arch: &apos;amd64&apos;, os.version: &apos;6.1&apos;, java.version: &apos;1.6.0_34&apos;
Session ID: 44768d3c260208ef30e5c289f270d8b5
Driver info: org.openqa.selenium.chrome.ChromeDriver
Capabilities [{platform=XP, acceptSslCerts=true, javascriptEnabled=true, browserName=chrome, chrome={userDataDir=C:\Users\ashikuku\AppData\Local\Temp\scoped_dir17688_11078}, rotatable=false, locationContextEnabled=true, version=39.0.2171.95, takesHeapSnapshot=true, cssSelectorsEnabled=true, databaseEnabled=false, handlesAlerts=true, browserConnectionEnabled=false, nativeEvents=true, webStorageEnabled=true, applicationCacheEnabled=false, takesScreenshot=true}]
Command duration or timeout: 20.25 seconds
For documentation on this error, please visit: http://seleniumhq.org/exceptions/no_such_element.html
Build info: version: &apos;2.39.0&apos;, revision: &apos;ff23eac&apos;, time: &apos;2013-12-16 16:11:15&apos;
System info: host: &apos;slc05gyj&apos;, ip: &apos;10.240.125.231&apos;, os.name: &apos;Windows 7&apos;, os.arch: &apos;amd64&apos;, os.version: &apos;6.1&apos;, java.version: &apos;1.6.0_34&apos;
Session ID: 403951f6-307a-43f3-a853-1000dea6f37e
Driver info: org.openqa.selenium.remote.RemoteWebDriver
Capabilities [{platform=XP, acceptSslCerts=true, javascriptEnabled=true, browserName=chrome, chrome={userDataDir=C:\Users\ashikuku\AppData\Local\Temp\scoped_dir17688_11078}, rotatable=false, locationContextEnabled=true, webdriver.remote.sessionid=403951f6-307a-43f3-a853-1000dea6f37e, version=39.0.2171.95, takesHeapSnapshot=true, cssSelectorsEnabled=true, databaseEnabled=false, handlesAlerts=true, browserConnectionEnabled=false, nativeEvents=true, webStorageEnabled=true, applicationCacheEnabled=false, takesScreenshot=true}]
	at com.qa141.myservices.C9_MYS_09_SearchFilter_Test.test(C9_MYS_09_SearchFilter_Test.java:135)
	at java.util.concurrent.ThreadPoolExecutor$Worker.runTask(Unknown Source)
	at java.util.concurrent.ThreadPoolExecutor$Worker.run(Unknown Source)
	at java.lang.Thread.run(Unknown Source)
... Removed 11 stack frames</pre></div><a href='#' onClick='toggleBox("stack-trace744614985", this, "Click to show all stack frames", "Click to hide stack frames")'>Click to show all stack frames</a>
<div class='stack-trace' id='stack-trace744614985'><pre>java.lang.AssertionError: no such element
  (Session info: chrome=39.0.2171.95)
  (Driver info: chromedriver=2.9.248315,platform=Windows NT 6.1 SP1 x86_64) (WARNING: The server did not provide any stacktrace information)
Command duration or timeout: 20.03 seconds
For documentation on this error, please visit: http://seleniumhq.org/exceptions/no_such_element.html
Build info: version: &apos;2.39.0&apos;, revision: &apos;ff23eac&apos;, time: &apos;2013-12-16 16:11:15&apos;
System info: host: &apos;slc05gyj&apos;, ip: &apos;10.240.125.231&apos;, os.name: &apos;Windows 7&apos;, os.arch: &apos;amd64&apos;, os.version: &apos;6.1&apos;, java.version: &apos;1.6.0_34&apos;
Session ID: 44768d3c260208ef30e5c289f270d8b5
Driver info: org.openqa.selenium.chrome.ChromeDriver
Capabilities [{platform=XP, acceptSslCerts=true, javascriptEnabled=true, browserName=chrome, chrome={userDataDir=C:\Users\ashikuku\AppData\Local\Temp\scoped_dir17688_11078}, rotatable=false, locationContextEnabled=true, version=39.0.2171.95, takesHeapSnapshot=true, cssSelectorsEnabled=true, databaseEnabled=false, handlesAlerts=true, browserConnectionEnabled=false, nativeEvents=true, webStorageEnabled=true, applicationCacheEnabled=false, takesScreenshot=true}]
Command duration or timeout: 20.25 seconds
For documentation on this error, please visit: http://seleniumhq.org/exceptions/no_such_element.html
Build info: version: &apos;2.39.0&apos;, revision: &apos;ff23eac&apos;, time: &apos;2013-12-16 16:11:15&apos;
System info: host: &apos;slc05gyj&apos;, ip: &apos;10.240.125.231&apos;, os.name: &apos;Windows 7&apos;, os.arch: &apos;amd64&apos;, os.version: &apos;6.1&apos;, java.version: &apos;1.6.0_34&apos;
Session ID: 403951f6-307a-43f3-a853-1000dea6f37e
Driver info: org.openqa.selenium.remote.RemoteWebDriver
Capabilities [{platform=XP, acceptSslCerts=true, javascriptEnabled=true, browserName=chrome, chrome={userDataDir=C:\Users\ashikuku\AppData\Local\Temp\scoped_dir17688_11078}, rotatable=false, locationContextEnabled=true, webdriver.remote.sessionid=403951f6-307a-43f3-a853-1000dea6f37e, version=39.0.2171.95, takesHeapSnapshot=true, cssSelectorsEnabled=true, databaseEnabled=false, handlesAlerts=true, browserConnectionEnabled=false, nativeEvents=true, webStorageEnabled=true, applicationCacheEnabled=false, takesScreenshot=true}]
	at org.testng.Assert.fail(Assert.java:94)
	at com.qa141.myservices.C9_MYS_09_SearchFilter_Test.test(C9_MYS_09_SearchFilter_Test.java:135)
	at sun.reflect.NativeMethodAccessorImpl.invoke0(Native Method)
	at sun.reflect.NativeMethodAccessorImpl.invoke(Unknown Source)
	at sun.reflect.DelegatingMethodAccessorImpl.invoke(Unknown Source)
	at java.lang.reflect.Method.invoke(Unknown Source)
	at org.testng.internal.MethodInvocationHelper.invokeMethod(MethodInvocationHelper.java:80)
	at org.testng.internal.Invoker.invokeMethod(Invoker.java:714)
	at org.testng.internal.Invoker.invokeTestMethod(Invoker.java:901)
	at org.testng.internal.Invoker.invokeTestMethods(Invoker.java:1231)
	at org.testng.internal.TestMethodWorker.invokeTestMethods(TestMethodWorker.java:128)
	at org.testng.internal.TestMethodWorker.run(TestMethodWorker.java:111)
	at java.util.concurrent.ThreadPoolExecutor$Worker.runTask(Unknown Source)
	at java.util.concurrent.ThreadPoolExecutor$Worker.run(Unknown Source)
	at java.lang.Thread.run(Unknown Source)
</pre></div></td>
<td>103</td>
<td>com.qa141.myservices.C9_MYS_09_SearchFilter_Test@21b64e6a</td></tr>
<tr>
<td title='com.qa141.myservices.C9_MYS_10_FunctionalityCheck_Test.test()'><b>test</b><br>Test class: com.qa141.myservices.C9_MYS_10_FunctionalityCheck_Test<br>Parameters: chrome<br/>
<a href="#Output-91446054" onClick='toggleBox("Output-91446054", this, "Show output", "Hide output");'>Show output</a>

<a href="#Output-91446054" onClick="toggleAllBoxes();">Show all outputs</a>
<div class='log' id="Output-91446054">
<a href=C:\SAFc\tests\OPC\test-output\screenShots\02-04-2015\02-04-2015_01.17.56_com.qa141.myservices.C9_MYS_10_FunctionalityCheck_Test_test.png target='_blank' >02-04-2015_01.17.56_com.qa141.myservices.C9_MYS_10_FunctionalityCheck_Test_test.png</a><br/>
<a href=C:\SAFc\tests\OPC\test-output\screenShots\02-04-2015\02-04-2015_01.17.56_com.qa141.myservices.C9_MYS_10_FunctionalityCheck_Test_test.png target='_blank' >Screenshot</a><br/>
<img src="file:///C:\SAFc\tests\OPC\test-output\screenShots\02-04-2015\02-04-2015_01.17.56_com.qa141.myservices.C9_MYS_10_FunctionalityCheck_Test_test.png" width=500 height=300" alt=""/><br /><br/>
</div>
</td>
<td><div><pre>java.lang.AssertionError: no such element
  (Session info: chrome=39.0.2171.95)
  (Driver info: chromedriver=2.9.248315,platform=Windows NT 6.1 SP1 x86_64) (WARNING: The server did not provide any stacktrace information)
Command duration or timeout: 20.01 seconds
For documentation on this error, please visit: http://seleniumhq.org/exceptions/no_such_element.html
Build info: version: &apos;2.39.0&apos;, revision: &apos;ff23eac&apos;, time: &apos;2013-12-16 16:11:15&apos;
System info: host: &apos;slc05gyj&apos;, ip: &apos;10.240.125.231&apos;, os.name: &apos;Windows 7&apos;, os.arch: &apos;amd64&apos;, os.version: &apos;6.1&apos;, java.version: &apos;1.6.0_34&apos;
Session ID: 5c63c492e6a1aba2ec55ba11f64f573c
Driver info: org.openqa.selenium.chrome.ChromeDriver
Capabilities [{platform=XP, acceptSslCerts=true, javascriptEnabled=true, browserName=chrome, chrome={userDataDir=C:\Users\ashikuku\AppData\Local\Temp\scoped_dir15300_18885}, rotatable=false, locationContextEnabled=true, version=39.0.2171.95, takesHeapSnapshot=true, cssSelectorsEnabled=true, databaseEnabled=false, handlesAlerts=true, browserConnectionEnabled=false, nativeEvents=true, webStorageEnabled=true, applicationCacheEnabled=false, takesScreenshot=true}]
Command duration or timeout: 20.22 seconds
For documentation on this error, please visit: http://seleniumhq.org/exceptions/no_such_element.html
Build info: version: &apos;2.39.0&apos;, revision: &apos;ff23eac&apos;, time: &apos;2013-12-16 16:11:15&apos;
System info: host: &apos;slc05gyj&apos;, ip: &apos;10.240.125.231&apos;, os.name: &apos;Windows 7&apos;, os.arch: &apos;amd64&apos;, os.version: &apos;6.1&apos;, java.version: &apos;1.6.0_34&apos;
Session ID: 31776654-a926-418e-b696-ad107eccfe55
Driver info: org.openqa.selenium.remote.RemoteWebDriver
Capabilities [{platform=XP, acceptSslCerts=true, javascriptEnabled=true, browserName=chrome, chrome={userDataDir=C:\Users\ashikuku\AppData\Local\Temp\scoped_dir15300_18885}, rotatable=false, locationContextEnabled=true, webdriver.remote.sessionid=31776654-a926-418e-b696-ad107eccfe55, version=39.0.2171.95, takesHeapSnapshot=true, cssSelectorsEnabled=true, databaseEnabled=false, handlesAlerts=true, browserConnectionEnabled=false, nativeEvents=true, webStorageEnabled=true, applicationCacheEnabled=false, takesScreenshot=true}]
	at com.qa141.myservices.C9_MYS_10_FunctionalityCheck_Test.test(C9_MYS_10_FunctionalityCheck_Test.java:114)
	at java.util.concurrent.ThreadPoolExecutor$Worker.runTask(Unknown Source)
	at java.util.concurrent.ThreadPoolExecutor$Worker.run(Unknown Source)
	at java.lang.Thread.run(Unknown Source)
... Removed 11 stack frames</pre></div><a href='#' onClick='toggleBox("stack-trace91446054", this, "Click to show all stack frames", "Click to hide stack frames")'>Click to show all stack frames</a>
<div class='stack-trace' id='stack-trace91446054'><pre>java.lang.AssertionError: no such element
  (Session info: chrome=39.0.2171.95)
  (Driver info: chromedriver=2.9.248315,platform=Windows NT 6.1 SP1 x86_64) (WARNING: The server did not provide any stacktrace information)
Command duration or timeout: 20.01 seconds
For documentation on this error, please visit: http://seleniumhq.org/exceptions/no_such_element.html
Build info: version: &apos;2.39.0&apos;, revision: &apos;ff23eac&apos;, time: &apos;2013-12-16 16:11:15&apos;
System info: host: &apos;slc05gyj&apos;, ip: &apos;10.240.125.231&apos;, os.name: &apos;Windows 7&apos;, os.arch: &apos;amd64&apos;, os.version: &apos;6.1&apos;, java.version: &apos;1.6.0_34&apos;
Session ID: 5c63c492e6a1aba2ec55ba11f64f573c
Driver info: org.openqa.selenium.chrome.ChromeDriver
Capabilities [{platform=XP, acceptSslCerts=true, javascriptEnabled=true, browserName=chrome, chrome={userDataDir=C:\Users\ashikuku\AppData\Local\Temp\scoped_dir15300_18885}, rotatable=false, locationContextEnabled=true, version=39.0.2171.95, takesHeapSnapshot=true, cssSelectorsEnabled=true, databaseEnabled=false, handlesAlerts=true, browserConnectionEnabled=false, nativeEvents=true, webStorageEnabled=true, applicationCacheEnabled=false, takesScreenshot=true}]
Command duration or timeout: 20.22 seconds
For documentation on this error, please visit: http://seleniumhq.org/exceptions/no_such_element.html
Build info: version: &apos;2.39.0&apos;, revision: &apos;ff23eac&apos;, time: &apos;2013-12-16 16:11:15&apos;
System info: host: &apos;slc05gyj&apos;, ip: &apos;10.240.125.231&apos;, os.name: &apos;Windows 7&apos;, os.arch: &apos;amd64&apos;, os.version: &apos;6.1&apos;, java.version: &apos;1.6.0_34&apos;
Session ID: 31776654-a926-418e-b696-ad107eccfe55
Driver info: org.openqa.selenium.remote.RemoteWebDriver
Capabilities [{platform=XP, acceptSslCerts=true, javascriptEnabled=true, browserName=chrome, chrome={userDataDir=C:\Users\ashikuku\AppData\Local\Temp\scoped_dir15300_18885}, rotatable=false, locationContextEnabled=true, webdriver.remote.sessionid=31776654-a926-418e-b696-ad107eccfe55, version=39.0.2171.95, takesHeapSnapshot=true, cssSelectorsEnabled=true, databaseEnabled=false, handlesAlerts=true, browserConnectionEnabled=false, nativeEvents=true, webStorageEnabled=true, applicationCacheEnabled=false, takesScreenshot=true}]
	at org.testng.Assert.fail(Assert.java:94)
	at com.qa141.myservices.C9_MYS_10_FunctionalityCheck_Test.test(C9_MYS_10_FunctionalityCheck_Test.java:114)
	at sun.reflect.NativeMethodAccessorImpl.invoke0(Native Method)
	at sun.reflect.NativeMethodAccessorImpl.invoke(Unknown Source)
	at sun.reflect.DelegatingMethodAccessorImpl.invoke(Unknown Source)
	at java.lang.reflect.Method.invoke(Unknown Source)
	at org.testng.internal.MethodInvocationHelper.invokeMethod(MethodInvocationHelper.java:80)
	at org.testng.internal.Invoker.invokeMethod(Invoker.java:714)
	at org.testng.internal.Invoker.invokeTestMethod(Invoker.java:901)
	at org.testng.internal.Invoker.invokeTestMethods(Invoker.java:1231)
	at org.testng.internal.TestMethodWorker.invokeTestMethods(TestMethodWorker.java:128)
	at org.testng.internal.TestMethodWorker.run(TestMethodWorker.java:111)
	at java.util.concurrent.ThreadPoolExecutor$Worker.runTask(Unknown Source)
	at java.util.concurrent.ThreadPoolExecutor$Worker.run(Unknown Source)
	at java.lang.Thread.run(Unknown Source)
</pre></div></td>
<td>101</td>
<td>com.qa141.myservices.C9_MYS_10_FunctionalityCheck_Test@1f8b81e3</td></tr>
<tr>
<td title='com.qa141.myservices.C9_MYS_11_QuickLinks_Test.test()'><b>test</b><br>Test class: com.qa141.myservices.C9_MYS_11_QuickLinks_Test<br>Parameters: chrome<br/>
<a href="#Output-1677395212" onClick='toggleBox("Output-1677395212", this, "Show output", "Hide output");'>Show output</a>

<a href="#Output-1677395212" onClick="toggleAllBoxes();">Show all outputs</a>
<div class='log' id="Output-1677395212">
<a href=C:\SAFc\tests\OPC\test-output\screenShots\02-04-2015\02-04-2015_01.19.08_com.qa141.myservices.C9_MYS_11_QuickLinks_Test_test.png target='_blank' >02-04-2015_01.19.08_com.qa141.myservices.C9_MYS_11_QuickLinks_Test_test.png</a><br/>
<a href=C:\SAFc\tests\OPC\test-output\screenShots\02-04-2015\02-04-2015_01.19.08_com.qa141.myservices.C9_MYS_11_QuickLinks_Test_test.png target='_blank' >Screenshot</a><br/>
<img src="file:///C:\SAFc\tests\OPC\test-output\screenShots\02-04-2015\02-04-2015_01.19.08_com.qa141.myservices.C9_MYS_11_QuickLinks_Test_test.png" width=500 height=300" alt=""/><br /><br/>
</div>
</td>
<td><div><pre>java.lang.AssertionError: no such element
  (Session info: chrome=39.0.2171.95)
  (Driver info: chromedriver=2.9.248315,platform=Windows NT 6.1 SP1 x86_64) (WARNING: The server did not provide any stacktrace information)
Command duration or timeout: 20.04 seconds
For documentation on this error, please visit: http://seleniumhq.org/exceptions/no_such_element.html
Build info: version: &apos;2.39.0&apos;, revision: &apos;ff23eac&apos;, time: &apos;2013-12-16 16:11:15&apos;
System info: host: &apos;slc05gyj&apos;, ip: &apos;10.240.125.231&apos;, os.name: &apos;Windows 7&apos;, os.arch: &apos;amd64&apos;, os.version: &apos;6.1&apos;, java.version: &apos;1.6.0_34&apos;
Session ID: 3a2f6483f2e7f55ba04b5206de797499
Driver info: org.openqa.selenium.chrome.ChromeDriver
Capabilities [{platform=XP, acceptSslCerts=true, javascriptEnabled=true, browserName=chrome, chrome={userDataDir=C:\Users\ashikuku\AppData\Local\Temp\scoped_dir18256_24587}, rotatable=false, locationContextEnabled=true, version=39.0.2171.95, takesHeapSnapshot=true, cssSelectorsEnabled=true, databaseEnabled=false, handlesAlerts=true, browserConnectionEnabled=false, nativeEvents=true, webStorageEnabled=true, applicationCacheEnabled=false, takesScreenshot=true}]
Command duration or timeout: 20.41 seconds
For documentation on this error, please visit: http://seleniumhq.org/exceptions/no_such_element.html
Build info: version: &apos;2.39.0&apos;, revision: &apos;ff23eac&apos;, time: &apos;2013-12-16 16:11:15&apos;
System info: host: &apos;slc05gyj&apos;, ip: &apos;10.240.125.231&apos;, os.name: &apos;Windows 7&apos;, os.arch: &apos;amd64&apos;, os.version: &apos;6.1&apos;, java.version: &apos;1.6.0_34&apos;
Session ID: d7c133e0-7fed-4eb6-9b60-916b97caeeaa
Driver info: org.openqa.selenium.remote.RemoteWebDriver
Capabilities [{platform=XP, acceptSslCerts=true, javascriptEnabled=true, browserName=chrome, chrome={userDataDir=C:\Users\ashikuku\AppData\Local\Temp\scoped_dir18256_24587}, rotatable=false, locationContextEnabled=true, webdriver.remote.sessionid=d7c133e0-7fed-4eb6-9b60-916b97caeeaa, version=39.0.2171.95, takesHeapSnapshot=true, cssSelectorsEnabled=true, databaseEnabled=false, handlesAlerts=true, browserConnectionEnabled=false, nativeEvents=true, webStorageEnabled=true, applicationCacheEnabled=false, takesScreenshot=true}]
	at com.qa141.myservices.C9_MYS_11_QuickLinks_Test.test(C9_MYS_11_QuickLinks_Test.java:146)
	at java.util.concurrent.ThreadPoolExecutor$Worker.runTask(Unknown Source)
	at java.util.concurrent.ThreadPoolExecutor$Worker.run(Unknown Source)
	at java.lang.Thread.run(Unknown Source)
... Removed 11 stack frames</pre></div><a href='#' onClick='toggleBox("stack-trace1677395212", this, "Click to show all stack frames", "Click to hide stack frames")'>Click to show all stack frames</a>
<div class='stack-trace' id='stack-trace1677395212'><pre>java.lang.AssertionError: no such element
  (Session info: chrome=39.0.2171.95)
  (Driver info: chromedriver=2.9.248315,platform=Windows NT 6.1 SP1 x86_64) (WARNING: The server did not provide any stacktrace information)
Command duration or timeout: 20.04 seconds
For documentation on this error, please visit: http://seleniumhq.org/exceptions/no_such_element.html
Build info: version: &apos;2.39.0&apos;, revision: &apos;ff23eac&apos;, time: &apos;2013-12-16 16:11:15&apos;
System info: host: &apos;slc05gyj&apos;, ip: &apos;10.240.125.231&apos;, os.name: &apos;Windows 7&apos;, os.arch: &apos;amd64&apos;, os.version: &apos;6.1&apos;, java.version: &apos;1.6.0_34&apos;
Session ID: 3a2f6483f2e7f55ba04b5206de797499
Driver info: org.openqa.selenium.chrome.ChromeDriver
Capabilities [{platform=XP, acceptSslCerts=true, javascriptEnabled=true, browserName=chrome, chrome={userDataDir=C:\Users\ashikuku\AppData\Local\Temp\scoped_dir18256_24587}, rotatable=false, locationContextEnabled=true, version=39.0.2171.95, takesHeapSnapshot=true, cssSelectorsEnabled=true, databaseEnabled=false, handlesAlerts=true, browserConnectionEnabled=false, nativeEvents=true, webStorageEnabled=true, applicationCacheEnabled=false, takesScreenshot=true}]
Command duration or timeout: 20.41 seconds
For documentation on this error, please visit: http://seleniumhq.org/exceptions/no_such_element.html
Build info: version: &apos;2.39.0&apos;, revision: &apos;ff23eac&apos;, time: &apos;2013-12-16 16:11:15&apos;
System info: host: &apos;slc05gyj&apos;, ip: &apos;10.240.125.231&apos;, os.name: &apos;Windows 7&apos;, os.arch: &apos;amd64&apos;, os.version: &apos;6.1&apos;, java.version: &apos;1.6.0_34&apos;
Session ID: d7c133e0-7fed-4eb6-9b60-916b97caeeaa
Driver info: org.openqa.selenium.remote.RemoteWebDriver
Capabilities [{platform=XP, acceptSslCerts=true, javascriptEnabled=true, browserName=chrome, chrome={userDataDir=C:\Users\ashikuku\AppData\Local\Temp\scoped_dir18256_24587}, rotatable=false, locationContextEnabled=true, webdriver.remote.sessionid=d7c133e0-7fed-4eb6-9b60-916b97caeeaa, version=39.0.2171.95, takesHeapSnapshot=true, cssSelectorsEnabled=true, databaseEnabled=false, handlesAlerts=true, browserConnectionEnabled=false, nativeEvents=true, webStorageEnabled=true, applicationCacheEnabled=false, takesScreenshot=true}]
	at org.testng.Assert.fail(Assert.java:94)
	at com.qa141.myservices.C9_MYS_11_QuickLinks_Test.test(C9_MYS_11_QuickLinks_Test.java:146)
	at sun.reflect.NativeMethodAccessorImpl.invoke0(Native Method)
	at sun.reflect.NativeMethodAccessorImpl.invoke(Unknown Source)
	at sun.reflect.DelegatingMethodAccessorImpl.invoke(Unknown Source)
	at java.lang.reflect.Method.invoke(Unknown Source)
	at org.testng.internal.MethodInvocationHelper.invokeMethod(MethodInvocationHelper.java:80)
	at org.testng.internal.Invoker.invokeMethod(Invoker.java:714)
	at org.testng.internal.Invoker.invokeTestMethod(Invoker.java:901)
	at org.testng.internal.Invoker.invokeTestMethods(Invoker.java:1231)
	at org.testng.internal.TestMethodWorker.invokeTestMethods(TestMethodWorker.java:128)
	at org.testng.internal.TestMethodWorker.run(TestMethodWorker.java:111)
	at java.util.concurrent.ThreadPoolExecutor$Worker.runTask(Unknown Source)
	at java.util.concurrent.ThreadPoolExecutor$Worker.run(Unknown Source)
	at java.lang.Thread.run(Unknown Source)
</pre></div></td>
<td>98</td>
<td>com.qa141.myservices.C9_MYS_11_QuickLinks_Test@60961dff</td></tr>
</table><p>
<table width='100%' border='1' class='invocation-passed'>
<tr><td colspan='4' align='center'><b>PASSED TESTS</b></td></tr>
<tr><td><b>Test method</b></td>
<td width="30%"><b>Exception</b></td>
<td width="10%"><b>Time (seconds)</b></td>
<td><b>Instance</b></td>
</tr>
<tr>
<td title='com.qa132.cloudui.C9_CloudUI_01_HomePage_Test.test()'><b>test</b><br>Test class: com.qa132.cloudui.C9_CloudUI_01_HomePage_Test<br>Parameters: chrome</td>
<td></td>
<td>18</td>
<td>com.qa132.cloudui.C9_CloudUI_01_HomePage_Test@6860991f</td></tr>
<tr>
<td title='com.qa141.myservices.C9_MYS_04_FieldLevelCheck_Test.test()'><b>test</b><br>Test class: com.qa141.myservices.C9_MYS_04_FieldLevelCheck_Test<br>Parameters: chrome</td>
<td></td>
<td>108</td>
<td>com.qa141.myservices.C9_MYS_04_FieldLevelCheck_Test@60f47bf5</td></tr>
<tr>
<td title='com.qa141.myservices.C9_MYS_05_ErrorHandling_Test.test()'><b>test</b><br>Test class: com.qa141.myservices.C9_MYS_05_ErrorHandling_Test<br>Parameters: chrome</td>
<td></td>
<td>103</td>
<td>com.qa141.myservices.C9_MYS_05_ErrorHandling_Test@77f297e7</td></tr>
<tr>
<td title='com.qa141.myservices.C9_MYS_08_ValidateErrorpages_Test.test()'><b>test</b><br>Test class: com.qa141.myservices.C9_MYS_08_ValidateErrorpages_Test<br>Parameters: chrome</td>
<td></td>
<td>103</td>
<td>com.qa141.myservices.C9_MYS_08_ValidateErrorpages_Test@16f8f7db</td></tr>
</table><p>
</body>
</html>