<!DOCTYPE html PUBLIC "-//W3C//DTD XHTML 1.1//EN" "http://www.w3.org/TR/xhtml11/DTD/xhtml11.dtd">
<html xmlns="http://www.w3.org/1999/xhtml"><head><title>TestNG Report</title><style type="text/css">table {margin-bottom:10px;border-collapse:collapse;empty-cells:show}th,td {border:1px solid #009;padding:.25em .5em}th {vertical-align:bottom}td {vertical-align:top}table a {font-weight:bold}.stripe td {background-color: #E6EBF9}.num {text-align:right}.passedodd td {background-color: #3F3}.passedeven td {background-color: #0A0}.skippedodd td {background-color: #DDD}.skippedeven td {background-color: #CCC}.failedodd td,.attn {background-color: #F33}.failedeven td,.stripe .attn {background-color: #D00}.stacktrace {white-space:pre;font-family:monospace}.totop {font-size:85%;text-align:center;border-bottom:2px solid #000}</style></head><body><table><tr><th>Test</th><th># Passed</th><th># Skipped</th><th># Failed</th><th>Time (ms)</th><th>Included Groups</th><th>Excluded Groups</th></tr><tr><th colspan="7">TestNG Suite</th></tr><tr><td><a href="#t0">TrialServices</a></td><td class="num">4</td><td class="num">0</td><td class="num">0</td><td class="num">539,343</td><td></td><td></td></tr><tr class="stripe"><td><a href="#t1">MYService</a></td><td class="num">10</td><td class="num">0</td><td class="num">0</td><td class="num">1,586,821</td><td></td><td></td></tr><tr><td><a href="#t2">MYAccount</a></td><td class="num">9</td><td class="num">0</td><td class="num">0</td><td class="num">1,302,439</td><td></td><td></td></tr><tr class="stripe"><td><a href="#t3">Java</a></td><td class="num">13</td><td class="num">0</td><td class="num attn">4</td><td class="num">3,735,495</td><td></td><td></td></tr><tr><td><a href="#t4">CloudUI</a></td><td class="num">21</td><td class="num">0</td><td class="num attn">1</td><td class="num">3,875,608</td><td></td><td></td></tr><tr class="stripe"><td><a href="#t5">DB</a></td><td class="num">14</td><td class="num">0</td><td class="num attn">1</td><td class="num">4,200,358</td><td></td><td></td></tr><tr><td><a href="#t6">Security</a></td><td class="num">21</td><td class="num">0</td><td class="num attn">2</td><td class="num">4,618,282</td><td></td><td></td></tr><tr><th>Total</th><th class="num">92</th><th class="num">0</th><th class="num attn">8</th><th class="num">19,858,346</th><th colspan="2"></th></tr></table><table><thead><tr><th>Class</th><th>Method</th><th>Start</th><th>Time (ms)</th></tr></thead><tbody><tr><th colspan="4">TestNG Suite</th></tr></tbody><tbody id="t0"><tr><th colspan="4">TrialServices &#8212; passed</th></tr><tr class="passedeven"><td rowspan="1">com.qa132.services.C9_CloudUI_Create_Trial_DBService_Test</td><td><a href="#m0">test</a></td><td rowspan="1">1402990510160</td><td rowspan="1">134220</td></tr><tr class="passedodd"><td rowspan="1">com.qa132.services.C9_CloudUI_Create_Trial_JavaService_Test</td><td><a href="#m1">test</a></td><td rowspan="1">1402990354375</td><td rowspan="1">155535</td></tr><tr class="passedeven"><td rowspan="1">com.qa132.services.C9_Messaging_01_Create_Trial_MessagingService_Test</td><td><a href="#m2">test</a></td><td rowspan="1">1402990743840</td><td rowspan="1">149604</td></tr><tr class="passedodd"><td rowspan="1">com.qa132.services.C9_Storage_01_Create_Trial_StorageService_Test</td><td><a href="#m3">test</a></td><td rowspan="1">1402990644635</td><td rowspan="1">98930</td></tr></tbody><tbody id="t1"><tr><th colspan="4">MYService &#8212; passed</th></tr><tr class="passedeven"><td rowspan="1">com.qa141.myservices.C9_MYS_01_loginLogout_Test</td><td><a href="#m4">test</a></td><td rowspan="1">1402990893753</td><td rowspan="1">112493</td></tr><tr class="passedodd"><td rowspan="1">com.qa141.myservices.C9_MYS_02_VerifyAllLinks_Test</td><td><a href="#m5">test</a></td><td rowspan="1">1402991006491</td><td rowspan="1">136029</td></tr><tr class="passedeven"><td rowspan="1">com.qa141.myservices.C9_MYS_03_VerifyUI_Test</td><td><a href="#m6">test</a></td><td rowspan="1">1402991142769</td><td rowspan="1">137041</td></tr><tr class="passedodd"><td rowspan="1">com.qa141.myservices.C9_MYS_04_FieldLevelCheck_Test</td><td><a href="#m7">test</a></td><td rowspan="1">1402991280172</td><td rowspan="1">142474</td></tr><tr class="passedeven"><td rowspan="1">com.qa141.myservices.C9_MYS_05_ErrorHandling_Test</td><td><a href="#m8">test</a></td><td rowspan="1">1402991422927</td><td rowspan="1">137149</td></tr><tr class="passedodd"><td rowspan="1">com.qa141.myservices.C9_MYS_06_Security_Test</td><td><a href="#m9">test</a></td><td rowspan="1">1402991560347</td><td rowspan="1">120543</td></tr><tr class="passedeven"><td rowspan="1">com.qa141.myservices.C9_MYS_07_Filedownload</td><td><a href="#m10">test</a></td><td rowspan="1">1402991681166</td><td rowspan="1">192325</td></tr><tr class="passedodd"><td rowspan="1">com.qa141.myservices.C9_MYS_08_ValidateErrorpages_Test</td><td><a href="#m11">test</a></td><td rowspan="1">1402991873747</td><td rowspan="1">201443</td></tr><tr class="passedeven"><td rowspan="1">com.qa141.myservices.C9_MYS_09_SearchFilter_Test</td><td><a href="#m12">test</a></td><td rowspan="1">1402992075441</td><td rowspan="1">230283</td></tr><tr class="passedodd"><td rowspan="1">com.qa141.myservices.C9_MYS_10_FunctionalityCheck_Test</td><td><a href="#m13">test</a></td><td rowspan="1">1402992305992</td><td rowspan="1">174326</td></tr></tbody><tbody id="t2"><tr><th colspan="4">MYAccount &#8212; passed</th></tr><tr class="passedeven"><td rowspan="1">com.qa141.myaccount.C9_MYA_01_loginLogout_Test</td><td><a href="#m14">test</a></td><td rowspan="1">1402992480593</td><td rowspan="1">105616</td></tr><tr class="passedodd"><td rowspan="1">com.qa141.myaccount.C9_MYA_02_VerifyAllLinks_Test</td><td><a href="#m15">test</a></td><td rowspan="1">1402992586471</td><td rowspan="1">125377</td></tr><tr class="passedeven"><td rowspan="1">com.qa141.myaccount.C9_MYA_03_VerifyUI_Test</td><td><a href="#m16">test</a></td><td rowspan="1">1402992712098</td><td rowspan="1">146220</td></tr><tr class="passedodd"><td rowspan="1">com.qa141.myaccount.C9_MYA_04_FieldLevelCheck_Test</td><td><a href="#m17">test</a></td><td rowspan="1">1402992858580</td><td rowspan="1">154040</td></tr><tr class="passedeven"><td rowspan="1">com.qa141.myaccount.C9_MYA_05_ErrorHandling_Test</td><td><a href="#m18">test</a></td><td rowspan="1">1402993012874</td><td rowspan="1">152065</td></tr><tr class="passedodd"><td rowspan="1">com.qa141.myaccount.C9_MYA_06_Security_Test</td><td><a href="#m19">test</a></td><td rowspan="1">1402993165217</td><td rowspan="1">104421</td></tr><tr class="passedeven"><td rowspan="1">com.qa141.myaccount.C9_MYA_07_SearchFilter_Test</td><td><a href="#m20">test</a></td><td rowspan="1">1402993269934</td><td rowspan="1">165510</td></tr><tr class="passedodd"><td rowspan="1">com.qa141.myaccount.C9_MYA_08_ValidateErrorpages_Test</td><td><a href="#m21">test</a></td><td rowspan="1">1402993435769</td><td rowspan="1">196319</td></tr><tr class="passedeven"><td rowspan="1">com.qa141.myaccount.C9_MYA_09_FunctionalityCheck_Test</td><td><a href="#m22">test</a></td><td rowspan="1">1402993632463</td><td rowspan="1">150317</td></tr></tbody><tbody id="t3"><tr><th colspan="4">Java &#8212; failed</th></tr><tr class="failedeven"><td rowspan="1">com.qa132.java.C9_EMGC_03_StartApplication_Test</td><td><a href="#m23">test</a></td><td rowspan="1">1402990783163</td><td rowspan="1">219820</td></tr><tr class="failedodd"><td rowspan="1">com.qa132.java.C9_EMGC_04_AccessJavaApplicationDeployed_Test</td><td><a href="#m24">test</a></td><td rowspan="1">1402991003468</td><td rowspan="1">189948</td></tr><tr class="failedeven"><td rowspan="1">com.qa132.java.C9_EMGC_08_DeleteApplication_Test</td><td><a href="#m25">test</a></td><td rowspan="1">1402991789110</td><td rowspan="1">226584</td></tr><tr class="failedodd"><td rowspan="1">com.qa132.java.C9_Java_14_ValidateError_Test</td><td><a href="#m26">test</a></td><td rowspan="1">1402992750416</td><td rowspan="1">190789</td></tr><tr><th colspan="4">Java &#8212; passed</th></tr><tr class="passedeven"><td rowspan="1">com.qa132.java.C9_EMGC_01_LoginLogoutOfJavaServiceConsole_Test</td><td><a href="#m27">test</a></td><td rowspan="1">1402990354378</td><td rowspan="1">209881</td></tr><tr class="passedodd"><td rowspan="1">com.qa132.java.C9_EMGC_02_DeployingJavaApplication_Test</td><td><a href="#m28">test</a></td><td rowspan="1">1402990564546</td><td rowspan="1">218333</td></tr><tr class="passedeven"><td rowspan="1">com.qa132.java.C9_EMGC_05_StopAplication_Test</td><td><a href="#m29">test</a></td><td rowspan="1">1402991193700</td><td rowspan="1">182364</td></tr><tr class="passedodd"><td rowspan="1">com.qa132.java.C9_EMGC_06_ReDeployingJavaApplication_Test</td><td><a href="#m30">test</a></td><td rowspan="1">1402991376366</td><td rowspan="1">222420</td></tr><tr class="passedeven"><td rowspan="1">com.qa132.java.C9_EMGC_07_AccessMyServicesPage_Test</td><td><a href="#m31">test</a></td><td rowspan="1">1402991599283</td><td rowspan="1">188667</td></tr><tr class="passedodd"><td rowspan="1">com.qa132.java.C9_Java_11_VerifyLinks_Test</td><td><a href="#m32">test</a></td><td rowspan="1">1402992016253</td><td rowspan="1">281981</td></tr><tr class="passedeven"><td rowspan="1">com.qa132.java.C9_Java_12_VerifyUI_Test</td><td><a href="#m33">test</a></td><td rowspan="1">1402992298532</td><td rowspan="1">240176</td></tr><tr class="passedodd"><td rowspan="1">com.qa132.java.C9_Java_13_FieldLevelCheck_Test</td><td><a href="#m34">test</a></td><td rowspan="1">1402992539332</td><td rowspan="1">210772</td></tr><tr class="passedeven"><td rowspan="1">com.qa132.java.C9_Java_15_ErrorHandling_Test</td><td><a href="#m35">test</a></td><td rowspan="1">1402992946171</td><td rowspan="1">209433</td></tr><tr class="passedodd"><td rowspan="1">com.qa132.java.C9_Java_16_SearchFeature_Test</td><td><a href="#m36">test</a></td><td rowspan="1">1402993155902</td><td rowspan="1">219169</td></tr><tr class="passedeven"><td rowspan="1">com.qa132.java.C9_Java_17_ErrorPage_Test</td><td><a href="#m37">test</a></td><td rowspan="1">1402993375352</td><td rowspan="1">328667</td></tr><tr class="passedodd"><td rowspan="1">com.qa132.java.C9_Java_18_Functionality_Test</td><td><a href="#m38">test</a></td><td rowspan="1">1402993704309</td><td rowspan="1">190280</td></tr><tr class="passedeven"><td rowspan="1">com.qa132.java.C9_Java_19_Security_Test</td><td><a href="#m39">test</a></td><td rowspan="1">1402993894859</td><td rowspan="1">194748</td></tr></tbody><tbody id="t4"><tr><th colspan="4">CloudUI &#8212; failed</th></tr><tr class="failedeven"><td rowspan="1">com.qa141.cloudui.C9_LandingPage_01_HeaderFooter_Test</td><td><a href="#m40">test</a></td><td rowspan="1">1402990878330</td><td rowspan="1">248661</td></tr><tr><th colspan="4">CloudUI &#8212; passed</th></tr><tr class="passedeven"><td rowspan="1">com.qa132.cloudui.C9_CloudUI_01_HomePage_Test</td><td><a href="#m41">test</a></td><td rowspan="1">1402990354288</td><td rowspan="1">47217</td></tr><tr class="passedodd"><td rowspan="1">com.qa132.cloudui.C9_CloudUI_02_Create_Trial_DBService_Test</td><td><a href="#m42">test</a></td><td rowspan="1">1402990401793</td><td rowspan="1">134380</td></tr><tr class="passedeven"><td rowspan="1">com.qa132.cloudui.C9_CloudUI_03_Chatnow_Test</td><td><a href="#m43">test</a></td><td rowspan="1">1402990536446</td><td rowspan="1">126544</td></tr><tr class="passedodd"><td rowspan="1">com.qa132.cloudui.C9_CloudUI_04_MyServicesLink_test</td><td><a href="#m44">test</a></td><td rowspan="1">1402990663254</td><td rowspan="1">110699</td></tr><tr class="passedeven"><td rowspan="1">com.qa132.cloudui.C9_CloudUI_05_MyAccount_Test</td><td><a href="#m45">test</a></td><td rowspan="1">1402990774269</td><td rowspan="1">103808</td></tr><tr class="passedodd"><td rowspan="1">com.qa141.cloudui.C9_LandingPage_02_Empower_Business_Test</td><td><a href="#m46">test</a></td><td rowspan="1">1402991127604</td><td rowspan="1">151845</td></tr><tr class="passedeven"><td rowspan="1">com.qa141.cloudui.C9_LandingPage_03_ChatNow_ContactUs_Test</td><td><a href="#m47">test</a></td><td rowspan="1">1402991279713</td><td rowspan="1">102707</td></tr><tr class="passedodd"><td rowspan="1">com.qa141.cloudui.C9_LandingPage_04_LoginNotRequired_Test</td><td><a href="#m48">test</a></td><td rowspan="1">1402991382664</td><td rowspan="1">40525</td></tr><tr class="passedeven"><td rowspan="1">com.qa141.cloudui.C9_LandingPage_05_All_Buttons_Test</td><td><a href="#m49">test</a></td><td rowspan="1">1402991423422</td><td rowspan="1">138306</td></tr><tr class="passedodd"><td rowspan="1">com.qa141.cloudui.C9_LandingPage_06_Engage_Customers_Test</td><td><a href="#m50">test</a></td><td rowspan="1">1402991561971</td><td rowspan="1">190458</td></tr><tr class="passedeven"><td rowspan="1">com.qa141.cloudui.C9_LandingPage_07_Service_Test</td><td><a href="#m51">test</a></td><td rowspan="1">1402991752664</td><td rowspan="1">88510</td></tr><tr class="passedodd"><td rowspan="1">com.qa141.cloudui.C9_LandingPage_08_Engage_Sales_Test</td><td><a href="#m52">test</a></td><td rowspan="1">1402991841414</td><td rowspan="1">95559</td></tr><tr class="passedeven"><td rowspan="1">com.qa141.cloudui.C9_LandingPage_09_Empower_People_Test</td><td><a href="#m53">test</a></td><td rowspan="1">1402991937207</td><td rowspan="1">99839</td></tr><tr class="passedodd"><td rowspan="1">com.qa141.cloudui.C9_LandingPage_10_Global_Human_Resources_Test</td><td><a href="#m54">test</a></td><td rowspan="1">1402992037282</td><td rowspan="1">152128</td></tr><tr class="passedeven"><td rowspan="1">com.qa141.cloudui.C9_LandingPage_11_Leverage_Value_Chain_Test</td><td><a href="#m55">test</a></td><td rowspan="1">1402992189653</td><td rowspan="1">306918</td></tr><tr class="passedodd"><td rowspan="1">com.qa141.cloudui.C9_LandingPage_12_Manage_Enterprise_Performance_Test</td><td><a href="#m56">test</a></td><td rowspan="1">1402992496811</td><td rowspan="1">165267</td></tr><tr class="passedeven"><td rowspan="1">com.qa141.cloudui.C9_LandingPage_13_Get_Social_Test</td><td><a href="#m57">test</a></td><td rowspan="1">1402992662315</td><td rowspan="1">218540</td></tr><tr class="passedodd"><td rowspan="1">com.qa141.cloudui.C9_LandingPage_14_Build_Apps_Test</td><td><a href="#m58">test</a></td><td rowspan="1">1402992881107</td><td rowspan="1">434380</td></tr><tr class="passedeven"><td rowspan="1">com.qa141.cloudui.C9_LandingPage_15_Leverage_Infrastructure_Test</td><td><a href="#m59">test</a></td><td rowspan="1">1402993315728</td><td rowspan="1">217693</td></tr><tr class="passedodd"><td rowspan="1">com.qa141.cloudui.C9_LandingPage_16_Resources_Discover_Test</td><td><a href="#m60">test</a></td><td rowspan="1">1402993534026</td><td rowspan="1">296320</td></tr><tr class="passedeven"><td rowspan="1">com.qa141.cloudui.C9_LandingPage_17_Resources_GettingStarted_Test</td><td><a href="#m61">test</a></td><td rowspan="1">1402993830696</td><td rowspan="1">398914</td></tr></tbody><tbody id="t5"><tr><th colspan="4">DB &#8212; failed</th></tr><tr class="failedeven"><td rowspan="1">com.qa141.db.C9_DB_12_DatabaseError_Test</td><td><a href="#m62">test</a></td><td rowspan="1">1402993207023</td><td rowspan="1">269284</td></tr><tr><th colspan="4">DB &#8212; passed</th></tr><tr class="passedeven"><td rowspan="1">com.qa141.db.C9_DB_01_LoginLogoutOfApex_Test</td><td><a href="#m63">test</a></td><td rowspan="1">1402990354370</td><td rowspan="1">264845</td></tr><tr class="passedodd"><td rowspan="1">com.qa141.db.C9_DB_02_DataBaseApplications_Create_Run_Test</td><td><a href="#m64">test</a></td><td rowspan="1">1402990619487</td><td rowspan="1">351930</td></tr><tr class="passedeven"><td rowspan="1">com.qa141.db.C9_DB_03_DataBaseApplications_Delete_Test</td><td><a href="#m65">test</a></td><td rowspan="1">1402990972031</td><td rowspan="1">276121</td></tr><tr class="passedodd"><td rowspan="1">com.qa141.db.C9_DB_04_PackagedApplications_Install_Run_Test</td><td><a href="#m66">test</a></td><td rowspan="1">1402991248453</td><td rowspan="1">375886</td></tr><tr class="passedeven"><td rowspan="1">com.qa141.db.C9_DB_05_PackagedApplications_Remove_Test</td><td><a href="#m67">test</a></td><td rowspan="1">1402991624620</td><td rowspan="1">311964</td></tr><tr class="passedodd"><td rowspan="1">com.qa141.db.C9_DB_06_WebSheetApplications_Create_Run_Test</td><td><a href="#m68">test</a></td><td rowspan="1">1402991936863</td><td rowspan="1">328513</td></tr><tr class="passedeven"><td rowspan="1">com.qa141.db.C9_DB_07_WebSheetApplications_Delete_Test</td><td><a href="#m69">test</a></td><td rowspan="1">1402992265661</td><td rowspan="1">275345</td></tr><tr class="passedodd"><td rowspan="1">com.qa141.db.C9_DB_09_DBService_link_Test</td><td><a href="#m70">test</a></td><td rowspan="1">1402992541280</td><td rowspan="1">201637</td></tr><tr class="passedeven"><td rowspan="1">com.qa141.db.C9_DB_10_Administration_EditDescription_Test</td><td><a href="#m71">test</a></td><td rowspan="1">1402992744048</td><td rowspan="1">182547</td></tr><tr class="passedodd"><td rowspan="1">com.qa141.db.C9_DB_11_DatabaseFieldValidation_Test</td><td><a href="#m72">test</a></td><td rowspan="1">1402992926877</td><td rowspan="1">280145</td></tr><tr class="passedeven"><td rowspan="1">com.qa141.db.C9_DB_13_WebsheetFieldValidation_Test</td><td><a href="#m73">test</a></td><td rowspan="1">1402993476480</td><td rowspan="1">285259</td></tr><tr class="passedodd"><td rowspan="1">com.qa141.db.C9_DB_14_Search_Test</td><td><a href="#m74">test</a></td><td rowspan="1">1402993761740</td><td rowspan="1">238464</td></tr><tr class="passedeven"><td rowspan="1">com.qa141.db.C9_DB_15_UI_Test</td><td><a href="#m75">test</a></td><td rowspan="1">1402994000473</td><td rowspan="1">278019</td></tr><tr class="passedodd"><td rowspan="1">com.qa141.db.C9_DB_16_WebsheetError_Test</td><td><a href="#m76">test</a></td><td rowspan="1">1402994278764</td><td rowspan="1">275960</td></tr></tbody><tbody id="t6"><tr><th colspan="4">Security &#8212; failed</th></tr><tr class="failedeven"><td rowspan="1">com.qa141.securities.C9_Security_10_UserRemove_Test</td><td><a href="#m77">test</a></td><td rowspan="1">1402992163316</td><td rowspan="1">179227</td></tr><tr class="failedodd"><td rowspan="1">com.qa141.securities.C9_Security_11_SFTPFieldValidation_Test</td><td><a href="#m78">test</a></td><td rowspan="1">1402992343539</td><td rowspan="1">184206</td></tr><tr><th colspan="4">Security &#8212; passed</th></tr><tr class="passedeven"><td rowspan="1">com.qa141.securities.C9_Security_01_LogonLogout_Test</td><td><a href="#m79">test</a></td><td rowspan="1">1402990354274</td><td rowspan="1">137559</td></tr><tr class="passedodd"><td rowspan="1">com.qa141.securities.C9_Security_02_LoggedAsIDA_Test</td><td><a href="#m80">test</a></td><td rowspan="1">1402990492109</td><td rowspan="1">196803</td></tr><tr class="passedeven"><td rowspan="1">com.qa141.securities.C9_Security_03_AdminUserRemove_Test</td><td><a href="#m81">test</a></td><td rowspan="1">1402990689161</td><td rowspan="1">182843</td></tr><tr class="passedodd"><td rowspan="1">com.qa141.securities.C9_Security_04_AdminModifyUser_Test</td><td><a href="#m82">test</a></td><td rowspan="1">1402990872265</td><td rowspan="1">209937</td></tr><tr class="passedeven"><td rowspan="1">com.qa141.securities.C9_Security_05_ResetPwdAuto_Test</td><td><a href="#m83">test</a></td><td rowspan="1">1402991082497</td><td rowspan="1">259713</td></tr><tr class="passedodd"><td rowspan="1">com.qa141.securities.C9_Security_06_ManageRole_Test</td><td><a href="#m84">test</a></td><td rowspan="1">1402991342463</td><td rowspan="1">167134</td></tr><tr class="passedeven"><td rowspan="1">com.qa141.securities.C9_Security_07_AddUser_Test</td><td><a href="#m85">test</a></td><td rowspan="1">1402991509849</td><td rowspan="1">155433</td></tr><tr class="passedodd"><td rowspan="1">com.qa141.securities.C9_Security_08_ModifyFieldValidation_Test</td><td><a href="#m86">test</a></td><td rowspan="1">1402991665537</td><td rowspan="1">284747</td></tr><tr class="passedeven"><td rowspan="1">com.qa141.securities.C9_Security_09_ModifyUser_Test</td><td><a href="#m87">test</a></td><td rowspan="1">1402991950546</td><td rowspan="1">212519</td></tr><tr class="passedodd"><td rowspan="1">com.qa141.securities.C9_Security_12_SFTPUserReset_Test</td><td><a href="#m88">test</a></td><td rowspan="1">1402992528185</td><td rowspan="1">222125</td></tr><tr class="passedeven"><td rowspan="1">com.qa141.securities.C9_Security_13_AddCustomRole_Test</td><td><a href="#m89">test</a></td><td rowspan="1">1402992750567</td><td rowspan="1">168892</td></tr><tr class="passedodd"><td rowspan="1">com.qa141.securities.C9_Security_14_ModifyCustomrole_Test</td><td><a href="#m90">test</a></td><td rowspan="1">1402992919713</td><td rowspan="1">171322</td></tr><tr class="passedeven"><td rowspan="1">com.qa141.securities.C9_Security_15_AssignCustomRole_Test</td><td><a href="#m91">test</a></td><td rowspan="1">1402993091296</td><td rowspan="1">148062</td></tr><tr class="passedodd"><td rowspan="1">com.qa141.securities.C9_Security_16_RemoveRole_Test</td><td><a href="#m92">test</a></td><td rowspan="1">1402993239687</td><td rowspan="1">213663</td></tr><tr class="passedeven"><td rowspan="1">com.qa141.securities.C9_Security_17_RemoveCustomRole_Test</td><td><a href="#m93">test</a></td><td rowspan="1">1402993453604</td><td rowspan="1">142586</td></tr><tr class="passedodd"><td rowspan="1">com.qa141.securities.C9_Security_18_ChallengeQuestion_Test</td><td><a href="#m94">test</a></td><td rowspan="1">1402993596521</td><td rowspan="1">307547</td></tr><tr class="passedeven"><td rowspan="1">com.qa141.securities.C9_Security_19_Sorting_Test</td><td><a href="#m95">test</a></td><td rowspan="1">1402993904322</td><td rowspan="1">126293</td></tr><tr class="passedodd"><td rowspan="1">com.qa141.securities.C9_Security_20_ChangePassword_Test</td><td><a href="#m96">test</a></td><td rowspan="1">1402994030891</td><td rowspan="1">347766</td></tr><tr class="passedeven"><td rowspan="1">com.qa141.securities.C9_Security_21_IdentitySelfService_Test</td><td><a href="#m97">test</a></td><td rowspan="1">1402994378901</td><td rowspan="1">143671</td></tr><tr class="passedodd"><td rowspan="1">com.qa141.securities.C9_Security_22_Search_Test</td><td><a href="#m98">test</a></td><td rowspan="1">1402994522918</td><td rowspan="1">238381</td></tr><tr class="passedeven"><td rowspan="1">com.qa141.securities.C9_Security_23_UI_Test</td><td><a href="#m99">test</a></td><td rowspan="1">1402994761545</td><td rowspan="1">210746</td></tr></tbody></table><h2>TrialServices</h2><h3 id="m0">com.qa132.services.C9_CloudUI_Create_Trial_DBService_Test#test</h3><table class="result"><tr class="param"><th>Parameter #1</th></tr><tr class="param stripe"><td>firefox</td></tr></table><p class="totop"><a href="#summary">back to summary</a></p><h3 id="m1">com.qa132.services.C9_CloudUI_Create_Trial_JavaService_Test#test</h3><table class="result"><tr class="param"><th>Parameter #1</th></tr><tr class="param stripe"><td>firefox</td></tr></table><p class="totop"><a href="#summary">back to summary</a></p><h3 id="m2">com.qa132.services.C9_Messaging_01_Create_Trial_MessagingService_Test#test</h3><table class="result"><tr class="param"><th>Parameter #1</th></tr><tr class="param stripe"><td>firefox</td></tr></table><p class="totop"><a href="#summary">back to summary</a></p><h3 id="m3">com.qa132.services.C9_Storage_01_Create_Trial_StorageService_Test#test</h3><table class="result"><tr class="param"><th>Parameter #1</th></tr><tr class="param stripe"><td>firefox</td></tr></table><p class="totop"><a href="#summary">back to summary</a></p><h2>MYService</h2><h3 id="m4">com.qa141.myservices.C9_MYS_01_loginLogout_Test#test</h3><table class="result"><tr class="param"><th>Parameter #1</th></tr><tr class="param stripe"><td>firefox</td></tr></table><p class="totop"><a href="#summary">back to summary</a></p><h3 id="m5">com.qa141.myservices.C9_MYS_02_VerifyAllLinks_Test#test</h3><table class="result"><tr class="param"><th>Parameter #1</th></tr><tr class="param stripe"><td>firefox</td></tr></table><p class="totop"><a href="#summary">back to summary</a></p><h3 id="m6">com.qa141.myservices.C9_MYS_03_VerifyUI_Test#test</h3><table class="result"><tr class="param"><th>Parameter #1</th></tr><tr class="param stripe"><td>firefox</td></tr></table><p class="totop"><a href="#summary">back to summary</a></p><h3 id="m7">com.qa141.myservices.C9_MYS_04_FieldLevelCheck_Test#test</h3><table class="result"><tr class="param"><th>Parameter #1</th></tr><tr class="param stripe"><td>firefox</td></tr></table><p class="totop"><a href="#summary">back to summary</a></p><h3 id="m8">com.qa141.myservices.C9_MYS_05_ErrorHandling_Test#test</h3><table class="result"><tr class="param"><th>Parameter #1</th></tr><tr class="param stripe"><td>firefox</td></tr></table><p class="totop"><a href="#summary">back to summary</a></p><h3 id="m9">com.qa141.myservices.C9_MYS_06_Security_Test#test</h3><table class="result"><tr class="param"><th>Parameter #1</th></tr><tr class="param stripe"><td>firefox</td></tr></table><p class="totop"><a href="#summary">back to summary</a></p><h3 id="m10">com.qa141.myservices.C9_MYS_07_Filedownload#test</h3><table class="result"><tr class="param"><th>Parameter #1</th></tr><tr class="param stripe"><td>firefox</td></tr></table><p class="totop"><a href="#summary">back to summary</a></p><h3 id="m11">com.qa141.myservices.C9_MYS_08_ValidateErrorpages_Test#test</h3><table class="result"><tr class="param"><th>Parameter #1</th></tr><tr class="param stripe"><td>firefox</td></tr></table><p class="totop"><a href="#summary">back to summary</a></p><h3 id="m12">com.qa141.myservices.C9_MYS_09_SearchFilter_Test#test</h3><table class="result"><tr class="param"><th>Parameter #1</th></tr><tr class="param stripe"><td>firefox</td></tr></table><p class="totop"><a href="#summary">back to summary</a></p><h3 id="m13">com.qa141.myservices.C9_MYS_10_FunctionalityCheck_Test#test</h3><table class="result"><tr class="param"><th>Parameter #1</th></tr><tr class="param stripe"><td>firefox</td></tr></table><p class="totop"><a href="#summary">back to summary</a></p><h2>MYAccount</h2><h3 id="m14">com.qa141.myaccount.C9_MYA_01_loginLogout_Test#test</h3><table class="result"><tr class="param"><th>Parameter #1</th></tr><tr class="param stripe"><td>firefox</td></tr></table><p class="totop"><a href="#summary">back to summary</a></p><h3 id="m15">com.qa141.myaccount.C9_MYA_02_VerifyAllLinks_Test#test</h3><table class="result"><tr class="param"><th>Parameter #1</th></tr><tr class="param stripe"><td>firefox</td></tr></table><p class="totop"><a href="#summary">back to summary</a></p><h3 id="m16">com.qa141.myaccount.C9_MYA_03_VerifyUI_Test#test</h3><table class="result"><tr class="param"><th>Parameter #1</th></tr><tr class="param stripe"><td>firefox</td></tr></table><p class="totop"><a href="#summary">back to summary</a></p><h3 id="m17">com.qa141.myaccount.C9_MYA_04_FieldLevelCheck_Test#test</h3><table class="result"><tr class="param"><th>Parameter #1</th></tr><tr class="param stripe"><td>firefox</td></tr></table><p class="totop"><a href="#summary">back to summary</a></p><h3 id="m18">com.qa141.myaccount.C9_MYA_05_ErrorHandling_Test#test</h3><table class="result"><tr class="param"><th>Parameter #1</th></tr><tr class="param stripe"><td>firefox</td></tr></table><p class="totop"><a href="#summary">back to summary</a></p><h3 id="m19">com.qa141.myaccount.C9_MYA_06_Security_Test#test</h3><table class="result"><tr class="param"><th>Parameter #1</th></tr><tr class="param stripe"><td>firefox</td></tr></table><p class="totop"><a href="#summary">back to summary</a></p><h3 id="m20">com.qa141.myaccount.C9_MYA_07_SearchFilter_Test#test</h3><table class="result"><tr class="param"><th>Parameter #1</th></tr><tr class="param stripe"><td>firefox</td></tr></table><p class="totop"><a href="#summary">back to summary</a></p><h3 id="m21">com.qa141.myaccount.C9_MYA_08_ValidateErrorpages_Test#test</h3><table class="result"><tr class="param"><th>Parameter #1</th></tr><tr class="param stripe"><td>firefox</td></tr></table><p class="totop"><a href="#summary">back to summary</a></p><h3 id="m22">com.qa141.myaccount.C9_MYA_09_FunctionalityCheck_Test#test</h3><table class="result"><tr class="param"><th>Parameter #1</th></tr><tr class="param stripe"><td>firefox</td></tr></table><p class="totop"><a href="#summary">back to summary</a></p><h2>Java</h2><h3 id="m23">com.qa132.java.C9_EMGC_03_StartApplication_Test#test</h3><table class="result"><tr class="param"><th>Parameter #1</th></tr><tr class="param stripe"><td>firefox</td></tr><tr><th>Messages</th></tr><tr><td><div class="messages">&lt;a href=null target=&apos;_blank&apos; &gt;Screenshot&lt;/a&gt;<br/>&lt;img src=&quot;file:///null&quot; width=500 height=300&quot; alt=&quot;&quot;/&gt;&lt;br /&gt;</div></td></tr><tr><th>Exception</th></tr><tr><td><div class="stacktrace">java.lang.AssertionError: Unable to locate element: {&quot;method&quot;:&quot;xpath&quot;,&quot;selector&quot;:&quot;.//*[@id=&apos;emT:inlineMsgView:inlineMsg&apos;]/table/tbody/tr[2]/td[2]&quot;}
Command duration or timeout: 20.04 seconds
For documentation on this error, please visit: http://seleniumhq.org/exceptions/no_such_element.html
Build info: version: &apos;2.39.0&apos;, revision: &apos;ff23eac&apos;, time: &apos;2013-12-16 16:11:15&apos;
System info: host: &apos;slc02qkd&apos;, ip: &apos;10.240.121.63&apos;, os.name: &apos;Windows 7&apos;, os.arch: &apos;amd64&apos;, os.version: &apos;6.1&apos;, java.version: &apos;1.6.0_34&apos;
Session ID: ae7f34ce-048c-4def-96e1-a74203149967
Driver info: org.openqa.selenium.firefox.FirefoxDriver
Capabilities [{platform=XP, acceptSslCerts=true, javascriptEnabled=true, browserName=firefox, rotatable=false, locationContextEnabled=true, version=24.0, cssSelectorsEnabled=true, databaseEnabled=true, handlesAlerts=true, browserConnectionEnabled=true, nativeEvents=true, webStorageEnabled=true, applicationCacheEnabled=true, takesScreenshot=true}]
Command duration or timeout: 20.87 seconds
For documentation on this error, please visit: http://seleniumhq.org/exceptions/no_such_element.html
Build info: version: &apos;2.39.0&apos;, revision: &apos;ff23eac&apos;, time: &apos;2013-12-16 16:11:15&apos;
System info: host: &apos;slc02qkd&apos;, ip: &apos;10.240.121.63&apos;, os.name: &apos;Windows 7&apos;, os.arch: &apos;amd64&apos;, os.version: &apos;6.1&apos;, java.version: &apos;1.6.0_34&apos;
Session ID: 9951d2b9-c5fd-4cd7-a7f7-aab35d5fceba
Driver info: org.openqa.selenium.remote.RemoteWebDriver
Capabilities [{platform=XP, acceptSslCerts=true, javascriptEnabled=true, browserName=firefox, rotatable=false, locationContextEnabled=true, webdriver.remote.sessionid=9951d2b9-c5fd-4cd7-a7f7-aab35d5fceba, version=24.0, cssSelectorsEnabled=true, databaseEnabled=true, handlesAlerts=true, browserConnectionEnabled=true, nativeEvents=true, webStorageEnabled=true, applicationCacheEnabled=true, takesScreenshot=true}]
	at com.qa132.java.C9_EMGC_03_StartApplication_Test.test(C9_EMGC_03_StartApplication_Test.java:105)
	at java.util.concurrent.FutureTask$Sync.innerRun(Unknown Source)
	at java.util.concurrent.FutureTask.run(Unknown Source)
	at java.util.concurrent.ThreadPoolExecutor$Worker.runTask(Unknown Source)
	at java.util.concurrent.ThreadPoolExecutor$Worker.run(Unknown Source)
	at java.lang.Thread.run(Unknown Source)
... Removed 17 stack frames</div></td></tr></table><p class="totop"><a href="#summary">back to summary</a></p><h3 id="m24">com.qa132.java.C9_EMGC_04_AccessJavaApplicationDeployed_Test#test</h3><table class="result"><tr class="param"><th>Parameter #1</th></tr><tr class="param stripe"><td>firefox</td></tr><tr><th>Messages</th></tr><tr><td><div class="messages">&lt;a href=null target=&apos;_blank&apos; &gt;Screenshot&lt;/a&gt;<br/>&lt;img src=&quot;file:///null&quot; width=500 height=300&quot; alt=&quot;&quot;/&gt;&lt;br /&gt;</div></td></tr><tr><th>Exception</th></tr><tr><td><div class="stacktrace">java.lang.AssertionError: 3
	at com.qa132.java.C9_EMGC_04_AccessJavaApplicationDeployed_Test.test(C9_EMGC_04_AccessJavaApplicationDeployed_Test.java:111)
	at java.util.concurrent.FutureTask$Sync.innerRun(Unknown Source)
	at java.util.concurrent.FutureTask.run(Unknown Source)
	at java.util.concurrent.ThreadPoolExecutor$Worker.runTask(Unknown Source)
	at java.util.concurrent.ThreadPoolExecutor$Worker.run(Unknown Source)
	at java.lang.Thread.run(Unknown Source)
... Removed 17 stack frames</div></td></tr></table><p class="totop"><a href="#summary">back to summary</a></p><h3 id="m25">com.qa132.java.C9_EMGC_08_DeleteApplication_Test#test</h3><table class="result"><tr class="param"><th>Parameter #1</th></tr><tr class="param stripe"><td>firefox</td></tr><tr><th>Exception</th></tr><tr><td><div class="stacktrace">java.lang.AssertionError: Unable to locate element: {&quot;method&quot;:&quot;xpath&quot;,&quot;selector&quot;:&quot;.//*[@id=&apos;emT:inlineMsgView:inlineMsg&apos;]/table/tbody/tr[2]/td[2]&quot;}
Command duration or timeout: 20.05 seconds
For documentation on this error, please visit: http://seleniumhq.org/exceptions/no_such_element.html
Build info: version: &apos;2.39.0&apos;, revision: &apos;ff23eac&apos;, time: &apos;2013-12-16 16:11:15&apos;
System info: host: &apos;slc02qkd&apos;, ip: &apos;10.240.121.63&apos;, os.name: &apos;Windows 7&apos;, os.arch: &apos;amd64&apos;, os.version: &apos;6.1&apos;, java.version: &apos;1.6.0_34&apos;
Session ID: aa8e5310-f244-4136-8b3e-34f432448a99
Driver info: org.openqa.selenium.firefox.FirefoxDriver
Capabilities [{platform=XP, acceptSslCerts=true, javascriptEnabled=true, browserName=firefox, rotatable=false, locationContextEnabled=true, version=24.0, cssSelectorsEnabled=true, databaseEnabled=true, handlesAlerts=true, browserConnectionEnabled=true, nativeEvents=true, webStorageEnabled=true, applicationCacheEnabled=true, takesScreenshot=true}]
Command duration or timeout: 20.22 seconds
For documentation on this error, please visit: http://seleniumhq.org/exceptions/no_such_element.html
Build info: version: &apos;2.39.0&apos;, revision: &apos;ff23eac&apos;, time: &apos;2013-12-16 16:11:15&apos;
System info: host: &apos;slc02qkd&apos;, ip: &apos;10.240.121.63&apos;, os.name: &apos;Windows 7&apos;, os.arch: &apos;amd64&apos;, os.version: &apos;6.1&apos;, java.version: &apos;1.6.0_34&apos;
Session ID: 676a19bf-c0ba-4735-9138-d8b060c1787f
Driver info: org.openqa.selenium.remote.RemoteWebDriver
Capabilities [{platform=XP, acceptSslCerts=true, javascriptEnabled=true, browserName=firefox, rotatable=false, locationContextEnabled=true, webdriver.remote.sessionid=676a19bf-c0ba-4735-9138-d8b060c1787f, version=24.0, cssSelectorsEnabled=true, databaseEnabled=true, handlesAlerts=true, browserConnectionEnabled=true, nativeEvents=true, webStorageEnabled=true, applicationCacheEnabled=true, takesScreenshot=true}]
	at com.qa132.java.C9_EMGC_08_DeleteApplication_Test.test(C9_EMGC_08_DeleteApplication_Test.java:100)
	at java.util.concurrent.FutureTask$Sync.innerRun(Unknown Source)
	at java.util.concurrent.FutureTask.run(Unknown Source)
	at java.util.concurrent.ThreadPoolExecutor$Worker.runTask(Unknown Source)
	at java.util.concurrent.ThreadPoolExecutor$Worker.run(Unknown Source)
	at java.lang.Thread.run(Unknown Source)
... Removed 17 stack frames</div></td></tr></table><p class="totop"><a href="#summary">back to summary</a></p><h3 id="m26">com.qa132.java.C9_Java_14_ValidateError_Test#test</h3><table class="result"><tr class="param"><th>Parameter #1</th></tr><tr class="param stripe"><td>firefox</td></tr><tr><th>Messages</th></tr><tr><td><div class="messages">&lt;a href=C:\SAFc\tests\OPC\test-output\screenShots\06-17-2014\06-17-2014_02.15.45_C9_Java_14_ValidateError_Test_test.png target=&apos;_blank&apos; &gt;Screenshot&lt;/a&gt;<br/>&lt;img src=&quot;file:///C:\SAFc\tests\OPC\test-output\screenShots\06-17-2014\06-17-2014_02.15.45_C9_Java_14_ValidateError_Test_test.png&quot; width=500 height=300&quot; alt=&quot;&quot;/&gt;&lt;br /&gt;</div></td></tr><tr><th>Exception</th></tr><tr><td><div class="stacktrace">java.lang.AssertionError: Modal dialog present: Because of inactivity, your session has timed out and is no longer active.  Click OK to reload the page.
Build info: version: &apos;2.39.0&apos;, revision: &apos;ff23eac&apos;, time: &apos;2013-12-16 16:11:15&apos;
System info: host: &apos;slc02qkd&apos;, ip: &apos;10.240.121.63&apos;, os.name: &apos;Windows 7&apos;, os.arch: &apos;amd64&apos;, os.version: &apos;6.1&apos;, java.version: &apos;1.6.0_34&apos;
Session ID: 6e59d16b-44c2-4023-b6ad-607d21952c8c
Driver info: org.openqa.selenium.firefox.FirefoxDriver
Capabilities [{platform=XP, acceptSslCerts=true, javascriptEnabled=true, browserName=firefox, rotatable=false, locationContextEnabled=true, version=24.0, cssSelectorsEnabled=true, databaseEnabled=true, handlesAlerts=true, browserConnectionEnabled=true, nativeEvents=true, webStorageEnabled=true, applicationCacheEnabled=true, takesScreenshot=true}]: Because of inactivity, your session has timed out and is no longer active.  Click OK to reload the page.
Build info: version: &apos;2.39.0&apos;, revision: &apos;ff23eac&apos;, time: &apos;2013-12-16 16:11:15&apos;
System info: host: &apos;slc02qkd&apos;, ip: &apos;10.240.121.63&apos;, os.name: &apos;Windows 7&apos;, os.arch: &apos;amd64&apos;, os.version: &apos;6.1&apos;, java.version: &apos;1.6.0_34&apos;
Session ID: f1807a8a-3d30-4eca-bb6e-aa3a85fdb3be
Driver info: org.openqa.selenium.remote.RemoteWebDriver
Capabilities [{platform=XP, acceptSslCerts=true, javascriptEnabled=true, browserName=firefox, rotatable=false, locationContextEnabled=true, webdriver.remote.sessionid=f1807a8a-3d30-4eca-bb6e-aa3a85fdb3be, version=24.0, cssSelectorsEnabled=true, databaseEnabled=true, handlesAlerts=true, browserConnectionEnabled=true, nativeEvents=true, webStorageEnabled=true, applicationCacheEnabled=true, takesScreenshot=true}]
	at com.qa132.java.C9_Java_14_ValidateError_Test.test(C9_Java_14_ValidateError_Test.java:139)
	at java.util.concurrent.FutureTask$Sync.innerRun(Unknown Source)
	at java.util.concurrent.FutureTask.run(Unknown Source)
	at java.util.concurrent.ThreadPoolExecutor$Worker.runTask(Unknown Source)
	at java.util.concurrent.ThreadPoolExecutor$Worker.run(Unknown Source)
	at java.lang.Thread.run(Unknown Source)
... Removed 17 stack frames</div></td></tr></table><p class="totop"><a href="#summary">back to summary</a></p><h3 id="m27">com.qa132.java.C9_EMGC_01_LoginLogoutOfJavaServiceConsole_Test#test</h3><table class="result"><tr class="param"><th>Parameter #1</th></tr><tr class="param stripe"><td>firefox</td></tr></table><p class="totop"><a href="#summary">back to summary</a></p><h3 id="m28">com.qa132.java.C9_EMGC_02_DeployingJavaApplication_Test#test</h3><table class="result"><tr class="param"><th>Parameter #1</th></tr><tr class="param stripe"><td>firefox</td></tr></table><p class="totop"><a href="#summary">back to summary</a></p><h3 id="m29">com.qa132.java.C9_EMGC_05_StopAplication_Test#test</h3><table class="result"><tr class="param"><th>Parameter #1</th></tr><tr class="param stripe"><td>firefox</td></tr></table><p class="totop"><a href="#summary">back to summary</a></p><h3 id="m30">com.qa132.java.C9_EMGC_06_ReDeployingJavaApplication_Test#test</h3><table class="result"><tr class="param"><th>Parameter #1</th></tr><tr class="param stripe"><td>firefox</td></tr></table><p class="totop"><a href="#summary">back to summary</a></p><h3 id="m31">com.qa132.java.C9_EMGC_07_AccessMyServicesPage_Test#test</h3><table class="result"><tr class="param"><th>Parameter #1</th></tr><tr class="param stripe"><td>firefox</td></tr></table><p class="totop"><a href="#summary">back to summary</a></p><h3 id="m32">com.qa132.java.C9_Java_11_VerifyLinks_Test#test</h3><table class="result"><tr class="param"><th>Parameter #1</th></tr><tr class="param stripe"><td>firefox</td></tr></table><p class="totop"><a href="#summary">back to summary</a></p><h3 id="m33">com.qa132.java.C9_Java_12_VerifyUI_Test#test</h3><table class="result"><tr class="param"><th>Parameter #1</th></tr><tr class="param stripe"><td>firefox</td></tr></table><p class="totop"><a href="#summary">back to summary</a></p><h3 id="m34">com.qa132.java.C9_Java_13_FieldLevelCheck_Test#test</h3><table class="result"><tr class="param"><th>Parameter #1</th></tr><tr class="param stripe"><td>firefox</td></tr></table><p class="totop"><a href="#summary">back to summary</a></p><h3 id="m35">com.qa132.java.C9_Java_15_ErrorHandling_Test#test</h3><table class="result"><tr class="param"><th>Parameter #1</th></tr><tr class="param stripe"><td>firefox</td></tr></table><p class="totop"><a href="#summary">back to summary</a></p><h3 id="m36">com.qa132.java.C9_Java_16_SearchFeature_Test#test</h3><table class="result"><tr class="param"><th>Parameter #1</th></tr><tr class="param stripe"><td>firefox</td></tr></table><p class="totop"><a href="#summary">back to summary</a></p><h3 id="m37">com.qa132.java.C9_Java_17_ErrorPage_Test#test</h3><table class="result"><tr class="param"><th>Parameter #1</th></tr><tr class="param stripe"><td>firefox</td></tr></table><p class="totop"><a href="#summary">back to summary</a></p><h3 id="m38">com.qa132.java.C9_Java_18_Functionality_Test#test</h3><table class="result"><tr class="param"><th>Parameter #1</th></tr><tr class="param stripe"><td>firefox</td></tr></table><p class="totop"><a href="#summary">back to summary</a></p><h3 id="m39">com.qa132.java.C9_Java_19_Security_Test#test</h3><table class="result"><tr class="param"><th>Parameter #1</th></tr><tr class="param stripe"><td>firefox</td></tr></table><p class="totop"><a href="#summary">back to summary</a></p><h2>CloudUI</h2><h3 id="m40">com.qa141.cloudui.C9_LandingPage_01_HeaderFooter_Test#test</h3><table class="result"><tr class="param"><th>Parameter #1</th></tr><tr class="param stripe"><td>firefox</td></tr><tr><th>Messages</th></tr><tr><td><div class="messages">&lt;a href=C:\SAFc\tests\OPC\test-output\screenShots\06-17-2014\06-17-2014_01.45.27_C9_LandingPage_01_HeaderFooter_Test_test.png target=&apos;_blank&apos; &gt;Screenshot&lt;/a&gt;<br/>&lt;img src=&quot;file:///C:\SAFc\tests\OPC\test-output\screenShots\06-17-2014\06-17-2014_01.45.27_C9_LandingPage_01_HeaderFooter_Test_test.png&quot; width=500 height=300&quot; alt=&quot;&quot;/&gt;&lt;br /&gt;</div></td></tr><tr><th>Exception</th></tr><tr><td><div class="stacktrace">java.lang.AssertionError: Unable to locate element: {&quot;method&quot;:&quot;xpath&quot;,&quot;selector&quot;:&quot;.//*[@id=&apos;breadCrumb&apos;]/div[2]/div/span/a&quot;}
Command duration or timeout: 20.08 seconds
For documentation on this error, please visit: http://seleniumhq.org/exceptions/no_such_element.html
Build info: version: &apos;2.39.0&apos;, revision: &apos;ff23eac&apos;, time: &apos;2013-12-16 16:11:15&apos;
System info: host: &apos;slc02qkd&apos;, ip: &apos;10.240.121.63&apos;, os.name: &apos;Windows 7&apos;, os.arch: &apos;amd64&apos;, os.version: &apos;6.1&apos;, java.version: &apos;1.6.0_34&apos;
Session ID: b22902b4-0cb6-4c26-93d6-c4271b8bc352
Driver info: org.openqa.selenium.firefox.FirefoxDriver
Capabilities [{platform=XP, acceptSslCerts=true, javascriptEnabled=true, browserName=firefox, rotatable=false, locationContextEnabled=true, version=24.0, cssSelectorsEnabled=true, databaseEnabled=true, handlesAlerts=true, browserConnectionEnabled=true, nativeEvents=true, webStorageEnabled=true, applicationCacheEnabled=true, takesScreenshot=true}]
Command duration or timeout: 20.44 seconds
For documentation on this error, please visit: http://seleniumhq.org/exceptions/no_such_element.html
Build info: version: &apos;2.39.0&apos;, revision: &apos;ff23eac&apos;, time: &apos;2013-12-16 16:11:15&apos;
System info: host: &apos;slc02qkd&apos;, ip: &apos;10.240.121.63&apos;, os.name: &apos;Windows 7&apos;, os.arch: &apos;amd64&apos;, os.version: &apos;6.1&apos;, java.version: &apos;1.6.0_34&apos;
Session ID: 0e8bf5b5-accb-49e2-98b0-5cad189a1f16
Driver info: org.openqa.selenium.remote.RemoteWebDriver
Capabilities [{platform=XP, acceptSslCerts=true, javascriptEnabled=true, browserName=firefox, rotatable=false, locationContextEnabled=true, webdriver.remote.sessionid=0e8bf5b5-accb-49e2-98b0-5cad189a1f16, version=24.0, cssSelectorsEnabled=true, databaseEnabled=true, handlesAlerts=true, browserConnectionEnabled=true, nativeEvents=true, webStorageEnabled=true, applicationCacheEnabled=true, takesScreenshot=true}]
	at com.qa141.cloudui.C9_LandingPage_01_HeaderFooter_Test.test(C9_LandingPage_01_HeaderFooter_Test.java:261)
	at java.util.concurrent.FutureTask$Sync.innerRun(Unknown Source)
	at java.util.concurrent.FutureTask.run(Unknown Source)
	at java.util.concurrent.ThreadPoolExecutor$Worker.runTask(Unknown Source)
	at java.util.concurrent.ThreadPoolExecutor$Worker.run(Unknown Source)
	at java.lang.Thread.run(Unknown Source)
... Removed 17 stack frames</div></td></tr></table><p class="totop"><a href="#summary">back to summary</a></p><h3 id="m41">com.qa132.cloudui.C9_CloudUI_01_HomePage_Test#test</h3><table class="result"><tr class="param"><th>Parameter #1</th></tr><tr class="param stripe"><td>firefox</td></tr></table><p class="totop"><a href="#summary">back to summary</a></p><h3 id="m42">com.qa132.cloudui.C9_CloudUI_02_Create_Trial_DBService_Test#test</h3><table class="result"><tr class="param"><th>Parameter #1</th></tr><tr class="param stripe"><td>firefox</td></tr></table><p class="totop"><a href="#summary">back to summary</a></p><h3 id="m43">com.qa132.cloudui.C9_CloudUI_03_Chatnow_Test#test</h3><table class="result"><tr class="param"><th>Parameter #1</th></tr><tr class="param stripe"><td>firefox</td></tr></table><p class="totop"><a href="#summary">back to summary</a></p><h3 id="m44">com.qa132.cloudui.C9_CloudUI_04_MyServicesLink_test#test</h3><table class="result"><tr class="param"><th>Parameter #1</th></tr><tr class="param stripe"><td>firefox</td></tr></table><p class="totop"><a href="#summary">back to summary</a></p><h3 id="m45">com.qa132.cloudui.C9_CloudUI_05_MyAccount_Test#test</h3><table class="result"><tr class="param"><th>Parameter #1</th></tr><tr class="param stripe"><td>firefox</td></tr></table><p class="totop"><a href="#summary">back to summary</a></p><h3 id="m46">com.qa141.cloudui.C9_LandingPage_02_Empower_Business_Test#test</h3><table class="result"><tr class="param"><th>Parameter #1</th></tr><tr class="param stripe"><td>firefox</td></tr></table><p class="totop"><a href="#summary">back to summary</a></p><h3 id="m47">com.qa141.cloudui.C9_LandingPage_03_ChatNow_ContactUs_Test#test</h3><table class="result"><tr class="param"><th>Parameter #1</th></tr><tr class="param stripe"><td>firefox</td></tr></table><p class="totop"><a href="#summary">back to summary</a></p><h3 id="m48">com.qa141.cloudui.C9_LandingPage_04_LoginNotRequired_Test#test</h3><table class="result"><tr class="param"><th>Parameter #1</th></tr><tr class="param stripe"><td>firefox</td></tr></table><p class="totop"><a href="#summary">back to summary</a></p><h3 id="m49">com.qa141.cloudui.C9_LandingPage_05_All_Buttons_Test#test</h3><table class="result"><tr class="param"><th>Parameter #1</th></tr><tr class="param stripe"><td>firefox</td></tr></table><p class="totop"><a href="#summary">back to summary</a></p><h3 id="m50">com.qa141.cloudui.C9_LandingPage_06_Engage_Customers_Test#test</h3><table class="result"><tr class="param"><th>Parameter #1</th></tr><tr class="param stripe"><td>firefox</td></tr></table><p class="totop"><a href="#summary">back to summary</a></p><h3 id="m51">com.qa141.cloudui.C9_LandingPage_07_Service_Test#test</h3><table class="result"><tr class="param"><th>Parameter #1</th></tr><tr class="param stripe"><td>firefox</td></tr></table><p class="totop"><a href="#summary">back to summary</a></p><h3 id="m52">com.qa141.cloudui.C9_LandingPage_08_Engage_Sales_Test#test</h3><table class="result"><tr class="param"><th>Parameter #1</th></tr><tr class="param stripe"><td>firefox</td></tr></table><p class="totop"><a href="#summary">back to summary</a></p><h3 id="m53">com.qa141.cloudui.C9_LandingPage_09_Empower_People_Test#test</h3><table class="result"><tr class="param"><th>Parameter #1</th></tr><tr class="param stripe"><td>firefox</td></tr></table><p class="totop"><a href="#summary">back to summary</a></p><h3 id="m54">com.qa141.cloudui.C9_LandingPage_10_Global_Human_Resources_Test#test</h3><table class="result"><tr class="param"><th>Parameter #1</th></tr><tr class="param stripe"><td>firefox</td></tr></table><p class="totop"><a href="#summary">back to summary</a></p><h3 id="m55">com.qa141.cloudui.C9_LandingPage_11_Leverage_Value_Chain_Test#test</h3><table class="result"><tr class="param"><th>Parameter #1</th></tr><tr class="param stripe"><td>firefox</td></tr></table><p class="totop"><a href="#summary">back to summary</a></p><h3 id="m56">com.qa141.cloudui.C9_LandingPage_12_Manage_Enterprise_Performance_Test#test</h3><table class="result"><tr class="param"><th>Parameter #1</th></tr><tr class="param stripe"><td>firefox</td></tr></table><p class="totop"><a href="#summary">back to summary</a></p><h3 id="m57">com.qa141.cloudui.C9_LandingPage_13_Get_Social_Test#test</h3><table class="result"><tr class="param"><th>Parameter #1</th></tr><tr class="param stripe"><td>firefox</td></tr></table><p class="totop"><a href="#summary">back to summary</a></p><h3 id="m58">com.qa141.cloudui.C9_LandingPage_14_Build_Apps_Test#test</h3><table class="result"><tr class="param"><th>Parameter #1</th></tr><tr class="param stripe"><td>firefox</td></tr></table><p class="totop"><a href="#summary">back to summary</a></p><h3 id="m59">com.qa141.cloudui.C9_LandingPage_15_Leverage_Infrastructure_Test#test</h3><table class="result"><tr class="param"><th>Parameter #1</th></tr><tr class="param stripe"><td>firefox</td></tr></table><p class="totop"><a href="#summary">back to summary</a></p><h3 id="m60">com.qa141.cloudui.C9_LandingPage_16_Resources_Discover_Test#test</h3><table class="result"><tr class="param"><th>Parameter #1</th></tr><tr class="param stripe"><td>firefox</td></tr></table><p class="totop"><a href="#summary">back to summary</a></p><h3 id="m61">com.qa141.cloudui.C9_LandingPage_17_Resources_GettingStarted_Test#test</h3><table class="result"><tr class="param"><th>Parameter #1</th></tr><tr class="param stripe"><td>firefox</td></tr></table><p class="totop"><a href="#summary">back to summary</a></p><h2>DB</h2><h3 id="m62">com.qa141.db.C9_DB_12_DatabaseError_Test#test</h3><table class="result"><tr class="param"><th>Parameter #1</th></tr><tr class="param stripe"><td>firefox</td></tr><tr><th>Messages</th></tr><tr><td><div class="messages">&lt;a href=C:\SAFc\tests\OPC\test-output\screenShots\06-17-2014\06-17-2014_02.24.36_C9_DB_12_DatabaseError_Test_test.png target=&apos;_blank&apos; &gt;Screenshot&lt;/a&gt;<br/>&lt;img src=&quot;file:///C:\SAFc\tests\OPC\test-output\screenShots\06-17-2014\06-17-2014_02.24.36_C9_DB_12_DatabaseError_Test_test.png&quot; width=500 height=300&quot; alt=&quot;&quot;/&gt;&lt;br /&gt;</div></td></tr><tr><th>Exception</th></tr><tr><td><div class="stacktrace">java.lang.AssertionError: Unable to locate element: {&quot;method&quot;:&quot;xpath&quot;,&quot;selector&quot;:&quot;.//*[@id=&apos;aErrorMessage&apos;]&quot;}
Command duration or timeout: 20.05 seconds
For documentation on this error, please visit: http://seleniumhq.org/exceptions/no_such_element.html
Build info: version: &apos;2.39.0&apos;, revision: &apos;ff23eac&apos;, time: &apos;2013-12-16 16:11:15&apos;
System info: host: &apos;slc02qkd&apos;, ip: &apos;10.240.121.63&apos;, os.name: &apos;Windows 7&apos;, os.arch: &apos;amd64&apos;, os.version: &apos;6.1&apos;, java.version: &apos;1.6.0_34&apos;
Session ID: 2a926f95-36a0-4025-ae38-9e827d72b04f
Driver info: org.openqa.selenium.firefox.FirefoxDriver
Capabilities [{platform=XP, acceptSslCerts=true, javascriptEnabled=true, browserName=firefox, rotatable=false, locationContextEnabled=true, version=24.0, cssSelectorsEnabled=true, databaseEnabled=true, handlesAlerts=true, browserConnectionEnabled=true, nativeEvents=true, webStorageEnabled=true, applicationCacheEnabled=true, takesScreenshot=true}]
Command duration or timeout: 20.30 seconds
For documentation on this error, please visit: http://seleniumhq.org/exceptions/no_such_element.html
Build info: version: &apos;2.39.0&apos;, revision: &apos;ff23eac&apos;, time: &apos;2013-12-16 16:11:15&apos;
System info: host: &apos;slc02qkd&apos;, ip: &apos;10.240.121.63&apos;, os.name: &apos;Windows 7&apos;, os.arch: &apos;amd64&apos;, os.version: &apos;6.1&apos;, java.version: &apos;1.6.0_34&apos;
Session ID: ebb984d4-5b05-43a6-bc38-404213f96629
Driver info: org.openqa.selenium.remote.RemoteWebDriver
Capabilities [{platform=XP, acceptSslCerts=true, javascriptEnabled=true, browserName=firefox, rotatable=false, locationContextEnabled=true, webdriver.remote.sessionid=ebb984d4-5b05-43a6-bc38-404213f96629, version=24.0, cssSelectorsEnabled=true, databaseEnabled=true, handlesAlerts=true, browserConnectionEnabled=true, nativeEvents=true, webStorageEnabled=true, applicationCacheEnabled=true, takesScreenshot=true}]
	at com.qa141.db.C9_DB_12_DatabaseError_Test.test(C9_DB_12_DatabaseError_Test.java:149)
	at java.util.concurrent.FutureTask$Sync.innerRun(Unknown Source)
	at java.util.concurrent.FutureTask.run(Unknown Source)
	at java.util.concurrent.ThreadPoolExecutor$Worker.runTask(Unknown Source)
	at java.util.concurrent.ThreadPoolExecutor$Worker.run(Unknown Source)
	at java.lang.Thread.run(Unknown Source)
... Removed 17 stack frames</div></td></tr></table><p class="totop"><a href="#summary">back to summary</a></p><h3 id="m63">com.qa141.db.C9_DB_01_LoginLogoutOfApex_Test#test</h3><table class="result"><tr class="param"><th>Parameter #1</th></tr><tr class="param stripe"><td>firefox</td></tr></table><p class="totop"><a href="#summary">back to summary</a></p><h3 id="m64">com.qa141.db.C9_DB_02_DataBaseApplications_Create_Run_Test#test</h3><table class="result"><tr class="param"><th>Parameter #1</th></tr><tr class="param stripe"><td>firefox</td></tr></table><p class="totop"><a href="#summary">back to summary</a></p><h3 id="m65">com.qa141.db.C9_DB_03_DataBaseApplications_Delete_Test#test</h3><table class="result"><tr class="param"><th>Parameter #1</th></tr><tr class="param stripe"><td>firefox</td></tr></table><p class="totop"><a href="#summary">back to summary</a></p><h3 id="m66">com.qa141.db.C9_DB_04_PackagedApplications_Install_Run_Test#test</h3><table class="result"><tr class="param"><th>Parameter #1</th></tr><tr class="param stripe"><td>firefox</td></tr></table><p class="totop"><a href="#summary">back to summary</a></p><h3 id="m67">com.qa141.db.C9_DB_05_PackagedApplications_Remove_Test#test</h3><table class="result"><tr class="param"><th>Parameter #1</th></tr><tr class="param stripe"><td>firefox</td></tr></table><p class="totop"><a href="#summary">back to summary</a></p><h3 id="m68">com.qa141.db.C9_DB_06_WebSheetApplications_Create_Run_Test#test</h3><table class="result"><tr class="param"><th>Parameter #1</th></tr><tr class="param stripe"><td>firefox</td></tr></table><p class="totop"><a href="#summary">back to summary</a></p><h3 id="m69">com.qa141.db.C9_DB_07_WebSheetApplications_Delete_Test#test</h3><table class="result"><tr class="param"><th>Parameter #1</th></tr><tr class="param stripe"><td>firefox</td></tr></table><p class="totop"><a href="#summary">back to summary</a></p><h3 id="m70">com.qa141.db.C9_DB_09_DBService_link_Test#test</h3><table class="result"><tr class="param"><th>Parameter #1</th></tr><tr class="param stripe"><td>firefox</td></tr></table><p class="totop"><a href="#summary">back to summary</a></p><h3 id="m71">com.qa141.db.C9_DB_10_Administration_EditDescription_Test#test</h3><table class="result"><tr class="param"><th>Parameter #1</th></tr><tr class="param stripe"><td>firefox</td></tr></table><p class="totop"><a href="#summary">back to summary</a></p><h3 id="m72">com.qa141.db.C9_DB_11_DatabaseFieldValidation_Test#test</h3><table class="result"><tr class="param"><th>Parameter #1</th></tr><tr class="param stripe"><td>firefox</td></tr></table><p class="totop"><a href="#summary">back to summary</a></p><h3 id="m73">com.qa141.db.C9_DB_13_WebsheetFieldValidation_Test#test</h3><table class="result"><tr class="param"><th>Parameter #1</th></tr><tr class="param stripe"><td>firefox</td></tr></table><p class="totop"><a href="#summary">back to summary</a></p><h3 id="m74">com.qa141.db.C9_DB_14_Search_Test#test</h3><table class="result"><tr class="param"><th>Parameter #1</th></tr><tr class="param stripe"><td>firefox</td></tr></table><p class="totop"><a href="#summary">back to summary</a></p><h3 id="m75">com.qa141.db.C9_DB_15_UI_Test#test</h3><table class="result"><tr class="param"><th>Parameter #1</th></tr><tr class="param stripe"><td>firefox</td></tr></table><p class="totop"><a href="#summary">back to summary</a></p><h3 id="m76">com.qa141.db.C9_DB_16_WebsheetError_Test#test</h3><table class="result"><tr class="param"><th>Parameter #1</th></tr><tr class="param stripe"><td>firefox</td></tr></table><p class="totop"><a href="#summary">back to summary</a></p><h2>Security</h2><h3 id="m77">com.qa141.securities.C9_Security_10_UserRemove_Test#test</h3><table class="result"><tr class="param"><th>Parameter #1</th></tr><tr class="param stripe"><td>firefox</td></tr><tr><th>Messages</th></tr><tr><td><div class="messages">&lt;a href=C:\SAFc\tests\OPC\test-output\screenShots\06-17-2014\06-17-2014_02.05.43_C9_Security_10_UserRemove_Test_test.png target=&apos;_blank&apos; &gt;Screenshot&lt;/a&gt;<br/>&lt;img src=&quot;file:///C:\SAFc\tests\OPC\test-output\screenShots\06-17-2014\06-17-2014_02.05.43_C9_Security_10_UserRemove_Test_test.png&quot; width=500 height=300&quot; alt=&quot;&quot;/&gt;&lt;br /&gt;</div></td></tr><tr><th>Exception</th></tr><tr><td><div class="stacktrace">java.lang.AssertionError: Unable to locate element: {&quot;method&quot;:&quot;xpath&quot;,&quot;selector&quot;:&quot;.//*[@id=&apos;pt1:sections:currentTabContents:deleteBtn&apos;]&quot;}
Command duration or timeout: 20.40 seconds
For documentation on this error, please visit: http://seleniumhq.org/exceptions/no_such_element.html
Build info: version: &apos;2.39.0&apos;, revision: &apos;ff23eac&apos;, time: &apos;2013-12-16 16:11:15&apos;
System info: host: &apos;slc02qkd&apos;, ip: &apos;10.240.121.63&apos;, os.name: &apos;Windows 7&apos;, os.arch: &apos;amd64&apos;, os.version: &apos;6.1&apos;, java.version: &apos;1.6.0_34&apos;
Session ID: 7df2218f-f4eb-4390-ad67-9629ae35d1ad
Driver info: org.openqa.selenium.firefox.FirefoxDriver
Capabilities [{platform=XP, acceptSslCerts=true, javascriptEnabled=true, browserName=firefox, rotatable=false, locationContextEnabled=true, version=24.0, cssSelectorsEnabled=true, databaseEnabled=true, handlesAlerts=true, browserConnectionEnabled=true, nativeEvents=true, webStorageEnabled=true, applicationCacheEnabled=true, takesScreenshot=true}]
Command duration or timeout: 20.94 seconds
For documentation on this error, please visit: http://seleniumhq.org/exceptions/no_such_element.html
Build info: version: &apos;2.39.0&apos;, revision: &apos;ff23eac&apos;, time: &apos;2013-12-16 16:11:15&apos;
System info: host: &apos;slc02qkd&apos;, ip: &apos;10.240.121.63&apos;, os.name: &apos;Windows 7&apos;, os.arch: &apos;amd64&apos;, os.version: &apos;6.1&apos;, java.version: &apos;1.6.0_34&apos;
Session ID: 7fd4978f-e727-4ed9-bfb3-e05eab87eb4c
Driver info: org.openqa.selenium.remote.RemoteWebDriver
Capabilities [{platform=XP, acceptSslCerts=true, javascriptEnabled=true, browserName=firefox, rotatable=false, locationContextEnabled=true, webdriver.remote.sessionid=7fd4978f-e727-4ed9-bfb3-e05eab87eb4c, version=24.0, cssSelectorsEnabled=true, databaseEnabled=true, handlesAlerts=true, browserConnectionEnabled=true, nativeEvents=true, webStorageEnabled=true, applicationCacheEnabled=true, takesScreenshot=true}]
	at com.qa141.securities.C9_Security_10_UserRemove_Test.test(C9_Security_10_UserRemove_Test.java:108)
	at java.util.concurrent.FutureTask$Sync.innerRun(Unknown Source)
	at java.util.concurrent.FutureTask.run(Unknown Source)
	at java.util.concurrent.ThreadPoolExecutor$Worker.runTask(Unknown Source)
	at java.util.concurrent.ThreadPoolExecutor$Worker.run(Unknown Source)
	at java.lang.Thread.run(Unknown Source)
... Removed 17 stack frames</div></td></tr></table><p class="totop"><a href="#summary">back to summary</a></p><h3 id="m78">com.qa141.securities.C9_Security_11_SFTPFieldValidation_Test#test</h3><table class="result"><tr class="param"><th>Parameter #1</th></tr><tr class="param stripe"><td>firefox</td></tr><tr><th>Messages</th></tr><tr><td><div class="messages">&lt;a href=C:\SAFc\tests\OPC\test-output\screenShots\06-17-2014\06-17-2014_02.08.47_C9_Security_11_SFTPFieldValidation_Test_test.png target=&apos;_blank&apos; &gt;Screenshot&lt;/a&gt;<br/>&lt;img src=&quot;file:///C:\SAFc\tests\OPC\test-output\screenShots\06-17-2014\06-17-2014_02.08.47_C9_Security_11_SFTPFieldValidation_Test_test.png&quot; width=500 height=300&quot; alt=&quot;&quot;/&gt;&lt;br /&gt;</div></td></tr><tr><th>Exception</th></tr><tr><td><div class="stacktrace">java.lang.AssertionError: Unable to locate element: {&quot;method&quot;:&quot;xpath&quot;,&quot;selector&quot;:&quot;.//*[@class=&apos;AFNoteWindowContent&apos;]/div/table/tbody/tr[1]/td[2]&quot;}
Command duration or timeout: 20.06 seconds
For documentation on this error, please visit: http://seleniumhq.org/exceptions/no_such_element.html
Build info: version: &apos;2.39.0&apos;, revision: &apos;ff23eac&apos;, time: &apos;2013-12-16 16:11:15&apos;
System info: host: &apos;slc02qkd&apos;, ip: &apos;10.240.121.63&apos;, os.name: &apos;Windows 7&apos;, os.arch: &apos;amd64&apos;, os.version: &apos;6.1&apos;, java.version: &apos;1.6.0_34&apos;
Session ID: c5ae64b2-6b85-4218-a18a-84b32d8c4591
Driver info: org.openqa.selenium.firefox.FirefoxDriver
Capabilities [{platform=XP, acceptSslCerts=true, javascriptEnabled=true, browserName=firefox, rotatable=false, locationContextEnabled=true, version=24.0, cssSelectorsEnabled=true, databaseEnabled=true, handlesAlerts=true, browserConnectionEnabled=true, nativeEvents=true, webStorageEnabled=true, applicationCacheEnabled=true, takesScreenshot=true}]
Command duration or timeout: 20.43 seconds
For documentation on this error, please visit: http://seleniumhq.org/exceptions/no_such_element.html
Build info: version: &apos;2.39.0&apos;, revision: &apos;ff23eac&apos;, time: &apos;2013-12-16 16:11:15&apos;
System info: host: &apos;slc02qkd&apos;, ip: &apos;10.240.121.63&apos;, os.name: &apos;Windows 7&apos;, os.arch: &apos;amd64&apos;, os.version: &apos;6.1&apos;, java.version: &apos;1.6.0_34&apos;
Session ID: dab3d028-25d5-486d-bd0d-757ca75c3bf1
Driver info: org.openqa.selenium.remote.RemoteWebDriver
Capabilities [{platform=XP, acceptSslCerts=true, javascriptEnabled=true, browserName=firefox, rotatable=false, locationContextEnabled=true, webdriver.remote.sessionid=dab3d028-25d5-486d-bd0d-757ca75c3bf1, version=24.0, cssSelectorsEnabled=true, databaseEnabled=true, handlesAlerts=true, browserConnectionEnabled=true, nativeEvents=true, webStorageEnabled=true, applicationCacheEnabled=true, takesScreenshot=true}]
	at com.qa141.securities.C9_Security_11_SFTPFieldValidation_Test.test(C9_Security_11_SFTPFieldValidation_Test.java:167)
	at java.util.concurrent.FutureTask$Sync.innerRun(Unknown Source)
	at java.util.concurrent.FutureTask.run(Unknown Source)
	at java.util.concurrent.ThreadPoolExecutor$Worker.runTask(Unknown Source)
	at java.util.concurrent.ThreadPoolExecutor$Worker.run(Unknown Source)
	at java.lang.Thread.run(Unknown Source)
... Removed 17 stack frames</div></td></tr></table><p class="totop"><a href="#summary">back to summary</a></p><h3 id="m79">com.qa141.securities.C9_Security_01_LogonLogout_Test#test</h3><table class="result"><tr class="param"><th>Parameter #1</th></tr><tr class="param stripe"><td>firefox</td></tr></table><p class="totop"><a href="#summary">back to summary</a></p><h3 id="m80">com.qa141.securities.C9_Security_02_LoggedAsIDA_Test#test</h3><table class="result"><tr class="param"><th>Parameter #1</th></tr><tr class="param stripe"><td>firefox</td></tr></table><p class="totop"><a href="#summary">back to summary</a></p><h3 id="m81">com.qa141.securities.C9_Security_03_AdminUserRemove_Test#test</h3><table class="result"><tr class="param"><th>Parameter #1</th></tr><tr class="param stripe"><td>firefox</td></tr></table><p class="totop"><a href="#summary">back to summary</a></p><h3 id="m82">com.qa141.securities.C9_Security_04_AdminModifyUser_Test#test</h3><table class="result"><tr class="param"><th>Parameter #1</th></tr><tr class="param stripe"><td>firefox</td></tr></table><p class="totop"><a href="#summary">back to summary</a></p><h3 id="m83">com.qa141.securities.C9_Security_05_ResetPwdAuto_Test#test</h3><table class="result"><tr class="param"><th>Parameter #1</th></tr><tr class="param stripe"><td>firefox</td></tr></table><p class="totop"><a href="#summary">back to summary</a></p><h3 id="m84">com.qa141.securities.C9_Security_06_ManageRole_Test#test</h3><table class="result"><tr class="param"><th>Parameter #1</th></tr><tr class="param stripe"><td>firefox</td></tr></table><p class="totop"><a href="#summary">back to summary</a></p><h3 id="m85">com.qa141.securities.C9_Security_07_AddUser_Test#test</h3><table class="result"><tr class="param"><th>Parameter #1</th></tr><tr class="param stripe"><td>firefox</td></tr></table><p class="totop"><a href="#summary">back to summary</a></p><h3 id="m86">com.qa141.securities.C9_Security_08_ModifyFieldValidation_Test#test</h3><table class="result"><tr class="param"><th>Parameter #1</th></tr><tr class="param stripe"><td>firefox</td></tr></table><p class="totop"><a href="#summary">back to summary</a></p><h3 id="m87">com.qa141.securities.C9_Security_09_ModifyUser_Test#test</h3><table class="result"><tr class="param"><th>Parameter #1</th></tr><tr class="param stripe"><td>firefox</td></tr></table><p class="totop"><a href="#summary">back to summary</a></p><h3 id="m88">com.qa141.securities.C9_Security_12_SFTPUserReset_Test#test</h3><table class="result"><tr class="param"><th>Parameter #1</th></tr><tr class="param stripe"><td>firefox</td></tr></table><p class="totop"><a href="#summary">back to summary</a></p><h3 id="m89">com.qa141.securities.C9_Security_13_AddCustomRole_Test#test</h3><table class="result"><tr class="param"><th>Parameter #1</th></tr><tr class="param stripe"><td>firefox</td></tr></table><p class="totop"><a href="#summary">back to summary</a></p><h3 id="m90">com.qa141.securities.C9_Security_14_ModifyCustomrole_Test#test</h3><table class="result"><tr class="param"><th>Parameter #1</th></tr><tr class="param stripe"><td>firefox</td></tr></table><p class="totop"><a href="#summary">back to summary</a></p><h3 id="m91">com.qa141.securities.C9_Security_15_AssignCustomRole_Test#test</h3><table class="result"><tr class="param"><th>Parameter #1</th></tr><tr class="param stripe"><td>firefox</td></tr></table><p class="totop"><a href="#summary">back to summary</a></p><h3 id="m92">com.qa141.securities.C9_Security_16_RemoveRole_Test#test</h3><table class="result"><tr class="param"><th>Parameter #1</th></tr><tr class="param stripe"><td>firefox</td></tr></table><p class="totop"><a href="#summary">back to summary</a></p><h3 id="m93">com.qa141.securities.C9_Security_17_RemoveCustomRole_Test#test</h3><table class="result"><tr class="param"><th>Parameter #1</th></tr><tr class="param stripe"><td>firefox</td></tr></table><p class="totop"><a href="#summary">back to summary</a></p><h3 id="m94">com.qa141.securities.C9_Security_18_ChallengeQuestion_Test#test</h3><table class="result"><tr class="param"><th>Parameter #1</th></tr><tr class="param stripe"><td>firefox</td></tr></table><p class="totop"><a href="#summary">back to summary</a></p><h3 id="m95">com.qa141.securities.C9_Security_19_Sorting_Test#test</h3><table class="result"><tr class="param"><th>Parameter #1</th></tr><tr class="param stripe"><td>firefox</td></tr></table><p class="totop"><a href="#summary">back to summary</a></p><h3 id="m96">com.qa141.securities.C9_Security_20_ChangePassword_Test#test</h3><table class="result"><tr class="param"><th>Parameter #1</th></tr><tr class="param stripe"><td>firefox</td></tr></table><p class="totop"><a href="#summary">back to summary</a></p><h3 id="m97">com.qa141.securities.C9_Security_21_IdentitySelfService_Test#test</h3><table class="result"><tr class="param"><th>Parameter #1</th></tr><tr class="param stripe"><td>firefox</td></tr></table><p class="totop"><a href="#summary">back to summary</a></p><h3 id="m98">com.qa141.securities.C9_Security_22_Search_Test#test</h3><table class="result"><tr class="param"><th>Parameter #1</th></tr><tr class="param stripe"><td>firefox</td></tr></table><p class="totop"><a href="#summary">back to summary</a></p><h3 id="m99">com.qa141.securities.C9_Security_23_UI_Test#test</h3><table class="result"><tr class="param"><th>Parameter #1</th></tr><tr class="param stripe"><td>firefox</td></tr></table><p class="totop"><a href="#summary">back to summary</a></p></body></html>